2025-03-18 20:52:41 - root - INFO - Logging setup complete for Hanoi_sim
2025-03-18 20:52:41 - root - INFO - pick up block at (-0.995, -0.615) start_height 0.275
2025-03-18 20:52:41 - root - INFO - Planning and moving to xyz facing down ur5e_2 from [-1.56417438e+00 -1.56694744e+00 -4.97276278e-04 -1.56588207e+00
  1.05265287e-05 -1.99549302e-06] to [1.7098819546055228, -0.8840235507009497, 1.2116945792413152, -1.8984682152564996, -1.5707962687968215, 0.13908561346145232] target: [-0.995, -0.615, 0.275]
2025-03-18 20:52:41 - root - INFO - Planning and movingJ ur5e_2 from [-1.56417438e+00 -1.56694744e+00 -4.97276278e-04 -1.56588207e+00
  1.05265287e-05 -1.99549302e-06] to [1.7098819546055228, -0.8840235507009497, 1.2116945792413152, -1.8984682152564996, -1.5707962687968215, 0.13908561346145232]
2025-03-18 20:52:41 - root - INFO - MovingJ ur5e_2 from [-1.56417438e+00 -1.56694744e+00 -4.97276278e-04 -1.56588207e+00
  1.05265287e-05 -1.99549302e-06] to [1.7098819546055228, -0.8840235507009497, 1.2116945792413152, -1.8984682152564996, -1.5707962687968215, 0.13908561346145232]
2025-03-18 20:52:44 - root - INFO - MovingL ur5e_2 from [-0.97507825 -0.60684451  0.27984284] to [-0.995 -0.615  0.175]
2025-03-18 20:52:46 - root - INFO - MovingJ ur5e_2 from [ 1.70772966 -0.77835301  1.30431091 -2.08276242 -1.57068087  0.13715434] to [ 1.67990904 -0.88510472  1.20237778 -1.89480106 -1.55627084  0.1377998 ]
2025-03-18 20:52:46 - root - INFO - Planning and moving to xyz facing down ur5e_2 from [ 1.69472218 -0.82379145  1.2579925  -1.99423644 -1.57067053  0.13715428] to [1.6952714463211014, -0.9080839279138172, 1.1363801223424925, -1.7990928498827734, -1.5707962985847668, 0.12447511418340786] target: [-0.98486417 -0.60895871  0.31885497]
2025-03-18 20:52:46 - root - INFO - Planning and movingJ ur5e_2 from [ 1.69472218 -0.82379145  1.2579925  -1.99423644 -1.57067053  0.13715428] to [1.6952714463211014, -0.9080839279138172, 1.1363801223424925, -1.7990928498827734, -1.5707962985847668, 0.12447511418340786]
2025-03-18 20:52:46 - root - INFO - MovingJ ur5e_2 from [ 1.69472218 -0.82379145  1.2579925  -1.99423644 -1.57067053  0.13715428] to [1.6952714463211014, -0.9080839279138172, 1.1363801223424925, -1.7990928498827734, -1.5707962985847668, 0.12447511418340786]
2025-03-18 20:52:48 - root - WARNING - Movement for ur5e_2 timed out before reaching the target joints.
2025-03-18 20:52:49 - root - INFO - Planning and moving to xyz facing down ur5e_1 from [-1.56417420e+00 -1.56677259e+00 -4.50357499e-04 -1.56585323e+00
  1.72110236e-06 -1.99632411e-06] to [0.3119759748798574, -0.36163212144542806, 0.42018878705718976, -1.6293539578560918, -1.5707962272194969, 1.8827722993779241] target: (-0.805, -0.4, 0.2)
2025-03-18 20:52:49 - root - INFO - Planning and movingJ ur5e_1 from [-1.56417420e+00 -1.56677259e+00 -4.50357499e-04 -1.56585323e+00
  1.72110236e-06 -1.99632411e-06] to [0.3119759748798574, -0.36163212144542806, 0.42018878705718976, -1.6293539578560918, -1.5707962272194969, 1.8827722993779241]
2025-03-18 20:52:49 - root - INFO - MovingJ ur5e_1 from [-1.56417420e+00 -1.56677259e+00 -4.50357499e-04 -1.56585323e+00
  1.72110236e-06 -1.99632411e-06] to [0.3119759748798574, -0.36163212144542806, 0.42018878705718976, -1.6293539578560918, -1.5707962272194969, 1.8827722993779241]
2025-03-18 20:52:57 - root - WARNING - Movement for ur5e_1 timed out before reaching the target joints.
2025-03-18 20:52:57 - root - INFO - MovingJ ur5e_1 from [ 0.31197597 -0.35486621  0.42211193 -1.7288087  -1.57079623  1.8827723 ] to [ 0.31197597 -0.35486621  0.42211193 -1.7288087  -1.57079623  1.8827723 ]
2025-03-18 20:52:57 - root - WARNING - Movement for ur5e_1 timed out before reaching the target joints.
2025-03-18 20:52:57 - root - INFO - MovingJ ur5e_1 from [ 0.31197982 -0.3542654   0.42229038 -1.63771565 -1.57079622  1.8827723 ] to [ 3.11975974e-01 -3.54866213e-01  4.22111932e-01 -1.62880870e+00
  1.00661584e-07  1.88277230e+00]
2025-03-18 20:53:05 - root - WARNING - Movement for ur5e_1 timed out before reaching the target joints.
2025-03-18 20:53:05 - root - INFO - put down block at (-0.805, -0.615) start_height 0.155
2025-03-18 20:53:05 - root - INFO - Planning and moving to xyz facing down ur5e_2 from [ 1.69527293 -0.90272401  1.13844845 -1.79905866 -1.57079519  0.12450074] to [1.4460598822457957, -0.8293655513233694, 1.4591691289637083, -2.2006019228525022, -1.5707961518344067, -0.12473651743514111] target: [-0.805, -0.615, 0.155]
2025-03-18 20:53:05 - root - INFO - Planning and movingJ ur5e_2 from [ 1.69527293 -0.90272401  1.13844845 -1.79905866 -1.57079519  0.12450074] to [1.4460598822457957, -0.8293655513233694, 1.4591691289637083, -2.2006019228525022, -1.5707961518344067, -0.12473651743514111]
2025-03-18 20:53:05 - root - INFO - MovingJ ur5e_2 from [ 1.69527293 -0.90272401  1.13844845 -1.79905866 -1.57079519  0.12450074] to [1.4460598822457957, -0.8293655513233694, 1.4591691289637083, -2.2006019228525022, -1.5707961518344067, -0.12473651743514111]
2025-03-18 20:53:06 - root - INFO - MovingL ur5e_2 from [-0.81770383 -0.61166631  0.16185128] to [-0.805      -0.615       0.06962104]
2025-03-18 20:53:07 - root - INFO - MovingJ ur5e_2 from [ 1.44745308 -0.69148558  1.48202701 -2.33889918 -1.57078815 -0.12332796] to [ 1.46446547 -0.83005998  1.43690296 -2.1707573  -1.57068459 -0.10641202]
2025-03-18 20:53:08 - root - INFO - Planning and moving to xyz facing down ur5e_2 from [ 1.44743423 -0.74554485  1.46417506 -2.26733166 -1.57078816 -0.12332795] to [1.4479925571917704, -0.887021625770367, 1.4250388001092753, -2.108817321147963, -1.5707960220255115, -0.12280372698943966] target: [-0.80622238 -0.61378629  0.20104843]
2025-03-18 20:53:08 - root - INFO - Planning and movingJ ur5e_2 from [ 1.44743423 -0.74554485  1.46417506 -2.26733166 -1.57078816 -0.12332795] to [1.4479925571917704, -0.887021625770367, 1.4250388001092753, -2.108817321147963, -1.5707960220255115, -0.12280372698943966]
2025-03-18 20:53:08 - root - INFO - MovingJ ur5e_2 from [ 1.44743423 -0.74554485  1.46417506 -2.26733166 -1.57078816 -0.12332795] to [1.4479925571917704, -0.887021625770367, 1.4250388001092753, -2.108817321147963, -1.5707960220255115, -0.12280372698943966]
2025-03-18 20:53:10 - root - WARNING - Movement for ur5e_2 timed out before reaching the target joints.
2025-03-18 20:53:10 - root - INFO - pick up block at (-0.995, -0.615) start_height 0.235
2025-03-18 20:53:10 - root - INFO - Planning and moving to xyz facing down ur5e_2 from [ 1.44798393 -0.88155539  1.42684512 -2.10885579 -1.57079587 -0.1228135 ] to [1.7098817685344487, -0.8480835714382324, 1.2580611346230746, -1.9807749074464902, -1.570796237342176, 0.1390854306683022] target: [-0.995, -0.615, 0.235]
2025-03-18 20:53:10 - root - INFO - Planning and movingJ ur5e_2 from [ 1.44798393 -0.88155539  1.42684512 -2.10885579 -1.57079587 -0.1228135 ] to [1.7098817685344487, -0.8480835714382324, 1.2580611346230746, -1.9807749074464902, -1.570796237342176, 0.1390854306683022]
2025-03-18 20:53:10 - root - INFO - MovingJ ur5e_2 from [ 1.44798393 -0.88155539  1.42684512 -2.10885579 -1.57079587 -0.1228135 ] to [1.7098817685344487, -0.8480835714382324, 1.2580611346230746, -1.9807749074464902, -1.570796237342176, 0.1390854306683022]
2025-03-18 20:53:10 - root - INFO - MovingL ur5e_2 from [-0.97354081 -0.61233485  0.22602707] to [-0.995 -0.615  0.135]
2025-03-18 20:53:12 - root - INFO - MovingJ ur5e_2 from [ 1.70759799 -0.73036519  1.32714634 -2.15907639 -1.57082157  0.13682856] to [ 1.68060788 -0.84687872  1.27874124 -1.99463542 -1.57078661  0.10967327]
2025-03-18 20:53:12 - root - INFO - Planning and moving to xyz facing down ur5e_2 from [ 1.69659788 -0.77408193  1.30842045 -2.091116   -1.57077159  0.12565817] to [1.6971361329645567, -0.8809274064111936, 1.2223345947694313, -1.912203773394413, -1.570796303941155, 0.12633980099455602] target: [-0.98577218 -0.6128124   0.26907387]
2025-03-18 20:53:12 - root - INFO - Planning and movingJ ur5e_2 from [ 1.69659788 -0.77408193  1.30842045 -2.091116   -1.57077159  0.12565817] to [1.6971361329645567, -0.8809274064111936, 1.2223345947694313, -1.912203773394413, -1.570796303941155, 0.12633980099455602]
2025-03-18 20:53:12 - root - INFO - MovingJ ur5e_2 from [ 1.69659788 -0.77408193  1.30842045 -2.091116   -1.57077159  0.12565817] to [1.6971361329645567, -0.8809274064111936, 1.2223345947694313, -1.912203773394413, -1.570796303941155, 0.12633980099455602]
2025-03-18 20:53:14 - root - WARNING - Movement for ur5e_2 timed out before reaching the target joints.
2025-03-18 20:53:14 - root - INFO - Planning and moving to xyz facing down ur5e_1 from [ 0.31198673 -0.26277894  0.44783947 -1.62149932 -0.00223287  1.88277192] to [0.31197660780541225, -0.3616100715333745, 0.4201426473246032, -1.6293293271404308, -1.5707962824655644, 1.8827729329216303] target: (-0.805, -0.4, 0.2)
2025-03-18 20:53:14 - root - INFO - Planning and movingJ ur5e_1 from [ 0.31198673 -0.26277894  0.44783947 -1.62149932 -0.00223287  1.88277192] to [0.31197660780541225, -0.3616100715333745, 0.4201426473246032, -1.6293293271404308, -1.5707962824655644, 1.8827729329216303]
2025-03-18 20:53:14 - root - INFO - MovingJ ur5e_1 from [ 0.31198673 -0.26277894  0.44783947 -1.62149932 -0.00223287  1.88277192] to [0.31197660780541225, -0.3616100715333745, 0.4201426473246032, -1.6293293271404308, -1.5707962824655644, 1.8827729329216303]
