2025-03-18 19:13:33 - root - INFO - Logging setup complete for Hanoi_sim
2025-03-18 19:13:33 - root - INFO - pick up block at (-0.7, -0.6) start_height 0.15
2025-03-18 19:13:33 - root - INFO - Planning and moving to xyz facing down ur5e_2 from [-1.56417438e+00 -1.56694744e+00 -4.97276278e-04 -1.56588207e+00
  1.05265287e-05 -1.99549302e-06] to [1.3053561894375765, -0.790875159366571, 1.4010135609413807, 4.1022494092167445, -1.5707960969183963, -0.265440197010335] target: [-0.7, -0.6, 0.15]
2025-03-18 19:13:33 - root - INFO - Planning and movingJ ur5e_2 from [-1.56417438e+00 -1.56694744e+00 -4.97276278e-04 -1.56588207e+00
  1.05265287e-05 -1.99549302e-06] to [1.3053561894375765, -0.790875159366571, 1.4010135609413807, 4.1022494092167445, -1.5707960969183963, -0.265440197010335]
2025-03-18 19:13:33 - root - INFO - MovingJ ur5e_2 from [-1.56417438e+00 -1.56694744e+00 -4.97276278e-04 -1.56588207e+00
  1.05265287e-05 -1.99549302e-06] to [1.3053561894375765, -0.790875159366571, 1.4010135609413807, 4.1022494092167445, -1.5707960969183963, -0.265440197010335]
2025-03-18 19:13:37 - root - INFO - MovingL ur5e_2 from [-0.68871947 -0.5963098   0.1543698 ] to [-0.7  -0.6   0.05]
2025-03-18 19:13:39 - root - INFO - MovingJ ur5e_2 from [ 1.30431049 -0.6351789   1.42039428  3.94571665 -1.57072865 -0.26635135] to [ 1.29056892 -0.78955947  1.3953871   4.07331636 -1.56260364 -0.26405694]
2025-03-18 19:13:39 - root - INFO - put down block at (-0.6, -0.6) start_height 0.06
2025-03-18 19:13:39 - root - INFO - Planning and moving to xyz facing down ur5e_2 from [ 1.30428836 -0.6922647   1.41162335  3.99717755 -1.57072856 -0.26635136] to [1.1752842029574087, -0.6282185538032588, 1.3609030799899304, 3.979701304233083, -1.5707960813799773, -0.3955121092724865] target: [-0.6, -0.6, 0.06]
2025-03-18 19:13:39 - root - INFO - Planning and movingJ ur5e_2 from [ 1.30428836 -0.6922647   1.41162335  3.99717755 -1.57072856 -0.26635136] to [1.1752842029574087, -0.6282185538032588, 1.3609030799899304, 3.979701304233083, -1.5707960813799773, -0.3955121092724865]
2025-03-18 19:13:39 - root - INFO - MovingJ ur5e_2 from [ 1.30428836 -0.6922647   1.41162335  3.99717755 -1.57072856 -0.26635136] to [1.1752842029574087, -0.6282185538032588, 1.3609030799899304, 3.979701304233083, -1.5707960813799773, -0.3955121092724865]
2025-03-18 19:13:40 - root - INFO - MovingL ur5e_2 from [-0.62302301 -0.59898059  0.06238198] to [-0.6        -0.6        -0.73510776]
2025-03-18 19:13:44 - root - WARNING - Linear movement for ur5e_2 completed, but target not reached within tolerance after 400 attempts
2025-03-18 19:13:45 - root - INFO - MovingJ ur5e_2 from [ 1.18397567 -0.33861217  0.82945459  4.16139644 -1.57082991 -0.38307933] to [ 1.20485999 -0.63843883  1.3729648   3.98371812 -1.57014841 -0.36704996]
2025-03-18 19:13:46 - root - INFO - pick up block at (-0.7, -1) start_height 0.15
2025-03-18 19:13:46 - root - INFO - Planning and moving to xyz facing down ur5e_2 from [ 1.18764161 -0.57901124  1.2774249   4.01595867 -1.57071284 -0.38020556] to [0.9812453983367214, -1.5126705683081336, 2.597689560793192, 3.627369813449976, -1.570796274426475, -0.5895509686181473] target: [-0.7, -1, 0.15]
2025-03-18 19:13:46 - root - INFO - Planning and movingJ ur5e_2 from [ 1.18764161 -0.57901124  1.2774249   4.01595867 -1.57071284 -0.38020556] to [0.9812453983367214, -1.5126705683081336, 2.597689560793192, 3.627369813449976, -1.570796274426475, -0.5895509686181473]
2025-03-18 19:13:46 - root - INFO - MovingJ ur5e_2 from [ 1.18764161 -0.57901124  1.2774249   4.01595867 -1.57071284 -0.38020556] to [0.9812453983367214, -1.5126705683081336, 2.597689560793192, 3.627369813449976, -1.570796274426475, -0.5895509686181473]
2025-03-18 19:13:48 - root - INFO - MovingL ur5e_2 from [-0.69529409 -0.99028534  0.15010945] to [-0.7  -1.    0.05]
2025-03-18 19:13:50 - root - INFO - MovingJ ur5e_2 from [ 0.98139642 -1.06616429  2.6280359   3.14287295 -1.57075799 -0.58942682] to [ 0.98591788 -1.49008506  2.56912928  3.63660509 -1.5707827  -0.58487371]
2025-03-18 19:13:50 - root - INFO - put down block at (-0.6, -0.6) start_height 0.18
2025-03-18 19:13:50 - root - INFO - Planning and moving to xyz facing down ur5e_2 from [ 0.98203739 -1.40449066  2.58133494  3.53959323 -1.57076542 -0.58880397] to [1.1752876321436616, -0.7990723798747996, 1.3258126743524767, 4.1856480229633934, -1.570796266832957, -0.39550869761542956] target: [-0.6, -0.6, 0.18]
2025-03-18 19:13:50 - root - INFO - Planning and movingJ ur5e_2 from [ 0.98203739 -1.40449066  2.58133494  3.53959323 -1.57076542 -0.58880397] to [1.1752876321436616, -0.7990723798747996, 1.3258126743524767, 4.1856480229633934, -1.570796266832957, -0.39550869761542956]
2025-03-18 19:13:50 - root - INFO - MovingJ ur5e_2 from [ 0.98203739 -1.40449066  2.58133494  3.53959323 -1.57076542 -0.58880397] to [1.1752876321436616, -0.7990723798747996, 1.3258126743524767, 4.1856480229633934, -1.570796266832957, -0.39550869761542956]
2025-03-18 19:13:52 - root - INFO - MovingL ur5e_2 from [-0.59977439 -0.60751015  0.17488763] to [-0.6        -0.6        -0.74514215]
