2025-03-18 21:12:47 - root - INFO - Logging setup complete for Hanoi_sim
2025-03-18 21:12:47 - root - INFO - pick up block at (-0.995, -0.615) start_height 0.275
2025-03-18 21:12:47 - root - INFO - Planning and moving to xyz facing down ur5e_2 from [-1.56417438e+00 -1.56694744e+00 -4.97276278e-04 -1.56588207e+00
  1.05265287e-05 -1.99549302e-06] to [1.7098825350924762, -0.8840182529158536, 1.2116832669368283, 4.384723612277446, -1.5707963043832278, 0.13908619624898336] target: [-0.995, -0.615, 0.275]
2025-03-18 21:12:47 - root - INFO - Planning and movingJ ur5e_2 from [-1.56417438e+00 -1.56694744e+00 -4.97276278e-04 -1.56588207e+00
  1.05265287e-05 -1.99549302e-06] to [1.7098825350924762, -0.8840182529158536, 1.2116832669368283, 4.384723612277446, -1.5707963043832278, 0.13908619624898336]
2025-03-18 21:12:47 - root - INFO - MovingJ ur5e_2 from [-1.56417438e+00 -1.56694744e+00 -4.97276278e-04 -1.56588207e+00
  1.05265287e-05 -1.99549302e-06] to [1.7098825350924762, -0.8840182529158536, 1.2116832669368283, 4.384723612277446, -1.5707963043832278, 0.13908619624898336]
2025-03-18 21:12:51 - root - INFO - MovingL ur5e_2 from [-0.98468004 -0.60745618  0.2785823 ] to [-0.995 -0.615  0.175]
2025-03-18 21:12:53 - root - INFO - MovingJ ur5e_2 from [ 1.70865448 -0.77812511  1.30349078  4.20124269 -1.57072341  0.13799866] to [ 1.69372764 -0.88222007  1.20752177  4.35564951 -1.56295461  0.13839237]
2025-03-18 21:12:53 - root - INFO - Planning and moving to xyz facing down ur5e_2 from [ 1.70863695 -0.81024115  1.27125982  4.25566546 -1.57072328  0.13799866] to [1.7091789205269177, -0.899422909666474, 1.1552897847526826, 4.456521787793445, -1.570796299266889, 0.13838258814561064] target: [-0.99491127 -0.61185904  0.30607874]
2025-03-18 21:12:53 - root - INFO - Planning and movingJ ur5e_2 from [ 1.70863695 -0.81024115  1.27125982  4.25566546 -1.57072328  0.13799866] to [1.7091789205269177, -0.899422909666474, 1.1552897847526826, 4.456521787793445, -1.570796299266889, 0.13838258814561064]
2025-03-18 21:12:53 - root - INFO - MovingJ ur5e_2 from [ 1.70863695 -0.81024115  1.27125982  4.25566546 -1.57072328  0.13799866] to [1.7091789205269177, -0.899422909666474, 1.1552897847526826, 4.456521787793445, -1.570796299266889, 0.13838258814561064]
2025-03-18 21:12:55 - root - WARNING - Movement for ur5e_2 timed out before reaching the target joints.
2025-03-18 21:12:55 - root - INFO - Planning and moving to xyz facing down ur5e_2 from [ 1.70917258 -0.89446515  1.15717622  4.45654815 -1.57079555  0.13837827] to [0.8547669442999982, -0.6090685202956968, 0.392566106619091, 4.928889276251261, -1.5707961327913702, -0.7160293841566608] target: [-0.315, -0.615, 0.4]
2025-03-18 21:12:55 - root - INFO - Planning and movingJ ur5e_2 from [ 1.70917258 -0.89446515  1.15717622  4.45654815 -1.57079555  0.13837827] to [0.8547669442999982, -0.6090685202956968, 0.392566106619091, -1.3542960309283254, -1.5707961327913702, -0.7160293841566608]
2025-03-18 21:12:55 - root - INFO - MovingJ ur5e_2 from [ 1.70917258 -0.89446515  1.15717622  4.45654815 -1.57079555  0.13837827] to [0.8547669442999982, -0.6090685202956968, 0.392566106619091, -1.3542960309283254, -1.5707961327913702, -0.7160293841566608]
2025-03-18 21:13:13 - root - WARNING - Movement for ur5e_2 timed out before reaching the target joints.
2025-03-18 21:13:13 - root - INFO - Planning and moving to xyz facing down ur5e_1 from [-1.56417416e+00 -1.56677596e+00 -4.51296745e-04 -1.56585378e+00
  1.88733739e-06 -1.99652851e-06] to [0.9028562237556794, -0.870568797721727, 1.5536599697258455, -2.2538896511825612, -1.5707939168269955, 2.473652109941807] target: [-0.315, -0.615, 0.15000000000000002]
2025-03-18 21:13:13 - root - INFO - Planning and movingJ ur5e_1 from [-1.56417416e+00 -1.56677596e+00 -4.51296745e-04 -1.56585378e+00
  1.88733739e-06 -1.99652851e-06] to [0.9028562237556794, -0.870568797721727, 1.5536599697258455, -2.2538896511825612, -1.5707939168269955, 2.473652109941807]
2025-03-18 21:13:13 - root - INFO - MovingJ ur5e_1 from [-1.56417416e+00 -1.56677596e+00 -4.51296745e-04 -1.56585378e+00
  1.88733739e-06 -1.99652851e-06] to [0.9028562237556794, -0.870568797721727, 1.5536599697258455, -2.2538896511825612, -1.5707939168269955, 2.473652109941807]
2025-03-18 21:13:22 - root - WARNING - Movement for ur5e_1 timed out before reaching the target joints.
2025-03-18 21:13:22 - root - INFO - MovingJ ur5e_1 from [ 0.90285622 -0.8656972   1.55518437 -2.353344   -1.57079392  2.47365211] to [ 0.90285622 -0.8656972   1.55518437 -2.353344   -1.57079392  2.47365211]
2025-03-18 21:13:22 - root - WARNING - Movement for ur5e_1 timed out before reaching the target joints.
2025-03-18 21:13:22 - root - INFO - MovingJ ur5e_1 from [ 0.90286045 -0.865244    1.55533954 -2.26224697 -1.57079391  2.47365211] to [ 0.90285622 -0.8656972   1.55518437 -2.253344   -4.71238657  2.47365211]
2025-03-18 21:13:33 - root - WARNING - Movement for ur5e_1 timed out before reaching the target joints.
2025-03-18 21:13:33 - root - INFO - Planning and moving to xyz facing down ur5e_2 from [ 0.85477471 -0.60291435  0.39429676 -1.35392455 -1.57079665 -0.71602938] to [0.8552489946006107, -0.632325555429247, 0.5286788982531413, -1.467150647816397, -1.5707962313269659, -0.7155473068675056] target: [-0.31449258 -0.6138067   0.36435849]
2025-03-18 21:13:33 - root - INFO - Planning and movingJ ur5e_2 from [ 0.85477471 -0.60291435  0.39429676 -1.35392455 -1.57079665 -0.71602938] to [0.8552489946006107, -0.632325555429247, 0.5286788982531413, -1.467150647816397, -1.5707962313269659, -0.7155473068675056]
2025-03-18 21:13:33 - root - INFO - MovingJ ur5e_2 from [ 0.85477471 -0.60291435  0.39429676 -1.35392455 -1.57079665 -0.71602938] to [0.8552489946006107, -0.632325555429247, 0.5286788982531413, -1.467150647816397, -1.5707962313269659, -0.7155473068675056]
2025-03-18 21:13:35 - root - WARNING - Movement for ur5e_2 timed out before reaching the target joints.
2025-03-18 21:13:35 - root - INFO - Planning and moving to xyz facing down ur5e_2 from [ 0.85559903 -0.65056397  0.51569259 -1.47530232 -1.57079089 -0.71553917] to [0.8560756702290102, -0.5861880703930823, 0.3034771143269331, -1.2880860853968215, -1.570796259229663, -0.7147206579547871] target: [-0.31655827 -0.61513714  0.41711867]
2025-03-18 21:13:35 - root - INFO - Planning and movingJ ur5e_2 from [ 0.85559903 -0.65056397  0.51569259 -1.47530232 -1.57079089 -0.71553917] to [0.8560756702290102, -0.5861880703930823, 0.3034771143269331, -1.2880860853968215, -1.570796259229663, -0.7147206579547871]
2025-03-18 21:13:35 - root - INFO - MovingJ ur5e_2 from [ 0.85559903 -0.65056397  0.51569259 -1.47530232 -1.57079089 -0.71553917] to [0.8560756702290102, -0.5861880703930823, 0.3034771143269331, -1.2880860853968215, -1.570796259229663, -0.7147206579547871]
2025-03-18 21:13:37 - root - WARNING - Movement for ur5e_2 timed out before reaching the target joints.
2025-03-18 21:13:37 - root - INFO - MovingJ ur5e_2 from [ 0.85606998 -0.58046276  0.30547017 -1.28797395 -1.57079626 -0.71472193] to (0, 0, 0.04)
