2025-03-18 21:47:50 - root - INFO - Logging setup complete for Hanoi_sim
2025-03-18 21:47:50 - root - INFO - pick up block at (-0.995, -0.615) start_height 0.275
2025-03-18 21:47:50 - root - INFO - Planning and moving to xyz facing down ur5e_2 from [-1.56417438e+00 -1.56694744e+00 -4.97276278e-04 -1.56588207e+00
  1.05265287e-05 -1.99549302e-06] to [1.7098826017565831, -0.8840178302740017, 1.2116822300255077, 4.384724291469318, -1.5707963004921257, 0.13908626900325488] target: [-0.995, -0.615, 0.275]
2025-03-18 21:47:50 - root - INFO - Planning and movingJ ur5e_2 from [-1.56417438e+00 -1.56694744e+00 -4.97276278e-04 -1.56588207e+00
  1.05265287e-05 -1.99549302e-06] to [1.7098826017565831, -0.8840178302740017, 1.2116822300255077, 4.384724291469318, -1.5707963004921257, 0.13908626900325488]
2025-03-18 21:47:50 - root - INFO - MovingJ ur5e_2 from [-1.56417438e+00 -1.56694744e+00 -4.97276278e-04 -1.56588207e+00
  1.05265287e-05 -1.99549302e-06] to [1.7098826017565831, -0.8840178302740017, 1.2116822300255077, 4.384724291469318, -1.5707963004921257, 0.13908626900325488]
2025-03-18 21:47:54 - root - INFO - MovingL ur5e_2 from [-0.98468012 -0.60745599  0.2785824 ] to [-0.995 -0.615  0.175]
2025-03-18 21:47:56 - root - INFO - MovingJ ur5e_2 from [ 1.70865448 -0.77812508  1.30349069  4.2012428  -1.57072341  0.13799866] to [ 1.69372771 -0.88221965  1.20752074  4.35565018 -1.56295461  0.13839245]
2025-03-18 21:47:56 - root - INFO - Planning and moving to xyz facing down ur5e_2 from [ 1.70863696 -0.81024098  1.2712594   4.25566576 -1.57072328  0.13799866] to [1.709178921543886, -0.8994227092157843, 1.155289348540169, 4.456522023555055, -1.5707962992668716, 0.13838258916257953] target: [-0.99491128 -0.61185895  0.30607877]
2025-03-18 21:47:56 - root - INFO - Planning and movingJ ur5e_2 from [ 1.70863696 -0.81024098  1.2712594   4.25566576 -1.57072328  0.13799866] to [1.709178921543886, -0.8994227092157843, 1.155289348540169, 4.456522023555055, -1.5707962992668716, 0.13838258916257953]
2025-03-18 21:47:56 - root - INFO - MovingJ ur5e_2 from [ 1.70863696 -0.81024098  1.2712594   4.25566576 -1.57072328  0.13799866] to [1.709178921543886, -0.8994227092157843, 1.155289348540169, 4.456522023555055, -1.5707962992668716, 0.13838258916257953]
2025-03-18 21:47:58 - root - WARNING - Movement for ur5e_2 timed out before reaching the target joints.
2025-03-18 21:47:58 - root - INFO - put down block at (-0.805, -0.615) start_height 0.155
2025-03-18 21:47:58 - root - INFO - Planning and moving to xyz facing down ur5e_2 from [ 1.70917258 -0.89446495  1.15717579  4.45654838 -1.57079555  0.13837827] to [1.4460599875729965, -0.8293648404781301, 1.4591673938356695, 4.082584518402884, -1.5707961591982256, -0.12473641360945878] target: [-0.805, -0.615, 0.155]
2025-03-18 21:47:58 - root - INFO - Planning and movingJ ur5e_2 from [ 1.70917258 -0.89446495  1.15717579  4.45654838 -1.57079555  0.13837827] to [1.4460599875729965, -0.8293648404781301, 1.4591673938356695, 4.082584518402884, -1.5707961591982256, -0.12473641360945878]
2025-03-18 21:47:58 - root - INFO - MovingJ ur5e_2 from [ 1.70917258 -0.89446495  1.15717579  4.45654838 -1.57079555  0.13837827] to [1.4460599875729965, -0.8293648404781301, 1.4591673938356695, 4.082584518402884, -1.5707961591982256, -0.12473641360945878]
2025-03-18 21:47:59 - root - INFO - MovingL ur5e_2 from [-0.81896139 -0.61185316  0.16140488] to [-0.805      -0.615       0.06962104]
2025-03-18 21:48:01 - root - INFO - MovingJ ur5e_2 from [ 1.44757291 -0.69137073  1.48207372  3.94412516 -1.57078744 -0.12320815] to [ 1.46620253 -0.82962392  1.43746921  4.11141027 -1.57067584 -0.10468488]
2025-03-18 21:48:01 - root - INFO - Planning and moving to xyz facing down ur5e_2 from [ 1.44755341 -0.74375139  1.46494009  4.01340858 -1.57078746 -0.12320815] to [1.4481119673695892, -0.885721126418597, 1.4266388279828721, 4.1714674658785205, -1.570796022676539, -0.12268431683114175] target: [-0.80632702 -0.61394688  0.1997228 ]
2025-03-18 21:48:01 - root - INFO - Planning and movingJ ur5e_2 from [ 1.44755341 -0.74375139  1.46494009  4.01340858 -1.57078746 -0.12320815] to [1.4481119673695892, -0.885721126418597, 1.4266388279828721, 4.1714674658785205, -1.570796022676539, -0.12268431683114175]
2025-03-18 21:48:01 - root - INFO - MovingJ ur5e_2 from [ 1.44755341 -0.74375139  1.46494009  4.01340858 -1.57078746 -0.12320815] to [1.4481119673695892, -0.885721126418597, 1.4266388279828721, 4.1714674658785205, -1.570796022676539, -0.12268431683114175]
2025-03-18 21:48:03 - root - WARNING - Movement for ur5e_2 timed out before reaching the target joints.
2025-03-18 21:48:03 - root - INFO - pick up block at (-0.995, -0.615) start_height 0.235
2025-03-18 21:48:03 - root - INFO - Planning and moving to xyz facing down ur5e_2 from [ 1.44810334 -0.88025053  1.42843939  4.17143067 -1.57079585 -0.12269408] to [1.7098817637597272, -0.8480836104250771, 1.258061219833016, 4.302410349446577, -1.5707962370000927, 0.13908542582203956] target: [-0.995, -0.615, 0.235]
2025-03-18 21:48:03 - root - INFO - Planning and movingJ ur5e_2 from [ 1.44810334 -0.88025053  1.42843939  4.17143067 -1.57079585 -0.12269408] to [1.7098817637597272, -0.8480836104250771, 1.258061219833016, 4.302410349446577, -1.5707962370000927, 0.13908542582203956]
2025-03-18 21:48:03 - root - INFO - MovingJ ur5e_2 from [ 1.44810334 -0.88025053  1.42843939  4.17143067 -1.57079585 -0.12269408] to [1.7098817637597272, -0.8480836104250771, 1.258061219833016, 4.302410349446577, -1.5707962370000927, 0.13908542582203956]
2025-03-18 21:48:04 - root - INFO - MovingL ur5e_2 from [-0.97354976 -0.61234427  0.22587065] to [-0.995 -0.615  0.135]
2025-03-18 21:48:06 - root - INFO - MovingJ ur5e_2 from [ 1.70760784 -0.73034702  1.32714275  4.12401925 -1.57082327  0.13684124] to [ 1.68062137 -0.84673269  1.27891938  4.28822406 -1.57078661  0.10968668]
2025-03-18 21:48:06 - root - INFO - Planning and moving to xyz facing down ur5e_2 from [ 1.69660957 -0.77401212  1.30849111  4.19188212 -1.57077312  0.12567115] to [1.6971476227241757, -0.8808798849496321, 1.2224254412419682, 4.370843165872697, -1.5707963039424682, 0.1263512907539725] target: [-0.98578009 -0.61281758  0.26900987]
2025-03-18 21:48:06 - root - INFO - Planning and movingJ ur5e_2 from [ 1.69660957 -0.77401212  1.30849111  4.19188212 -1.57077312  0.12567115] to [1.6971476227241757, -0.8808798849496321, 1.2224254412419682, 4.370843165872697, -1.5707963039424682, 0.1263512907539725]
2025-03-18 21:48:06 - root - INFO - MovingJ ur5e_2 from [ 1.69660957 -0.77401212  1.30849111  4.19188212 -1.57077312  0.12567115] to [1.6971476227241757, -0.8808798849496321, 1.2224254412419682, 4.370843165872697, -1.5707963039424682, 0.1263512907539725]
2025-03-18 21:48:08 - root - WARNING - Movement for ur5e_2 timed out before reaching the target joints.
2025-03-18 21:48:08 - root - INFO - Planning and moving to xyz facing down ur5e_1 from [-1.56417382e+00 -1.56640434e+00 -3.50131258e-04 -1.56579405e+00
 -1.63389831e-05 -1.99810959e-06] to [-1.5404537398434517, -2.340755040479036, 4.493353835877307, -0.5818004708237772, 1.5707962246980165, -3.111250349937175] target: [-0.115, -0.615, 0.05]
2025-03-18 21:48:08 - root - INFO - Planning and movingJ ur5e_1 from [-1.56417382e+00 -1.56640434e+00 -3.50131258e-04 -1.56579405e+00
 -1.63389831e-05 -1.99810959e-06] to [-1.5404537398434517, -2.340755040479036, -1.7898314713022794, -0.5818004708237772, 1.5707962246980165, -3.111250349937175]
2025-03-18 21:48:08 - root - INFO - MovingJ ur5e_1 from [-1.56417382e+00 -1.56640434e+00 -3.50131258e-04 -1.56579405e+00
 -1.63389831e-05 -1.99810959e-06] to [-1.5404537398434517, -2.340755040479036, -1.7898314713022794, -0.5818004708237772, 1.5707962246980165, -3.111250349937175]
2025-03-18 21:48:19 - root - WARNING - Movement for ur5e_1 timed out before reaching the target joints.
2025-03-18 21:48:19 - root - INFO - put down block at (-0.615, -0.615) start_height 0.155
2025-03-18 21:48:19 - root - INFO - Planning and moving to xyz facing down ur5e_2 from [ 1.6971386  -0.87657511  1.22372312  4.37035699 -1.57079664  0.12634143] to [1.1865418691832883, -0.8034718843810628, 1.4096964054502648, 4.106164110869471, -1.5707962935739097, -0.38425446740553787] target: [-0.615, -0.615, 0.155]
2025-03-18 21:48:19 - root - INFO - Planning and movingJ ur5e_2 from [ 1.6971386  -0.87657511  1.22372312  4.37035699 -1.57079664  0.12634143] to [1.1865418691832883, -0.8034718843810628, 1.4096964054502648, 4.106164110869471, -1.5707962935739097, -0.38425446740553787]
2025-03-18 21:48:19 - root - INFO - MovingJ ur5e_2 from [ 1.6971386  -0.87657511  1.22372312  4.37035699 -1.57079664  0.12634143] to [1.1865418691832883, -0.8034718843810628, 1.4096964054502648, 4.106164110869471, -1.5707962935739097, -0.38425446740553787]
2025-03-18 21:48:21 - root - INFO - MovingL ur5e_2 from [-0.63541233 -0.60948159  0.15803085] to [-0.615      -0.615       0.06966975]
2025-03-18 21:48:22 - root - INFO - MovingJ ur5e_2 from [ 1.18847165 -0.66898855  1.4324078   3.96733454 -1.57074386 -0.38237459] to [ 1.21572735 -0.8040128   1.40007649  4.12049418 -1.57007667 -0.35618671]
2025-03-18 21:48:23 - root - INFO - Planning and moving to xyz facing down ur5e_2 from [ 1.19794507 -0.71177262  1.42229957  4.02134432 -1.57074602 -0.37321764] to [1.1984999303135755, -0.8527981973019397, 1.3868806910308533, 4.178302596849987, -1.570796016606783, -0.3722963533874695] target: [-0.62361893 -0.61345985  0.19299566]
2025-03-18 21:48:23 - root - INFO - Planning and movingJ ur5e_2 from [ 1.19794507 -0.71177262  1.42229957  4.02134432 -1.57074602 -0.37321764] to [1.1984999303135755, -0.8527981973019397, 1.3868806910308533, 4.178302596849987, -1.570796016606783, -0.3722963533874695]
2025-03-18 21:48:23 - root - INFO - MovingJ ur5e_2 from [ 1.19794507 -0.71177262  1.42229957  4.02134432 -1.57074602 -0.37321764] to [1.1984999303135755, -0.8527981973019397, 1.3868806910308533, 4.178302596849987, -1.570796016606783, -0.3722963533874695]
2025-03-18 21:48:24 - root - WARNING - Movement for ur5e_2 timed out before reaching the target joints.
2025-03-18 21:48:24 - root - INFO - pick up block at (-0.805, -0.615) start_height 0.155
2025-03-18 21:48:24 - root - INFO - Planning and moving to xyz facing down ur5e_2 from [ 1.19849137 -0.84719566  1.38867674  4.17826981 -1.57079508 -0.37229972] to [1.446061727434088, -0.8293555888932769, 1.4591456025683744, 4.082598349765746, -1.5707962691222903, -0.12473459885337153] target: [-0.805, -0.615, 0.155]
2025-03-18 21:48:24 - root - INFO - Planning and movingJ ur5e_2 from [ 1.19849137 -0.84719566  1.38867674  4.17826981 -1.57079508 -0.37229972] to [1.446061727434088, -0.8293555888932769, 1.4591456025683744, 4.082598349765746, -1.5707962691222903, -0.12473459885337153]
2025-03-18 21:48:25 - root - INFO - MovingJ ur5e_2 from [ 1.19849137 -0.84719566  1.38867674  4.17826981 -1.57079508 -0.37229972] to [1.446061727434088, -0.8293555888932769, 1.4591456025683744, 4.082598349765746, -1.5707962691222903, -0.12473459885337153]
2025-03-18 21:48:25 - root - INFO - MovingL ur5e_2 from [-0.78427505 -0.61303483  0.1545805 ] to [-0.805 -0.615  0.055]
2025-03-18 21:48:27 - root - INFO - MovingJ ur5e_2 from [ 1.4440019  -0.67504346  1.47966869  3.91709752 -1.57080604 -0.12673721] to [ 1.41730643 -0.82646955  1.45248333  4.09430069 -1.5707865  -0.15362821]
2025-03-18 21:48:27 - root - INFO - Planning and moving to xyz facing down ur5e_2 from [ 1.43243949 -0.7362384   1.46906839  3.99445468 -1.57079487 -0.13840834] to [1.4329970316984477, -0.8797634598210348, 1.430949403986887, 4.161199162560561, -1.5707960180466984, -0.13779925176845206] target: [-0.7955177  -0.6134626   0.19467283]
2025-03-18 21:48:27 - root - INFO - Planning and movingJ ur5e_2 from [ 1.43243949 -0.7362384   1.46906839  3.99445468 -1.57079487 -0.13840834] to [1.4329970316984477, -0.8797634598210348, 1.430949403986887, 4.161199162560561, -1.5707960180466984, -0.13779925176845206]
2025-03-18 21:48:27 - root - INFO - MovingJ ur5e_2 from [ 1.43243949 -0.7362384   1.46906839  3.99445468 -1.57079487 -0.13840834] to [1.4329970316984477, -0.8797634598210348, 1.430949403986887, 4.161199162560561, -1.5707960180466984, -0.13779925176845206]
2025-03-18 21:48:29 - root - WARNING - Movement for ur5e_2 timed out before reaching the target joints.
2025-03-18 21:48:29 - root - INFO - put down block at (-0.615, -0.615) start_height 0.195
2025-03-18 21:48:29 - root - INFO - Planning and moving to xyz facing down ur5e_2 from [ 1.43298816 -0.87462221  1.43254803  4.16107158 -1.57079613 -0.13780953] to [1.1865415403494752, -0.8548861223674328, 1.3847535559423036, 4.182520913735816, -1.5707962717066475, -0.3842547946927371] target: [-0.615, -0.615, 0.195]
2025-03-18 21:48:29 - root - INFO - Planning and movingJ ur5e_2 from [ 1.43298816 -0.87462221  1.43254803  4.16107158 -1.57079613 -0.13780953] to [1.1865415403494752, -0.8548861223674328, 1.3847535559423036, 4.182520913735816, -1.5707962717066475, -0.3842547946927371]
2025-03-18 21:48:29 - root - INFO - MovingJ ur5e_2 from [ 1.43298816 -0.87462221  1.43254803  4.16107158 -1.57079613 -0.13780953] to [1.1865415403494752, -0.8548861223674328, 1.3847535559423036, 4.182520913735816, -1.5707962717066475, -0.3842547946927371]
2025-03-18 21:48:30 - root - INFO - MovingL ur5e_2 from [-0.63636109 -0.61284496  0.19047656] to [-0.615      -0.615       0.08978449]
2025-03-18 21:48:32 - root - INFO - MovingJ ur5e_2 from [ 1.18855065 -0.71112501  1.42740404  3.99815696 -1.57078994 -0.38228768] to [ 1.21541874 -0.85257041  1.39178407  4.18042753 -1.57066859 -0.35549188]
2025-03-18 21:48:32 - root - INFO - Planning and moving to xyz facing down ur5e_2 from [ 1.20078699 -0.77186319  1.41209753  4.08184439 -1.57080611 -0.37001617] to [1.2013323175180894, -0.8976274829733006, 1.34756768897552, 4.262444542408952, -1.5707959880099722, -0.3694639633175562] target: [-0.62530126 -0.61217767  0.23428689]
2025-03-18 21:48:32 - root - INFO - Planning and movingJ ur5e_2 from [ 1.20078699 -0.77186319  1.41209753  4.08184439 -1.57080611 -0.37001617] to [1.2013323175180894, -0.8976274829733006, 1.34756768897552, 4.262444542408952, -1.5707959880099722, -0.3694639633175562]
2025-03-18 21:48:32 - root - INFO - MovingJ ur5e_2 from [ 1.20078699 -0.77186319  1.41209753  4.08184439 -1.57080611 -0.37001617] to [1.2013323175180894, -0.8976274829733006, 1.34756768897552, 4.262444542408952, -1.5707959880099722, -0.3694639633175562]
2025-03-18 21:48:34 - root - WARNING - Movement for ur5e_2 timed out before reaching the target joints.
2025-03-18 21:48:34 - root - INFO - pick up block at (-0.995, -0.615) start_height 0.195
2025-03-18 21:48:34 - root - INFO - Planning and moving to xyz facing down ur5e_2 from [ 1.2013257  -0.89231619  1.34947787  4.26251307 -1.57079613 -0.36947195] to [1.7098825615865227, -0.8053611860254033, 1.293760454226364, 4.223989384573259, -1.5707962975835301, 0.13908623116684904] target: [-0.995, -0.615, 0.195]
2025-03-18 21:48:34 - root - INFO - Planning and movingJ ur5e_2 from [ 1.2013257  -0.89231619  1.34947787  4.26251307 -1.57079613 -0.36947195] to [1.7098825615865227, -0.8053611860254033, 1.293760454226364, 4.223989384573259, -1.5707962975835301, 0.13908623116684904]
2025-03-18 21:48:34 - root - INFO - MovingJ ur5e_2 from [ 1.2013257  -0.89231619  1.34947787  4.26251307 -1.57079613 -0.36947195] to [1.7098825615865227, -0.8053611860254033, 1.293760454226364, 4.223989384573259, -1.5707962975835301, 0.13908623116684904]
2025-03-18 21:48:35 - root - INFO - MovingL ur5e_2 from [-0.9738587  -0.610124    0.19236304] to [-0.995 -0.615  0.095]
2025-03-18 21:48:37 - root - INFO - MovingJ ur5e_2 from [ 1.70798742 -0.67511141  1.33706119  4.0526788  -1.57093164  0.13734029] to [ 1.68070687 -0.8051509   1.29871259  4.22676201 -1.57078123  0.1096834 ]
2025-03-18 21:48:37 - root - INFO - Planning and moving to xyz facing down ur5e_2 from [ 1.69598467 -0.72919974  1.32091198  4.13070282 -1.57083456  0.12497376] to [1.69651341607949, -0.8480469449031747, 1.2537783458769085, 4.3066573415765435, -1.5707963054521856, 0.12571708427436787] target: [-0.98550409 -0.611259    0.23651757]
2025-03-18 21:48:37 - root - INFO - Planning and movingJ ur5e_2 from [ 1.69598467 -0.72919974  1.32091198  4.13070282 -1.57083456  0.12497376] to [1.69651341607949, -0.8480469449031747, 1.2537783458769085, 4.3066573415765435, -1.5707963054521856, 0.12571708427436787]
2025-03-18 21:48:37 - root - INFO - MovingJ ur5e_2 from [ 1.69598467 -0.72919974  1.32091198  4.13070282 -1.57083456  0.12497376] to [1.69651341607949, -0.8480469449031747, 1.2537783458769085, 4.3066573415765435, -1.5707963054521856, 0.12571708427436787]
2025-03-18 21:48:39 - root - INFO - Planning and moving to xyz facing down ur5e_1 from [-1.54198674 -2.39426604 -1.79019216 -0.55799826  1.5722692  -3.11141337] to [-1.540454862776398, -2.340762435037879, -1.789809986816369, -0.5818162262469044, 1.5707963105235498, -3.1112511908714846] target: [-0.115, -0.615, 0.05]
2025-03-18 21:48:39 - root - INFO - Planning and movingJ ur5e_1 from [-1.54198674 -2.39426604 -1.79019216 -0.55799826  1.5722692  -3.11141337] to [-1.540454862776398, -2.340762435037879, -1.789809986816369, -0.5818162262469044, 1.5707963105235498, -3.1112511908714846]
2025-03-18 21:48:39 - root - INFO - MovingJ ur5e_1 from [-1.54198674 -2.39426604 -1.79019216 -0.55799826  1.5722692  -3.11141337] to [-1.540454862776398, -2.340762435037879, -1.789809986816369, -0.5818162262469044, 1.5707963105235498, -3.1112511908714846]
2025-03-18 21:48:40 - root - WARNING - Movement for ur5e_1 timed out before reaching the target joints.
2025-03-18 21:48:40 - root - INFO - put down block at (-0.805, -0.615) start_height 0.155
2025-03-18 21:48:40 - root - INFO - Planning and moving to xyz facing down ur5e_2 from [ 1.69649733 -0.84497658  1.25414696  4.3052524  -1.57079871  0.12570095] to [1.4460612948902152, -0.8293573266570364, 1.4591496350419269, 4.082595825387054, -1.5707962470594001, -0.12473506807023986] target: [-0.805, -0.615, 0.155]
2025-03-18 21:48:40 - root - INFO - Planning and movingJ ur5e_2 from [ 1.69649733 -0.84497658  1.25414696  4.3052524  -1.57079871  0.12570095] to [1.4460612948902152, -0.8293573266570364, 1.4591496350419269, 4.082595825387054, -1.5707962470594001, -0.12473506807023986]
2025-03-18 21:48:40 - root - INFO - MovingJ ur5e_2 from [ 1.69649733 -0.84497658  1.25414696  4.3052524  -1.57079871  0.12570095] to [1.4460612948902152, -0.8293573266570364, 1.4591496350419269, 4.082595825387054, -1.5707962470594001, -0.12473506807023986]
2025-03-18 21:48:41 - root - INFO - MovingL ur5e_2 from [-0.82574176 -0.61137841  0.16280214] to [-0.805      -0.615       0.06973269]
2025-03-18 21:48:43 - root - INFO - MovingJ ur5e_2 from [ 1.44745038 -0.6930883   1.47931248  3.93727256 -1.57071109 -0.12345656] to [ 1.47561791 -0.8299151   1.43603181  4.10553491 -1.56944791 -0.09747772]
2025-03-18 21:48:44 - root - INFO - Planning and moving to xyz facing down ur5e_2 from [ 1.45931161 -0.74640742  1.46224172  4.00889141 -1.57071297 -0.11247226] to [1.4598792660308562, -0.8865138817121294, 1.4180411159627013, 4.18085780000138, -1.570796010927221, -0.11091701815390866] target: [-0.81457026 -0.61292999  0.20310251]
2025-03-18 21:48:44 - root - INFO - Planning and movingJ ur5e_2 from [ 1.45931161 -0.74640742  1.46224172  4.00889141 -1.57071297 -0.11247226] to [1.4598792660308562, -0.8865138817121294, 1.4180411159627013, 4.18085780000138, -1.570796010927221, -0.11091701815390866]
2025-03-18 21:48:44 - root - INFO - MovingJ ur5e_2 from [ 1.45931161 -0.74640742  1.46224172  4.00889141 -1.57071297 -0.11247226] to [1.4598792660308562, -0.8865138817121294, 1.4180411159627013, 4.18085780000138, -1.570796010927221, -0.11091701815390866]
2025-03-18 21:48:46 - root - WARNING - Movement for ur5e_2 timed out before reaching the target joints.
2025-03-18 21:48:46 - root - INFO - pick up block at (-0.615, -0.615) start_height 0.195
2025-03-18 21:48:46 - root - INFO - Planning and moving to xyz facing down ur5e_2 from [ 1.45987171 -0.88113676  1.41984414  4.18088462 -1.57079467 -0.11092168] to [1.1865413144106525, -0.8548877485924751, 1.3847571751055054, 4.1825187288049275, -1.5707962560311073, -0.38425502102183023] target: [-0.615, -0.615, 0.195]
2025-03-18 21:48:46 - root - INFO - Planning and movingJ ur5e_2 from [ 1.45987171 -0.88113676  1.41984414  4.18088462 -1.57079467 -0.11092168] to [1.1865413144106525, -0.8548877485924751, 1.3847571751055054, 4.1825187288049275, -1.5707962560311073, -0.38425502102183023]
2025-03-18 21:48:46 - root - INFO - MovingJ ur5e_2 from [ 1.45987171 -0.88113676  1.41984414  4.18088462 -1.57079467 -0.11092168] to [1.1865413144106525, -0.8548877485924751, 1.3847571751055054, 4.1825187288049275, -1.5707962560311073, -0.38425502102183023]
2025-03-18 21:48:46 - root - INFO - MovingL ur5e_2 from [-0.63595935 -0.6126105   0.19108173] to [-0.615 -0.615  0.095]
2025-03-18 21:48:48 - root - INFO - MovingJ ur5e_2 from [ 1.18857541 -0.71587049  1.42934934  4.00988121 -1.57077606 -0.38221216] to [ 1.21502545 -0.85265857  1.39006755  4.1825074  -1.5708051  -0.35562102]
2025-03-18 21:48:48 - root - INFO - Planning and moving to xyz facing down ur5e_2 from [ 1.19969173 -0.76924019  1.41399698  4.08330698 -1.5707876  -0.37096897] to [1.2002404406038203, -0.8965898482224987, 1.3537188236421616, 4.255255875420826, -1.5707959962296456, -0.3705558411860045] target: [-0.62484028 -0.61315607  0.23147684]
2025-03-18 21:48:48 - root - INFO - Planning and movingJ ur5e_2 from [ 1.19969173 -0.76924019  1.41399698  4.08330698 -1.5707876  -0.37096897] to [1.2002404406038203, -0.8965898482224987, 1.3537188236421616, 4.255255875420826, -1.5707959962296456, -0.3705558411860045]
2025-03-18 21:48:48 - root - INFO - MovingJ ur5e_2 from [ 1.19969173 -0.76924019  1.41399698  4.08330698 -1.5707876  -0.37096897] to [1.2002404406038203, -0.8965898482224987, 1.3537188236421616, 4.255255875420826, -1.5707959962296456, -0.3705558411860045]
2025-03-18 21:48:50 - root - WARNING - Movement for ur5e_2 timed out before reaching the target joints.
2025-03-18 21:48:50 - root - INFO - put down block at (-0.995, -0.615) start_height 0.195
2025-03-18 21:48:50 - root - INFO - Planning and moving to xyz facing down ur5e_2 from [ 1.20023203 -0.89151896  1.35545091  4.25514678 -1.57079597 -0.37056245] to [1.7098825618216882, -0.8053611835268917, 1.293760448317293, 4.223989388330629, -1.5707962976081926, 0.13908623137028667] target: [-0.995, -0.615, 0.195]
2025-03-18 21:48:50 - root - INFO - Planning and movingJ ur5e_2 from [ 1.20023203 -0.89151896  1.35545091  4.25514678 -1.57079597 -0.37056245] to [1.7098825618216882, -0.8053611835268917, 1.293760448317293, 4.223989388330629, -1.5707962976081926, 0.13908623137028667]
2025-03-18 21:48:50 - root - INFO - MovingJ ur5e_2 from [ 1.20023203 -0.89151896  1.35545091  4.25514678 -1.57079597 -0.37056245] to [1.7098825618216882, -0.8053611835268917, 1.293760448317293, 4.223989388330629, -1.5707962976081926, 0.13908623137028667]
2025-03-18 21:48:51 - root - INFO - MovingL ur5e_2 from [-0.97356523 -0.61000763  0.19265682] to [-0.995      -0.615       0.08978449]
2025-03-18 21:48:53 - root - INFO - MovingJ ur5e_2 from [ 1.707821   -0.66904757  1.33664394  4.04518279 -1.57081485  0.13696264] to [ 1.68031857 -0.80551461  1.29879649  4.2261333  -1.57095686  0.1096204 ]
2025-03-18 21:48:54 - root - INFO - Planning and moving to xyz facing down ur5e_2 from [ 1.69526733 -0.7273299   1.32037646  4.12828556 -1.57079653  0.12444092] to [1.6958009604078812, -0.846357593556873, 1.2533224044303548, 4.305423930995289, -1.5707963053874876, 0.125004628598565] target: [-0.98503521 -0.61075438  0.23559781]
2025-03-18 21:48:54 - root - INFO - Planning and movingJ ur5e_2 from [ 1.69526733 -0.7273299   1.32037646  4.12828556 -1.57079653  0.12444092] to [1.6958009604078812, -0.846357593556873, 1.2533224044303548, 4.305423930995289, -1.5707963053874876, 0.125004628598565]
2025-03-18 21:48:54 - root - INFO - MovingJ ur5e_2 from [ 1.69526733 -0.7273299   1.32037646  4.12828556 -1.57079653  0.12444092] to [1.6958009604078812, -0.846357593556873, 1.2533224044303548, 4.305423930995289, -1.5707963053874876, 0.125004628598565]
2025-03-18 21:48:56 - root - WARNING - Movement for ur5e_2 timed out before reaching the target joints.
2025-03-18 21:48:56 - root - INFO - pick up block at (-0.615, -0.615) start_height 0.155
2025-03-18 21:48:56 - root - INFO - Planning and moving to xyz facing down ur5e_2 from [ 1.69579437 -0.84083037  1.25527122  4.30550153 -1.5707963   0.12499645] to [1.1865419267644515, -0.8034714746220678, 1.409695511051615, 4.106164641146804, -1.5707962977079937, -0.3842544098016411] target: [-0.615, -0.615, 0.155]
2025-03-18 21:48:56 - root - INFO - Planning and movingJ ur5e_2 from [ 1.69579437 -0.84083037  1.25527122  4.30550153 -1.5707963   0.12499645] to [1.1865419267644515, -0.8034714746220678, 1.409695511051615, 4.106164641146804, -1.5707962977079937, -0.3842544098016411]
2025-03-18 21:48:56 - root - INFO - MovingJ ur5e_2 from [ 1.69579437 -0.84083037  1.25527122  4.30550153 -1.5707963   0.12499645] to [1.1865419267644515, -0.8034714746220678, 1.409695511051615, 4.106164641146804, -1.5707962977079937, -0.3842544098016411]
2025-03-18 21:48:57 - root - INFO - MovingL ur5e_2 from [-0.63555604 -0.61003782  0.15464438] to [-0.615 -0.615  0.055]
2025-03-18 21:48:58 - root - INFO - MovingJ ur5e_2 from [ 1.18829226 -0.6535593   1.42841832  3.9391453  -1.57066422 -0.38283673] to [ 1.21574747 -0.80033883  1.4023695   4.11823647 -1.5708107  -0.35481153]
2025-03-18 21:48:59 - root - INFO - Planning and moving to xyz facing down ur5e_2 from [ 1.20074875 -0.71633731  1.41760638  4.0215093  -1.57070444 -0.37000206] to [1.201307678716679, -0.8548217566981559, 1.3754567367490327, 4.191749968598686, -1.5707960053601104, -0.3694886030612775] target: [-0.62490662 -0.61120811  0.19811917]
2025-03-18 21:48:59 - root - INFO - Planning and movingJ ur5e_2 from [ 1.20074875 -0.71633731  1.41760638  4.0215093  -1.57070444 -0.37000206] to [1.201307678716679, -0.8548217566981559, 1.3754567367490327, 4.191749968598686, -1.5707960053601104, -0.3694886030612775]
2025-03-18 21:48:59 - root - INFO - MovingJ ur5e_2 from [ 1.20074875 -0.71633731  1.41760638  4.0215093  -1.57070444 -0.37000206] to [1.201307678716679, -0.8548217566981559, 1.3754567367490327, 4.191749968598686, -1.5707960053601104, -0.3694886030612775]
2025-03-18 21:49:01 - root - WARNING - Movement for ur5e_2 timed out before reaching the target joints.
2025-03-18 21:49:01 - root - INFO - Planning and moving to xyz facing down ur5e_1 from [-1.54213376 -2.3953409  -1.78913856 -0.55494773  1.57233712 -3.11143681] to [-1.540454857420112, -2.340762487229106, -1.789810049773249, -0.5818160929188543, 1.5707963102500806, -3.111251185824268] target: [-0.115, -0.615, 0.05]
2025-03-18 21:49:01 - root - INFO - Planning and movingJ ur5e_1 from [-1.54213376 -2.3953409  -1.78913856 -0.55494773  1.57233712 -3.11143681] to [-1.540454857420112, -2.340762487229106, -1.789810049773249, -0.5818160929188543, 1.5707963102500806, -3.111251185824268]
2025-03-18 21:49:01 - root - INFO - MovingJ ur5e_1 from [-1.54213376 -2.3953409  -1.78913856 -0.55494773  1.57233712 -3.11143681] to [-1.540454857420112, -2.340762487229106, -1.789810049773249, -0.5818160929188543, 1.5707963102500806, -3.111251185824268]
2025-03-18 21:49:02 - root - WARNING - Movement for ur5e_1 timed out before reaching the target joints.
2025-03-18 21:49:02 - root - INFO - put down block at (-0.805, -0.615) start_height 0.195
2025-03-18 21:49:02 - root - INFO - Planning and moving to xyz facing down ur5e_2 from [ 1.20129769 -0.85037132  1.37656758  4.19122581 -1.57079526 -0.36949681] to [1.4460617494981647, -0.8822074576948269, 1.4343817215277028, 4.1602141137406585, -1.5707962716644521, -0.12473457936318351] target: [-0.805, -0.615, 0.195]
2025-03-18 21:49:02 - root - INFO - Planning and movingJ ur5e_2 from [ 1.20129769 -0.85037132  1.37656758  4.19122581 -1.57079526 -0.36949681] to [1.4460617494981647, -0.8822074576948269, 1.4343817215277028, 4.1602141137406585, -1.5707962716644521, -0.12473457936318351]
2025-03-18 21:49:02 - root - INFO - MovingJ ur5e_2 from [ 1.20129769 -0.85037132  1.37656758  4.19122581 -1.57079526 -0.36949681] to [1.4460617494981647, -0.8822074576948269, 1.4343817215277028, 4.1602141137406585, -1.5707962716644521, -0.12473457936318351]
2025-03-18 21:49:03 - root - INFO - MovingL ur5e_2 from [-0.78362436 -0.61234896  0.19216635] to [-0.805      -0.615       0.08978449]
2025-03-18 21:49:05 - root - INFO - MovingJ ur5e_2 from [ 1.44454843 -0.73841864  1.47363438  3.96968012 -1.57087193 -0.12640442] to [ 1.41662081 -0.87494472  1.42832894  4.16361365 -1.57133323 -0.15330093]
2025-03-18 21:49:05 - root - INFO - Planning and moving to xyz facing down ur5e_2 from [ 1.4305609  -0.80265257  1.4520589   4.06734599 -1.57085796 -0.13990133] to [1.4311119510852943, -0.9283829072742525, 1.3814250153615713, 4.259346663937855, -1.570796307788719, -0.13968438102940506] target: [-0.7938484  -0.61115301  0.24117754]
2025-03-18 21:49:05 - root - INFO - Planning and movingJ ur5e_2 from [ 1.4305609  -0.80265257  1.4520589   4.06734599 -1.57085796 -0.13990133] to [1.4311119510852943, -0.9283829072742525, 1.3814250153615713, 4.259346663937855, -1.570796307788719, -0.13968438102940506]
2025-03-18 21:49:05 - root - INFO - MovingJ ur5e_2 from [ 1.4305609  -0.80265257  1.4520589   4.06734599 -1.57085796 -0.13990133] to [1.4311119510852943, -0.9283829072742525, 1.3814250153615713, 4.259346663937855, -1.570796307788719, -0.13968438102940506]
2025-03-18 21:49:07 - root - WARNING - Movement for ur5e_2 timed out before reaching the target joints.
2025-03-18 21:49:07 - root - INFO - pick up block at (-0.995, -0.615) start_height 0.195
2025-03-18 21:49:07 - root - INFO - Planning and moving to xyz facing down ur5e_2 from [ 1.43110616 -0.92325804  1.38331658  4.2594764  -1.57079707 -0.13968709] to [1.7098816979561744, -0.8053682262074765, 1.2937758427129107, 4.223980299422087, -1.5707962316860735, 0.13908536244040676] target: [-0.995, -0.615, 0.195]
2025-03-18 21:49:07 - root - INFO - Planning and movingJ ur5e_2 from [ 1.43110616 -0.92325804  1.38331658  4.2594764  -1.57079707 -0.13968709] to [1.7098816979561744, -0.8053682262074765, 1.2937758427129107, 4.223980299422087, -1.5707962316860735, 0.13908536244040676]
2025-03-18 21:49:07 - root - INFO - MovingJ ur5e_2 from [ 1.43110616 -0.92325804  1.38331658  4.2594764  -1.57079707 -0.13968709] to [1.7098816979561744, -0.8053682262074765, 1.2937758427129107, 4.223980299422087, -1.5707962316860735, 0.13908536244040676]
2025-03-18 21:49:08 - root - INFO - MovingL ur5e_2 from [-0.97371006 -0.61220776  0.19498316] to [-0.995 -0.615  0.095]
2025-03-18 21:49:09 - root - INFO - MovingJ ur5e_2 from [ 1.70776517 -0.67307398  1.33952255  4.05606477 -1.5708178   0.13699085] to [ 1.68081725 -0.81261557  1.30488124  4.2282369  -1.57078643  0.10988157]
2025-03-18 21:49:10 - root - INFO - Planning and moving to xyz facing down ur5e_2 from [ 1.69639943 -0.72744233  1.3261871   4.12930433 -1.57080668  0.12552859] to [1.6969331154805343, -0.8483643856425532, 1.2637868435302824, 4.296966293324238, -1.5707963061826944, 0.12613678377126766] target: [-0.98560211 -0.61295934  0.2331214 ]
2025-03-18 21:49:10 - root - INFO - Planning and movingJ ur5e_2 from [ 1.69639943 -0.72744233  1.3261871   4.12930433 -1.57080668  0.12552859] to [1.6969331154805343, -0.8483643856425532, 1.2637868435302824, 4.296966293324238, -1.5707963061826944, 0.12613678377126766]
2025-03-18 21:49:10 - root - INFO - MovingJ ur5e_2 from [ 1.69639943 -0.72744233  1.3261871   4.12930433 -1.57080668  0.12552859] to [1.6969331154805343, -0.8483643856425532, 1.2637868435302824, 4.296966293324238, -1.5707963061826944, 0.12613678377126766]
2025-03-18 21:49:12 - root - WARNING - Movement for ur5e_2 timed out before reaching the target joints.
2025-03-18 21:49:12 - root - INFO - put down block at (-0.805, -0.615) start_height 0.235
2025-03-18 21:49:12 - root - INFO - Planning and moving to xyz facing down ur5e_2 from [ 1.69692437 -0.84307548  1.26556703  4.29683559 -1.5707966   0.12612652] to [1.4460615966172523, -0.9288365829295925, 1.3998030593906574, 4.241421843548085, -1.5707962683013978, -0.12473475138688465] target: [-0.805, -0.615, 0.235]
2025-03-18 21:49:12 - root - INFO - Planning and movingJ ur5e_2 from [ 1.69692437 -0.84307548  1.26556703  4.29683559 -1.5707966   0.12612652] to [1.4460615966172523, -0.9288365829295925, 1.3998030593906574, 4.241421843548085, -1.5707962683013978, -0.12473475138688465]
2025-03-18 21:49:12 - root - INFO - MovingJ ur5e_2 from [ 1.69692437 -0.84307548  1.26556703  4.29683559 -1.5707966   0.12612652] to [1.4460615966172523, -0.9288365829295925, 1.3998030593906574, 4.241421843548085, -1.5707962683013978, -0.12473475138688465]
2025-03-18 21:49:13 - root - INFO - MovingL ur5e_2 from [-0.82521353 -0.61254741  0.23045106] to [-0.805     -0.615      0.1293864]
2025-03-18 21:49:14 - root - INFO - MovingJ ur5e_2 from [ 1.44810357 -0.79420546  1.46515927  4.04464837 -1.57078189 -0.12273713] to [ 1.47489    -0.91448614  1.38588091  4.24814822 -1.57066931 -0.09601626]
2025-03-18 21:49:15 - root - INFO - Planning and moving to xyz facing down ur5e_2 from [ 1.46175592 -0.85166927  1.42573712  4.14901615 -1.57079575 -0.10906902] to [1.4623149731570804, -0.9625323592721843, 1.3344378554915213, 4.340483257371441, -1.5707963064611696, -0.10848135909215866] target: [-0.81615149 -0.6115764   0.27882168]
2025-03-18 21:49:15 - root - INFO - Planning and movingJ ur5e_2 from [ 1.46175592 -0.85166927  1.42573712  4.14901615 -1.57079575 -0.10906902] to [1.4623149731570804, -0.9625323592721843, 1.3344378554915213, 4.340483257371441, -1.5707963064611696, -0.10848135909215866]
2025-03-18 21:49:15 - root - INFO - MovingJ ur5e_2 from [ 1.46175592 -0.85166927  1.42573712  4.14901615 -1.57079575 -0.10906902] to [1.4623149731570804, -0.9625323592721843, 1.3344378554915213, 4.340483257371441, -1.5707963064611696, -0.10848135909215866]
2025-03-18 21:49:17 - root - WARNING - Movement for ur5e_2 timed out before reaching the target joints.
2025-03-18 21:49:17 - root - INFO - pick up block at (-0.995, -0.615) start_height 0.155
2025-03-18 21:49:17 - root - INFO - Planning and moving to xyz facing down ur5e_2 from [ 1.46230904 -0.95752448  1.33643301  4.34061412 -1.57079629 -0.10848867] to [1.7098815193128631, -0.7564447363686371, 1.3192358589840028, 4.149596665021513, -1.5707962188964169, 0.1390851822418087] target: [-0.995, -0.615, 0.155]
2025-03-18 21:49:17 - root - INFO - Planning and movingJ ur5e_2 from [ 1.46230904 -0.95752448  1.33643301  4.34061412 -1.57079629 -0.10848867] to [1.7098815193128631, -0.7564447363686371, 1.3192358589840028, 4.149596665021513, -1.5707962188964169, 0.1390851822418087]
2025-03-18 21:49:17 - root - INFO - MovingJ ur5e_2 from [ 1.46230904 -0.95752448  1.33643301  4.34061412 -1.57079629 -0.10848867] to [1.7098815193128631, -0.7564447363686371, 1.3192358589840028, 4.149596665021513, -1.5707962188964169, 0.1390851822418087]
2025-03-18 21:49:18 - root - INFO - MovingL ur5e_2 from [-0.97397703 -0.61171995  0.16461698] to [-0.995 -0.615  0.055]
2025-03-18 21:49:23 - root - WARNING - Linear movement for ur5e_2 completed, but target not reached within tolerance after 400 attempts
2025-03-18 21:49:23 - root - INFO - MovingJ ur5e_2 from [ 1.70995996 -0.6125088   1.33469168  3.9784302  -1.57084069  0.13908763] to [ 1.68110454 -0.77470709  1.32295432  4.17243875 -1.57078709  0.11019055]
2025-03-18 21:49:23 - root - INFO - Planning and moving to xyz facing down ur5e_2 from [ 1.6957929  -0.68998549  1.33549794  4.07580157 -1.57068002  0.12458376] to [1.6963434486660172, -0.8199255883329506, 1.2866549787691144, 4.245659370727924, -1.5707963068604032, 0.12554711700937604] target: [-0.98522453 -0.61246762  0.20680476]
2025-03-18 21:49:23 - root - INFO - Planning and movingJ ur5e_2 from [ 1.6957929  -0.68998549  1.33549794  4.07580157 -1.57068002  0.12458376] to [1.6963434486660172, -0.8199255883329506, 1.2866549787691144, 4.245659370727924, -1.5707963068604032, 0.12554711700937604]
2025-03-18 21:49:23 - root - INFO - MovingJ ur5e_2 from [ 1.6957929  -0.68998549  1.33549794  4.07580157 -1.57068002  0.12458376] to [1.6963434486660172, -0.8199255883329506, 1.2866549787691144, 4.245659370727924, -1.5707963068604032, 0.12554711700937604]
2025-03-18 21:49:25 - root - INFO - Planning and moving to xyz facing down ur5e_1 from [-1.54322709 -2.40352317 -1.78126638 -0.53123818  1.57266085 -3.11149045] to [-1.540454796835208, -2.3407627618759226, -1.7898107537289876, -0.5818149664490262, 1.5707963050639335, -3.1112511287282514] target: [-0.115, -0.615, 0.05]
2025-03-18 21:49:25 - root - INFO - Planning and movingJ ur5e_1 from [-1.54322709 -2.40352317 -1.78126638 -0.53123818  1.57266085 -3.11149045] to [-1.540454796835208, -2.3407627618759226, -1.7898107537289876, -0.5818149664490262, 1.5707963050639335, -3.1112511287282514]
2025-03-18 21:49:25 - root - INFO - MovingJ ur5e_1 from [-1.54322709 -2.40352317 -1.78126638 -0.53123818  1.57266085 -3.11149045] to [-1.540454796835208, -2.3407627618759226, -1.7898107537289876, -0.5818149664490262, 1.5707963050639335, -3.1112511287282514]
2025-03-18 21:49:26 - root - WARNING - Movement for ur5e_1 timed out before reaching the target joints.
2025-03-18 21:49:26 - root - INFO - Planning and moving to xyz facing down ur5e_2 from [ 1.69631013 -0.81791581  1.28608138  4.24259303 -1.57079554  0.12553843] to [0.8547670224162057, -0.6090656898398891, 0.392560199259263, 4.928892423531557, -1.5707961391810985, -0.7160293061593519] target: [-0.315, -0.615, 0.4]
2025-03-18 21:49:26 - root - INFO - Planning and movingJ ur5e_2 from [ 1.69631013 -0.81791581  1.28608138  4.24259303 -1.57079554  0.12553843] to [0.8547670224162057, -0.6090656898398891, 0.392560199259263, -1.3542928836480295, -1.5707961391810985, -0.7160293061593519]
2025-03-18 21:49:26 - root - INFO - MovingJ ur5e_2 from [ 1.69631013 -0.81791581  1.28608138  4.24259303 -1.57079554  0.12553843] to [0.8547670224162057, -0.6090656898398891, 0.392560199259263, -1.3542928836480295, -1.5707961391810985, -0.7160293061593519]
2025-03-18 21:49:35 - root - INFO - Planning and moving to xyz facing down ur5e_1 from [-1.54053211 -2.34727207 -1.79071229 -0.58102102  1.57084525 -3.11127043] to [-1.8495700427104689, -2.2710328851150354, -1.5536427451778965, -0.8877121630614953, 1.5707962071318473, -3.4203663151954538] target: [-0.315, -0.615, 0.15000000000000002]
2025-03-18 21:49:35 - root - INFO - Planning and movingJ ur5e_1 from [-1.54053211 -2.34727207 -1.79071229 -0.58102102  1.57084525 -3.11127043] to [-1.8495700427104689, -2.2710328851150354, -1.5536427451778965, -0.8877121630614953, 1.5707962071318473, -3.4203663151954538]
2025-03-18 21:49:35 - root - INFO - MovingJ ur5e_1 from [-1.54053211 -2.34727207 -1.79071229 -0.58102102  1.57084525 -3.11127043] to [-1.8495700427104689, -2.2710328851150354, -1.5536427451778965, -0.8877121630614953, 1.5707962071318473, -3.4203663151954538]
2025-03-18 21:49:38 - root - WARNING - Movement for ur5e_1 timed out before reaching the target joints.
2025-03-18 21:49:38 - root - INFO - MovingJ ur5e_1 from [-1.84943322 -2.27593585 -1.55527385 -0.98811809  1.57079614 -3.42022598] to [-1.84943322 -2.27593585 -1.55527385 -0.98811809  1.57079614 -3.42022598]
2025-03-18 21:49:38 - root - WARNING - Movement for ur5e_1 timed out before reaching the target joints.
2025-03-18 21:49:38 - root - INFO - MovingJ ur5e_1 from [-1.84943552 -2.27632725 -1.55538077 -0.89711067  1.5707961  -3.42022652] to [-1.84943322 -2.27593585 -1.55527385 -0.88811809 -1.57079651 -3.42022598]
