2025-03-18 19:20:14 - root - INFO - Logging setup complete for Hanoi_sim
2025-03-18 19:20:14 - root - INFO - pick up block at (-0.7, -0.6) start_height 0.15
2025-03-18 19:20:14 - root - INFO - Planning and moving to xyz facing down ur5e_2 from [-1.56417438e+00 -1.56694744e+00 -4.97276278e-04 -1.56588207e+00
  1.05265287e-05 -1.99549302e-06] to [-1.4693713548745506, -2.3507179185776357, 4.882173734167032, -0.9606585469719591, 1.570796251333244, 0.10142500682923933] target: [-0.7, -0.6, 0.15]
2025-03-18 19:20:14 - root - INFO - Planning and movingJ ur5e_2 from [-1.56417438e+00 -1.56694744e+00 -4.97276278e-04 -1.56588207e+00
  1.05265287e-05 -1.99549302e-06] to [-1.4693713548745506, -2.3507179185776357, -1.4010115730125543, -0.9606585469719591, 1.570796251333244, 0.10142500682923933]
2025-03-18 19:20:14 - root - INFO - MovingJ ur5e_2 from [-1.56417438e+00 -1.56694744e+00 -4.97276278e-04 -1.56588207e+00
  1.05265287e-05 -1.99549302e-06] to [-1.4693713548745506, -2.3507179185776357, -1.4010115730125543, -0.9606585469719591, 1.570796251333244, 0.10142500682923933]
2025-03-18 19:20:16 - root - INFO - MovingL ur5e_2 from [-0.69656206 -0.59323878  0.16553883] to [-0.7  -0.6   0.05]
2025-03-18 19:20:17 - root - INFO - MovingJ ur5e_2 from [-1.47026516 -2.50105393 -1.41748074 -0.8029309   1.57061731  0.10103486] to [-1.4710604  -2.34181986 -1.37695111 -0.97245277  1.54188255  0.09955587]
2025-03-18 19:20:18 - root - INFO - put down block at (-0.6, -0.6) start_height 0.11304859643544676
2025-03-18 19:20:18 - root - INFO - Planning and moving to xyz facing down ur5e_2 from [-1.47031592 -2.43887951 -1.40165606 -0.87542068  1.55841655  0.10103323] to [-1.6068160235302604, -2.432099959209015, -1.3563698711769763, -0.9239155486238025, 1.5707959707915025, -0.03601952338446017] target: [-0.6, -0.6, 0.11304859643544676]
2025-03-18 19:20:18 - root - INFO - Planning and movingJ ur5e_2 from [-1.47031592 -2.43887951 -1.40165606 -0.87542068  1.55841655  0.10103323] to [-1.6068160235302604, -2.432099959209015, -1.3563698711769763, -0.9239155486238025, 1.5707959707915025, -0.03601952338446017]
2025-03-18 19:20:18 - root - INFO - MovingJ ur5e_2 from [-1.47031592 -2.43887951 -1.40165606 -0.87542068  1.55841655  0.10103323] to [-1.6068160235302604, -2.432099959209015, -1.3563698711769763, -0.9239155486238025, 1.5707959707915025, -0.03601952338446017]
2025-03-18 19:20:19 - root - INFO - MovingL ur5e_2 from [-0.62083927 -0.59901593  0.10332339] to [-0.6       -0.6        0.0630486]
2025-03-18 19:20:20 - root - INFO - MovingJ ur5e_2 from [-1.60324232 -2.51778517 -1.36695277 -0.85280786  1.57057258 -0.03238352] to [-1.57803623 -2.44052721 -1.3673683  -0.91416996  1.56817624 -0.0070516 ]
2025-03-18 19:20:20 - root - INFO - pick up block at (-0.7, -0.7) start_height 0.15
2025-03-18 19:20:20 - root - INFO - Planning and moving to xyz facing down ur5e_2 from [-1.60324232 -2.51806227 -1.36702439 -0.85283445  1.57057258 -0.03238352] to [-1.453031981966247, -2.1664826999447584, -1.7498431726796106, -0.7960626140988973, 1.5707962750812694, 0.11776437173814272] target: [-0.7, -0.7, 0.15]
2025-03-18 19:20:20 - root - INFO - Planning and movingJ ur5e_2 from [-1.60324232 -2.51806227 -1.36702439 -0.85283445  1.57057258 -0.03238352] to [-1.453031981966247, -2.1664826999447584, -1.7498431726796106, -0.7960626140988973, 1.5707962750812694, 0.11776437173814272]
2025-03-18 19:20:20 - root - INFO - MovingJ ur5e_2 from [-1.60324232 -2.51806227 -1.36702439 -0.85283445  1.57057258 -0.03238352] to [-1.453031981966247, -2.1664826999447584, -1.7498431726796106, -0.7960626140988973, 1.5707962750812694, 0.11776437173814272]
2025-03-18 19:20:21 - root - INFO - MovingL ur5e_2 from [-0.69408649 -0.69208602  0.14088762] to [-0.7  -0.7   0.05]
2025-03-18 19:20:22 - root - INFO - MovingJ ur5e_2 from [-1.45375674 -2.34759213 -1.76490259 -0.60495664  1.57090427  0.11712497] to [-1.46388186 -2.19647658 -1.72338752 -0.80069829  1.57074089  0.10688491]
2025-03-18 19:20:23 - root - INFO - put down block at (-0.6, -0.6) start_height 0.18
2025-03-18 19:20:23 - root - INFO - Planning and moving to xyz facing down ur5e_2 from [-1.45378786 -2.27644089 -1.74524746 -0.7041471   1.57090535  0.11712414] to [-1.6068196238256744, -2.3425181120213177, -1.3258175275126831, -1.044052430472443, 1.5707962366344976, -0.03602326364496752] target: [-0.6, -0.6, 0.18]
2025-03-18 19:20:23 - root - INFO - Planning and movingJ ur5e_2 from [-1.45378786 -2.27644089 -1.74524746 -0.7041471   1.57090535  0.11712414] to [-1.6068196238256744, -2.3425181120213177, -1.3258175275126831, -1.044052430472443, 1.5707962366344976, -0.03602326364496752]
2025-03-18 19:20:23 - root - INFO - MovingJ ur5e_2 from [-1.45378786 -2.27644089 -1.74524746 -0.7041471   1.57090535  0.11712414] to [-1.6068196238256744, -2.3425181120213177, -1.3258175275126831, -1.044052430472443, 1.5707962366344976, -0.03602326364496752]
2025-03-18 19:20:24 - root - INFO - MovingL ur5e_2 from [-0.6074395  -0.60505207  0.16896753] to [-0.6        -0.6         0.06304572]
2025-03-18 19:20:25 - root - INFO - MovingJ ur5e_2 from [-1.60606909 -2.51472283 -1.36760066 -0.85510343  1.57079577 -0.03527637] to [-1.59687973 -2.34325968 -1.3548481  -1.02238246  1.57082002 -0.02602393]
2025-03-18 19:20:26 - root - INFO - pick up block at (-0.7, -0.8) start_height 0.15
2025-03-18 19:20:26 - root - INFO - Planning and moving to xyz facing down ur5e_2 from [-1.6060451  -2.44285504 -1.36891484 -0.93037749  1.57079578 -0.03527637] to [-1.430341137538436, -1.996943082347386, -2.054219818257894, -0.6612253679414213, 1.5707961690875, 0.1404554118902268] target: [-0.7, -0.8, 0.15]
2025-03-18 19:20:26 - root - INFO - Planning and movingJ ur5e_2 from [-1.6060451  -2.44285504 -1.36891484 -0.93037749  1.57079578 -0.03527637] to [-1.430341137538436, -1.996943082347386, -2.054219818257894, -0.6612253679414213, 1.5707961690875, 0.1404554118902268]
2025-03-18 19:20:26 - root - INFO - MovingJ ur5e_2 from [-1.6060451  -2.44285504 -1.36891484 -0.93037749  1.57079578 -0.03527637] to [-1.430341137538436, -1.996943082347386, -2.054219818257894, -0.6612253679414213, 1.5707961690875, 0.1404554118902268]
