2025-03-25 15:58:13 - root - INFO - Logging setup complete for Hanoi_sim
2025-03-25 15:58:13 - root - INFO - pick up block at (-0.995, -0.615) start_height 0.15
2025-03-25 15:58:13 - root - INFO - Planning and moving to xyz facing down ur5e_2 from [-1.56417438e+00 -1.56694744e+00 -4.97276278e-04 -1.56588207e+00
  1.05265287e-05 -1.99549302e-06] to [-1.074784326689167, -2.3916776192331586, 4.961486077892888, 5.2841738394441125, 1.570796264400971, 0.49601200660781364] target: [-0.995, -0.615, 0.15]
2025-03-25 15:58:13 - root - INFO - Planning and movingJ ur5e_2 from [-1.56417438e+00 -1.56694744e+00 -4.97276278e-04 -1.56588207e+00
  1.05265287e-05 -1.99549302e-06] to [-1.074784326689167, -2.3916776192331586, -1.3216992292866978, -0.9990114677354738, 1.570796264400971, 0.49601200660781364]
2025-03-25 15:58:13 - root - INFO - MovingJ ur5e_2 from [-1.56417438e+00 -1.56694744e+00 -4.97276278e-04 -1.56588207e+00
  1.05265287e-05 -1.99549302e-06] to [-1.074784326689167, -2.3916776192331586, -1.3216992292866978, -0.9990114677354738, 1.570796264400971, 0.49601200660781364]
2025-03-25 15:58:15 - root - INFO - MovingL ur5e_2 from [-0.98887572 -0.60635365  0.16574235] to [-0.995 -0.615  0.05 ]
2025-03-25 15:58:20 - root - WARNING - Linear movement for ur5e_2 completed, but target not reached within tolerance after 400 attempts
2025-03-25 15:58:20 - root - INFO - MovingJ ur5e_2 from [-1.07485342 -2.53799325 -1.33419131 -0.82909529  1.57083654  0.49601074] to [-1.0836637  -2.38223008 -1.29913655 -1.01009795  1.54188837  0.48687184]
2025-03-25 15:58:21 - root - INFO - Planning and moving to xyz facing down ur5e_2 from [-1.07483297 -2.47152811 -1.3194395  -0.91245484  1.55758213  0.49601073] to [-1.0771331724805309, -2.292061532910842, -1.2170630412130254, -1.203263731928692, 1.5707962682539673, 0.4936631635452914] target: [-0.99609051 -0.60930126  0.25081197]
2025-03-25 15:58:21 - root - INFO - Planning and movingJ ur5e_2 from [-1.07483297 -2.47152811 -1.3194395  -0.91245484  1.55758213  0.49601073] to [-1.0771331724805309, -2.292061532910842, -1.2170630412130254, -1.203263731928692, 1.5707962682539673, 0.4936631635452914]
2025-03-25 15:58:21 - root - INFO - MovingJ ur5e_2 from [-1.07483297 -2.47152811 -1.3194395  -0.91245484  1.55758213  0.49601073] to [-1.0771331724805309, -2.292061532910842, -1.2170630412130254, -1.203263731928692, 1.5707962682539673, 0.4936631635452914]
2025-03-25 15:58:23 - root - WARNING - Movement for ur5e_2 timed out before reaching the target joints.
2025-03-25 15:58:23 - root - INFO - put down block at (-0.805, -0.615) start_height 0.19
2025-03-25 15:58:23 - root - INFO - Planning and moving to xyz facing down ur5e_2 from [-1.07713145 -2.29708944 -1.21873208 -1.20349842  1.57078855  0.49366454] to [-1.3203531882476416, -2.2656603303725076, -1.4380161192960579, -1.0087116253146904, 1.5707962517538097, 0.2504431157051151] target: [-0.805, -0.615, 0.19]
2025-03-25 15:58:23 - root - INFO - Planning and movingJ ur5e_2 from [-1.07713145 -2.29708944 -1.21873208 -1.20349842  1.57078855  0.49366454] to [-1.3203531882476416, -2.2656603303725076, -1.4380161192960579, -1.0087116253146904, 1.5707962517538097, 0.2504431157051151]
2025-03-25 15:58:23 - root - INFO - MovingJ ur5e_2 from [-1.07713145 -2.29708944 -1.21873208 -1.20349842  1.57078855  0.49366454] to [-1.3203531882476416, -2.2656603303725076, -1.4380161192960579, -1.0087116253146904, 1.5707962517538097, 0.2504431157051151]
2025-03-25 15:58:24 - root - INFO - MovingL ur5e_2 from [-0.82798465 -0.61131919  0.19274013] to [-0.805      -0.615       0.12938653]
2025-03-25 15:58:25 - root - INFO - MovingJ ur5e_2 from [-1.31748201 -2.34815464 -1.46433763 -0.90258044  1.57082666  0.25332996] to [-1.29035172 -2.27406412 -1.41242066 -1.0329117   1.57093782  0.28029904]
2025-03-25 15:58:26 - root - INFO - Planning and moving to xyz facing down ur5e_2 from [-1.31116232 -2.33311646 -1.45249065 -0.93338317  1.57077363  0.2597263 ] to [-1.3117254288777171, -2.16200340587966, -1.320367054171999, -1.2300179184581843, 1.5707962754636389, 0.25907090796113724] target: [-0.81182089 -0.61294865  0.29435626]
2025-03-25 15:58:26 - root - INFO - Planning and movingJ ur5e_2 from [-1.31116232 -2.33311646 -1.45249065 -0.93338317  1.57077363  0.2597263 ] to [-1.3117254288777171, -2.16200340587966, -1.320367054171999, -1.2300179184581843, 1.5707962754636389, 0.25907090796113724]
2025-03-25 15:58:26 - root - INFO - MovingJ ur5e_2 from [-1.31116232 -2.33311646 -1.45249065 -0.93338317  1.57077363  0.2597263 ] to [-1.3117254288777171, -2.16200340587966, -1.320367054171999, -1.2300179184581843, 1.5707962754636389, 0.25907090796113724]
2025-03-25 15:58:28 - root - WARNING - Movement for ur5e_2 timed out before reaching the target joints.
2025-03-25 15:58:28 - root - INFO - pick up block at (-0.615, -0.615) start_height 0.15
2025-03-25 15:58:28 - root - INFO - Planning and moving to xyz facing down ur5e_2 from [-1.31172351 -2.166816   -1.32225979 -1.2303996   1.57079617  0.25907374] to [-1.586708014973021, -2.344946054010047, -1.4121464952433793, -0.9552948398767416, 1.5707961962694728, -0.01591170921845373] target: [-0.615, -0.615, 0.15]
2025-03-25 15:58:28 - root - INFO - Planning and movingJ ur5e_2 from [-1.31172351 -2.166816   -1.32225979 -1.2303996   1.57079617  0.25907374] to [-1.586708014973021, -2.344946054010047, -1.4121464952433793, -0.9552948398767416, 1.5707961962694728, -0.01591170921845373]
2025-03-25 15:58:28 - root - INFO - MovingJ ur5e_2 from [-1.31172351 -2.166816   -1.32225979 -1.2303996   1.57079617  0.25907374] to [-1.586708014973021, -2.344946054010047, -1.4121464952433793, -0.9552948398767416, 1.5707961962694728, -0.01591170921845373]
2025-03-25 15:58:29 - root - INFO - MovingL ur5e_2 from [-0.63555942 -0.6113459   0.16006623] to [-0.615 -0.615  0.05 ]
2025-03-25 15:58:34 - root - WARNING - Linear movement for ur5e_2 completed, but target not reached within tolerance after 400 attempts
2025-03-25 15:58:34 - root - INFO - MovingJ ur5e_2 from [-1.58680402 -2.49099455 -1.42150689 -0.77777093  1.57083318 -0.01590799] to [-1.55802964 -2.33139372 -1.40440088 -0.98466989  1.57078614  0.01289536]
2025-03-25 15:58:35 - root - INFO - Planning and moving to xyz facing down ur5e_2 from [-1.57182145e+00 -2.40957080e+00 -1.42226204e+00 -8.88187675e-01
  1.57063564e+00 -5.30753125e-04] to [-1.5723949433982054, -2.2208312322978516, -1.324814953077978, -1.1667422297378178, 1.5707962774692237, -0.0015986069759534821] target: [-0.62524834 -0.61250988  0.25670391]
2025-03-25 15:58:35 - root - INFO - Planning and movingJ ur5e_2 from [-1.57182145e+00 -2.40957080e+00 -1.42226204e+00 -8.88187675e-01
  1.57063564e+00 -5.30753125e-04] to [-1.5723949433982054, -2.2208312322978516, -1.324814953077978, -1.1667422297378178, 1.5707962774692237, -0.0015986069759534821]
2025-03-25 15:58:35 - root - INFO - MovingJ ur5e_2 from [-1.57182145e+00 -2.40957080e+00 -1.42226204e+00 -8.88187675e-01
  1.57063564e+00 -5.30753125e-04] to [-1.5723949433982054, -2.2208312322978516, -1.324814953077978, -1.1667422297378178, 1.5707962774692237, -0.0015986069759534821]
2025-03-25 15:58:37 - root - INFO - put down block at (-0.995, -0.615) start_height 0.11967112186487096
2025-03-25 15:58:37 - root - INFO - Planning and moving to xyz facing down ur5e_2 from [-1.57236229e+00 -2.22239750e+00 -1.32431185e+00 -1.16377900e+00
  1.57079335e+00 -1.59306312e-03] to [-1.0747846863509596, -2.433098137605429, -1.3333609142083798, -0.9459295603073429, 1.5707962918554383, 0.4960116476175165] target: [-0.995, -0.615, 0.11967112186487096]
2025-03-25 15:58:37 - root - INFO - Planning and movingJ ur5e_2 from [-1.57236229e+00 -2.22239750e+00 -1.32431185e+00 -1.16377900e+00
  1.57079335e+00 -1.59306312e-03] to [-1.0747846863509596, -2.433098137605429, -1.3333609142083798, -0.9459295603073429, 1.5707962918554383, 0.4960116476175165]
2025-03-25 15:58:37 - root - INFO - MovingJ ur5e_2 from [-1.57236229e+00 -2.22239750e+00 -1.32431185e+00 -1.16377900e+00
  1.57079335e+00 -1.59306312e-03] to [-1.0747846863509596, -2.433098137605429, -1.3333609142083798, -0.9459295603073429, 1.5707962918554383, 0.4960116476175165]
2025-03-25 15:58:38 - root - INFO - MovingL ur5e_2 from [-0.97426436 -0.60757392  0.12977737] to [-0.995      -0.615       0.06967112]
2025-03-25 15:58:40 - root - INFO - MovingJ ur5e_2 from [-1.07583837 -2.5127288  -1.33882346 -0.86412033  1.57065008  0.49522466] to [-1.10384562 -2.42019773 -1.33019722 -0.95375215  1.56797402  0.47208122]
2025-03-25 15:58:40 - root - INFO - Planning and moving to xyz facing down ur5e_2 from [-1.07583837 -2.51300712 -1.33889704 -0.86414711  1.57065008  0.49522466] to [-1.076392095526874, -2.312003273529465, -1.275499320393118, -1.1248858107205286, 1.570796275608601, 0.4944042402961104] target: [-0.9938482  -0.61462692  0.21692354]
2025-03-25 15:58:40 - root - INFO - Planning and movingJ ur5e_2 from [-1.07583837 -2.51300712 -1.33889704 -0.86414711  1.57065008  0.49522466] to [-1.076392095526874, -2.312003273529465, -1.275499320393118, -1.1248858107205286, 1.570796275608601, 0.4944042402961104]
2025-03-25 15:58:40 - root - INFO - MovingJ ur5e_2 from [-1.07583837 -2.51300712 -1.33889704 -0.86414711  1.57065008  0.49522466] to [-1.076392095526874, -2.312003273529465, -1.275499320393118, -1.1248858107205286, 1.570796275608601, 0.4944042402961104]
2025-03-25 15:58:42 - root - WARNING - Movement for ur5e_2 timed out before reaching the target joints.
2025-03-25 15:58:42 - root - INFO - pick up block at (-0.805, -0.615) start_height 0.22999999999999998
2025-03-25 15:58:42 - root - INFO - Planning and moving to xyz facing down ur5e_2 from [-1.07638959 -2.31741915 -1.27729654 -1.12521914  1.57079542  0.49440491] to [-1.3203532959310977, -2.2182251227835788, -1.4046698484697315, -1.0894932526184948, 1.5707962610080695, 0.25044302481319203] target: [-0.805, -0.615, 0.22999999999999998]
2025-03-25 15:58:42 - root - INFO - Planning and movingJ ur5e_2 from [-1.07638959 -2.31741915 -1.27729654 -1.12521914  1.57079542  0.49440491] to [-1.3203532959310977, -2.2182251227835788, -1.4046698484697315, -1.0894932526184948, 1.5707962610080695, 0.25044302481319203]
2025-03-25 15:58:42 - root - INFO - MovingJ ur5e_2 from [-1.07638959 -2.31741915 -1.27729654 -1.12521914  1.57079542  0.49440491] to [-1.3203532959310977, -2.2182251227835788, -1.4046698484697315, -1.0894932526184948, 1.5707962610080695, 0.25044302481319203]
2025-03-25 15:58:43 - root - INFO - MovingL ur5e_2 from [-0.82749095 -0.61244403  0.22377964] to [-0.805 -0.615  0.13 ]
2025-03-25 15:58:45 - root - INFO - MovingJ ur5e_2 from [-1.31911478 -2.34758606 -1.46612775 -0.89825587  1.57092889  0.25160697] to [-1.29056069 -2.2352043  -1.39066688 -1.09440662  1.57078635  0.2803899 ]
2025-03-25 15:58:45 - root - INFO - Planning and moving to xyz facing down ur5e_2 from [-1.30481925 -2.29561753 -1.42960382 -0.9971471   1.57091329  0.26605098] to [-1.3053613188196749, -2.143641652381291, -1.270498971665, -1.2982476882014469, 1.5707962709744954, 0.26543501803875696] target: [-0.81679216 -0.61178841  0.3241559 ]
2025-03-25 15:58:45 - root - INFO - Planning and movingJ ur5e_2 from [-1.30481925 -2.29561753 -1.42960382 -0.9971471   1.57091329  0.26605098] to [-1.3053613188196749, -2.143641652381291, -1.270498971665, -1.2982476882014469, 1.5707962709744954, 0.26543501803875696]
2025-03-25 15:58:45 - root - INFO - MovingJ ur5e_2 from [-1.30481925 -2.29561753 -1.42960382 -0.9971471   1.57091329  0.26605098] to [-1.3053613188196749, -2.143641652381291, -1.270498971665, -1.2982476882014469, 1.5707962709744954, 0.26543501803875696]
2025-03-25 15:58:48 - root - WARNING - Movement for ur5e_2 timed out before reaching the target joints.
2025-03-25 15:58:48 - root - INFO - put down block at (-0.995, -0.615) start_height 0.15
2025-03-25 15:58:48 - root - INFO - Planning and moving to xyz facing down ur5e_2 from [-1.30535869 -2.1481018  -1.27223974 -1.29849755  1.57079679  0.26543755] to [-1.0747830671583962, -2.3916670862972396, -1.3217229842239888, -0.998997043861506, 1.5707961733204534, 0.49601324349366505] target: [-0.995, -0.615, 0.15]
2025-03-25 15:58:48 - root - INFO - Planning and movingJ ur5e_2 from [-1.30535869 -2.1481018  -1.27223974 -1.29849755  1.57079679  0.26543755] to [-1.0747830671583962, -2.3916670862972396, -1.3217229842239888, -0.998997043861506, 1.5707961733204534, 0.49601324349366505]
2025-03-25 15:58:48 - root - INFO - MovingJ ur5e_2 from [-1.30535869 -2.1481018  -1.27223974 -1.29849755  1.57079679  0.26543755] to [-1.0747830671583962, -2.3916670862972396, -1.3217229842239888, -0.998997043861506, 1.5707961733204534, 0.49601324349366505]
2025-03-25 15:58:49 - root - INFO - MovingL ur5e_2 from [-0.97832079 -0.61135863  0.16230949] to [-0.995      -0.615       0.08978449]
2025-03-25 15:58:50 - root - INFO - MovingJ ur5e_2 from [-1.07695461 -2.47255611 -1.33670937 -0.90352708  1.57079333  0.49389519] to [-1.09700676 -2.37307166 -1.31838087 -1.02805634  1.57066863  0.47389976]
2025-03-25 15:58:50 - root - INFO - Planning and moving to xyz facing down ur5e_2 from [-1.07693514 -2.45514726 -1.33707264 -0.9282801   1.57078933  0.49389521] to [-1.0774705751581504, -2.273677907060212, -1.2403468101404644, -1.1983636341765878, 1.5707962722527016, 0.4933257607454897] target: [-0.99271727 -0.61504327  0.2541249 ]
2025-03-25 15:58:50 - root - INFO - Planning and movingJ ur5e_2 from [-1.07693514 -2.45514726 -1.33707264 -0.9282801   1.57078933  0.49389521] to [-1.0774705751581504, -2.273677907060212, -1.2403468101404644, -1.1983636341765878, 1.5707962722527016, 0.4933257607454897]
2025-03-25 15:58:50 - root - INFO - MovingJ ur5e_2 from [-1.07693514 -2.45514726 -1.33707264 -0.9282801   1.57078933  0.49389521] to [-1.0774705751581504, -2.273677907060212, -1.2403468101404644, -1.1983636341765878, 1.5707962722527016, 0.4933257607454897]
2025-03-25 15:58:53 - root - WARNING - Movement for ur5e_2 timed out before reaching the target joints.
2025-03-25 15:58:53 - root - INFO - pick up block at (-0.805, -0.615) start_height 0.19
2025-03-25 15:58:53 - root - INFO - Planning and moving to xyz facing down ur5e_2 from [-1.07746825 -2.27897299 -1.24221916 -1.19870315  1.57079623  0.49332892] to [-1.3203532252350467, -2.265660715970866, -1.4380152593188262, -1.0087121471876863, 1.5707962546420629, 0.2504430837661404] target: [-0.805, -0.615, 0.19]
2025-03-25 15:58:53 - root - INFO - Planning and movingJ ur5e_2 from [-1.07746825 -2.27897299 -1.24221916 -1.19870315  1.57079623  0.49332892] to [-1.3203532252350467, -2.265660715970866, -1.4380152593188262, -1.0087121471876863, 1.5707962546420629, 0.2504430837661404]
2025-03-25 15:58:53 - root - INFO - MovingJ ur5e_2 from [-1.07746825 -2.27897299 -1.24221916 -1.19870315  1.57079623  0.49332892] to [-1.3203532252350467, -2.265660715970866, -1.4380152593188262, -1.0087121471876863, 1.5707962546420629, 0.2504430837661404]
2025-03-25 15:58:54 - root - INFO - MovingL ur5e_2 from [-0.82746214 -0.61222712  0.19269076] to [-0.805 -0.615  0.09 ]
2025-03-25 15:58:59 - root - WARNING - Linear movement for ur5e_2 completed, but target not reached within tolerance after 400 attempts
2025-03-25 15:58:59 - root - INFO - MovingJ ur5e_2 from [-1.32041936 -2.40611865 -1.47315595 -0.81748921  1.57074755  0.25044313] to [-1.29068449 -2.27222764 -1.41560837 -1.03257507  1.57078668  0.28025787]
2025-03-25 15:58:59 - root - INFO - Planning and moving to xyz facing down ur5e_2 from [-1.30438717 -2.33786405 -1.44314753 -0.93462523  1.57069266  0.26662665] to [-1.3049593912281736, -2.1682874830954235, -1.309014726718009, -1.2350861550234926, 1.5707962743901254, 0.26583694558477794] target: [-0.8174259  -0.61054409  0.29473614]
2025-03-25 15:58:59 - root - INFO - Planning and movingJ ur5e_2 from [-1.30438717 -2.33786405 -1.44314753 -0.93462523  1.57069266  0.26662665] to [-1.3049593912281736, -2.1682874830954235, -1.309014726718009, -1.2350861550234926, 1.5707962743901254, 0.26583694558477794]
2025-03-25 15:58:59 - root - INFO - MovingJ ur5e_2 from [-1.30438717 -2.33786405 -1.44314753 -0.93462523  1.57069266  0.26662665] to [-1.3049593912281736, -2.1682874830954235, -1.309014726718009, -1.2350861550234926, 1.5707962743901254, 0.26583694558477794]
2025-03-25 15:59:02 - root - WARNING - Movement for ur5e_2 timed out before reaching the target joints.
2025-03-25 15:59:02 - root - INFO - put down block at (-0.615, -0.615) start_height 0.11977142924214036
2025-03-25 15:59:02 - root - INFO - Planning and moving to xyz facing down ur5e_2 from [-1.30495425 -2.1719363  -1.31011943 -1.23491358  1.57079606  0.26583735] to [-1.5867074171829878, -2.3880827563491627, -1.4235862480389632, -0.9007178322887645, 1.5707961543164306, -0.015911131303924863] target: [-0.615, -0.615, 0.11977142924214036]
2025-03-25 15:59:02 - root - INFO - Planning and movingJ ur5e_2 from [-1.30495425 -2.1719363  -1.31011943 -1.23491358  1.57079606  0.26583735] to [-1.5867074171829878, -2.3880827563491627, -1.4235862480389632, -0.9007178322887645, 1.5707961543164306, -0.015911131303924863]
2025-03-25 15:59:02 - root - INFO - MovingJ ur5e_2 from [-1.30495425 -2.1719363  -1.31011943 -1.23491358  1.57079606  0.26583735] to [-1.5867074171829878, -2.3880827563491627, -1.4235862480389632, -0.9007178322887645, 1.5707961543164306, -0.015911131303924863]
2025-03-25 15:59:03 - root - INFO - MovingL ur5e_2 from [-0.6341244  -0.6101861   0.13287682] to [-0.615      -0.615       0.06977143]
2025-03-25 15:59:04 - root - INFO - MovingJ ur5e_2 from [-1.58439617 -2.47273815 -1.4324944  -0.82547556  1.57086404 -0.01371735] to [-1.56013409 -2.37147124 -1.41349047 -0.93041863  1.57140769  0.00964051]
2025-03-25 15:59:05 - root - INFO - Planning and moving to xyz facing down ur5e_2 from [-1.58438457 -2.46976828 -1.4331963  -0.8315276   1.57086404 -0.01371735] to [-1.5849289275909477, -2.257131923275024, -1.379846796797351, -1.0754097727283827, 1.570796282770421, -0.014132591442479882] target: [-0.61631509 -0.61771406  0.21489387]
2025-03-25 15:59:05 - root - INFO - Planning and movingJ ur5e_2 from [-1.58438457 -2.46976828 -1.4331963  -0.8315276   1.57086404 -0.01371735] to [-1.5849289275909477, -2.257131923275024, -1.379846796797351, -1.0754097727283827, 1.570796282770421, -0.014132591442479882]
2025-03-25 15:59:05 - root - INFO - MovingJ ur5e_2 from [-1.58438457 -2.46976828 -1.4331963  -0.8315276   1.57086404 -0.01371735] to [-1.5849289275909477, -2.257131923275024, -1.379846796797351, -1.0754097727283827, 1.570796282770421, -0.014132591442479882]
2025-03-25 15:59:07 - root - WARNING - Movement for ur5e_2 timed out before reaching the target joints.
2025-03-25 15:59:07 - root - INFO - pick up block at (-0.995, -0.615) start_height 0.19
2025-03-25 15:59:07 - root - INFO - Planning and moving to xyz facing down ur5e_2 from [-1.58492602 -2.26235408 -1.38160774 -1.075698    1.57079676 -0.01412962] to [-1.074784747873395, -2.342018667062738, -1.297497667004979, -1.072872308902448, 1.5707962964506395, 0.49601158500278825] target: [-0.995, -0.615, 0.19]
2025-03-25 15:59:07 - root - INFO - Planning and movingJ ur5e_2 from [-1.58492602 -2.26235408 -1.38160774 -1.075698    1.57079676 -0.01412962] to [-1.074784747873395, -2.342018667062738, -1.297497667004979, -1.072872308902448, 1.5707962964506395, 0.49601158500278825]
2025-03-25 15:59:07 - root - INFO - MovingJ ur5e_2 from [-1.58492602 -2.26235408 -1.38160774 -1.075698    1.57079676 -0.01412962] to [-1.074784747873395, -2.342018667062738, -1.297497667004979, -1.072872308902448, 1.5707962964506395, 0.49601158500278825]
2025-03-25 15:59:08 - root - INFO - MovingL ur5e_2 from [-0.9730846  -0.61022861  0.18644418] to [-0.995 -0.615  0.09 ]
2025-03-25 15:59:13 - root - WARNING - Linear movement for ur5e_2 completed, but target not reached within tolerance after 400 attempts
2025-03-25 15:59:13 - root - INFO - MovingJ ur5e_2 from [-1.07482304 -2.47586854 -1.33514057 -0.89152919  1.57080829  0.49601112] to [-1.10403627 -2.34272307 -1.30405891 -1.07413637  1.57081048  0.46651723]
2025-03-25 15:59:14 - root - INFO - Planning and moving to xyz facing down ur5e_2 from [-1.08812909 -2.41960804 -1.32222572 -0.97559794  1.57082232  0.48250387] to [-1.0886584930209402, -2.255253620644758, -1.197018205349868, -1.2601164500323168, 1.5707962668524584, 0.48213784294253] target: [-0.98567385 -0.6106311   0.28195121]
2025-03-25 15:59:14 - root - INFO - Planning and movingJ ur5e_2 from [-1.08812909 -2.41960804 -1.32222572 -0.97559794  1.57082232  0.48250387] to [-1.0886584930209402, -2.255253620644758, -1.197018205349868, -1.2601164500323168, 1.5707962668524584, 0.48213784294253]
2025-03-25 15:59:14 - root - INFO - MovingJ ur5e_2 from [-1.08812909 -2.41960804 -1.32222572 -0.97559794  1.57082232  0.48250387] to [-1.0886584930209402, -2.255253620644758, -1.197018205349868, -1.2601164500323168, 1.5707962668524584, 0.48213784294253]
2025-03-25 15:59:16 - root - WARNING - Movement for ur5e_2 timed out before reaching the target joints.
2025-03-25 15:59:16 - root - INFO - put down block at (-0.615, -0.615) start_height 0.15
2025-03-25 15:59:16 - root - INFO - Planning and moving to xyz facing down ur5e_2 from [-1.08865559 -2.26017028 -1.19873684 -1.26034377  1.57079644  0.48213959] to [-1.58670928414166, -2.34495549320571, -1.4121248067259844, -0.9553082947337908, 1.5707962909382664, -0.015912952674757896] target: [-0.615, -0.615, 0.15]
2025-03-25 15:59:16 - root - INFO - Planning and movingJ ur5e_2 from [-1.08865559 -2.26017028 -1.19873684 -1.26034377  1.57079644  0.48213959] to [-1.58670928414166, -2.34495549320571, -1.4121248067259844, -0.9553082947337908, 1.5707962909382664, -0.015912952674757896]
2025-03-25 15:59:16 - root - INFO - MovingJ ur5e_2 from [-1.08865559 -2.26017028 -1.19873684 -1.26034377  1.57079644  0.48213959] to [-1.58670928414166, -2.34495549320571, -1.4121248067259844, -0.9553082947337908, 1.5707962909382664, -0.015912952674757896]
2025-03-25 15:59:17 - root - INFO - MovingL ur5e_2 from [-0.63613574 -0.60921873  0.15305784] to [-0.615      -0.615       0.08978449]
2025-03-25 15:59:19 - root - INFO - MovingJ ur5e_2 from [-1.58384815 -2.43112011 -1.42614564 -0.85684222  1.57081987 -0.01300668] to [-1.55729161 -2.34475682 -1.40089247 -0.97354076  1.57097091  0.01337813]
2025-03-25 15:59:19 - root - INFO - Planning and moving to xyz facing down ur5e_2 from [-1.57959545 -2.41895925 -1.42221043 -0.87585493  1.57075643 -0.00865064] to [-1.5801516399544988, -2.227486326907198, -1.328649461202739, -1.1562526302264724, 1.5707962775827682, -0.009355303531900009] target: [-0.61968141 -0.61296827  0.25120994]
2025-03-25 15:59:19 - root - INFO - Planning and movingJ ur5e_2 from [-1.57959545 -2.41895925 -1.42221043 -0.87585493  1.57075643 -0.00865064] to [-1.5801516399544988, -2.227486326907198, -1.328649461202739, -1.1562526302264724, 1.5707962775827682, -0.009355303531900009]
2025-03-25 15:59:19 - root - INFO - MovingJ ur5e_2 from [-1.57959545 -2.41895925 -1.42221043 -0.87585493  1.57075643 -0.00865064] to [-1.5801516399544988, -2.227486326907198, -1.328649461202739, -1.1562526302264724, 1.5707962775827682, -0.009355303531900009]
2025-03-25 15:59:22 - root - WARNING - Movement for ur5e_2 timed out before reaching the target joints.
2025-03-25 15:59:22 - root - INFO - pick up block at (-0.805, -0.615) start_height 0.15
2025-03-25 15:59:22 - root - INFO - Planning and moving to xyz facing down ur5e_2 from [-1.58014948 -2.23255771 -1.33048224 -1.15661024  1.57079607 -0.00935177] to [-1.3203529019031015, -2.3192512556170874, -1.461562694117014, -0.9315740786244532, 1.5707962419710342, 0.2504434521347279] target: [-0.805, -0.615, 0.15]
2025-03-25 15:59:22 - root - INFO - Planning and movingJ ur5e_2 from [-1.58014948 -2.23255771 -1.33048224 -1.15661024  1.57079607 -0.00935177] to [-1.3203529019031015, -2.3192512556170874, -1.461562694117014, -0.9315740786244532, 1.5707962419710342, 0.2504434521347279]
2025-03-25 15:59:22 - root - INFO - MovingJ ur5e_2 from [-1.58014948 -2.23255771 -1.33048224 -1.15661024  1.57079607 -0.00935177] to [-1.3203529019031015, -2.3192512556170874, -1.461562694117014, -0.9315740786244532, 1.5707962419710342, 0.2504434521347279]
2025-03-25 15:59:22 - root - INFO - MovingL ur5e_2 from [-0.78424227 -0.61212819  0.15640024] to [-0.805 -0.615  0.05 ]
2025-03-25 15:59:27 - root - WARNING - Linear movement for ur5e_2 completed, but target not reached within tolerance after 400 attempts
2025-03-25 15:59:28 - root - INFO - MovingJ ur5e_2 from [-1.3204424  -2.47001903 -1.47141627 -0.75080778  1.5708263   0.25044785] to [-1.349946   -2.31438339 -1.44814719 -0.95788038  1.57080548  0.22070218]
2025-03-25 15:59:28 - root - INFO - Planning and moving to xyz facing down ur5e_2 from [-1.33589865 -2.39101649 -1.47229826 -0.86144924  1.57096354  0.23457023] to [-1.3364368502966295, -2.1943847850416107, -1.3812007566459288, -1.1368029173215555, 1.5707962808365197, 0.23435948636209794] target: [-0.79350519 -0.61432644  0.25265986]
2025-03-25 15:59:28 - root - INFO - Planning and movingJ ur5e_2 from [-1.33589865 -2.39101649 -1.47229826 -0.86144924  1.57096354  0.23457023] to [-1.3364368502966295, -2.1943847850416107, -1.3812007566459288, -1.1368029173215555, 1.5707962808365197, 0.23435948636209794]
2025-03-25 15:59:28 - root - INFO - MovingJ ur5e_2 from [-1.33589865 -2.39101649 -1.47229826 -0.86144924  1.57096354  0.23457023] to [-1.3364368502966295, -2.1943847850416107, -1.3812007566459288, -1.1368029173215555, 1.5707962808365197, 0.23435948636209794]
2025-03-25 15:59:30 - root - INFO - put down block at (-0.995, -0.615) start_height 0.15
2025-03-25 15:59:30 - root - INFO - Planning and moving to xyz facing down ur5e_2 from [-1.3364161  -2.19738275 -1.38165833 -1.13516606  1.57080212  0.23436504] to [-1.0747836821024026, -2.391672009028808, -1.3217117866990369, -0.9990038963300277, 1.5707962170292467, 0.496012631985659] target: [-0.995, -0.615, 0.15]
2025-03-25 15:59:30 - root - INFO - Planning and movingJ ur5e_2 from [-1.3364161  -2.19738275 -1.38165833 -1.13516606  1.57080212  0.23436504] to [-1.0747836821024026, -2.391672009028808, -1.3217117866990369, -0.9990038963300277, 1.5707962170292467, 0.496012631985659]
2025-03-25 15:59:30 - root - INFO - MovingJ ur5e_2 from [-1.3364161  -2.19738275 -1.38165833 -1.13516606  1.57080212  0.23436504] to [-1.0747836821024026, -2.391672009028808, -1.3217117866990369, -0.9990038963300277, 1.5707962170292467, 0.496012631985659]
2025-03-25 15:59:31 - root - INFO - MovingL ur5e_2 from [-0.97277402 -0.6107807   0.16029054] to [-0.995      -0.615       0.08978449]
2025-03-25 15:59:33 - root - INFO - MovingJ ur5e_2 from [-1.07688174 -2.46931066 -1.33415684 -0.89690912  1.57077965  0.49441072] to [-1.10388596 -2.37281724 -1.32720724 -1.0118217   1.56940583  0.46945025]
2025-03-25 15:59:33 - root - INFO - Planning and moving to xyz facing down ur5e_2 from [-1.08026526 -2.45919086 -1.33463859 -0.9119855   1.57082984  0.4944139 ] to [-1.080793629147537, -2.2790522318020408, -1.2319218344253866, -1.2014142561742975, 1.5707962698338325, 0.49000270691649894] target: [-0.99136263 -0.6123569   0.25375904]
2025-03-25 15:59:33 - root - INFO - Planning and movingJ ur5e_2 from [-1.08026526 -2.45919086 -1.33463859 -0.9119855   1.57082984  0.4944139 ] to [-1.080793629147537, -2.2790522318020408, -1.2319218344253866, -1.2014142561742975, 1.5707962698338325, 0.49000270691649894]
2025-03-25 15:59:33 - root - INFO - MovingJ ur5e_2 from [-1.08026526 -2.45919086 -1.33463859 -0.9119855   1.57082984  0.4944139 ] to [-1.080793629147537, -2.2790522318020408, -1.2319218344253866, -1.2014142561742975, 1.5707962698338325, 0.49000270691649894]
2025-03-25 15:59:35 - root - WARNING - Movement for ur5e_2 timed out before reaching the target joints.
2025-03-25 15:59:35 - root - INFO - pick up block at (-0.615, -0.615) start_height 0.19
2025-03-25 15:59:35 - root - INFO - Planning and moving to xyz facing down ur5e_2 from [-1.08079175 -2.28433888 -1.2337836  -1.20178924  1.57079642  0.4900053 ] to [-1.5867093620713262, -2.292807829687922, -1.3884062330848739, -1.0311745755484187, 1.5707962964275293, -0.01591303313178663] target: [-0.615, -0.615, 0.19]
2025-03-25 15:59:35 - root - INFO - Planning and movingJ ur5e_2 from [-1.08079175 -2.28433888 -1.2337836  -1.20178924  1.57079642  0.4900053 ] to [-1.5867093620713262, -2.292807829687922, -1.3884062330848739, -1.0311745755484187, 1.5707962964275293, -0.01591303313178663]
2025-03-25 15:59:35 - root - INFO - MovingJ ur5e_2 from [-1.08079175 -2.28433888 -1.2337836  -1.20178924  1.57079642  0.4900053 ] to [-1.5867093620713262, -2.292807829687922, -1.3884062330848739, -1.0311745755484187, 1.5707962964275293, -0.01591303313178663]
2025-03-25 15:59:37 - root - INFO - MovingL ur5e_2 from [-0.6358211  -0.60986919  0.18881342] to [-0.615 -0.615  0.09 ]
2025-03-25 15:59:38 - root - INFO - MovingJ ur5e_2 from [-1.58599708 -2.43249441 -1.42633057 -0.84915076  1.57089711 -0.01526921] to [-1.557691   -2.29743344 -1.38113977 -1.04158918  1.5707811   0.01333718]
2025-03-25 15:59:39 - root - INFO - Planning and moving to xyz facing down ur5e_2 from [-1.57210220e+00 -2.37067651e+00 -1.40540902e+00 -9.44266271e-01
  1.57088405e+00 -1.19793869e-03] to [-1.5726394384716285, -2.199718991252814, -1.280475174977378, -1.2321941903473554, 1.5707962735252095, -0.0018431019999397688] target: [-0.62506899 -0.61042819  0.28597826]
2025-03-25 15:59:39 - root - INFO - Planning and movingJ ur5e_2 from [-1.57210220e+00 -2.37067651e+00 -1.40540902e+00 -9.44266271e-01
  1.57088405e+00 -1.19793869e-03] to [-1.5726394384716285, -2.199718991252814, -1.280475174977378, -1.2321941903473554, 1.5707962735252095, -0.0018431019999397688]
2025-03-25 15:59:39 - root - INFO - MovingJ ur5e_2 from [-1.57210220e+00 -2.37067651e+00 -1.40540902e+00 -9.44266271e-01
  1.57088405e+00 -1.19793869e-03] to [-1.5726394384716285, -2.199718991252814, -1.280475174977378, -1.2321941903473554, 1.5707962735252095, -0.0018431019999397688]
2025-03-25 15:59:41 - root - WARNING - Movement for ur5e_2 timed out before reaching the target joints.
2025-03-25 15:59:41 - root - INFO - put down block at (-0.805, -0.615) start_height 0.11966974752605601
2025-03-25 15:59:41 - root - INFO - Planning and moving to xyz facing down ur5e_2 from [-1.57263665e+00 -2.20439941e+00 -1.28217424e+00 -1.23243059e+00
  1.57079672e+00 -1.84017406e-03] to [-1.320352038798791, -2.3636424208501454, -1.472960565845229, -0.8757843285520831, 1.5707961823468604, 0.25044432762992863] target: [-0.805, -0.615, 0.11966974752605601]
2025-03-25 15:59:41 - root - INFO - Planning and movingJ ur5e_2 from [-1.57263665e+00 -2.20439941e+00 -1.28217424e+00 -1.23243059e+00
  1.57079672e+00 -1.84017406e-03] to [-1.320352038798791, -2.3636424208501454, -1.472960565845229, -0.8757843285520831, 1.5707961823468604, 0.25044432762992863]
2025-03-25 15:59:41 - root - INFO - MovingJ ur5e_2 from [-1.57263665e+00 -2.20439941e+00 -1.28217424e+00 -1.23243059e+00
  1.57079672e+00 -1.84017406e-03] to [-1.320352038798791, -2.3636424208501454, -1.472960565845229, -0.8757843285520831, 1.5707961823468604, 0.25044432762992863]
2025-03-25 15:59:42 - root - INFO - MovingL ur5e_2 from [-0.79048429 -0.61179891  0.12857524] to [-0.805      -0.615       0.06966975]
2025-03-25 15:59:44 - root - INFO - MovingJ ur5e_2 from [-1.32255746 -2.45049257 -1.48220413 -0.80215051  1.57078071  0.24822327] to [-1.34141369 -2.35512637 -1.45838483 -0.9057515   1.57067427  0.2294753 ]
2025-03-25 15:59:44 - root - INFO - Planning and moving to xyz facing down ur5e_2 from [-1.32254881 -2.44956515 -1.48279396 -0.80579596  1.57078071  0.24822327] to [-1.323115869341036, -2.2304896339096048, -1.4326771866630623, -1.049221702317231, 1.5707962850309771, 0.24768046706314384] target: [-0.80217756 -0.61822884  0.21297932]
2025-03-25 15:59:44 - root - INFO - Planning and movingJ ur5e_2 from [-1.32254881 -2.44956515 -1.48279396 -0.80579596  1.57078071  0.24822327] to [-1.323115869341036, -2.2304896339096048, -1.4326771866630623, -1.049221702317231, 1.5707962850309771, 0.24768046706314384]
2025-03-25 15:59:44 - root - INFO - MovingJ ur5e_2 from [-1.32254881 -2.44956515 -1.48279396 -0.80579596  1.57078071  0.24822327] to [-1.323115869341036, -2.2304896339096048, -1.4326771866630623, -1.049221702317231, 1.5707962850309771, 0.24768046706314384]
