2025-03-25 15:07:45 - root - INFO - Logging setup complete for Hanoi_sim
2025-03-25 15:07:45 - root - INFO - Planning and moving to xyz facing down ur5e_1 from [-1.56417438e+00 -1.56694744e+00 -4.97276278e-04 -1.56588207e+00
  1.05265287e-05 -1.99549302e-06] to [1.170740487177571, -0.8008343289850749, 1.7898175563588996, 3.723404951843602, -1.5707971645521879, 2.741536864112558] target: [-0.115, -0.615, 0.05]
2025-03-25 15:07:45 - root - INFO - Planning and movingJ ur5e_1 from [-1.56417438e+00 -1.56694744e+00 -4.97276278e-04 -1.56588207e+00
  1.05265287e-05 -1.99549302e-06] to [1.170740487177571, -0.8008343289850749, 1.7898175563588996, 3.723404951843602, -1.5707971645521879, 2.741536864112558]
2025-03-25 15:07:45 - root - INFO - MovingJ ur5e_1 from [-1.56417438e+00 -1.56694744e+00 -4.97276278e-04 -1.56588207e+00
  1.05265287e-05 -1.99549302e-06] to [1.170740487177571, -0.8008343289850749, 1.7898175563588996, 3.723404951843602, -1.5707971645521879, 2.741536864112558]
2025-03-25 15:08:01 - root - WARNING - Movement for ur5e_1 timed out before reaching the target joints.
2025-03-25 15:08:01 - root - INFO - pick up block at (-0.805, -0.615) start_height 0.29500000000000004
2025-03-25 15:08:01 - root - INFO - Planning and moving to xyz facing down ur5e_2 from [-1.56417434e+00 -1.56694666e+00 -4.97095821e-04 -1.56588194e+00
  1.04850672e-05 -1.99568861e-06] to [1.4460604989903338, -0.9859567572020193, 1.3290613484004676, 4.369282385490762, -1.5707967802866616, -0.12473575778396563] target: [-0.805, -0.615, 0.29500000000000004]
2025-03-25 15:08:01 - root - INFO - Planning and movingJ ur5e_2 from [-1.56417434e+00 -1.56694666e+00 -4.97095821e-04 -1.56588194e+00
  1.04850672e-05 -1.99568861e-06] to [1.4460604989903338, -0.9859567572020193, 1.3290613484004676, 4.369282385490762, -1.5707967802866616, -0.12473575778396563]
2025-03-25 15:08:01 - root - INFO - MovingJ ur5e_2 from [-1.56417434e+00 -1.56694666e+00 -4.97095821e-04 -1.56588194e+00
  1.04850672e-05 -1.99568861e-06] to [1.4460604989903338, -0.9859567572020193, 1.3290613484004676, 4.369282385490762, -1.5707967802866616, -0.12473575778396563]
2025-03-25 15:08:05 - root - INFO - MovingL ur5e_2 from [-0.79454668 -0.61018474  0.29886557] to [-0.805 -0.615  0.195]
2025-03-25 15:08:07 - root - INFO - MovingJ ur5e_2 from [ 1.44500116 -0.87724412  1.4310151   4.1764393  -1.57073097 -0.12567021] to [ 1.43117682 -0.98409159  1.32430045  4.34028425 -1.56295677 -0.12411378]
2025-03-25 15:08:07 - root - INFO - Planning and moving to xyz facing down ur5e_2 from [ 1.44501909 -0.91366093  1.39134007  4.24069777 -1.57073098 -0.12567021] to [1.4455879720786327, -1.0026823343415494, 1.2661258383328036, 4.448945206348196, -1.5707963032048542, -0.12520836056355236] target: [-0.8042411  -0.61164303  0.32868479]
2025-03-25 15:08:07 - root - INFO - Planning and movingJ ur5e_2 from [ 1.44501909 -0.91366093  1.39134007  4.24069777 -1.57073098 -0.12567021] to [1.4455879720786327, -1.0026823343415494, 1.2661258383328036, 4.448945206348196, -1.5707963032048542, -0.12520836056355236]
2025-03-25 15:08:07 - root - INFO - MovingJ ur5e_2 from [ 1.44501909 -0.91366093  1.39134007  4.24069777 -1.57073098 -0.12567021] to [1.4455879720786327, -1.0026823343415494, 1.2661258383328036, 4.448945206348196, -1.5707963032048542, -0.12520836056355236]
2025-03-25 15:08:09 - root - WARNING - Movement for ur5e_2 timed out before reaching the target joints.
2025-03-25 15:08:09 - root - INFO - put down block at (-0.995, -0.615) start_height 0.185
2025-03-25 15:08:09 - root - INFO - Planning and moving to xyz facing down ur5e_2 from [ 1.44558288 -0.99787686  1.26819453  4.44914413 -1.57079563 -0.12521306] to [1.7098810106793698, -0.7937033641064568, 1.301103048054184, 4.204987595557793, -1.570796181601545, 0.13908467775398642] target: [-0.995, -0.615, 0.185]
2025-03-25 15:08:09 - root - INFO - Planning and movingJ ur5e_2 from [ 1.44558288 -0.99787686  1.26819453  4.44914413 -1.57079563 -0.12521306] to [1.7098810106793698, -0.7937033641064568, 1.301103048054184, 4.204987595557793, -1.570796181601545, 0.13908467775398642]
2025-03-25 15:08:09 - root - INFO - MovingJ ur5e_2 from [ 1.44558288 -0.99787686  1.26819453  4.44914413 -1.57079563 -0.12521306] to [1.7098810106793698, -0.7937033641064568, 1.301103048054184, 4.204987595557793, -1.570796181601545, 0.13908467775398642]
2025-03-25 15:08:10 - root - INFO - MovingL ur5e_2 from [-0.97348239 -0.6109296   0.1962148 ] to [-0.995      -0.615       0.08978449]
