2025-03-18 20:18:42 - root - INFO - Logging setup complete for Hanoi_sim
2025-03-18 20:18:42 - root - INFO - pick up block at (-0.995, -0.615) start_height 0.155
2025-03-18 20:18:42 - root - INFO - Planning and moving to xyz facing down ur5e_2 from [-1.56417438e+00 -1.56694744e+00 -4.97276278e-04 -1.56588207e+00
  1.05265287e-05 -1.99549302e-06] to [-1.0747830414960546, -2.3851418657616534, -1.3192487797910906, 5.275188745282904, 1.5707961579229295, -5.787172026182013] target: [-0.995, -0.615, 0.155]
2025-03-18 20:18:42 - root - INFO - Planning and movingJ ur5e_2 from [-1.56417438e+00 -1.56694744e+00 -4.97276278e-04 -1.56588207e+00
  1.05265287e-05 -1.99549302e-06] to [-1.0747830414960546, -2.3851418657616534, -1.3192487797910906, -1.0079965618966824, 1.5707961579229295, 0.49601328099757325]
2025-03-18 20:18:42 - root - INFO - MovingJ ur5e_2 from [-1.56417438e+00 -1.56694744e+00 -4.97276278e-04 -1.56588207e+00
  1.05265287e-05 -1.99549302e-06] to [-1.0747830414960546, -2.3851418657616534, -1.3192487797910906, -1.0079965618966824, 1.5707961579229295, 0.49601328099757325]
2025-03-18 20:18:44 - root - INFO - MovingL ur5e_2 from [-0.98880785 -0.60611827  0.17226958] to [-0.995 -0.615  0.055]
2025-03-18 20:18:49 - root - WARNING - Linear movement for ur5e_2 completed, but target not reached within tolerance after 400 attempts
2025-03-18 20:18:49 - root - INFO - MovingJ ur5e_2 from [-1.07670575 -2.45438889 -1.25773125 -0.94768063  1.57176937  0.49457357] to [-1.08388163 -2.37430762 -1.29584806 -1.01827726  1.54181403  0.48686447]
2025-03-18 20:18:49 - root - INFO - put down block at (-0.805, -0.615) start_height 0.11934789618269899
2025-03-18 20:18:49 - root - INFO - Planning and moving to xyz facing down ur5e_2 from [-1.07671302 -2.45435303 -1.25722507 -0.94712974  1.57178364  0.49457204] to [-1.320353271358924, -2.364135715346199, -1.4730369996050536, -0.8752155392440395, 1.5707962715548696, 0.25044303473733726] target: [-0.805, -0.615, 0.11934789618269899]
2025-03-18 20:18:49 - root - INFO - Planning and movingJ ur5e_2 from [-1.07671302 -2.45435303 -1.25722507 -0.94712974  1.57178364  0.49457204] to [-1.320353271358924, -2.364135715346199, -1.4730369996050536, -0.8752155392440395, 1.5707962715548696, 0.25044303473733726]
2025-03-18 20:18:49 - root - INFO - MovingJ ur5e_2 from [-1.07671302 -2.45435303 -1.25722507 -0.94712974  1.57178364  0.49457204] to [-1.320353271358924, -2.364135715346199, -1.4730369996050536, -0.8752155392440395, 1.5707962715548696, 0.25044303473733726]
2025-03-18 20:18:50 - root - INFO - MovingL ur5e_2 from [-0.8276254  -0.60974137  0.11869295] to [-0.805     -0.615      0.0693479]
2025-03-18 20:18:51 - root - INFO - MovingJ ur5e_2 from [-1.31812575 -2.45201443 -1.48013747 -0.8011584   1.57055829  0.25381377] to [-1.29153878 -2.37809094 -1.44815532 -0.88318043  1.57156023  0.27900723]
2025-03-18 20:18:51 - root - INFO - pick up block at (-0.995, -0.615) start_height 0.115
2025-03-18 20:18:51 - root - INFO - Planning and moving to xyz facing down ur5e_2 from [-1.31814605 -2.4522549  -1.48019292 -0.80117265  1.57055296  0.25381476] to [-1.074784135395784, -2.439743929659708, -1.334660828006079, -0.9379833919009805, 1.570796255948267, 0.4960121893113727] target: [-0.995, -0.615, 0.115]
2025-03-18 20:18:51 - root - INFO - Planning and movingJ ur5e_2 from [-1.31814605 -2.4522549  -1.48019292 -0.80117265  1.57055296  0.25381476] to [-1.074784135395784, -2.439743929659708, -1.334660828006079, -0.9379833919009805, 1.570796255948267, 0.4960121893113727]
2025-03-18 20:18:51 - root - INFO - MovingJ ur5e_2 from [-1.31814605 -2.4522549  -1.48019292 -0.80117265  1.57055296  0.25381476] to [-1.074784135395784, -2.439743929659708, -1.334660828006079, -0.9379833919009805, 1.570796255948267, 0.4960121893113727]
2025-03-18 20:18:52 - root - INFO - MovingL ur5e_2 from [-0.97249297 -0.61227128  0.10662015] to [-0.995 -0.615  0.015]
