2025-03-18 19:31:29 - root - INFO - Logging setup complete for Hanoi_sim
2025-03-18 19:31:29 - root - INFO - pick up block at (-0.7, -0.7) start_height 0.3
2025-03-18 19:31:29 - root - INFO - Planning and moving to xyz facing down ur5e_2 from [-1.56417438e+00 -1.56694744e+00 -4.97276278e-04 -1.56588207e+00
  1.05265287e-05 -1.99549302e-06] to [1.2631231309197937, -1.1773227149846832, 1.6118233924279843, -2.0053024812568547, -1.5707890834542675, -0.307675037354034] target: [-0.7, -0.7, 0.3]
2025-03-18 19:31:29 - root - INFO - Planning and movingJ ur5e_2 from [-1.56417438e+00 -1.56694744e+00 -4.97276278e-04 -1.56588207e+00
  1.05265287e-05 -1.99549302e-06] to [1.2631231309197937, -1.1773227149846832, 1.6118233924279843, -2.0053024812568547, -1.5707890834542675, -0.307675037354034]
2025-03-18 19:31:29 - root - INFO - MovingJ ur5e_2 from [-1.56417438e+00 -1.56694744e+00 -4.97276278e-04 -1.56588207e+00
  1.05265287e-05 -1.99549302e-06] to [1.2631231309197937, -1.1773227149846832, 1.6118233924279843, -2.0053024812568547, -1.5707890834542675, -0.307675037354034]
2025-03-18 19:31:32 - root - INFO - MovingL ur5e_2 from [-0.68164466 -0.69829268  0.30665272] to [-0.7 -0.7  0.2]
2025-03-18 19:31:34 - root - INFO - MovingJ ur5e_2 from [ 1.26144328 -1.051081    1.71646735 -2.22056473 -1.57070785 -0.30917982] to [ 1.23326017 -1.17760638  1.59652209 -2.000043   -1.55412102 -0.30441126]
2025-03-18 19:31:34 - root - INFO - put down block at (-0.6, -0.6) start_height 0.11960910560942088
2025-03-18 19:31:34 - root - INFO - Planning and moving to xyz facing down ur5e_2 from [ 1.24550503 -1.1182247   1.65046198 -2.0950304  -1.57071005 -0.30917976] to [1.1752871746130833, -0.7189208847338107, 1.3545541283964628, -2.2064305199704646, -1.5707962341541666, -0.39550914742503823] target: [-0.6, -0.6, 0.11960910560942088]
2025-03-18 19:31:34 - root - INFO - Planning and movingJ ur5e_2 from [ 1.24550503 -1.1182247   1.65046198 -2.0950304  -1.57071005 -0.30917976] to [1.1752871746130833, -0.7189208847338107, 1.3545541283964628, -2.2064305199704646, -1.5707962341541666, -0.39550914742503823]
2025-03-18 19:31:34 - root - INFO - MovingJ ur5e_2 from [ 1.24550503 -1.1182247   1.65046198 -2.0950304  -1.57071005 -0.30917976] to [1.1752871746130833, -0.7189208847338107, 1.3545541283964628, -2.2064305199704646, -1.5707962341541666, -0.39550914742503823]
2025-03-18 19:31:35 - root - INFO - MovingL ur5e_2 from [-0.60760402 -0.60702234  0.12855194] to [-0.6        -0.6         0.06960911]
2025-03-18 19:31:37 - root - INFO - MovingJ ur5e_2 from [ 1.17527592 -0.63743204  1.36850655 -2.27817711 -1.57066043 -0.39481395] to [ 1.1812211  -0.74787126  1.38156582 -2.19634863 -1.57076977 -0.38812452]
2025-03-18 19:31:37 - root - INFO - pick up block at (-0.7, -0.7) start_height 0.25
2025-03-18 19:31:37 - root - INFO - Planning and moving to xyz facing down ur5e_2 from [ 1.17525408 -0.648531    1.36943769 -2.2670662  -1.57066017 -0.39481395] to [1.2631277170386788, -1.1214948295277232, 1.6726472543697057, -2.1219497748224883, -1.5707962116483463, -0.30766859231536625] target: [-0.7, -0.7, 0.25]
2025-03-18 19:31:37 - root - INFO - Planning and movingJ ur5e_2 from [ 1.17525408 -0.648531    1.36943769 -2.2670662  -1.57066017 -0.39481395] to [1.2631277170386788, -1.1214948295277232, 1.6726472543697057, -2.1219497748224883, -1.5707962116483463, -0.30766859231536625]
2025-03-18 19:31:37 - root - INFO - MovingJ ur5e_2 from [ 1.17525408 -0.648531    1.36943769 -2.2670662  -1.57066017 -0.39481395] to [1.2631277170386788, -1.1214948295277232, 1.6726472543697057, -2.1219497748224883, -1.5707962116483463, -0.30766859231536625]
