2025-03-18 19:01:41 - root - INFO - Logging setup complete for Hanoi_sim
2025-03-18 19:01:41 - root - INFO - pick up block at (-0.7, -0.6) start_height 0.15
2025-03-18 19:01:42 - root - INFO - Planning and moving to xyz facing down ur5e_2 from [-1.56417438e+00 -1.56694744e+00 -4.97276278e-04 -1.56588207e+00
  1.05265287e-05 -1.99549302e-06] to [1.30535716031834, -0.7908691502901879, 1.4010001278998279, -2.1809277530894415, -1.5707962710130734, -0.2654392085731176] target: [-0.7, -0.6, 0.15]
2025-03-18 19:01:42 - root - INFO - Planning and movingJ ur5e_2 from [-1.56417438e+00 -1.56694744e+00 -4.97276278e-04 -1.56588207e+00
  1.05265287e-05 -1.99549302e-06] to [1.30535716031834, -0.7908691502901879, 1.4010001278998279, -2.1809277530894415, -1.5707962710130734, -0.2654392085731176]
2025-03-18 19:01:42 - root - INFO - MovingJ ur5e_2 from [-1.56417438e+00 -1.56694744e+00 -4.97276278e-04 -1.56588207e+00
  1.05265287e-05 -1.99549302e-06] to [1.30535716031834, -0.7908691502901879, 1.4010001278998279, -2.1809277530894415, -1.5707962710130734, -0.2654392085731176]
2025-03-18 19:01:45 - root - INFO - MovingL ur5e_2 from [-0.67874626 -0.59825357  0.15681873] to [-0.7  -0.6   0.05]
2025-03-18 19:01:49 - root - WARNING - Linear movement for ur5e_2 completed, but target not reached within tolerance after 400 attempts
2025-03-18 19:01:50 - root - INFO - MovingJ ur5e_2 from [ 1.30544158 -0.64423992  1.41103592 -2.35725051 -1.57082272 -0.26544442] to [ 1.27545593 -0.79362406  1.38795183 -2.17385203 -1.55425962 -0.26264626]
2025-03-18 19:01:50 - root - INFO - put down block at (-0.6, -0.6) start_height 0.11978448916086544
2025-03-18 19:01:50 - root - INFO - Planning and moving to xyz facing down ur5e_2 from [ 1.29199207 -0.70881013  1.41184564 -2.27319912 -1.57067579 -0.26544818] to [1.1752848078343467, -0.7191901326665732, 1.3545439600818674, -2.2061530097262803, -1.5707960832324992, -0.3955114987346847] target: [-0.6, -0.6, 0.11978448916086544]
2025-03-18 19:01:50 - root - INFO - Planning and movingJ ur5e_2 from [ 1.29199207 -0.70881013  1.41184564 -2.27319912 -1.57067579 -0.26544818] to [1.1752848078343467, -0.7191901326665732, 1.3545439600818674, -2.2061530097262803, -1.5707960832324992, -0.3955114987346847]
2025-03-18 19:01:50 - root - INFO - MovingJ ur5e_2 from [ 1.29199207 -0.70881013  1.41184564 -2.27319912 -1.57067579 -0.26544818] to [1.1752848078343467, -0.7191901326665732, 1.3545439600818674, -2.2061530097262803, -1.5707960832324992, -0.3955114987346847]
2025-03-18 19:01:51 - root - INFO - MovingL ur5e_2 from [-0.62176443 -0.5987418   0.11228162] to [-0.6        -0.6         0.06978449]
2025-03-18 19:01:52 - root - INFO - MovingJ ur5e_2 from [ 1.17767348 -0.63789635  1.36310116 -2.28456845 -1.5706092  -0.39326569] to [ 1.20333702 -0.71432525  1.36780996 -2.22170162 -1.56989407 -0.3659904 ]
2025-03-18 19:01:52 - root - INFO - pick up block at (-0.7, -0.7) start_height 0.15
2025-03-18 19:01:52 - root - INFO - Planning and moving to xyz facing down ur5e_2 from [ 1.17767348 -0.63762028  1.36317385 -2.28454174 -1.57060921 -0.39326569] to [1.263128878933901, -0.97510909507954, 1.7498413154685002, -2.3455289255442353, -1.5707962836107656, -0.307667456312761] target: [-0.7, -0.7, 0.15]
2025-03-18 19:01:52 - root - INFO - Planning and movingJ ur5e_2 from [ 1.17767348 -0.63762028  1.36317385 -2.28454174 -1.57060921 -0.39326569] to [1.263128878933901, -0.97510909507954, 1.7498413154685002, -2.3455289255442353, -1.5707962836107656, -0.307667456312761]
2025-03-18 19:01:52 - root - INFO - MovingJ ur5e_2 from [ 1.17767348 -0.63762028  1.36317385 -2.28454174 -1.57060921 -0.39326569] to [1.263128878933901, -0.97510909507954, 1.7498413154685002, -2.3455289255442353, -1.5707962836107656, -0.307667456312761]
2025-03-18 19:01:53 - root - INFO - MovingL ur5e_2 from [-0.69322583 -0.69177752  0.14142457] to [-0.7  -0.7   0.05]
2025-03-18 19:01:58 - root - WARNING - Linear movement for ur5e_2 completed, but target not reached within tolerance after 400 attempts
2025-03-18 19:01:58 - root - INFO - MovingJ ur5e_2 from [ 1.26318408 -0.79322995  1.76224606 -2.55247094 -1.57081012 -0.30766675] to [ 1.25680595 -0.94533073  1.72220412 -2.34043263 -1.57074029 -0.31407443]
