2025-03-18 21:17:34 - root - INFO - Logging setup complete for Hanoi_sim
2025-03-18 21:17:35 - root - INFO - Planning and moving to xyz facing down ur5e_1 from [-1.56417438e+00 -1.56694744e+00 -4.97276278e-04 -1.56588207e+00
  1.05265287e-05 -1.99549302e-06] to [0.4807962919171634, -1.0424358426732523, 1.6996608403488707, 0.9135710161565473, 1.5707961775860713, -1.090000056830442] target: [-0.315, -0.315, 0.2]
2025-03-18 21:17:35 - root - INFO - Planning and movingJ ur5e_1 from [-1.56417438e+00 -1.56694744e+00 -4.97276278e-04 -1.56588207e+00
  1.05265287e-05 -1.99549302e-06] to [0.4807962919171634, -1.0424358426732523, 1.6996608403488707, 0.9135710161565473, 1.5707961775860713, -1.090000056830442]
2025-03-18 21:17:35 - root - INFO - MovingJ ur5e_1 from [-1.56417438e+00 -1.56694744e+00 -4.97276278e-04 -1.56588207e+00
  1.05265287e-05 -1.99549302e-06] to [0.4807962919171634, -1.0424358426732523, 1.6996608403488707, 0.9135710161565473, 1.5707961775860713, -1.090000056830442]
2025-03-18 21:17:44 - root - WARNING - Movement for ur5e_1 timed out before reaching the target joints.
2025-03-18 21:17:44 - root - INFO - pick up block at (-0.995, -0.615) start_height 0.275
2025-03-18 21:17:44 - root - INFO - Planning and moving to xyz facing down ur5e_2 from [-1.56417434e+00 -1.56694666e+00 -4.97095821e-04 -1.56588194e+00
  1.04850672e-05 -1.99568861e-06] to [-1.0747841487478758, -2.2575691020241853, -1.211694677260895, 5.040060988897859, 1.5707961963405723, -5.787173119913886] target: [-0.995, -0.615, 0.275]
2025-03-18 21:17:44 - root - INFO - Planning and movingJ ur5e_2 from [-1.56417434e+00 -1.56694666e+00 -4.97095821e-04 -1.56588194e+00
  1.04850672e-05 -1.99568861e-06] to [-1.0747841487478758, -2.2575691020241853, -1.211694677260895, -1.243124318281727, 1.5707961963405723, 0.4960121872657002]
2025-03-18 21:17:44 - root - INFO - MovingJ ur5e_2 from [-1.56417434e+00 -1.56694666e+00 -4.97095821e-04 -1.56588194e+00
  1.04850672e-05 -1.99568861e-06] to [-1.0747841487478758, -2.2575691020241853, -1.211694677260895, -1.243124318281727, 1.5707961963405723, 0.4960121872657002]
2025-03-18 21:17:46 - root - INFO - MovingL ur5e_2 from [-0.98750067 -0.60892456  0.28951907] to [-0.995 -0.615  0.175]
2025-03-18 21:17:48 - root - INFO - MovingJ ur5e_2 from [-1.07567731 -2.36344789 -1.30366223 -1.05949697  1.5706319   0.49509793] to [-1.08367926 -2.25020073 -1.19128464 -1.24970243  1.54188736  0.48687202]
2025-03-18 21:17:48 - root - INFO - Planning and moving to xyz facing down ur5e_2 from [-1.07566007 -2.31237994 -1.24985207 -1.15352847  1.55649528  0.49509793] to [-1.0781116468320555, -2.2333033129029016, -1.1180704359620612, -1.361014872703722, 1.5707962961752804, 0.4926846855749376] target: [-0.99461336 -0.61050896  0.32599766]
2025-03-18 21:17:48 - root - INFO - Planning and movingJ ur5e_2 from [-1.07566007 -2.31237994 -1.24985207 -1.15352847  1.55649528  0.49509793] to [-1.0781116468320555, -2.2333033129029016, -1.1180704359620612, -1.361014872703722, 1.5707962961752804, 0.4926846855749376]
2025-03-18 21:17:48 - root - INFO - MovingJ ur5e_2 from [-1.07566007 -2.31237994 -1.24985207 -1.15352847  1.55649528  0.49509793] to [-1.0781116468320555, -2.2333033129029016, -1.1180704359620612, -1.361014872703722, 1.5707962961752804, 0.4926846855749376]
2025-03-18 21:17:50 - root - WARNING - Movement for ur5e_2 timed out before reaching the target joints.
2025-03-18 21:17:50 - root - INFO - Planning and moving to xyz facing down ur5e_2 from [-1.07810725 -2.2382059  -1.11997389 -1.36107679  1.57077263  0.49268869] to [-1.9681894340038706, -2.532517394840717, -0.3925801700385319, -1.7872891267739968, 1.5707961176164287, -0.39739310607681794] target: [-0.315, -0.615, 0.4]
2025-03-18 21:17:50 - root - INFO - Planning and movingJ ur5e_2 from [-1.07810725 -2.2382059  -1.11997389 -1.36107679  1.57077263  0.49268869] to [-1.9681894340038706, -2.532517394840717, -0.3925801700385319, -1.7872891267739968, 1.5707961176164287, -0.39739310607681794]
2025-03-18 21:17:50 - root - INFO - MovingJ ur5e_2 from [-1.07810725 -2.2382059  -1.11997389 -1.36107679  1.57077263  0.49268869] to [-1.9681894340038706, -2.532517394840717, -0.3925801700385319, -1.7872891267739968, 1.5707961176164287, -0.39739310607681794]
2025-03-18 21:17:56 - root - WARNING - Movement for ur5e_2 timed out before reaching the target joints.
2025-03-18 21:17:56 - root - INFO - Planning and moving to xyz facing down ur5e_1 from [ 0.4808088  -1.01282138  1.70890125  0.9093722   1.57079622 -1.09000006] to [0.9028585246353921, -0.38365887742914434, 0.5934117757312932, 1.3610429125087484, 1.5707962474477901, -0.6679378073812954] target: [-0.315, -0.615, 0.15000000000000002]
2025-03-18 21:17:56 - root - INFO - Planning and movingJ ur5e_1 from [ 0.4808088  -1.01282138  1.70890125  0.9093722   1.57079622 -1.09000006] to [0.9028585246353921, -0.38365887742914434, 0.5934117757312932, 1.3610429125087484, 1.5707962474477901, -0.6679378073812954]
2025-03-18 21:17:56 - root - INFO - MovingJ ur5e_1 from [ 0.4808088  -1.01282138  1.70890125  0.9093722   1.57079622 -1.09000006] to [0.9028585246353921, -0.38365887742914434, 0.5934117757312932, 1.3610429125087484, 1.5707962474477901, -0.6679378073812954]
2025-03-18 21:18:02 - root - WARNING - Movement for ur5e_1 timed out before reaching the target joints.
2025-03-18 21:18:02 - root - INFO - MovingJ ur5e_1 from [ 0.9028585  -0.37730009  0.59496937  1.26049485  1.57079625 -0.66793783] to [ 0.9028585  -0.37730009  0.59496937  1.26049485  1.57079625 -0.66793783]
2025-03-18 21:18:02 - root - WARNING - Movement for ur5e_1 timed out before reaching the target joints.
2025-03-18 21:18:02 - root - INFO - MovingJ ur5e_1 from [ 0.902862   -0.3767784   0.59509515  1.35150167  1.57079625 -0.66793783] to [ 0.9028585  -0.37730009  0.59496937  1.36049485 -1.57079641 -0.66793783]
2025-03-18 21:18:13 - root - WARNING - Movement for ur5e_1 timed out before reaching the target joints.
2025-03-18 21:18:13 - root - INFO - Planning and moving to xyz facing down ur5e_2 from [-1.96819692 -2.53871912 -0.39434206 -1.78768146  1.57079653 -0.39739291] to [-1.9686712116347178, -2.509270996414397, -0.5288181470603295, -1.6742988532160787, 1.570796231139686, -0.39787491037531175] target: [-0.31415112 -0.61401131  0.36430131]
2025-03-18 21:18:13 - root - INFO - Planning and movingJ ur5e_2 from [-1.96819692 -2.53871912 -0.39434206 -1.78768146  1.57079653 -0.39739291] to [-1.9686712116347178, -2.509270996414397, -0.5288181470603295, -1.6742988532160787, 1.570796231139686, -0.39787491037531175]
2025-03-18 21:18:13 - root - INFO - MovingJ ur5e_2 from [-1.96819692 -2.53871912 -0.39434206 -1.78768146  1.57079653 -0.39739291] to [-1.9686712116347178, -2.509270996414397, -0.5288181470603295, -1.6742988532160787, 1.570796231139686, -0.39787491037531175]
2025-03-18 21:18:15 - root - WARNING - Movement for ur5e_2 timed out before reaching the target joints.
2025-03-18 21:18:15 - root - INFO - Planning and moving to xyz facing down ur5e_2 from [-1.96883228 -2.4900905  -0.51523824 -1.66569951  1.57084798 -0.39785585] to [-1.9693020391627276, -2.5568144630131084, -0.29791418659216606, -1.8576595467417718, 1.5707962529255275, -0.3985057111389975] target: [-0.3146239  -0.61648751  0.41818289]
2025-03-18 21:18:15 - root - INFO - Planning and movingJ ur5e_2 from [-1.96883228 -2.4900905  -0.51523824 -1.66569951  1.57084798 -0.39785585] to [-1.9693020391627276, -2.5568144630131084, -0.29791418659216606, -1.8576595467417718, 1.5707962529255275, -0.3985057111389975]
2025-03-18 21:18:15 - root - INFO - MovingJ ur5e_2 from [-1.96883228 -2.4900905  -0.51523824 -1.66569951  1.57084798 -0.39785585] to [-1.9693020391627276, -2.5568144630131084, -0.29791418659216606, -1.8576595467417718, 1.5707962529255275, -0.3985057111389975]
2025-03-18 21:18:17 - root - WARNING - Movement for ur5e_2 timed out before reaching the target joints.
2025-03-18 21:18:17 - root - INFO - MovingJ ur5e_1 from [ 0.90287931 -0.3670575   0.59806973  1.35765233 -1.57085738 -0.66793617] to [-0.3146239  -0.31648751  0.31818289]
