2025-03-18 19:23:45 - root - INFO - Logging setup complete for Hanoi_sim
2025-03-18 19:23:46 - root - INFO - pick up block at (-0.7, -0.6) start_height 0.15
2025-03-18 19:23:46 - root - INFO - Planning and moving to xyz facing down ur5e_2 from [-1.56417438e+00 -1.56694744e+00 -4.97276278e-04 -1.56588207e+00
  1.05265287e-05 -1.99549302e-06] to [1.305357405002183, -0.7908681140243514, 1.400997857039324, -2.1809264064714107, -1.5707962932660289, -0.26543893073141833] target: [-0.7, -0.6, 0.15]
2025-03-18 19:23:46 - root - INFO - Planning and movingJ ur5e_2 from [-1.56417438e+00 -1.56694744e+00 -4.97276278e-04 -1.56588207e+00
  1.05265287e-05 -1.99549302e-06] to [1.305357405002183, -0.7908681140243514, 1.400997857039324, -2.1809264064714107, -1.5707962932660289, -0.26543893073141833]
2025-03-18 19:23:46 - root - INFO - MovingJ ur5e_2 from [-1.56417438e+00 -1.56694744e+00 -4.97276278e-04 -1.56588207e+00
  1.05265287e-05 -1.99549302e-06] to [1.305357405002183, -0.7908681140243514, 1.400997857039324, -2.1809264064714107, -1.5707962932660289, -0.26543893073141833]
2025-03-18 19:23:49 - root - INFO - MovingL ur5e_2 from [-0.67874627 -0.59825301  0.1568188 ] to [-0.7  -0.6   0.05]
2025-03-18 19:23:53 - root - WARNING - Linear movement for ur5e_2 completed, but target not reached within tolerance after 400 attempts
2025-03-18 19:23:54 - root - INFO - MovingJ ur5e_2 from [ 1.30536415 -0.63947712  1.41324071 -2.3559518  -1.57075846 -0.26543918] to [ 1.27545618 -0.79362303  1.38794959 -2.1738507  -1.55425964 -0.26264599]
2025-03-18 19:23:54 - root - INFO - put down block at (-0.6, -0.6) start_height 0.11941217431514288
2025-03-18 19:23:54 - root - INFO - Planning and moving to xyz facing down ur5e_2 from [ 1.29169798 -0.70537074  1.40290817 -2.27209744 -1.57074657 -0.26543925] to [1.1752850115749638, -0.7186564338097274, 1.354648980461541, -2.206791636369514, -1.570796045925699, -0.3955112718528168] target: [-0.6, -0.6, 0.11941217431514288]
2025-03-18 19:23:54 - root - INFO - Planning and movingJ ur5e_2 from [ 1.29169798 -0.70537074  1.40290817 -2.27209744 -1.57074657 -0.26543925] to [1.1752850115749638, -0.7186564338097274, 1.354648980461541, -2.206791636369514, -1.570796045925699, -0.3955112718528168]
2025-03-18 19:23:54 - root - INFO - MovingJ ur5e_2 from [ 1.29169798 -0.70537074  1.40290817 -2.27209744 -1.57074657 -0.26543925] to [1.1752850115749638, -0.7186564338097274, 1.354648980461541, -2.206791636369514, -1.570796045925699, -0.3955112718528168]
2025-03-18 19:23:55 - root - INFO - MovingL ur5e_2 from [-0.62056336 -0.59892821  0.11013704] to [-0.6        -0.6         0.06941217]
2025-03-18 19:23:56 - root - INFO - MovingJ ur5e_2 from [ 1.17834255 -0.63394196  1.36660446 -2.28011242 -1.57077331 -0.39220025] to [ 1.2018217  -0.71094703  1.36688042 -2.22116978 -1.57067999 -0.36598765]
2025-03-18 19:23:56 - root - INFO - pick up block at (-0.7, -0.9) start_height 0.15
2025-03-18 19:23:56 - root - INFO - Planning and moving to xyz facing down ur5e_2 from [ 1.17834254 -0.63366575  1.3666767  -2.28008582 -1.57077331 -0.39220025] to [1.119344269803194, -1.31559309746272, 2.333540920816076, -2.5887439693203946, -1.570795913181722, -0.451452308418688] target: [-0.7, -0.9, 0.15]
2025-03-18 19:23:56 - root - INFO - Planning and movingJ ur5e_2 from [ 1.17834254 -0.63366575  1.3666767  -2.28008582 -1.57077331 -0.39220025] to [1.119344269803194, -1.31559309746272, 2.333540920816076, -2.5887439693203946, -1.570795913181722, -0.451452308418688]
2025-03-18 19:23:56 - root - INFO - MovingJ ur5e_2 from [ 1.17834254 -0.63366575  1.3666767  -2.28008582 -1.57077331 -0.39220025] to [1.119344269803194, -1.31559309746272, 2.333540920816076, -2.5887439693203946, -1.570795913181722, -0.451452308418688]
2025-03-18 19:23:57 - root - INFO - MovingL ur5e_2 from [-0.69605668 -0.89005711  0.14785961] to [-0.7  -0.9   0.05]
2025-03-18 19:23:59 - root - INFO - MovingJ ur5e_2 from [ 1.11940134 -1.01638224  2.35302819 -2.91268412 -1.57098537 -0.45141083] to [ 1.12121612 -1.29175565  2.30470816 -2.57866556 -1.57079203 -0.44962247]
2025-03-18 19:24:00 - root - INFO - put down block at (-0.6, -0.6) start_height 0.18
2025-03-18 19:24:00 - root - INFO - Planning and moving to xyz facing down ur5e_2 from [ 1.11946844 -1.20909418  2.31957557 -2.6741869  -1.57098846 -0.45141049] to [1.1752848310137813, -0.7990915715041048, 1.3258558167623145, -2.097563446747121, -1.5707960569442496, -0.3955116156932806] target: [-0.6, -0.6, 0.18]
2025-03-18 19:24:00 - root - INFO - Planning and movingJ ur5e_2 from [ 1.11946844 -1.20909418  2.31957557 -2.6741869  -1.57098846 -0.45141049] to [1.1752848310137813, -0.7990915715041048, 1.3258558167623145, -2.097563446747121, -1.5707960569442496, -0.3955116156932806]
2025-03-18 19:24:00 - root - INFO - MovingJ ur5e_2 from [ 1.11946844 -1.20909418  2.31957557 -2.6741869  -1.57098846 -0.45141049] to [1.1752848310137813, -0.7990915715041048, 1.3258558167623145, -2.097563446747121, -1.5707960569442496, -0.3955116156932806]
2025-03-18 19:24:02 - root - INFO - MovingL ur5e_2 from [-0.60166435 -0.60694532  0.1733987 ] to [-0.6        -0.6         0.08978449]
2025-03-18 19:24:03 - root - INFO - MovingJ ur5e_2 from [ 1.17513783 -0.66827215  1.36639265 -2.2439984  -1.57079682 -0.3956466 ] to [ 1.17372761 -0.80531882  1.35492149 -2.11289712 -1.57083174 -0.39704968]
