2025-03-18 20:19:49 - root - INFO - Logging setup complete for Hanoi_sim
2025-03-18 20:19:49 - root - INFO - pick up block at (-0.995, -0.615) start_height 0.3
2025-03-18 20:19:49 - root - INFO - Planning and moving to xyz facing down ur5e_2 from [-1.56417438e+00 -1.56694744e+00 -4.97276278e-04 -1.56588207e+00
  1.05265287e-05 -1.99549302e-06] to [-1.0747809709898912, -2.2387873013905586, 5.106081748935712, 4.986690846421413, 1.5707959605671367, -5.7871699313919684] target: [-0.995, -0.615, 0.3]
2025-03-18 20:19:49 - root - INFO - Planning and movingJ ur5e_2 from [-1.56417438e+00 -1.56694744e+00 -4.97276278e-04 -1.56588207e+00
  1.05265287e-05 -1.99549302e-06] to [-1.0747809709898912, -2.2387873013905586, -1.177103558243874, -1.296494460758173, 1.5707959605671367, 0.4960153757876178]
2025-03-18 20:19:49 - root - INFO - MovingJ ur5e_2 from [-1.56417438e+00 -1.56694744e+00 -4.97276278e-04 -1.56588207e+00
  1.05265287e-05 -1.99549302e-06] to [-1.0747809709898912, -2.2387873013905586, -1.177103558243874, -1.296494460758173, 1.5707959605671367, 0.4960153757876178]
2025-03-18 20:19:51 - root - INFO - MovingL ur5e_2 from [-0.98722228 -0.60945362  0.31420652] to [-0.995 -0.615  0.2  ]
2025-03-18 20:19:53 - root - INFO - MovingJ ur5e_2 from [-1.07571886 -2.33668665 -1.28578159 -1.10891453  1.57062139  0.49505989] to [-1.083677   -2.23170304 -1.15734841 -1.30208575  1.54188694  0.48687515]
2025-03-18 20:19:53 - root - INFO - put down block at (-0.805, -0.615) start_height 0.11960910132637965
2025-03-18 20:19:53 - root - INFO - Planning and moving to xyz facing down ur5e_2 from [-1.07573985 -2.29051731 -1.22432586 -1.20498802  1.55643437  0.49505989] to [-1.3203526621809039, -2.3637358615685664, -1.4729739820123782, -0.8756776824776327, 1.5707962217126203, 0.25044360860271936] target: [-0.805, -0.615, 0.11960910132637965]
2025-03-18 20:19:53 - root - INFO - Planning and movingJ ur5e_2 from [-1.07573985 -2.29051731 -1.22432586 -1.20498802  1.55643437  0.49505989] to [-1.3203526621809039, -2.3637358615685664, -1.4729739820123782, -0.8756776824776327, 1.5707962217126203, 0.25044360860271936]
2025-03-18 20:19:53 - root - INFO - MovingJ ur5e_2 from [-1.07573985 -2.29051731 -1.22432586 -1.20498802  1.55643437  0.49505989] to [-1.3203526621809039, -2.3637358615685664, -1.4729739820123782, -0.8756776824776327, 1.5707962217126203, 0.25044360860271936]
2025-03-18 20:19:54 - root - INFO - MovingL ur5e_2 from [-0.82094469 -0.61214799  0.12549761] to [-0.805     -0.615      0.0696091]
2025-03-18 20:19:56 - root - INFO - MovingJ ur5e_2 from [-1.31791266 -2.45103566 -1.48173175 -0.80361714  1.57072413  0.25291358] to [-1.29939644 -2.36266714 -1.45310219 -0.9046324   1.56954983  0.27153606]
2025-03-18 20:19:56 - root - INFO - pick up block at (-0.995, -0.615) start_height 0.3
2025-03-18 20:19:56 - root - INFO - Planning and moving to xyz facing down ur5e_2 from [-1.31790866 -2.45161461 -1.48181735 -0.80501798  1.57072413  0.25291358] to [-1.0747848513087477, -2.2388245421007316, -1.1770242126933643, -1.2965399551964283, 1.5707963041731006, 0.496011479589318] target: [-0.995, -0.615, 0.3]
2025-03-18 20:19:56 - root - INFO - Planning and movingJ ur5e_2 from [-1.31790866 -2.45161461 -1.48181735 -0.80501798  1.57072413  0.25291358] to [-1.0747848513087477, -2.2388245421007316, -1.1770242126933643, -1.2965399551964283, 1.5707963041731006, 0.496011479589318]
2025-03-18 20:19:56 - root - INFO - MovingJ ur5e_2 from [-1.31790866 -2.45161461 -1.48181735 -0.80501798  1.57072413  0.25291358] to [-1.0747848513087477, -2.2388245421007316, -1.1770242126933643, -1.2965399551964283, 1.5707963041731006, 0.496011479589318]
2025-03-18 20:19:57 - root - INFO - MovingL ur5e_2 from [-0.98463607 -0.61092599  0.2797588 ] to [-0.995 -0.615  0.2  ]
2025-03-18 20:19:58 - root - INFO - MovingJ ur5e_2 from [-1.07621249 -2.3365497  -1.28685972 -1.10816292  1.57079744  0.4945581 ] to [-1.08971349 -2.2569564  -1.19761038 -1.26664109  1.57078383  0.48097454]
2025-03-18 20:19:58 - root - INFO - put down block at (-0.615, -0.615) start_height 0.1196091013367402
2025-03-18 20:19:58 - root - INFO - Planning and moving to xyz facing down ur5e_2 from [-1.07622521 -2.31204798 -1.25509046 -1.16841443  1.57079744  0.4945581 ] to [-1.5867093173822158, -2.3883366073457237, -1.4236002536871626, -0.9004517662905596, 1.57079629262957, -0.015912986131683026] target: [-0.615, -0.615, 0.1196091013367402]
2025-03-18 20:19:58 - root - INFO - Planning and movingJ ur5e_2 from [-1.07622521 -2.31204798 -1.25509046 -1.16841443  1.57079744  0.4945581 ] to [-1.5867093173822158, -2.3883366073457237, -1.4236002536871626, -0.9004517662905596, 1.57079629262957, -0.015912986131683026]
2025-03-18 20:19:58 - root - INFO - MovingJ ur5e_2 from [-1.07622521 -2.31204798 -1.25509046 -1.16841443  1.57079744  0.4945581 ] to [-1.5867093173822158, -2.3883366073457237, -1.4236002536871626, -0.9004517662905596, 1.57079629262957, -0.015912986131683026]
2025-03-18 20:19:59 - root - INFO - MovingL ur5e_2 from [-0.63600219 -0.6099206   0.12066825] to [-0.615     -0.615      0.0696091]
