2025-03-18 20:20:03 - root - INFO - Logging setup complete for Hanoi_sim
2025-03-18 20:20:03 - root - INFO - pick up block at (-0.995, -0.615) start_height 0.28
2025-03-18 20:20:03 - root - INFO - Planning and moving to xyz facing down ur5e_2 from [-1.56417438e+00 -1.56694744e+00 -4.97276278e-04 -1.56588207e+00
  1.05265287e-05 -1.99549302e-06] to [1.7098823508123628, -0.888006479559451, 1.2051145488905386, -1.8879049261911298, -1.5707962660959909, 0.13908602088728794] target: [-0.995, -0.615, 0.28]
2025-03-18 20:20:03 - root - INFO - Planning and movingJ ur5e_2 from [-1.56417438e+00 -1.56694744e+00 -4.97276278e-04 -1.56588207e+00
  1.05265287e-05 -1.99549302e-06] to [1.7098823508123628, -0.888006479559451, 1.2051145488905386, -1.8879049261911298, -1.5707962660959909, 0.13908602088728794]
2025-03-18 20:20:03 - root - INFO - MovingJ ur5e_2 from [-1.56417438e+00 -1.56694744e+00 -4.97276278e-04 -1.56588207e+00
  1.05265287e-05 -1.99549302e-06] to [1.7098823508123628, -0.888006479559451, 1.2051145488905386, -1.8879049261911298, -1.5707962660959909, 0.13908602088728794]
2025-03-18 20:20:06 - root - INFO - MovingL ur5e_2 from [-0.97507273 -0.60688625  0.28481518] to [-0.995 -0.615  0.18 ]
2025-03-18 20:20:08 - root - INFO - MovingJ ur5e_2 from [ 1.70774042 -0.78208698  1.30214963 -2.07233375 -1.57068103  0.13715562] to [ 1.67990778 -0.8890623   1.19586345 -1.8843356  -1.55627087  0.1378002 ]
2025-03-18 20:20:08 - root - INFO - put down block at (-0.805, -0.615) start_height 0.11962100905223318
2025-03-18 20:20:08 - root - INFO - Planning and moving to xyz facing down ur5e_2 from [ 1.69472581 -0.82763191  1.25379691 -1.98378945 -1.57067134  0.13715557] to [1.446061068512047, -0.7778719148506371, 1.4729635087680966, -2.2658889227990926, -1.5707962347807587, -0.12473530279773691] target: [-0.805, -0.615, 0.11962100905223318]
2025-03-18 20:20:08 - root - INFO - Planning and movingJ ur5e_2 from [ 1.69472581 -0.82763191  1.25379691 -1.98378945 -1.57067134  0.13715557] to [1.446061068512047, -0.7778719148506371, 1.4729635087680966, -2.2658889227990926, -1.5707962347807587, -0.12473530279773691]
2025-03-18 20:20:08 - root - INFO - MovingJ ur5e_2 from [ 1.69472581 -0.82763191  1.25379691 -1.98378945 -1.57067134  0.13715557] to [1.446061068512047, -0.7778719148506371, 1.4729635087680966, -2.2658889227990926, -1.5707962347807587, -0.12473530279773691]
2025-03-18 20:20:09 - root - INFO - MovingL ur5e_2 from [-0.8229098  -0.61192815  0.125535  ] to [-0.805      -0.615       0.06962101]
2025-03-18 20:20:10 - root - INFO - MovingJ ur5e_2 from [ 1.44874075 -0.69013604  1.48145359 -2.33960892 -1.57077566 -0.12197472] to [ 1.47173009 -0.77822493  1.45168728 -2.23655375 -1.57061832 -0.09781553]
2025-03-18 20:20:11 - root - INFO - pick up block at (-0.995, -0.615) start_height 0.28
2025-03-18 20:20:11 - root - INFO - Planning and moving to xyz facing down ur5e_2 from [ 1.44873395 -0.69081724  1.48105611 -2.33597877 -1.57077566 -0.12197472] to [1.7098787295589712, -0.8880412324613836, 1.205189474691155, -1.8879484744893167, -1.5707960133479473, 0.1390824133705537] target: [-0.995, -0.615, 0.28]
2025-03-18 20:20:11 - root - INFO - Planning and movingJ ur5e_2 from [ 1.44873395 -0.69081724  1.48105611 -2.33597877 -1.57077566 -0.12197472] to [1.7098787295589712, -0.8880412324613836, 1.205189474691155, -1.8879484744893167, -1.5707960133479473, 0.1390824133705537]
2025-03-18 20:20:11 - root - INFO - MovingJ ur5e_2 from [ 1.44873395 -0.69081724  1.48105611 -2.33597877 -1.57077566 -0.12197472] to [1.7098787295589712, -0.8880412324613836, 1.205189474691155, -1.8879484744893167, -1.5707960133479473, 0.1390824133705537]
2025-03-18 20:20:12 - root - INFO - MovingL ur5e_2 from [-0.98269822 -0.61099204  0.26014562] to [-0.995 -0.615  0.18 ]
2025-03-18 20:20:13 - root - INFO - MovingJ ur5e_2 from [ 1.70827752 -0.78215505  1.30284595 -2.07225734 -1.57079455  0.13746585] to [ 1.69270998 -0.87001011  1.22518887 -1.91714156 -1.5707824   0.12177618]
2025-03-18 20:20:13 - root - INFO - put down block at (-0.615, -0.615) start_height 0.11962103605454379
2025-03-18 20:20:13 - root - INFO - Planning and moving to xyz facing down ur5e_2 from [ 1.70829124 -0.8097201   1.2754008  -2.01328805 -1.57079455  0.13746585] to [1.1865419013682805, -0.7532733768191383, 1.4235961720309236, -2.241119436282761, -1.5707962960788822, -0.3842544353164606] target: [-0.615, -0.615, 0.11962103605454379]
2025-03-18 20:20:13 - root - INFO - Planning and movingJ ur5e_2 from [ 1.70829124 -0.8097201   1.2754008  -2.01328805 -1.57079455  0.13746585] to [1.1865419013682805, -0.7532733768191383, 1.4235961720309236, -2.241119436282761, -1.5707962960788822, -0.3842544353164606]
2025-03-18 20:20:13 - root - INFO - MovingJ ur5e_2 from [ 1.70829124 -0.8097201   1.2754008  -2.01328805 -1.57079455  0.13746585] to [1.1865419013682805, -0.7532733768191383, 1.4235961720309236, -2.241119436282761, -1.5707962960788822, -0.3842544353164606]
2025-03-18 20:20:15 - root - INFO - MovingL ur5e_2 from [-0.63577482 -0.61020842  0.11950702] to [-0.615      -0.615       0.06962104]
2025-03-18 20:20:16 - root - INFO - MovingJ ur5e_2 from [ 1.18977713 -0.6664277   1.4339796  -2.31388439 -1.57080047 -0.38095146] to [ 1.21595051 -0.75107802  1.4167145  -2.22762184 -1.5708104  -0.35459812]
2025-03-18 20:20:16 - root - INFO - pick up block at (-0.805, -0.615) start_height 0.28
2025-03-18 20:20:16 - root - INFO - Planning and moving to xyz facing down ur5e_2 from [ 1.18977712 -0.66615853  1.43404978 -2.3138578  -1.57080047 -0.38095146] to [1.4460593234250485, -0.9732106113093822, 1.3489485465137911, -1.946537107023371, -1.5707960995506625, -0.12473693580701138] target: [-0.805, -0.615, 0.28]
2025-03-18 20:20:16 - root - INFO - Planning and movingJ ur5e_2 from [ 1.18977712 -0.66615853  1.43404978 -2.3138578  -1.57080047 -0.38095146] to [1.4460593234250485, -0.9732106113093822, 1.3489485465137911, -1.946537107023371, -1.5707960995506625, -0.12473693580701138]
2025-03-18 20:20:16 - root - INFO - MovingJ ur5e_2 from [ 1.18977712 -0.66615853  1.43404978 -2.3138578  -1.57080047 -0.38095146] to [1.4460593234250485, -0.9732106113093822, 1.3489485465137911, -1.946537107023371, -1.5707960995506625, -0.12473693580701138]
2025-03-18 20:20:17 - root - INFO - MovingL ur5e_2 from [-0.78961586 -0.61059203  0.25799652] to [-0.805 -0.615  0.18 ]
