2025-03-18 19:16:23 - root - INFO - Logging setup complete for Hanoi_sim
2025-03-18 19:16:23 - root - INFO - pick up block at (-0.7, -0.6) start_height 0.15
2025-03-18 19:16:23 - root - INFO - Planning and moving to xyz facing down ur5e_2 from [-1.56417438e+00 -1.56694744e+00 -4.97276278e-04 -1.56588207e+00
  1.05265287e-05 -1.99549302e-06] to [1.305356845649766, -0.7908720489681214, 1.4010061919486465, 4.1022541091867035, -1.570796254846468, -0.26543949625350677] target: [-0.7, -0.6, 0.15]
2025-03-18 19:16:23 - root - INFO - Planning and movingJ ur5e_2 from [-1.56417438e+00 -1.56694744e+00 -4.97276278e-04 -1.56588207e+00
  1.05265287e-05 -1.99549302e-06] to [1.305356845649766, -0.7908720489681214, 1.4010061919486465, 4.1022541091867035, -1.570796254846468, -0.26543949625350677]
2025-03-18 19:16:23 - root - INFO - MovingJ ur5e_2 from [-1.56417438e+00 -1.56694744e+00 -4.97276278e-04 -1.56588207e+00
  1.05265287e-05 -1.99549302e-06] to [1.305356845649766, -0.7908720489681214, 1.4010061919486465, 4.1022541091867035, -1.570796254846468, -0.26543949625350677]
2025-03-18 19:16:27 - root - INFO - MovingL ur5e_2 from [-0.68871943 -0.596308    0.15437018] to [-0.7  -0.6   0.05]
2025-03-18 19:16:28 - root - INFO - MovingJ ur5e_2 from [ 1.30495375 -0.64117924  1.4175696   3.94311735 -1.57052446 -0.26638793] to [ 1.29056957 -0.78955636  1.39537977  4.07332103 -1.5626038  -0.26405625]
2025-03-18 19:16:29 - root - INFO - put down block at (-0.6, -0.6) start_height 0.13
2025-03-18 19:16:29 - root - INFO - Planning and moving to xyz facing down ur5e_2 from [ 1.30494014 -0.6918703   1.4180476   3.99011442 -1.57052314 -0.26638829] to [1.1752881434937097, -0.733597469368198, 1.35120375618029, 4.094782483167455, -1.5707963066192439, -0.3955081893244179] target: [-0.6, -0.6, 0.13]
2025-03-18 19:16:29 - root - INFO - Planning and movingJ ur5e_2 from [ 1.30494014 -0.6918703   1.4180476   3.99011442 -1.57052314 -0.26638829] to [1.1752881434937097, -0.733597469368198, 1.35120375618029, 4.094782483167455, -1.5707963066192439, -0.3955081893244179]
2025-03-18 19:16:29 - root - INFO - MovingJ ur5e_2 from [ 1.30494014 -0.6918703   1.4180476   3.99011442 -1.57052314 -0.26638829] to [1.1752881434937097, -0.733597469368198, 1.35120375618029, 4.094782483167455, -1.5707963066192439, -0.3955081893244179]
2025-03-18 19:16:29 - root - INFO - MovingL ur5e_2 from [-0.62299825 -0.59795205  0.11968273] to [-0.6        -0.6        -0.73510776]
2025-03-18 19:16:34 - root - WARNING - Linear movement for ur5e_2 completed, but target not reached within tolerance after 400 attempts
2025-03-18 19:16:35 - root - INFO - MovingJ ur5e_2 from [ 1.19742813 -0.39642657  0.90605553  4.15439759 -1.56935582 -0.37295935] to [ 1.20517256 -0.72410212  1.36456002  4.07252538 -1.56898414 -0.36901529]
2025-03-18 19:16:36 - root - INFO - pick up block at (-0.7, -1) start_height 0.15
2025-03-18 19:16:36 - root - INFO - Planning and moving to xyz facing down ur5e_2 from [ 1.198097   -0.64684784  1.26566691  4.09087986 -1.56931955 -0.37259421] to [0.9812379589284258, -1.512676390252709, 2.59772019012235, 3.6273422121968806, -1.570796166139499, -0.5895580566889855] target: [-0.7, -1, 0.15]
2025-03-18 19:16:36 - root - INFO - Planning and movingJ ur5e_2 from [ 1.198097   -0.64684784  1.26566691  4.09087986 -1.56931955 -0.37259421] to [0.9812379589284258, -1.512676390252709, 2.59772019012235, 3.6273422121968806, -1.570796166139499, -0.5895580566889855]
2025-03-18 19:16:36 - root - INFO - MovingJ ur5e_2 from [ 1.198097   -0.64684784  1.26566691  4.09087986 -1.56931955 -0.37259421] to [0.9812379589284258, -1.512676390252709, 2.59772019012235, 3.6273422121968806, -1.570796166139499, -0.5895580566889855]
2025-03-18 19:16:37 - root - INFO - MovingL ur5e_2 from [-0.69522789 -0.9898989   0.15054145] to [-0.7  -1.    0.05]
