2025-03-18 20:12:46 - root - INFO - Logging setup complete for Hanoi_sim
2025-03-18 20:12:46 - root - INFO - pick up block at (-0.995, -0.615) start_height 0.034999999999999996
2025-03-18 20:12:46 - root - INFO - Planning and moving to xyz facing down ur5e_2 from [-1.56417438e+00 -1.56694744e+00 -4.97276278e-04 -1.56588207e+00
  1.05265287e-05 -1.99549302e-06] to [1.7098826489655239, -0.5777291526549696, -4.9473472975242005, 3.954279898220853, -1.5707963017723323, -6.144098986168537] target: [-0.995, -0.615, 0.034999999999999996]
2025-03-18 20:12:46 - root - INFO - Planning and movingJ ur5e_2 from [-1.56417438e+00 -1.56694744e+00 -4.97276278e-04 -1.56588207e+00
  1.05265287e-05 -1.99549302e-06] to [1.7098826489655239, -0.5777291526549696, 1.3358380096553857, 3.954279898220853, -1.5707963017723323, 0.13908632101104956]
2025-03-18 20:12:46 - root - INFO - MovingJ ur5e_2 from [-1.56417438e+00 -1.56694744e+00 -4.97276278e-04 -1.56588207e+00
  1.05265287e-05 -1.99549302e-06] to [1.7098826489655239, -0.5777291526549696, 1.3358380096553857, 3.954279898220853, -1.5707963017723323, 0.13908632101104956]
2025-03-18 20:12:53 - root - WARNING - Movement for ur5e_2 timed out before reaching the target joints.
2025-03-18 20:12:53 - root - INFO - MovingL ur5e_2 from [-0.99625948 -0.5965961   0.08656299] to [-0.995 -0.615 -0.065]
2025-03-18 20:12:58 - root - WARNING - Linear movement for ur5e_2 completed, but target not reached within tolerance after 400 attempts
2025-03-18 20:12:58 - root - INFO - MovingJ ur5e_2 from [ 1.70843396 -0.58108717  1.15724242  4.08768081 -1.5681753   0.1376976 ] to [ 1.7077436  -0.62753848  1.30687255  3.92929973 -1.5675879   0.13946074]
2025-03-18 20:12:59 - root - INFO - put down block at (-0.615, -0.615) start_height 0.11928251279038045
2025-03-18 20:12:59 - root - INFO - Planning and moving to xyz facing down ur5e_2 from [ 1.70804623 -0.60145307  1.20926642  4.02368938 -1.567455    0.13795371] to [1.1865418883413212, -0.7527730540410258, 1.4236925448527766, 4.041469174071909, -1.5707962929074937, -0.38425444908432493] target: [-0.615, -0.615, 0.11928251279038045]
2025-03-18 20:12:59 - root - INFO - Planning and movingJ ur5e_2 from [ 1.70804623 -0.60145307  1.20926642  4.02368938 -1.567455    0.13795371] to [1.1865418883413212, -0.7527730540410258, 1.4236925448527766, 4.041469174071909, -1.5707962929074937, -0.38425444908432493]
2025-03-18 20:12:59 - root - INFO - MovingJ ur5e_2 from [ 1.70804623 -0.60145307  1.20926642  4.02368938 -1.567455    0.13795371] to [1.1865418883413212, -0.7527730540410258, 1.4236925448527766, 4.041469174071909, -1.5707962929074937, -0.38425444908432493]
2025-03-18 20:13:00 - root - INFO - MovingL ur5e_2 from [-0.63514421 -0.60822792  0.11366762] to [-0.615      -0.615       0.06928251]
2025-03-18 20:13:01 - root - INFO - MovingJ ur5e_2 from [ 1.19002102 -0.66516386  1.43314419  3.96844701 -1.57073732 -0.38070072] to [ 1.21596314 -0.73880752  1.41293525  4.04097529 -1.56992969 -0.35456757]
2025-03-18 20:13:01 - root - INFO - pick up block at (-0.995, -0.615) start_height 0.07500000000000001
2025-03-18 20:13:01 - root - INFO - Planning and moving to xyz facing down ur5e_2 from [ 1.19002101 -0.66489452  1.43321434  3.96847361 -1.57073732 -0.38070072] to [1.7098825923421006, -0.6421067424530045, 1.3401761753827743, 4.014319275980324, -1.5707962995242017, 0.1390862617305995] target: [-0.995, -0.615, 0.07500000000000001]
2025-03-18 20:13:01 - root - INFO - Planning and movingJ ur5e_2 from [ 1.19002101 -0.66489452  1.43321434  3.96847361 -1.57073732 -0.38070072] to [1.7098825923421006, -0.6421067424530045, 1.3401761753827743, 4.014319275980324, -1.5707962995242017, 0.1390862617305995]
2025-03-18 20:13:01 - root - INFO - MovingJ ur5e_2 from [ 1.19002101 -0.66489452  1.43321434  3.96847361 -1.57073732 -0.38070072] to [1.7098825923421006, -0.6421067424530045, 1.3401761753827743, 4.014319275980324, -1.5707962995242017, 0.1390862617305995]
2025-03-18 20:13:02 - root - INFO - MovingL ur5e_2 from [-0.97365125 -0.61082643  0.06968002] to [-0.995 -0.615 -0.025]
2025-03-18 20:13:06 - root - WARNING - Linear movement for ur5e_2 completed, but target not reached within tolerance after 400 attempts
2025-03-18 20:13:07 - root - INFO - MovingJ ur5e_2 from [ 1.70594476 -0.5613893   1.23284915  3.9994273  -1.5710988   0.13550621] to [ 1.68060883 -0.63801317  1.34646389  4.01217317 -1.57135138  0.11105051]
2025-03-18 20:13:07 - root - INFO - put down block at (-0.805, -0.615) start_height 0.1194778863339103
2025-03-18 20:13:07 - root - INFO - Planning and moving to xyz facing down ur5e_2 from [ 1.7027288  -0.56921855  1.24756084  3.99852531 -1.57101166  0.13550319] to [1.4460611785840372, -0.7776547577319687, 1.4730020538578554, 4.01704089771192, -1.5707962285611434, -0.12473519524106297] target: [-0.805, -0.615, 0.1194778863339103]
2025-03-18 20:13:07 - root - INFO - Planning and movingJ ur5e_2 from [ 1.7027288  -0.56921855  1.24756084  3.99852531 -1.57101166  0.13550319] to [1.4460611785840372, -0.7776547577319687, 1.4730020538578554, 4.01704089771192, -1.5707962285611434, -0.12473519524106297]
2025-03-18 20:13:07 - root - INFO - MovingJ ur5e_2 from [ 1.7027288  -0.56921855  1.24756084  3.99852531 -1.57101166  0.13550319] to [1.4460611785840372, -0.7776547577319687, 1.4730020538578554, 4.01704089771192, -1.5707962285611434, -0.12473519524106297]
2025-03-18 20:13:08 - root - INFO - MovingL ur5e_2 from [-0.82482044 -0.60968505  0.1090084 ] to [-0.805      -0.615       0.06947789]
2025-03-18 20:13:09 - root - INFO - MovingJ ur5e_2 from [ 1.44976822 -0.68772917  1.48032484  3.94334238 -1.57080633 -0.12092762] to [ 1.47475289 -0.74905967  1.44902102  4.01545497 -1.57086745 -0.09550763]
2025-03-18 20:13:09 - root - INFO - pick up block at (-0.615, -0.615) start_height 0.034999999999999996
2025-03-18 20:13:09 - root - INFO - Planning and moving to xyz facing down ur5e_2 from [ 1.44976822 -0.68746489  1.48039349  3.94336898 -1.57080633 -0.12092762] to [1.18654141759175, -0.6175637617178991, 1.4260260245191259, 3.903926080584787, -1.5707962672633318, -0.3842549166807694] target: [-0.615, -0.615, 0.034999999999999996]
2025-03-18 20:13:09 - root - INFO - Planning and movingJ ur5e_2 from [ 1.44976822 -0.68746489  1.48039349  3.94336898 -1.57080633 -0.12092762] to [1.18654141759175, -0.6175637617178991, 1.4260260245191259, 3.903926080584787, -1.5707962672633318, -0.3842549166807694]
2025-03-18 20:13:09 - root - INFO - MovingJ ur5e_2 from [ 1.44976822 -0.68746489  1.48039349  3.94336898 -1.57080633 -0.12092762] to [1.18654141759175, -0.6175637617178991, 1.4260260245191259, 3.903926080584787, -1.5707962672633318, -0.3842549166807694]
2025-03-18 20:13:10 - root - INFO - MovingL ur5e_2 from [-0.6371261  -0.61389337  0.03347434] to [-0.615 -0.615 -0.065]
2025-03-18 20:13:14 - root - WARNING - Linear movement for ur5e_2 completed, but target not reached within tolerance after 400 attempts
2025-03-18 20:13:14 - root - INFO - MovingJ ur5e_2 from [ 1.20087599 -0.53393308  1.30408815  3.90223574 -1.5692405  -0.37226037] to [ 1.21593175 -0.61996897  1.43348106  3.90888589 -1.57080875 -0.35468235]
2025-03-18 20:13:15 - root - INFO - put down block at (-0.805, -0.615) start_height 0.11961911139736188
2025-03-18 20:13:15 - root - INFO - Planning and moving to xyz facing down ur5e_2 from [ 1.20091435 -0.55077758  1.33696599  3.90215355 -1.56913899 -0.37222726] to [1.446061366643235, -0.7778694752091644, 1.472963778256418, 4.017293811713867, -1.5707962531026336, -0.12473493403282208] target: [-0.805, -0.615, 0.11961911139736188]
2025-03-18 20:13:15 - root - INFO - Planning and movingJ ur5e_2 from [ 1.20091435 -0.55077758  1.33696599  3.90215355 -1.56913899 -0.37222726] to [1.446061366643235, -0.7778694752091644, 1.472963778256418, 4.017293811713867, -1.5707962531026336, -0.12473493403282208]
2025-03-18 20:13:15 - root - INFO - MovingJ ur5e_2 from [ 1.20091435 -0.55077758  1.33696599  3.90215355 -1.56913899 -0.37222726] to [1.446061366643235, -0.7778694752091644, 1.472963778256418, 4.017293811713867, -1.5707962531026336, -0.12473493403282208]
2025-03-18 20:13:15 - root - INFO - MovingL ur5e_2 from [-0.78605805 -0.61009342  0.10544972] to [-0.805      -0.615       0.06961911]
2025-03-18 20:13:16 - root - INFO - MovingJ ur5e_2 from [ 1.44233595 -0.68885735  1.48139452  3.94344103 -1.57073632 -0.12855174] to [ 1.42035981 -0.74880069  1.45995037  4.00564682 -1.57027448 -0.15084828]
2025-03-18 20:13:16 - root - INFO - pick up block at (-0.995, -0.615) start_height 0.115
2025-03-18 20:13:16 - root - INFO - Planning and moving to xyz facing down ur5e_2 from [ 1.44233595 -0.68859326  1.48146318  3.94346764 -1.57073632 -0.12855174] to [1.709881797026685, -0.7018493521450355, 1.334662242152198, 4.079575191752786, -1.5707962351015816, 0.1390854576717977] target: [-0.995, -0.615, 0.115]
2025-03-18 20:13:16 - root - INFO - Planning and movingJ ur5e_2 from [ 1.44233595 -0.68859326  1.48146318  3.94346764 -1.57073632 -0.12855174] to [1.709881797026685, -0.7018493521450355, 1.334662242152198, 4.079575191752786, -1.5707962351015816, 0.1390854576717977]
2025-03-18 20:13:16 - root - INFO - MovingJ ur5e_2 from [ 1.44233595 -0.68859326  1.48146318  3.94346764 -1.57073632 -0.12855174] to [1.709881797026685, -0.7018493521450355, 1.334662242152198, 4.079575191752786, -1.5707962351015816, 0.1390854576717977]
2025-03-18 20:13:17 - root - INFO - MovingL ur5e_2 from [-0.97407263 -0.61337385  0.10434234] to [-0.995 -0.615  0.015]
2025-03-18 20:13:22 - root - WARNING - Linear movement for ur5e_2 completed, but target not reached within tolerance after 400 attempts
2025-03-18 20:13:22 - root - INFO - MovingJ ur5e_2 from [ 1.70960819 -0.58676149  1.28830101  3.96865201 -1.57088673  0.13875925] to [ 1.68147834 -0.69513061  1.35183352  4.06556238 -1.57076681  0.11050807]
2025-03-18 20:13:22 - root - INFO - put down block at (-0.615, -0.615) start_height 0.11958609480840167
2025-03-18 20:13:22 - root - INFO - Planning and moving to xyz facing down ur5e_2 from [ 1.70682247 -0.59402569  1.29537539  3.9784666  -1.5708311   0.13588774] to [1.1865419314429302, -0.7532215487576398, 1.4236056612645969, 4.042004583921109, -1.5707962974264038, -0.38425440540800904] target: [-0.615, -0.615, 0.11958609480840167]
2025-03-18 20:13:22 - root - INFO - Planning and movingJ ur5e_2 from [ 1.70682247 -0.59402569  1.29537539  3.9784666  -1.5708311   0.13588774] to [1.1865419314429302, -0.7532215487576398, 1.4236056612645969, 4.042004583921109, -1.5707962974264038, -0.38425440540800904]
2025-03-18 20:13:22 - root - INFO - MovingJ ur5e_2 from [ 1.70682247 -0.59402569  1.29537539  3.9784666  -1.5708311   0.13588774] to [1.1865419314429302, -0.7532215487576398, 1.4236056612645969, 4.042004583921109, -1.5707962974264038, -0.38425440540800904]
2025-03-18 20:13:23 - root - INFO - MovingL ur5e_2 from [-0.63550026 -0.60964194  0.11191076] to [-0.615      -0.615       0.06958609]
2025-03-18 20:13:24 - root - INFO - MovingJ ur5e_2 from [ 1.19001716 -0.66567426  1.4337263   3.9685567  -1.57080151 -0.3807045 ] to [ 1.21586713 -0.73879967  1.41775976  4.03892295 -1.57081754 -0.3546874 ]
2025-03-18 20:13:24 - root - INFO - pick up block at (-0.805, -0.615) start_height 0.07500000000000001
2025-03-18 20:13:24 - root - INFO - Planning and moving to xyz facing down ur5e_2 from [ 1.19001715 -0.665405    1.43379645  3.9685833  -1.57080151 -0.3807045 ] to [1.4460617136242793, -0.707233328888093, 1.4796034907276683, 3.940018232926627, -1.570796264311997, -0.12473461182926679] target: [-0.805, -0.615, 0.07500000000000001]
2025-03-18 20:13:24 - root - INFO - Planning and movingJ ur5e_2 from [ 1.19001715 -0.665405    1.43379645  3.9685833  -1.57080151 -0.3807045 ] to [1.4460617136242793, -0.707233328888093, 1.4796034907276683, 3.940018232926627, -1.570796264311997, -0.12473461182926679]
2025-03-18 20:13:24 - root - INFO - MovingJ ur5e_2 from [ 1.19001715 -0.665405    1.43379645  3.9685833  -1.57080151 -0.3807045 ] to [1.4460617136242793, -0.707233328888093, 1.4796034907276683, 3.940018232926627, -1.570796264311997, -0.12473461182926679]
2025-03-18 20:13:25 - root - INFO - MovingL ur5e_2 from [-0.78413325 -0.61392599  0.06903948] to [-0.805 -0.615 -0.025]
2025-03-18 20:13:30 - root - WARNING - Linear movement for ur5e_2 completed, but target not reached within tolerance after 400 attempts
2025-03-18 20:13:30 - root - INFO - MovingJ ur5e_2 from [ 1.44426775 -0.57924402  1.40985801  3.84032655 -1.57089439 -0.12606088] to [ 1.4169141  -0.69720969  1.4757234   3.94381605 -1.57078856 -0.15403796]
2025-03-18 20:13:30 - root - INFO - put down block at (-0.995, -0.615) start_height 0.1397844891595676
2025-03-18 20:13:30 - root - INFO - Planning and moving to xyz facing down ur5e_2 from [ 1.43911808 -0.59694188  1.4231129   3.86002529 -1.57084665 -0.13132822] to [1.709881317977664, -0.7363194344283599, 1.326282812869002, 4.122424278819647, -1.5707962132210558, 0.13908499145341663] target: [-0.995, -0.615, 0.1397844891595676]
2025-03-18 20:13:30 - root - INFO - Planning and movingJ ur5e_2 from [ 1.43911808 -0.59694188  1.4231129   3.86002529 -1.57084665 -0.13132822] to [1.709881317977664, -0.7363194344283599, 1.326282812869002, 4.122424278819647, -1.5707962132210558, 0.13908499145341663]
2025-03-18 20:13:30 - root - INFO - MovingJ ur5e_2 from [ 1.43911808 -0.59694188  1.4231129   3.86002529 -1.57084665 -0.13132822] to [1.709881317977664, -0.7363194344283599, 1.326282812869002, 4.122424278819647, -1.5707962132210558, 0.13908499145341663]
2025-03-18 20:13:31 - root - INFO - MovingL ur5e_2 from [-0.97348727 -0.6102829   0.12223441] to [-0.995      -0.615       0.08978449]
2025-03-18 20:13:32 - root - INFO - MovingJ ur5e_2 from [ 1.70613979 -0.65362508  1.34422033  4.04650931 -1.57079295  0.13527402] to [ 1.68023374 -0.71569588  1.33842188  4.09402814 -1.57080364  0.10929061]
2025-03-18 20:13:32 - root - INFO - pick up block at (-0.805, -0.615) start_height 0.034999999999999996
2025-03-18 20:13:32 - root - INFO - Planning and moving to xyz facing down ur5e_2 from [ 1.70613979 -0.6533495   1.34429493  4.0465359  -1.57079295  0.13527402] to [1.446061484592208, -0.6391273452512971, 1.4753660714480934, 3.876149610765222, -1.5707962658315358, -0.12473487038863491] target: [-0.805, -0.615, 0.034999999999999996]
2025-03-18 20:13:32 - root - INFO - Planning and movingJ ur5e_2 from [ 1.70613979 -0.6533495   1.34429493  4.0465359  -1.57079295  0.13527402] to [1.446061484592208, -0.6391273452512971, 1.4753660714480934, 3.876149610765222, -1.5707962658315358, -0.12473487038863491]
2025-03-18 20:13:32 - root - INFO - MovingJ ur5e_2 from [ 1.70613979 -0.6533495   1.34429493  4.0465359  -1.57079295  0.13527402] to [1.446061484592208, -0.6391273452512971, 1.4753660714480934, 3.876149610765222, -1.5707962658315358, -0.12473487038863491]
2025-03-18 20:13:33 - root - INFO - MovingL ur5e_2 from [-0.82596598 -0.61380093  0.03543956] to [-0.805 -0.615 -0.065]
2025-03-18 20:13:37 - root - WARNING - Linear movement for ur5e_2 completed, but target not reached within tolerance after 400 attempts
2025-03-18 20:13:37 - root - INFO - MovingJ ur5e_2 from [ 1.46004709 -0.55522334  1.35352506  3.87354897 -1.56969204 -0.11303139] to [ 1.47578832 -0.63546134  1.4615992   3.89610385 -1.570728   -0.09497805]
2025-03-18 20:13:38 - root - INFO - put down block at (-0.615, -0.615) start_height 0.07500000000000001
2025-03-18 20:13:38 - root - INFO - Planning and moving to xyz facing down ur5e_2 from [ 1.46001983 -0.55956309  1.36261615  3.87299807 -1.56962961 -0.11300614] to [1.1865411549329243, -0.6842608973379305, 1.4302925941818279, 3.9663565089290365, -1.5707962342457504, -0.38425519630856075] target: [-0.615, -0.615, 0.07500000000000001]
2025-03-18 20:13:38 - root - INFO - Planning and movingJ ur5e_2 from [ 1.46001983 -0.55956309  1.36261615  3.87299807 -1.56962961 -0.11300614] to [1.1865411549329243, -0.6842608973379305, 1.4302925941818279, 3.9663565089290365, -1.5707962342457504, -0.38425519630856075]
2025-03-18 20:13:38 - root - INFO - MovingJ ur5e_2 from [ 1.46001983 -0.55956309  1.36261615  3.87299807 -1.56962961 -0.11300614] to [1.1865411549329243, -0.6842608973379305, 1.4302925941818279, 3.9663565089290365, -1.5707962342457504, -0.38425519630856075]
2025-03-18 20:13:38 - root - INFO - MovingL ur5e_2 from [-0.63609894 -0.60975468  0.06466182] to [-0.615      -0.615      -0.73510776]
2025-03-18 20:13:43 - root - WARNING - Linear movement for ur5e_2 completed, but target not reached within tolerance after 400 attempts
2025-03-18 20:13:43 - root - INFO - MovingJ ur5e_2 from [ 1.22958768 -0.43426932  1.07728822  4.03409769 -1.57085811 -0.34301759] to [ 1.21653334 -0.66519163  1.42413807  3.95656958 -1.57038019 -0.35436592]
2025-03-18 20:13:44 - root - INFO - pick up block at (-0.995, -0.615) start_height 0.115
2025-03-18 20:13:44 - root - INFO - Planning and moving to xyz facing down ur5e_2 from [ 1.22958957 -0.5941016   1.32684973  3.97902379 -1.57084231 -0.34301233] to [1.7098826154501996, -0.7018431547896052, 1.334648657793935, 4.079583215037622, -1.5707963015812743, 0.1390862857925765] target: [-0.995, -0.615, 0.115]
2025-03-18 20:13:44 - root - INFO - Planning and movingJ ur5e_2 from [ 1.22958957 -0.5941016   1.32684973  3.97902379 -1.57084231 -0.34301233] to [1.7098826154501996, -0.7018431547896052, 1.334648657793935, 4.079583215037622, -1.5707963015812743, 0.1390862857925765]
2025-03-18 20:13:44 - root - INFO - MovingJ ur5e_2 from [ 1.22958957 -0.5941016   1.32684973  3.97902379 -1.57084231 -0.34301233] to [1.7098826154501996, -0.7018431547896052, 1.334648657793935, 4.079583215037622, -1.5707963015812743, 0.1390862857925765]
2025-03-18 20:13:45 - root - INFO - MovingL ur5e_2 from [-0.97449643 -0.60913501  0.10628673] to [-0.995 -0.615  0.015]
2025-03-18 20:13:49 - root - WARNING - Linear movement for ur5e_2 completed, but target not reached within tolerance after 400 attempts
2025-03-18 20:13:50 - root - INFO - MovingJ ur5e_2 from [ 1.70953822 -0.58683946  1.28822326  3.9687117  -1.57081902  0.13873275] to [ 1.6814184  -0.68992581  1.33569823  4.07409899 -1.57079324  0.11024245]
2025-03-18 20:13:50 - root - INFO - put down block at (-0.615, -0.615) start_height 0.115
2025-03-18 20:13:50 - root - INFO - Planning and moving to xyz facing down ur5e_2 from [ 1.70806684 -0.58957813  1.29123072  3.97441069 -1.57075179  0.13714415] to [1.1865419284951493, -0.7464103522994834, 1.4248488358232192, 4.033950211831395, -1.5707962971412412, -0.3842544084087002] target: [-0.615, -0.615, 0.115]
2025-03-18 20:13:50 - root - INFO - Planning and movingJ ur5e_2 from [ 1.70806684 -0.58957813  1.29123072  3.97441069 -1.57075179  0.13714415] to [1.1865419284951493, -0.7464103522994834, 1.4248488358232192, 4.033950211831395, -1.5707962971412412, -0.3842544084087002]
2025-03-18 20:13:50 - root - INFO - MovingJ ur5e_2 from [ 1.70806684 -0.58957813  1.29123072  3.97441069 -1.57075179  0.13714415] to [1.1865419284951493, -0.7464103522994834, 1.4248488358232192, 4.033950211831395, -1.5707962971412412, -0.3842544084087002]
2025-03-18 20:13:51 - root - INFO - MovingL ur5e_2 from [-0.63554228 -0.60958716  0.1075181 ] to [-0.615      -0.615      -0.73510776]
2025-03-18 20:13:55 - root - WARNING - Linear movement for ur5e_2 completed, but target not reached within tolerance after 400 attempts
2025-03-18 20:13:56 - root - INFO - MovingJ ur5e_2 from [ 1.22723781 -0.44978716  1.11197509  4.01481193 -1.57091907 -0.34540292] to [ 1.21594495 -0.73212321  1.41868061  4.03108973 -1.57079236 -0.35461532]
2025-03-18 20:13:56 - root - INFO - pick up block at (-0.995, -0.615) start_height 0.155
2025-03-18 20:13:56 - root - INFO - Planning and moving to xyz facing down ur5e_2 from [ 1.2272299  -0.63751306  1.32310387  4.01525119 -1.57090839 -0.34539959] to [1.70988258917118, -0.7564363662825753, 1.319217349124878, 4.149607706335645, -1.5707962998299083, 0.13908625917895126] target: [-0.995, -0.615, 0.155]
2025-03-18 20:13:56 - root - INFO - Planning and movingJ ur5e_2 from [ 1.2272299  -0.63751306  1.32310387  4.01525119 -1.57090839 -0.34539959] to [1.70988258917118, -0.7564363662825753, 1.319217349124878, 4.149607706335645, -1.5707962998299083, 0.13908625917895126]
2025-03-18 20:13:56 - root - INFO - MovingJ ur5e_2 from [ 1.2272299  -0.63751306  1.32310387  4.01525119 -1.57090839 -0.34539959] to [1.70988258917118, -0.7564363662825753, 1.319217349124878, 4.149607706335645, -1.5707962998299083, 0.13908625917895126]
2025-03-18 20:13:58 - root - INFO - MovingL ur5e_2 from [-0.97441209 -0.60889648  0.14540741] to [-0.995 -0.615  0.055]
2025-03-18 20:14:02 - root - WARNING - Linear movement for ur5e_2 completed, but target not reached within tolerance after 400 attempts
2025-03-18 20:14:02 - root - INFO - MovingJ ur5e_2 from [ 1.70996451 -0.612416    1.33483677  3.97862673 -1.57075826  0.13908304] to [ 1.68127188 -0.7439707   1.32179591  4.14210116 -1.5708101   0.1100996 ]
2025-03-18 20:14:03 - root - INFO - put down block at (-0.805, -0.615) start_height 0.034999999999999996
2025-03-18 20:14:03 - root - INFO - Planning and moving to xyz facing down ur5e_2 from [ 1.69882565 -0.65794161  1.33619562  4.04260084 -1.57073708  0.12782322] to [1.4460615183916883, -0.6391271670547947, 1.475365638901593, 3.8761498920998223, -1.570796263442716, -0.1247348353365016] target: [-0.805, -0.615, 0.034999999999999996]
2025-03-18 20:14:03 - root - INFO - Planning and movingJ ur5e_2 from [ 1.69882565 -0.65794161  1.33619562  4.04260084 -1.57073708  0.12782322] to [1.4460615183916883, -0.6391271670547947, 1.475365638901593, 3.8761498920998223, -1.570796263442716, -0.1247348353365016]
2025-03-18 20:14:03 - root - INFO - MovingJ ur5e_2 from [ 1.69882565 -0.65794161  1.33619562  4.04260084 -1.57073708  0.12782322] to [1.4460615183916883, -0.6391271670547947, 1.475365638901593, 3.8761498920998223, -1.570796263442716, -0.1247348353365016]
