2025-03-18 20:30:06 - root - INFO - Logging setup complete for Hanoi_sim
2025-03-18 20:30:06 - root - INFO - pick up block at (-0.995, -0.615) start_height 0.275
2025-03-18 20:30:07 - root - INFO - Planning and moving to xyz facing down ur5e_2 from [-1.56417438e+00 -1.56694744e+00 -4.97276278e-04 -1.56588207e+00
  1.05265287e-05 -1.99549302e-06] to [-1.0747829310468557, -2.2575555852611884, -1.2117232377594438, 5.0400772603271005, 1.5707961411977005, -5.787171962288553] target: [-0.995, -0.615, 0.275]
2025-03-18 20:30:07 - root - INFO - Planning and movingJ ur5e_2 from [-1.56417438e+00 -1.56694744e+00 -4.97276278e-04 -1.56588207e+00
  1.05265287e-05 -1.99549302e-06] to [-1.0747829310468557, -2.2575555852611884, -1.2117232377594438, -1.2431080468524858, 1.5707961411977005, 0.49601334489103355]
2025-03-18 20:30:07 - root - INFO - MovingJ ur5e_2 from [-1.56417438e+00 -1.56694744e+00 -4.97276278e-04 -1.56588207e+00
  1.05265287e-05 -1.99549302e-06] to [-1.0747829310468557, -2.2575555852611884, -1.2117232377594438, -1.2431080468524858, 1.5707961411977005, 0.49601334489103355]
2025-03-18 20:30:08 - root - INFO - MovingL ur5e_2 from [-0.98749973 -0.6089304   0.28951809] to [-0.995 -0.615  0.175]
2025-03-18 20:30:10 - root - INFO - MovingJ ur5e_2 from [-1.07567711 -2.36344704 -1.30366424 -1.05949546  1.57063192  0.49509814] to [-1.08367669 -2.25018652 -1.19131251 -1.24968538  1.5418873   0.48687316]
2025-03-18 20:30:10 - root - INFO - Planning and moving to xyz facing down ur5e_2 from [-1.07565986 -2.3123725  -1.2498668  -1.15351932  1.55649526  0.49509814] to [-1.0781114552280067, -2.2332949991757944, -1.1180851662004483, -1.3610084562004916, 1.57079629617594, 0.49268487717903553] target: [-0.99461193 -0.61051192  0.32599737]
2025-03-18 20:30:10 - root - INFO - Planning and movingJ ur5e_2 from [-1.07565986 -2.3123725  -1.2498668  -1.15351932  1.55649526  0.49509814] to [-1.0781114552280067, -2.2332949991757944, -1.1180851662004483, -1.3610084562004916, 1.57079629617594, 0.49268487717903553]
2025-03-18 20:30:11 - root - INFO - MovingJ ur5e_2 from [-1.07565986 -2.3123725  -1.2498668  -1.15351932  1.55649526  0.49509814] to [-1.0781114552280067, -2.2332949991757944, -1.1180851662004483, -1.3610084562004916, 1.57079629617594, 0.49268487717903553]
2025-03-18 20:30:13 - root - WARNING - Movement for ur5e_2 timed out before reaching the target joints.
2025-03-18 20:30:13 - root - INFO - put down block at (-0.805, -0.615) start_height 0.155
2025-03-18 20:30:13 - root - INFO - Planning and moving to xyz facing down ur5e_2 from [-1.07810706 -2.23819755 -1.11998862 -1.36107037  1.57077263  0.49268888] to [-1.3203518592246168, -2.3122251291373304, -1.4591740273710425, -0.940987471634728, 1.570796158454204, 0.2504443714070236] target: [-0.805, -0.615, 0.155]
2025-03-18 20:30:13 - root - INFO - Planning and movingJ ur5e_2 from [-1.07810706 -2.23819755 -1.11998862 -1.36107037  1.57077263  0.49268888] to [-1.3203518592246168, -2.3122251291373304, -1.4591740273710425, -0.940987471634728, 1.570796158454204, 0.2504443714070236]
2025-03-18 20:30:13 - root - INFO - MovingJ ur5e_2 from [-1.07810706 -2.23819755 -1.11998862 -1.36107037  1.57077263  0.49268888] to [-1.3203518592246168, -2.3122251291373304, -1.4591740273710425, -0.940987471634728, 1.570796158454204, 0.2504443714070236]
2025-03-18 20:30:14 - root - INFO - MovingL ur5e_2 from [-0.81810185 -0.61172104  0.16160746] to [-0.805      -0.615       0.06962104]
2025-03-18 20:30:15 - root - INFO - MovingJ ur5e_2 from [-1.31900454 -2.4496781  -1.48195826 -0.80317939  1.57080349  0.25177767] to [-1.30361643 -2.31181585 -1.43717464 -0.97011757  1.57089446  0.26707973]
2025-03-18 20:30:16 - root - INFO - Planning and moving to xyz facing down ur5e_2 from [-1.31898509 -2.39745722 -1.46475136 -0.87232006  1.5708035   0.25177767] to [-1.3195413333967079, -2.25560042387829, -1.4262481302943382, -1.0305366075923812, 1.570796022509129, 0.25125495063003417] target: [-0.80587636 -0.61387418  0.20001827]
2025-03-18 20:30:16 - root - INFO - Planning and movingJ ur5e_2 from [-1.31898509 -2.39745722 -1.46475136 -0.87232006  1.5708035   0.25177767] to [-1.3195413333967079, -2.25560042387829, -1.4262481302943382, -1.0305366075923812, 1.570796022509129, 0.25125495063003417]
2025-03-18 20:30:16 - root - INFO - MovingJ ur5e_2 from [-1.31898509 -2.39745722 -1.46475136 -0.87232006  1.5708035   0.25177767] to [-1.3195413333967079, -2.25560042387829, -1.4262481302943382, -1.0305366075923812, 1.570796022509129, 0.25125495063003417]
2025-03-18 20:30:18 - root - WARNING - Movement for ur5e_2 timed out before reaching the target joints.
2025-03-18 20:30:18 - root - INFO - pick up block at (-0.995, -0.615) start_height 0.235
2025-03-18 20:30:18 - root - INFO - Planning and moving to xyz facing down ur5e_2 from [-1.31953275 -2.26107013 -1.42805005 -1.03049923  1.57079615  0.25126469] to [-1.0747840319721513, -2.2935092083508652, -1.258060846756345, -1.1608179196424433, 1.5707962452353372, 0.49601229332002306] target: [-0.995, -0.615, 0.235]
2025-03-18 20:30:18 - root - INFO - Planning and movingJ ur5e_2 from [-1.31953275 -2.26107013 -1.42805005 -1.03049923  1.57079615  0.25126469] to [-1.0747840319721513, -2.2935092083508652, -1.258060846756345, -1.1608179196424433, 1.5707962452353372, 0.49601229332002306]
2025-03-18 20:30:18 - root - INFO - MovingJ ur5e_2 from [-1.31953275 -2.26107013 -1.42805005 -1.03049923  1.57079615  0.25126469] to [-1.0747840319721513, -2.2935092083508652, -1.258060846756345, -1.1608179196424433, 1.5707962452353372, 0.49601229332002306]
2025-03-18 20:30:18 - root - INFO - MovingL ur5e_2 from [-0.9727509  -0.61225072  0.22571129] to [-0.995 -0.615  0.135]
2025-03-18 20:30:20 - root - INFO - MovingJ ur5e_2 from [-1.07701044 -2.41121699 -1.3271967  -0.98241096  1.57076956  0.49382892] to [-1.10320479 -2.29471772 -1.27960955 -1.14612653  1.57080469  0.46744752]
2025-03-18 20:30:20 - root - INFO - Planning and moving to xyz facing down ur5e_2 from [-1.08764347 -2.3675094  -1.30878872 -1.0500534   1.57081745  0.48297687] to [-1.0881755746908868, -2.260601814480606, -1.2227632614913502, -1.2290236427550336, 1.5707963039587745, 0.4826207570933548] target: [-0.98502221 -0.61264769  0.26895604]
2025-03-18 20:30:20 - root - INFO - Planning and movingJ ur5e_2 from [-1.08764347 -2.3675094  -1.30878872 -1.0500534   1.57081745  0.48297687] to [-1.0881755746908868, -2.260601814480606, -1.2227632614913502, -1.2290236427550336, 1.5707963039587745, 0.4826207570933548]
2025-03-18 20:30:20 - root - INFO - MovingJ ur5e_2 from [-1.08764347 -2.3675094  -1.30878872 -1.0500534   1.57081745  0.48297687] to [-1.0881755746908868, -2.260601814480606, -1.2227632614913502, -1.2290236427550336, 1.5707963039587745, 0.4826207570933548]
2025-03-18 20:30:22 - root - WARNING - Movement for ur5e_2 timed out before reaching the target joints.
2025-03-18 20:30:22 - root - INFO - put down block at (-0.615, -0.615) start_height 0.155
2025-03-18 20:30:22 - root - INFO - Planning and moving to xyz facing down ur5e_2 from [-1.088165   -2.26479662 -1.22403856 -1.22854705  1.57079701  0.4826259 ] to [-1.5867093336536515, -2.3381207670528092, -1.4096964139138795, -0.9645714463724361, 1.5707962945228542, -0.015913003449302673] target: [-0.615, -0.615, 0.155]
2025-03-18 20:30:22 - root - INFO - Planning and movingJ ur5e_2 from [-1.088165   -2.26479662 -1.22403856 -1.22854705  1.57079701  0.4826259 ] to [-1.5867093336536515, -2.3381207670528092, -1.4096964139138795, -0.9645714463724361, 1.5707962945228542, -0.015913003449302673]
2025-03-18 20:30:22 - root - INFO - MovingJ ur5e_2 from [-1.088165   -2.26479662 -1.22403856 -1.22854705  1.57079701  0.4826259 ] to [-1.5867093336536515, -2.3381207670528092, -1.4096964139138795, -0.9645714463724361, 1.5707962945228542, -0.015913003449302673]
2025-03-18 20:30:23 - root - INFO - MovingL ur5e_2 from [-0.63590755 -0.60930083  0.15830906] to [-0.615      -0.615       0.06966975]
2025-03-18 20:30:25 - root - INFO - MovingJ ur5e_2 from [-1.58471149 -2.47244147 -1.43235517 -0.82590348  1.57084699 -0.01400878] to [-1.55768236 -2.33741187 -1.39971393 -0.97886459  1.57151201  0.0119638 ]
2025-03-18 20:30:25 - root - INFO - Planning and moving to xyz facing down ur5e_2 from [-1.57527562 -2.42964791 -1.42214256 -0.8798448   1.57084486 -0.00492712] to [-1.5758166515637926, -2.2887002940870604, -1.3865306305094804, -1.0371541588058417, 1.5707960173638598, -0.005020369088275265] target: [-0.62279434 -0.61355869  0.19317199]
2025-03-18 20:30:25 - root - INFO - Planning and movingJ ur5e_2 from [-1.57527562 -2.42964791 -1.42214256 -0.8798448   1.57084486 -0.00492712] to [-1.5758166515637926, -2.2887002940870604, -1.3865306305094804, -1.0371541588058417, 1.5707960173638598, -0.005020369088275265]
2025-03-18 20:30:25 - root - INFO - MovingJ ur5e_2 from [-1.57527562 -2.42964791 -1.42214256 -0.8798448   1.57084486 -0.00492712] to [-1.5758166515637926, -2.2887002940870604, -1.3865306305094804, -1.0371541588058417, 1.5707960173638598, -0.005020369088275265]
2025-03-18 20:30:27 - root - WARNING - Movement for ur5e_2 timed out before reaching the target joints.
2025-03-18 20:30:27 - root - INFO - pick up block at (-0.805, -0.615) start_height 0.155
2025-03-18 20:30:27 - root - INFO - Planning and moving to xyz facing down ur5e_2 from [-1.57580826 -2.29430258 -1.38832779 -1.03712008  1.57079692 -0.00501861] to [-1.320353328717736, -2.312237100050724, -1.459145507276886, -0.9410057613283808, 1.5707962711680639, 0.25044301500809824] target: [-0.805, -0.615, 0.155]
2025-03-18 20:30:27 - root - INFO - Planning and movingJ ur5e_2 from [-1.57580826 -2.29430258 -1.38832779 -1.03712008  1.57079692 -0.00501861] to [-1.320353328717736, -2.312237100050724, -1.459145507276886, -0.9410057613283808, 1.5707962711680639, 0.25044301500809824]
2025-03-18 20:30:27 - root - INFO - MovingJ ur5e_2 from [-1.57580826 -2.29430258 -1.38832779 -1.03712008  1.57079692 -0.00501861] to [-1.320353328717736, -2.312237100050724, -1.459145507276886, -0.9410057613283808, 1.5707962711680639, 0.25044301500809824]
2025-03-18 20:30:28 - root - INFO - MovingL ur5e_2 from [-0.78438832 -0.61305804  0.15449681] to [-0.805 -0.615  0.055]
2025-03-18 20:30:30 - root - INFO - MovingJ ur5e_2 from [-1.32232955 -2.46676378 -1.47953152 -0.77484434  1.57077312  0.24851834] to [-1.34945484 -2.31520322 -1.45258794 -0.95254252  1.57080558  0.22119785]
2025-03-18 20:30:30 - root - INFO - Planning and moving to xyz facing down ur5e_2 from [-1.33468998 -2.40192184 -1.46839675 -0.8566725   1.57078414  0.23600645] to [-1.3352489308400932, -2.259218131078999, -1.4287793984648318, -1.0243875610628643, 1.570796017022367, 0.2355473521990479] target: [-0.79460907 -0.61329781  0.19697901]
2025-03-18 20:30:30 - root - INFO - Planning and movingJ ur5e_2 from [-1.33468998 -2.40192184 -1.46839675 -0.8566725   1.57078414  0.23600645] to [-1.3352489308400932, -2.259218131078999, -1.4287793984648318, -1.0243875610628643, 1.570796017022367, 0.2355473521990479]
2025-03-18 20:30:30 - root - INFO - MovingJ ur5e_2 from [-1.33468998 -2.40192184 -1.46839675 -0.8566725   1.57078414  0.23600645] to [-1.3352489308400932, -2.259218131078999, -1.4287793984648318, -1.0243875610628643, 1.570796017022367, 0.2355473521990479]
2025-03-18 20:30:32 - root - WARNING - Movement for ur5e_2 timed out before reaching the target joints.
2025-03-18 20:30:32 - root - INFO - put down block at (-0.615, -0.615) start_height 0.195
2025-03-18 20:30:32 - root - INFO - Planning and moving to xyz facing down ur5e_2 from [-1.3352401  -2.26435073 -1.43038695 -1.02425685  1.57079594  0.23555507] to [-1.5867089934057292, -2.2867064597398232, -1.384753726783752, -1.0409281461350233, 1.5707962675927671, -0.015912660369704103] target: [-0.615, -0.615, 0.195]
2025-03-18 20:30:32 - root - INFO - Planning and movingJ ur5e_2 from [-1.3352401  -2.26435073 -1.43038695 -1.02425685  1.57079594  0.23555507] to [-1.5867089934057292, -2.2867064597398232, -1.384753726783752, -1.0409281461350233, 1.5707962675927671, -0.015912660369704103]
2025-03-18 20:30:32 - root - INFO - MovingJ ur5e_2 from [-1.3352401  -2.26435073 -1.43038695 -1.02425685  1.57079594  0.23555507] to [-1.5867089934057292, -2.2867064597398232, -1.384753726783752, -1.0409281461350233, 1.5707962675927671, -0.015912660369704103]
2025-03-18 20:30:33 - root - INFO - MovingL ur5e_2 from [-0.63571581 -0.6129069   0.19079966] to [-0.615      -0.615       0.08978449]
2025-03-18 20:30:35 - root - INFO - MovingJ ur5e_2 from [-1.58466562 -2.43014589 -1.42746897 -0.85731733  1.57081046 -0.01382881] to [-1.5578026  -2.28872667 -1.39140369 -1.03938086  1.57092544  0.01287528]
2025-03-18 20:30:35 - root - INFO - Planning and moving to xyz facing down ur5e_2 from [-1.57239650e+00 -2.36942808e+00 -1.41197336e+00 -9.40921822e-01
  1.57079321e+00 -1.59925743e-03] to [-1.5729436421801686, -2.2437231725661673, -1.3474211537812124, -1.1212404204765145, 1.5707959881480238, -0.0021473615026729293] target: [-0.62485103 -0.61227648  0.23448826]
2025-03-18 20:30:35 - root - INFO - Planning and movingJ ur5e_2 from [-1.57239650e+00 -2.36942808e+00 -1.41197336e+00 -9.40921822e-01
  1.57079321e+00 -1.59925743e-03] to [-1.5729436421801686, -2.2437231725661673, -1.3474211537812124, -1.1212404204765145, 1.5707959881480238, -0.0021473615026729293]
2025-03-18 20:30:35 - root - INFO - MovingJ ur5e_2 from [-1.57239650e+00 -2.36942808e+00 -1.41197336e+00 -9.40921822e-01
  1.57079321e+00 -1.59925743e-03] to [-1.5729436421801686, -2.2437231725661673, -1.3474211537812124, -1.1212404204765145, 1.5707959881480238, -0.0021473615026729293]
2025-03-18 20:30:37 - root - WARNING - Movement for ur5e_2 timed out before reaching the target joints.
2025-03-18 20:30:37 - root - INFO - pick up block at (-0.995, -0.615) start_height 0.195
2025-03-18 20:30:37 - root - INFO - Planning and moving to xyz facing down ur5e_2 from [-1.57293695e+00 -2.24903364e+00 -1.34933170e+00 -1.12130969e+00
  1.57079594e+00 -2.13941279e-03] to [-1.0747847657152354, -2.3362315342850684, -1.2937603086643439, -1.0823968133515018, 1.5707962977635244, 0.4960115671191201] target: [-0.995, -0.615, 0.195]
2025-03-18 20:30:37 - root - INFO - Planning and movingJ ur5e_2 from [-1.57293695e+00 -2.24903364e+00 -1.34933170e+00 -1.12130969e+00
  1.57079594e+00 -2.13941279e-03] to [-1.0747847657152354, -2.3362315342850684, -1.2937603086643439, -1.0823968133515018, 1.5707962977635244, 0.4960115671191201]
2025-03-18 20:30:37 - root - INFO - MovingJ ur5e_2 from [-1.57293695e+00 -2.24903364e+00 -1.34933170e+00 -1.12130969e+00
  1.57079594e+00 -2.13941279e-03] to [-1.0747847657152354, -2.3362315342850684, -1.2937603086643439, -1.0823968133515018, 1.5707962977635244, 0.4960115671191201]
2025-03-18 20:30:38 - root - INFO - MovingL ur5e_2 from [-0.97336414 -0.60999257  0.19236907] to [-0.995 -0.615  0.095]
2025-03-18 20:30:40 - root - INFO - MovingJ ur5e_2 from [-1.07672069 -2.46668744 -1.33693633 -0.91015385  1.57066761  0.49443138] to [-1.10384215 -2.33640903 -1.29874102 -1.08522511  1.57081016  0.46671464]
2025-03-18 20:30:40 - root - INFO - Planning and moving to xyz facing down ur5e_2 from [-1.08861984 -2.41249379 -1.320824   -0.98858568  1.57076113  0.48203807] to [-1.0891584355341042, -2.293710670961635, -1.2534445209459018, -1.1652335465352435, 1.5707963054093832, 0.48163789609096247] target: [-0.98504511 -0.61103398  0.23653206]
2025-03-18 20:30:40 - root - INFO - Planning and movingJ ur5e_2 from [-1.08861984 -2.41249379 -1.320824   -0.98858568  1.57076113  0.48203807] to [-1.0891584355341042, -2.293710670961635, -1.2534445209459018, -1.1652335465352435, 1.5707963054093832, 0.48163789609096247]
2025-03-18 20:30:40 - root - INFO - MovingJ ur5e_2 from [-1.08861984 -2.41249379 -1.320824   -0.98858568  1.57076113  0.48203807] to [-1.0891584355341042, -2.293710670961635, -1.2534445209459018, -1.1652335465352435, 1.5707963054093832, 0.48163789609096247]
2025-03-18 20:30:42 - root - INFO - put down block at (-0.805, -0.615) start_height 0.155
2025-03-18 20:30:42 - root - INFO - Planning and moving to xyz facing down ur5e_2 from [-1.08914111 -2.29670747 -1.25381926 -1.16386737  1.57079661  0.48164655] to [-1.320353229481002, -2.3122355516344038, -1.4591491817244413, -0.9410034123402294, 1.570796256214135, 0.2504430803839382] target: [-0.805, -0.615, 0.155]
2025-03-18 20:30:42 - root - INFO - Planning and movingJ ur5e_2 from [-1.08914111 -2.29670747 -1.25381926 -1.16386737  1.57079661  0.48164655] to [-1.320353229481002, -2.3122355516344038, -1.4591491817244413, -0.9410034123402294, 1.570796256214135, 0.2504430803839382]
2025-03-18 20:30:42 - root - INFO - MovingJ ur5e_2 from [-1.08914111 -2.29670747 -1.25381926 -1.16386737  1.57079661  0.48164655] to [-1.320353229481002, -2.3122355516344038, -1.4591491817244413, -0.9410034123402294, 1.570796256214135, 0.2504430803839382]
2025-03-18 20:30:43 - root - INFO - MovingL ur5e_2 from [-0.8281589  -0.61100448  0.16390856] to [-0.805      -0.615       0.06973269]
2025-03-18 20:30:45 - root - INFO - MovingJ ur5e_2 from [-1.31899284 -2.44891071 -1.47930551 -0.79526151  1.57087424  0.25164975] to [-1.29040418 -2.31140204 -1.43346472 -0.9656831   1.57211856  0.27795492]
2025-03-18 20:30:45 - root - INFO - Planning and moving to xyz facing down ur5e_2 from [-1.30691654 -2.39529952 -1.46115575 -0.86779461  1.57087235  0.26277203] to [-1.3074613831574493, -2.2553915858996114, -1.4165962561326093, -1.0403971802132028, 1.5707960120754232, 0.2633348981190452] target: [-0.81501935 -0.61264116  0.20340138]
2025-03-18 20:30:45 - root - INFO - Planning and movingJ ur5e_2 from [-1.30691654 -2.39529952 -1.46115575 -0.86779461  1.57087235  0.26277203] to [-1.3074613831574493, -2.2553915858996114, -1.4165962561326093, -1.0403971802132028, 1.5707960120754232, 0.2633348981190452]
2025-03-18 20:30:45 - root - INFO - MovingJ ur5e_2 from [-1.30691654 -2.39529952 -1.46115575 -0.86779461  1.57087235  0.26277203] to [-1.3074613831574493, -2.2553915858996114, -1.4165962561326093, -1.0403971802132028, 1.5707960120754232, 0.2633348981190452]
2025-03-18 20:30:47 - root - WARNING - Movement for ur5e_2 timed out before reaching the target joints.
2025-03-18 20:30:47 - root - INFO - pick up block at (-0.615, -0.615) start_height 0.195
2025-03-18 20:30:47 - root - INFO - Planning and moving to xyz facing down ur5e_2 from [-1.30745448 -2.26074373 -1.41839322 -1.04045551  1.57079717  0.26332634] to [-1.5867087784446947, -2.28670467810805, -1.384757699309488, -1.0409257429529248, 1.5707962514497191, -0.01591245340389162] target: [-0.615, -0.615, 0.195]
2025-03-18 20:30:47 - root - INFO - Planning and movingJ ur5e_2 from [-1.30745448 -2.26074373 -1.41839322 -1.04045551  1.57079717  0.26332634] to [-1.5867087784446947, -2.28670467810805, -1.384757699309488, -1.0409257429529248, 1.5707962514497191, -0.01591245340389162]
2025-03-18 20:30:47 - root - INFO - MovingJ ur5e_2 from [-1.30745448 -2.26074373 -1.41839322 -1.04045551  1.57079717  0.26332634] to [-1.5867087784446947, -2.28670467810805, -1.384757699309488, -1.0409257429529248, 1.5707962514497191, -0.01591245340389162]
2025-03-18 20:30:48 - root - INFO - MovingL ur5e_2 from [-0.63585037 -0.61262674  0.19111704] to [-0.615 -0.615  0.095]
2025-03-18 20:30:50 - root - INFO - MovingJ ur5e_2 from [-1.58450036 -2.42548567 -1.42942952 -0.86894866  1.57080792 -0.01371827] to [-1.55760036 -2.28891516 -1.38992937 -1.04130327  1.57078643  0.01334019]
2025-03-18 20:30:50 - root - INFO - Planning and moving to xyz facing down ur5e_2 from [-1.57315337e+00 -2.37220073e+00 -1.41399101e+00 -9.42263834e-01
  1.57079597e+00 -2.27749720e-03] to [-1.5737009550824717, -2.244839005631385, -1.353843608351752, -1.1137022382016113, 1.5707959964134257, -0.002904673124991001] target: [-0.6243103  -0.61330388  0.23153402]
2025-03-18 20:30:50 - root - INFO - Planning and movingJ ur5e_2 from [-1.57315337e+00 -2.37220073e+00 -1.41399101e+00 -9.42263834e-01
  1.57079597e+00 -2.27749720e-03] to [-1.5737009550824717, -2.244839005631385, -1.353843608351752, -1.1137022382016113, 1.5707959964134257, -0.002904673124991001]
2025-03-18 20:30:50 - root - INFO - MovingJ ur5e_2 from [-1.57315337e+00 -2.37220073e+00 -1.41399101e+00 -9.42263834e-01
  1.57079597e+00 -2.27749720e-03] to [-1.5737009550824717, -2.244839005631385, -1.353843608351752, -1.1137022382016113, 1.5707959964134257, -0.002904673124991001]
2025-03-18 20:30:52 - root - WARNING - Movement for ur5e_2 timed out before reaching the target joints.
2025-03-18 20:30:52 - root - INFO - put down block at (-0.995, -0.615) start_height 0.195
2025-03-18 20:30:52 - root - INFO - Planning and moving to xyz facing down ur5e_2 from [-1.5736925  -2.24990933 -1.35557532 -1.11359467  1.57079611 -0.00289461] to [-1.074784765988338, -2.336231535150031, -1.293760306412466, -1.0823968148931633, 1.5707962977818966, 0.49601156678852226] target: [-0.995, -0.615, 0.195]
2025-03-18 20:30:52 - root - INFO - Planning and movingJ ur5e_2 from [-1.5736925  -2.24990933 -1.35557532 -1.11359467  1.57079611 -0.00289461] to [-1.074784765988338, -2.336231535150031, -1.293760306412466, -1.0823968148931633, 1.5707962977818966, 0.49601156678852226]
2025-03-18 20:30:52 - root - INFO - MovingJ ur5e_2 from [-1.5736925  -2.24990933 -1.35557532 -1.11359467  1.57079611 -0.00289461] to [-1.074784765988338, -2.336231535150031, -1.293760306412466, -1.0823968148931633, 1.5707962977818966, 0.49601156678852226]
2025-03-18 20:30:53 - root - INFO - MovingL ur5e_2 from [-0.97308485 -0.60989805  0.1926271 ] to [-0.995      -0.615       0.08978449]
2025-03-18 20:30:55 - root - INFO - MovingJ ur5e_2 from [-1.07686345 -2.47277317 -1.33658354 -0.90299487  1.57079047  0.4939969 ] to [-1.10421399 -2.33604742 -1.29889382 -1.0846322   1.57063778  0.46667029]
2025-03-18 20:30:55 - root - INFO - Planning and moving to xyz facing down ur5e_2 from [-1.08931606 -2.41436932 -1.32037674 -0.98640286  1.57080766  0.48148236] to [-1.0898481633096826, -2.2953412894769145, -1.2532730415467368, -1.1637744071119318, 1.5707963053748486, 0.4809481683216968] target: [-0.98468476 -0.61061907  0.2355474 ]
2025-03-18 20:30:55 - root - INFO - Planning and movingJ ur5e_2 from [-1.08931606 -2.41436932 -1.32037674 -0.98640286  1.57080766  0.48148236] to [-1.0898481633096826, -2.2953412894769145, -1.2532730415467368, -1.1637744071119318, 1.5707963053748486, 0.4809481683216968]
2025-03-18 20:30:55 - root - INFO - MovingJ ur5e_2 from [-1.08931606 -2.41436932 -1.32037674 -0.98640286  1.57080766  0.48148236] to [-1.0898481633096826, -2.2953412894769145, -1.2532730415467368, -1.1637744071119318, 1.5707963053748486, 0.4809481683216968]
2025-03-18 20:30:57 - root - WARNING - Movement for ur5e_2 timed out before reaching the target joints.
2025-03-18 20:30:57 - root - INFO - pick up block at (-0.615, -0.615) start_height 0.155
2025-03-18 20:30:57 - root - INFO - Planning and moving to xyz facing down ur5e_2 from [-1.08984164 -2.30086888 -1.25522195 -1.16385139  1.57079646  0.48095589] to [-1.5867093956478562, -2.338121166026953, -1.4096955415268164, -0.9645719643265686, 1.570796298836353, -0.01591306681762031] target: [-0.615, -0.615, 0.155]
2025-03-18 20:30:57 - root - INFO - Planning and movingJ ur5e_2 from [-1.08984164 -2.30086888 -1.25522195 -1.16385139  1.57079646  0.48095589] to [-1.5867093956478562, -2.338121166026953, -1.4096955415268164, -0.9645719643265686, 1.570796298836353, -0.01591306681762031]
2025-03-18 20:30:57 - root - INFO - MovingJ ur5e_2 from [-1.08984164 -2.30086888 -1.25522195 -1.16385139  1.57079646  0.48095589] to [-1.5867093956478562, -2.338121166026953, -1.4096955415268164, -0.9645719643265686, 1.570796298836353, -0.01591306681762031]
2025-03-18 20:30:58 - root - INFO - MovingL ur5e_2 from [-0.63579747 -0.60997051  0.15475301] to [-0.615 -0.615  0.055]
2025-03-18 20:31:00 - root - INFO - MovingJ ur5e_2 from [-1.58508557 -2.4879227  -1.4285013  -0.7980112   1.57093571 -0.01442854] to [-1.55772205 -2.3411543  -1.40223454 -0.97684427  1.57078122  0.01330846]
2025-03-18 20:31:01 - root - INFO - Planning and moving to xyz facing down ur5e_2 from [-1.57263725e+00 -2.42514650e+00 -1.41760521e+00 -8.80271089e-01
  1.57089446e+00 -1.72586242e-03] to [-1.573169768313782, -2.2866547758380094, -1.3755397583310667, -1.050190413862724, 1.5707960056989856, -0.0023734864092808624] target: [-0.62468648 -0.61128033  0.19816282]
2025-03-18 20:31:01 - root - INFO - Planning and movingJ ur5e_2 from [-1.57263725e+00 -2.42514650e+00 -1.41760521e+00 -8.80271089e-01
  1.57089446e+00 -1.72586242e-03] to [-1.573169768313782, -2.2866547758380094, -1.3755397583310667, -1.050190413862724, 1.5707960056989856, -0.0023734864092808624]
2025-03-18 20:31:01 - root - INFO - MovingJ ur5e_2 from [-1.57263725e+00 -2.42514650e+00 -1.41760521e+00 -8.80271089e-01
  1.57089446e+00 -1.72586242e-03] to [-1.573169768313782, -2.2866547758380094, -1.3755397583310667, -1.050190413862724, 1.5707960056989856, -0.0023734864092808624]
2025-03-18 20:31:02 - root - WARNING - Movement for ur5e_2 timed out before reaching the target joints.
2025-03-18 20:31:02 - root - INFO - put down block at (-0.805, -0.615) start_height 0.195
2025-03-18 20:31:02 - root - INFO - Planning and moving to xyz facing down ur5e_2 from [-1.57315864 -2.29099319 -1.37663034 -1.04967717  1.57079807 -0.0023631 ] to [-1.3203533745004907, -2.259385298676048, -1.4343814841245606, -1.0186216064079558, 1.5707962736652297, 0.2504429677388753] target: [-0.805, -0.615, 0.195]
2025-03-18 20:31:02 - root - INFO - Planning and movingJ ur5e_2 from [-1.57315864 -2.29099319 -1.37663034 -1.04967717  1.57079807 -0.0023631 ] to [-1.3203533745004907, -2.259385298676048, -1.4343814841245606, -1.0186216064079558, 1.5707962736652297, 0.2504429677388753]
2025-03-18 20:31:02 - root - INFO - MovingJ ur5e_2 from [-1.57315864 -2.29099319 -1.37663034 -1.04967717  1.57079807 -0.0023631 ] to [-1.3203533745004907, -2.259385298676048, -1.4343814841245606, -1.0186216064079558, 1.5707962736652297, 0.2504429677388753]
2025-03-18 20:31:03 - root - INFO - MovingL ur5e_2 from [-0.7839607  -0.61244463  0.19204851] to [-0.805      -0.615       0.08978449]
2025-03-18 20:31:05 - root - INFO - MovingJ ur5e_2 from [-1.32231856 -2.40314406 -1.47366215 -0.82800696  1.57080782  0.24877097] to [-1.35015899 -2.26661189 -1.42862643 -1.0221665   1.57025137  0.22150196]
2025-03-18 20:31:06 - root - INFO - Planning and moving to xyz facing down ur5e_2 from [-1.33623327 -2.3389145  -1.45221777 -0.92578346  1.57082081  0.23508713] to [-1.3367849396476186, -2.213107078111324, -1.3817606890062057, -1.1175169683362534, 1.5707959864775596, 0.2340113416369885] target: [-0.79399211 -0.61121401  0.24112722]
2025-03-18 20:31:06 - root - INFO - Planning and movingJ ur5e_2 from [-1.33623327 -2.3389145  -1.45221777 -0.92578346  1.57082081  0.23508713] to [-1.3367849396476186, -2.213107078111324, -1.3817606890062057, -1.1175169683362534, 1.5707959864775596, 0.2340113416369885]
2025-03-18 20:31:06 - root - INFO - MovingJ ur5e_2 from [-1.33623327 -2.3389145  -1.45221777 -0.92578346  1.57082081  0.23508713] to [-1.3367849396476186, -2.213107078111324, -1.3817606890062057, -1.1175169683362534, 1.5707959864775596, 0.2340113416369885]
2025-03-18 20:31:08 - root - WARNING - Movement for ur5e_2 timed out before reaching the target joints.
2025-03-18 20:31:08 - root - INFO - pick up block at (-0.995, -0.615) start_height 0.195
2025-03-18 20:31:08 - root - INFO - Planning and moving to xyz facing down ur5e_2 from [-1.33677918 -2.21823151 -1.38365169 -1.11764728  1.57079629  0.23401366] to [-1.0747839738191773, -2.3362246664070287, -1.2937752995596745, -1.0823879750129077, 1.570796240401178, 0.4960123493699182] target: [-0.995, -0.615, 0.195]
2025-03-18 20:31:08 - root - INFO - Planning and movingJ ur5e_2 from [-1.33677918 -2.21823151 -1.38365169 -1.11764728  1.57079629  0.23401366] to [-1.0747839738191773, -2.3362246664070287, -1.2937752995596745, -1.0823879750129077, 1.570796240401178, 0.4960123493699182]
2025-03-18 20:31:08 - root - INFO - MovingJ ur5e_2 from [-1.33677918 -2.21823151 -1.38365169 -1.11764728  1.57079629  0.23401366] to [-1.0747839738191773, -2.3362246664070287, -1.2937752995596745, -1.0823879750129077, 1.570796240401178, 0.4960123493699182]
2025-03-18 20:31:09 - root - INFO - MovingL ur5e_2 from [-0.97217947 -0.61200347  0.19529285] to [-0.995 -0.615  0.095]
2025-03-18 20:31:10 - root - INFO - MovingJ ur5e_2 from [-1.07685182 -2.46858404 -1.33954429 -0.91412642  1.57076709  0.49396032] to [-1.10404864 -2.32810425 -1.3055783  -1.08688082  1.57080527  0.46658899]
2025-03-18 20:31:10 - root - INFO - Planning and moving to xyz facing down ur5e_2 from [-1.08828041 -2.41382571 -1.32648902 -0.98760808  1.57077802  0.48238726] to [-1.0888180222335733, -2.292940204842255, -1.2639582435287675, -1.1554902991699032, 1.570796306178091, 0.4819783092944314] target: [-0.98446912 -0.61267952  0.23324421]
2025-03-18 20:31:10 - root - INFO - Planning and movingJ ur5e_2 from [-1.08828041 -2.41382571 -1.32648902 -0.98760808  1.57077802  0.48238726] to [-1.0888180222335733, -2.292940204842255, -1.2639582435287675, -1.1554902991699032, 1.570796306178091, 0.4819783092944314]
2025-03-18 20:31:10 - root - INFO - MovingJ ur5e_2 from [-1.08828041 -2.41382571 -1.32648902 -0.98760808  1.57077802  0.48238726] to [-1.0888180222335733, -2.292940204842255, -1.2639582435287675, -1.1554902991699032, 1.570796306178091, 0.4819783092944314]
2025-03-18 20:31:12 - root - WARNING - Movement for ur5e_2 timed out before reaching the target joints.
2025-03-18 20:31:12 - root - INFO - put down block at (-0.805, -0.615) start_height 0.235
2025-03-18 20:31:12 - root - INFO - Planning and moving to xyz facing down ur5e_2 from [-1.08880929 -2.29822799 -1.26573893 -1.15535889  1.57079611  0.48198518] to [-1.3203533874170543, -2.2127561483739893, -1.3998029098858389, -1.099829262519847, 1.5707962678347522, 0.25044294015995194] target: [-0.805, -0.615, 0.235]
2025-03-18 20:31:12 - root - INFO - Planning and movingJ ur5e_2 from [-1.08880929 -2.29822799 -1.26573893 -1.15535889  1.57079611  0.48198518] to [-1.3203533874170543, -2.2127561483739893, -1.3998029098858389, -1.099829262519847, 1.5707962678347522, 0.25044294015995194]
2025-03-18 20:31:12 - root - INFO - MovingJ ur5e_2 from [-1.08880929 -2.29822799 -1.26573893 -1.15535889  1.57079611  0.48198518] to [-1.3203533874170543, -2.2127561483739893, -1.3998029098858389, -1.099829262519847, 1.5707962678347522, 0.25044294015995194]
2025-03-18 20:31:13 - root - INFO - MovingL ur5e_2 from [-0.82701904 -0.61232882  0.23046705] to [-0.805     -0.615      0.1293864]
2025-03-18 20:31:15 - root - INFO - MovingJ ur5e_2 from [-1.31831381 -2.34738566 -1.46504969 -0.90330333  1.57082339  0.25248992] to [-1.29126477 -2.22792328 -1.38443364 -1.10710995  1.57092004  0.27942254]
2025-03-18 20:31:15 - root - INFO - Planning and moving to xyz facing down ur5e_2 from [-1.30450607 -2.29033693 -1.42494946 -1.00783365  1.57080939  0.26626635] to [-1.3050630312512348, -2.179525822465156, -1.3336524958371119, -1.1992104314993552, 1.5707963064468768, 0.2657333008155031] target: [-0.81710442 -0.61144657  0.27882547]
2025-03-18 20:31:15 - root - INFO - Planning and movingJ ur5e_2 from [-1.30450607 -2.29033693 -1.42494946 -1.00783365  1.57080939  0.26626635] to [-1.3050630312512348, -2.179525822465156, -1.3336524958371119, -1.1992104314993552, 1.5707963064468768, 0.2657333008155031]
2025-03-18 20:31:15 - root - INFO - MovingJ ur5e_2 from [-1.30450607 -2.29033693 -1.42494946 -1.00783365  1.57080939  0.26626635] to [-1.3050630312512348, -2.179525822465156, -1.3336524958371119, -1.1992104314993552, 1.5707963064468768, 0.2657333008155031]
2025-03-18 20:31:17 - root - WARNING - Movement for ur5e_2 timed out before reaching the target joints.
2025-03-18 20:31:17 - root - INFO - pick up block at (-0.995, -0.615) start_height 0.155
2025-03-18 20:31:17 - root - INFO - Planning and moving to xyz facing down ur5e_2 from [-1.30505709 -2.18453577 -1.33564785 -1.19934149  1.57079646  0.26573994] to [-1.0747838184445293, -2.385148289324475, -1.3192350259040104, -1.0080045102118436, 1.5707962284844375, 0.4960125044299488] target: [-0.995, -0.615, 0.155]
2025-03-18 20:31:17 - root - INFO - Planning and movingJ ur5e_2 from [-1.30505709 -2.18453577 -1.33564785 -1.19934149  1.57079646  0.26573994] to [-1.0747838184445293, -2.385148289324475, -1.3192350259040104, -1.0080045102118436, 1.5707962284844375, 0.4960125044299488]
2025-03-18 20:31:18 - root - INFO - MovingJ ur5e_2 from [-1.30505709 -2.18453577 -1.33564785 -1.19934149  1.57079646  0.26573994] to [-1.0747838184445293, -2.385148289324475, -1.3192350259040104, -1.0080045102118436, 1.5707962284844375, 0.4960125044299488]
2025-03-18 20:31:18 - root - INFO - MovingL ur5e_2 from [-0.9724571  -0.6114944   0.16594856] to [-0.995 -0.615  0.055]
2025-03-18 20:31:23 - root - WARNING - Linear movement for ur5e_2 completed, but target not reached within tolerance after 400 attempts
2025-03-18 20:31:23 - root - INFO - MovingJ ur5e_2 from [-1.07487256 -2.52908547 -1.33468255 -0.83683033  1.57083118  0.4960152 ] to [-1.10402294 -2.36475404 -1.32302387 -1.03296684  1.5708044   0.46662335]
2025-03-18 20:31:24 - root - INFO - Planning and moving to xyz facing down ur5e_2 from [-1.08914256 -2.45053136 -1.33543484 -0.93521284  1.5709879   0.48126312] to [-1.089651506967185, -2.3208386598964976, -1.2861063915563637, -1.1054437056759094, 1.5707963068362363, 0.48114482449990736] target: [-0.98406567 -0.61212014  0.20752738]
2025-03-18 20:31:24 - root - INFO - Planning and movingJ ur5e_2 from [-1.08914256 -2.45053136 -1.33543484 -0.93521284  1.5709879   0.48126312] to [-1.089651506967185, -2.3208386598964976, -1.2861063915563637, -1.1054437056759094, 1.5707963068362363, 0.48114482449990736]
2025-03-18 20:31:24 - root - INFO - MovingJ ur5e_2 from [-1.08914256 -2.45053136 -1.33543484 -0.93521284  1.5709879   0.48126312] to [-1.089651506967185, -2.3208386598964976, -1.2861063915563637, -1.1054437056759094, 1.5707963068362363, 0.48114482449990736]
2025-03-18 20:31:26 - root - INFO - put down block at (-0.615, -0.615) start_height 0.155
2025-03-18 20:31:26 - root - INFO - Planning and moving to xyz facing down ur5e_2 from [-1.08962148 -2.32275428 -1.28554584 -1.10249383  1.57080863  0.48115014] to [-1.5867094301499507, -2.338121386972165, -1.4096950479132035, -0.9645722634176596, 1.5707963015570412, -0.015913101928094708] target: [-0.615, -0.615, 0.155]
2025-03-18 20:31:26 - root - INFO - Planning and movingJ ur5e_2 from [-1.08962148 -2.32275428 -1.28554584 -1.10249383  1.57080863  0.48115014] to [-1.5867094301499507, -2.338121386972165, -1.4096950479132035, -0.9645722634176596, 1.5707963015570412, -0.015913101928094708]
2025-03-18 20:31:26 - root - INFO - MovingJ ur5e_2 from [-1.08962148 -2.32275428 -1.28554584 -1.10249383  1.57080863  0.48115014] to [-1.5867094301499507, -2.338121386972165, -1.4096950479132035, -0.9645722634176596, 1.5707963015570412, -0.015913101928094708]
2025-03-18 20:31:27 - root - INFO - MovingL ur5e_2 from [-0.63669974 -0.60845266  0.16001241] to [-0.615      -0.615       0.06967112]
2025-03-18 20:31:29 - root - INFO - MovingJ ur5e_2 from [-1.5860149  -2.47058957 -1.42860687 -0.81609811  1.57087979 -0.01536054] to [-1.55685688 -2.33592807 -1.40066448 -0.96847122  1.5733882   0.00921047]
2025-03-18 20:31:29 - root - INFO - Planning and moving to xyz facing down ur5e_2 from [-1.57583713 -2.42792158 -1.4200433  -0.86983479  1.57087749 -0.01536049] to [-1.5763719916953423, -2.28891829482262, -1.3770957820275218, -1.0463708184196476, 1.5707960062398936, -0.005575723638438281] target: [-0.62238578 -0.61173959  0.19623238]
2025-03-18 20:31:29 - root - INFO - Planning and movingJ ur5e_2 from [-1.57583713 -2.42792158 -1.4200433  -0.86983479  1.57087749 -0.01536049] to [-1.5763719916953423, -2.28891829482262, -1.3770957820275218, -1.0463708184196476, 1.5707960062398936, -0.005575723638438281]
2025-03-18 20:31:29 - root - INFO - MovingJ ur5e_2 from [-1.57583713 -2.42792158 -1.4200433  -0.86983479  1.57087749 -0.01536049] to [-1.5763719916953423, -2.28891829482262, -1.3770957820275218, -1.0463708184196476, 1.5707960062398936, -0.005575723638438281]
2025-03-18 20:31:31 - root - WARNING - Movement for ur5e_2 timed out before reaching the target joints.
2025-03-18 20:31:31 - root - INFO - pick up block at (-0.805, -0.615) start_height 0.235
2025-03-18 20:31:31 - root - INFO - Planning and moving to xyz facing down ur5e_2 from [-1.57636553 -2.2943802  -1.37888608 -1.04645002  1.57079718 -0.00560147] to [-1.320353241155618, -2.2127557013388532, -1.3998038848918635, -1.0998286839662452, 1.5707962648323661, 0.2504431030575556] target: [-0.805, -0.615, 0.235]
2025-03-18 20:31:31 - root - INFO - Planning and movingJ ur5e_2 from [-1.57636553 -2.2943802  -1.37888608 -1.04645002  1.57079718 -0.00560147] to [-1.320353241155618, -2.2127557013388532, -1.3998038848918635, -1.0998286839662452, 1.5707962648323661, 0.2504431030575556]
2025-03-18 20:31:31 - root - INFO - MovingJ ur5e_2 from [-1.57636553 -2.2943802  -1.37888608 -1.04645002  1.57079718 -0.00560147] to [-1.320353241155618, -2.2127557013388532, -1.3998038848918635, -1.0998286839662452, 1.5707962648323661, 0.2504431030575556]
2025-03-18 20:31:32 - root - INFO - MovingL ur5e_2 from [-0.78447403 -0.61243613  0.22594135] to [-0.805 -0.615  0.135]
2025-03-18 20:31:34 - root - INFO - MovingJ ur5e_2 from [-1.3225338  -2.34230319 -1.46647947 -0.91573633  1.57080047  0.24825798] to [-1.34952987 -2.22688618 -1.39903679 -1.09423867  1.57080571  0.22113121]
2025-03-18 20:31:34 - root - INFO - Planning and moving to xyz facing down ur5e_2 from [-1.33483517 -2.2937739  -1.43689877 -0.99792564  1.57081406  0.23583481] to [-1.335393672010347, -2.179187723791772, -1.3521897982456372, -1.181011238705832, 1.5707963073224305, 0.2354026599506393] target: [-0.79464119 -0.61273923  0.2722801 ]
2025-03-18 20:31:34 - root - INFO - Planning and movingJ ur5e_2 from [-1.33483517 -2.2937739  -1.43689877 -0.99792564  1.57081406  0.23583481] to [-1.335393672010347, -2.179187723791772, -1.3521897982456372, -1.181011238705832, 1.5707963073224305, 0.2354026599506393]
2025-03-18 20:31:34 - root - INFO - MovingJ ur5e_2 from [-1.33483517 -2.2937739  -1.43689877 -0.99792564  1.57081406  0.23583481] to [-1.335393672010347, -2.179187723791772, -1.3521897982456372, -1.181011238705832, 1.5707963073224305, 0.2354026599506393]
2025-03-18 20:31:36 - root - WARNING - Movement for ur5e_2 timed out before reaching the target joints.
2025-03-18 20:31:36 - root - INFO - put down block at (-0.615, -0.615) start_height 0.195
2025-03-18 20:31:36 - root - INFO - Planning and moving to xyz facing down ur5e_2 from [-1.33538615 -2.1839395  -1.35399535 -1.18096731  1.57079665  0.2354086 ] to [-1.58670882186405, -2.286705139844435, -1.3847567615360816, -1.0409262606023877, 1.5707962547799337, -0.015912492940777387] target: [-0.615, -0.615, 0.195]
2025-03-18 20:31:36 - root - INFO - Planning and movingJ ur5e_2 from [-1.33538615 -2.1839395  -1.35399535 -1.18096731  1.57079665  0.2354086 ] to [-1.58670882186405, -2.286705139844435, -1.3847567615360816, -1.0409262606023877, 1.5707962547799337, -0.015912492940777387]
2025-03-18 20:31:36 - root - INFO - MovingJ ur5e_2 from [-1.33538615 -2.1839395  -1.35399535 -1.18096731  1.57079665  0.2354086 ] to [-1.58670882186405, -2.286705139844435, -1.3847567615360816, -1.0409262606023877, 1.5707962547799337, -0.015912492940777387]
2025-03-18 20:31:37 - root - INFO - MovingL ur5e_2 from [-0.6357425  -0.61229782  0.1995141 ] to [-0.615      -0.615       0.08978449]
2025-03-18 20:31:39 - root - INFO - MovingJ ur5e_2 from [-1.58489404 -2.42947139 -1.42674625 -0.85652637  1.57081164 -0.01403604] to [-1.55777852 -2.27943006 -1.38264243 -1.05727646  1.57094074  0.01285868]
2025-03-18 20:31:39 - root - INFO - Planning and moving to xyz facing down ur5e_2 from [-1.57131355e+00 -2.35840674e+00 -1.40571822e+00 -9.57542578e-01
  1.57079728e+00 -5.39676700e-04] to [-1.571864098635305, -2.236332542411477, -1.3352948417438602, -1.140761375806576, 1.570796307174865, -0.0010677668361148455] target: [-0.62562838 -0.61135452  0.24335832]
2025-03-18 20:31:39 - root - INFO - Planning and movingJ ur5e_2 from [-1.57131355e+00 -2.35840674e+00 -1.40571822e+00 -9.57542578e-01
  1.57079728e+00 -5.39676700e-04] to [-1.571864098635305, -2.236332542411477, -1.3352948417438602, -1.140761375806576, 1.570796307174865, -0.0010677668361148455]
2025-03-18 20:31:39 - root - INFO - MovingJ ur5e_2 from [-1.57131355e+00 -2.35840674e+00 -1.40571822e+00 -9.57542578e-01
  1.57079728e+00 -5.39676700e-04] to [-1.571864098635305, -2.236332542411477, -1.3352948417438602, -1.140761375806576, 1.570796307174865, -0.0010677668361148455]
2025-03-18 20:31:41 - root - WARNING - Movement for ur5e_2 timed out before reaching the target joints.
2025-03-18 20:31:41 - root - INFO - pick up block at (-0.805, -0.615) start_height 0.195
2025-03-18 20:31:41 - root - INFO - Planning and moving to xyz facing down ur5e_2 from [-1.57185766e+00 -2.24159811e+00 -1.33722438e+00 -1.14085400e+00
  1.57079631e+00 -1.06048574e-03] to [-1.3203533007103008, -2.2593848788472326, -1.4343824884893943, -1.0186209605339769, 1.5707962693337858, 0.25044304379924254] target: [-0.805, -0.615, 0.195]
2025-03-18 20:31:41 - root - INFO - Planning and movingJ ur5e_2 from [-1.57185766e+00 -2.24159811e+00 -1.33722438e+00 -1.14085400e+00
  1.57079631e+00 -1.06048574e-03] to [-1.3203533007103008, -2.2593848788472326, -1.4343824884893943, -1.0186209605339769, 1.5707962693337858, 0.25044304379924254]
2025-03-18 20:31:41 - root - INFO - MovingJ ur5e_2 from [-1.57185766e+00 -2.24159811e+00 -1.33722438e+00 -1.14085400e+00
  1.57079631e+00 -1.06048574e-03] to [-1.3203533007103008, -2.2593848788472326, -1.4343824884893943, -1.0186209605339769, 1.5707962693337858, 0.25044304379924254]
2025-03-18 20:31:42 - root - INFO - MovingL ur5e_2 from [-0.78482707 -0.61253776  0.19565251] to [-0.805 -0.615  0.095]
2025-03-18 20:31:44 - root - INFO - MovingJ ur5e_2 from [-1.32230579 -2.40036643 -1.47682444 -0.84167434  1.57075183  0.24857629] to [-1.3490099  -2.26225704 -1.42488739 -1.03314967  1.57080527  0.221651  ]
2025-03-18 20:31:44 - root - INFO - Planning and moving to xyz facing down ur5e_2 from [-1.3353342  -2.33675108 -1.4524536  -0.93622065  1.57079147  0.23533194] to [-1.3358909961353804, -2.210402983167463, -1.3852879509734317, -1.1166939167373646, 1.5707959957011337, 0.23490528579041617] target: [-0.79438727 -0.61227877  0.24152406]
2025-03-18 20:31:44 - root - INFO - Planning and movingJ ur5e_2 from [-1.3353342  -2.33675108 -1.4524536  -0.93622065  1.57079147  0.23533194] to [-1.3358909961353804, -2.210402983167463, -1.3852879509734317, -1.1166939167373646, 1.5707959957011337, 0.23490528579041617]
2025-03-18 20:31:44 - root - INFO - MovingJ ur5e_2 from [-1.3353342  -2.33675108 -1.4524536  -0.93622065  1.57079147  0.23533194] to [-1.3358909961353804, -2.210402983167463, -1.3852879509734317, -1.1166939167373646, 1.5707959957011337, 0.23490528579041617]
2025-03-18 20:31:46 - root - WARNING - Movement for ur5e_2 timed out before reaching the target joints.
2025-03-18 20:31:46 - root - INFO - put down block at (-0.995, -0.615) start_height 0.155
2025-03-18 20:31:46 - root - INFO - Planning and moving to xyz facing down ur5e_2 from [-1.33588032 -2.21442346 -1.3864627  -1.11621363  1.57079637  0.23491145] to [-1.0747838199461461, -2.3851481559593197, -1.319235246656565, -1.0080044199562317, 1.5707962281112864, 0.49601249882926773] target: [-0.995, -0.615, 0.155]
2025-03-18 20:31:46 - root - INFO - Planning and movingJ ur5e_2 from [-1.33588032 -2.21442346 -1.3864627  -1.11621363  1.57079637  0.23491145] to [-1.0747838199461461, -2.3851481559593197, -1.319235246656565, -1.0080044199562317, 1.5707962281112864, 0.49601249882926773]
2025-03-18 20:31:46 - root - INFO - MovingJ ur5e_2 from [-1.33588032 -2.21442346 -1.3864627  -1.11621363  1.57079637  0.23491145] to [-1.0747838199461461, -2.3851481559593197, -1.319235246656565, -1.0080044199562317, 1.5707962281112864, 0.49601249882926773]
2025-03-18 20:31:47 - root - INFO - MovingL ur5e_2 from [-0.97264811 -0.61148886  0.16140466] to [-0.995      -0.615       0.06977143]
2025-03-18 20:31:49 - root - INFO - MovingJ ur5e_2 from [-1.07672109 -2.51411842 -1.34368523 -0.87357508  1.5707442   0.49412826] to [-1.10370978 -2.37031546 -1.32713934 -1.01945673  1.57017354  0.4681328 ]
2025-03-18 20:31:49 - root - INFO - Planning and moving to xyz facing down ur5e_2 from [-1.08575366 -2.47016153 -1.34492408 -0.92319322  1.57074646  0.48536617] to [-1.0862936776060619, -2.332875411947834, -1.3134948498937642, -1.06601476402773, 1.570796011274077, 0.484502605139995] target: [-0.984856   -0.6159458   0.19034207]
2025-03-18 20:31:49 - root - INFO - Planning and movingJ ur5e_2 from [-1.08575366 -2.47016153 -1.34492408 -0.92319322  1.57074646  0.48536617] to [-1.0862936776060619, -2.332875411947834, -1.3134948498937642, -1.06601476402773, 1.570796011274077, 0.484502605139995]
2025-03-18 20:31:49 - root - INFO - MovingJ ur5e_2 from [-1.08575366 -2.47016153 -1.34492408 -0.92319322  1.57074646  0.48536617] to [-1.0862936776060619, -2.332875411947834, -1.3134948498937642, -1.06601476402773, 1.570796011274077, 0.484502605139995]
2025-03-18 20:31:51 - root - WARNING - Movement for ur5e_2 timed out before reaching the target joints.
2025-03-18 20:31:51 - root - INFO - pick up block at (-0.615, -0.615) start_height 0.195
2025-03-18 20:31:51 - root - INFO - Planning and moving to xyz facing down ur5e_2 from [-1.08628345 -2.33880934 -1.31533503 -1.06587236  1.57079487  0.48450672] to [-1.5867094380657047, -2.28670963065827, -1.3847467391076118, -1.0409323271432667, 1.5707963018616078, -0.015913110080259665] target: [-0.615, -0.615, 0.195]
2025-03-18 20:31:51 - root - INFO - Planning and movingJ ur5e_2 from [-1.08628345 -2.33880934 -1.31533503 -1.06587236  1.57079487  0.48450672] to [-1.5867094380657047, -2.28670963065827, -1.3847467391076118, -1.0409323271432667, 1.5707963018616078, -0.015913110080259665]
2025-03-18 20:31:51 - root - INFO - MovingJ ur5e_2 from [-1.08628345 -2.33880934 -1.31533503 -1.06587236  1.57079487  0.48450672] to [-1.5867094380657047, -2.28670963065827, -1.3847467391076118, -1.0409323271432667, 1.5707963018616078, -0.015913110080259665]
2025-03-18 20:31:52 - root - INFO - MovingL ur5e_2 from [-0.63594099 -0.61038055  0.19003006] to [-0.615 -0.615  0.095]
2025-03-18 20:31:53 - root - INFO - MovingJ ur5e_2 from [-1.58455982 -2.42549145 -1.42846378 -0.86842402  1.57081512 -0.01378412] to [-1.55751465 -2.29484018 -1.3823134  -1.04294006  1.57078083  0.01351725]
2025-03-18 20:31:54 - root - INFO - Planning and moving to xyz facing down ur5e_2 from [-1.57249552e+00 -2.37157010e+00 -1.40910200e+00 -9.46901004e-01
  1.57080277e+00 -1.57672724e-03] to [-1.5730412027575058, -2.2453066381139974, -1.3473152900005985, -1.11976288947728, 1.5707959936107772, -0.002244921072255359] target: [-0.62478046 -0.61201634  0.23354646]
2025-03-18 20:31:54 - root - INFO - Planning and movingJ ur5e_2 from [-1.57249552e+00 -2.37157010e+00 -1.40910200e+00 -9.46901004e-01
  1.57080277e+00 -1.57672724e-03] to [-1.5730412027575058, -2.2453066381139974, -1.3473152900005985, -1.11976288947728, 1.5707959936107772, -0.002244921072255359]
2025-03-18 20:31:54 - root - INFO - MovingJ ur5e_2 from [-1.57249552e+00 -2.37157010e+00 -1.40910200e+00 -9.46901004e-01
  1.57080277e+00 -1.57672724e-03] to [-1.5730412027575058, -2.2453066381139974, -1.3473152900005985, -1.11976288947728, 1.5707959936107772, -0.002244921072255359]
2025-03-18 20:31:56 - root - WARNING - Movement for ur5e_2 timed out before reaching the target joints.
2025-03-18 20:31:56 - root - INFO - put down block at (-0.995, -0.615) start_height 0.195
2025-03-18 20:31:56 - root - INFO - Planning and moving to xyz facing down ur5e_2 from [-1.57303314e+00 -2.25035511e+00 -1.34904437e+00 -1.11968422e+00
  1.57079621e+00 -2.23473077e-03] to [-1.0747847657247114, -2.336231534723685, -1.2937603076078008, -1.0823968140342586, 1.5707962977608874, 0.4960115671267441] target: [-0.995, -0.615, 0.195]
2025-03-18 20:31:56 - root - INFO - Planning and movingJ ur5e_2 from [-1.57303314e+00 -2.25035511e+00 -1.34904437e+00 -1.11968422e+00
  1.57079621e+00 -2.23473077e-03] to [-1.0747847657247114, -2.336231534723685, -1.2937603076078008, -1.0823968140342586, 1.5707962977608874, 0.4960115671267441]
2025-03-18 20:31:56 - root - INFO - MovingJ ur5e_2 from [-1.57303314e+00 -2.25035511e+00 -1.34904437e+00 -1.11968422e+00
  1.57079621e+00 -2.23473077e-03] to [-1.0747847657247114, -2.336231534723685, -1.2937603076078008, -1.0823968140342586, 1.5707962977608874, 0.4960115671267441]
2025-03-18 20:31:57 - root - INFO - MovingL ur5e_2 from [-0.97314601 -0.6098394   0.19274268] to [-0.995      -0.615       0.08978449]
2025-03-18 20:31:59 - root - INFO - MovingJ ur5e_2 from [-1.07684578 -2.47377084 -1.33706596 -0.90343712  1.57078387  0.49399285] to [-1.10417576 -2.33607466 -1.2985089  -1.08498974  1.57063755  0.4667091 ]
2025-03-18 20:31:59 - root - INFO - Planning and moving to xyz facing down ur5e_2 from [-1.08929026 -2.41490998 -1.32045279 -0.98679889  1.57080045  0.48149788] to [-1.0898233978033496, -2.295612812541324, -1.2541009845042645, -1.162674942329802, 1.570796305480369, 0.4809729338107346] target: [-0.98466346 -0.6106996   0.23507496]
2025-03-18 20:31:59 - root - INFO - Planning and movingJ ur5e_2 from [-1.08929026 -2.41490998 -1.32045279 -0.98679889  1.57080045  0.48149788] to [-1.0898233978033496, -2.295612812541324, -1.2541009845042645, -1.162674942329802, 1.570796305480369, 0.4809729338107346]
2025-03-18 20:31:59 - root - INFO - MovingJ ur5e_2 from [-1.08929026 -2.41490998 -1.32045279 -0.98679889  1.57080045  0.48149788] to [-1.0898233978033496, -2.295612812541324, -1.2541009845042645, -1.162674942329802, 1.570796305480369, 0.4809729338107346]
2025-03-18 20:32:01 - root - WARNING - Movement for ur5e_2 timed out before reaching the target joints.
2025-03-18 20:32:01 - root - INFO - pick up block at (-0.805, -0.615) start_height 0.155
2025-03-18 20:32:01 - root - INFO - Planning and moving to xyz facing down ur5e_2 from [-1.08981653 -2.30116248 -1.25605872 -1.16272404  1.57079636  0.48098092] to [-1.3203532517596799, -2.3122357353508054, -1.459148761531374, -0.9410036719484296, 1.5707962565881457, 0.2504430596930275] target: [-0.805, -0.615, 0.155]
2025-03-18 20:32:01 - root - INFO - Planning and movingJ ur5e_2 from [-1.08981653 -2.30116248 -1.25605872 -1.16272404  1.57079636  0.48098092] to [-1.3203532517596799, -2.3122357353508054, -1.459148761531374, -0.9410036719484296, 1.5707962565881457, 0.2504430596930275]
2025-03-18 20:32:01 - root - INFO - MovingJ ur5e_2 from [-1.08981653 -2.30116248 -1.25605872 -1.16272404  1.57079636  0.48098092] to [-1.3203532517596799, -2.3122357353508054, -1.459148761531374, -0.9410036719484296, 1.5707962565881457, 0.2504430596930275]
2025-03-18 20:32:02 - root - INFO - MovingL ur5e_2 from [-0.82686525 -0.6118505   0.15958698] to [-0.805 -0.615  0.055]
2025-03-18 20:32:07 - root - WARNING - Linear movement for ur5e_2 completed, but target not reached within tolerance after 400 attempts
2025-03-18 20:32:07 - root - INFO - MovingJ ur5e_2 from [-1.32042221 -2.46687135 -1.47475814 -0.76086899  1.57081988  0.25044256] to [-1.29164087 -2.31588915 -1.43531212 -0.96929718  1.57078714  0.27929698]
2025-03-18 20:32:08 - root - INFO - Planning and moving to xyz facing down ur5e_2 from [-1.30524968 -2.39052009 -1.45474629 -0.87238835  1.5707246   0.26584364] to [-1.3058135645180944, -2.2532979223386205, -1.4042453045462853, -1.0548416781504923, 1.570796001296788, 0.26498271737018225] target: [-0.81676211 -0.61066593  0.20887158]
2025-03-18 20:32:08 - root - INFO - Planning and movingJ ur5e_2 from [-1.30524968 -2.39052009 -1.45474629 -0.87238835  1.5707246   0.26584364] to [-1.3058135645180944, -2.2532979223386205, -1.4042453045462853, -1.0548416781504923, 1.570796001296788, 0.26498271737018225]
2025-03-18 20:32:08 - root - INFO - MovingJ ur5e_2 from [-1.30524968 -2.39052009 -1.45474629 -0.87238835  1.5707246   0.26584364] to [-1.3058135645180944, -2.2532979223386205, -1.4042453045462853, -1.0548416781504923, 1.570796001296788, 0.26498271737018225]
2025-03-18 20:32:10 - root - INFO - put down block at (-0.615, -0.615) start_height 0.195
2025-03-18 20:32:10 - root - INFO - Planning and moving to xyz facing down ur5e_2 from [-1.30579458 -2.25629636 -1.40455803 -1.05339387  1.57079561  0.2649864 ] to [-1.586708760214022, -2.2867044890306176, -1.38475811851081, -1.0409254912626975, 1.5707962513551594, -0.015912437081376973] target: [-0.615, -0.615, 0.195]
2025-03-18 20:32:10 - root - INFO - Planning and movingJ ur5e_2 from [-1.30579458 -2.25629636 -1.40455803 -1.05339387  1.57079561  0.2649864 ] to [-1.586708760214022, -2.2867044890306176, -1.38475811851081, -1.0409254912626975, 1.5707962513551594, -0.015912437081376973]
2025-03-18 20:32:10 - root - INFO - MovingJ ur5e_2 from [-1.30579458 -2.25629636 -1.40455803 -1.05339387  1.57079561  0.2649864 ] to [-1.586708760214022, -2.2867044890306176, -1.38475811851081, -1.0409254912626975, 1.5707962513551594, -0.015912437081376973]
2025-03-18 20:32:10 - root - INFO - MovingL ur5e_2 from [-0.63640608 -0.61150905  0.19515066] to [-0.615      -0.615       0.08978449]
2025-03-18 20:32:12 - root - INFO - MovingJ ur5e_2 from [-1.58575829 -2.42626191 -1.4236424  -0.85022214  1.57097348 -0.01479246] to [-1.55702501 -2.28554553 -1.38628421 -1.04103259  1.5720773   0.01153987]
2025-03-18 20:32:13 - root - INFO - Planning and moving to xyz facing down ur5e_2 from [-1.57165178e+00 -2.36145006e+00 -1.40647408e+00 -9.44452678e-01
  1.57095968e+00 -1.84082959e-03] to [-1.5721790186513045, -2.2396812504750825, -1.3328461185655205, -1.139861383958884, 1.5707963065578445, -0.00138268674677877] target: [-0.62540072 -0.61042616  0.24215684]
2025-03-18 20:32:13 - root - INFO - Planning and movingJ ur5e_2 from [-1.57165178e+00 -2.36145006e+00 -1.40647408e+00 -9.44452678e-01
  1.57095968e+00 -1.84082959e-03] to [-1.5721790186513045, -2.2396812504750825, -1.3328461185655205, -1.139861383958884, 1.5707963065578445, -0.00138268674677877]
2025-03-18 20:32:13 - root - INFO - MovingJ ur5e_2 from [-1.57165178e+00 -2.36145006e+00 -1.40647408e+00 -9.44452678e-01
  1.57095968e+00 -1.84082959e-03] to [-1.5721790186513045, -2.2396812504750825, -1.3328461185655205, -1.139861383958884, 1.5707963065578445, -0.00138268674677877]
2025-03-18 20:32:15 - root - WARNING - Movement for ur5e_2 timed out before reaching the target joints.
2025-03-18 20:32:15 - root - INFO - pick up block at (-0.995, -0.615) start_height 0.195
2025-03-18 20:32:15 - root - INFO - Planning and moving to xyz facing down ur5e_2 from [-1.57217375e+00 -2.24490594e+00 -1.33475122e+00 -1.14001075e+00
  1.57079823e+00 -1.38810134e-03] to [-1.0747847611070975, -2.3362315002451997, -1.293760383613943, -1.0823967687409928, 1.5707962974224994, 0.49601157187867717] target: [-0.995, -0.615, 0.195]
2025-03-18 20:32:15 - root - INFO - Planning and movingJ ur5e_2 from [-1.57217375e+00 -2.24490594e+00 -1.33475122e+00 -1.14001075e+00
  1.57079823e+00 -1.38810134e-03] to [-1.0747847611070975, -2.3362315002451997, -1.293760383613943, -1.0823967687409928, 1.5707962974224994, 0.49601157187867717]
2025-03-18 20:32:15 - root - INFO - MovingJ ur5e_2 from [-1.57217375e+00 -2.24490594e+00 -1.33475122e+00 -1.14001075e+00
  1.57079823e+00 -1.38810134e-03] to [-1.0747847611070975, -2.3362315002451997, -1.293760383613943, -1.0823967687409928, 1.5707962974224994, 0.49601157187867717]
2025-03-18 20:32:16 - root - INFO - MovingL ur5e_2 from [-0.97345467 -0.60988696  0.19281502] to [-0.995 -0.615  0.095]
2025-03-18 20:32:18 - root - INFO - MovingJ ur5e_2 from [-1.07694108 -2.4692856  -1.33920046 -0.91520486  1.57077535  0.49384593] to [-1.10379719 -2.33617209 -1.29788657 -1.08632599  1.57081076  0.46675883]
2025-03-18 20:32:18 - root - INFO - Planning and moving to xyz facing down ur5e_2 from [-1.088227   -2.4176401  -1.32303249 -0.98799517  1.57078656  0.48239305] to [-1.088762790470038, -2.2964187702417287, -1.2616571996560153, -1.1543127779647078, 1.5707963062029353, 0.4820335410335391] target: [-0.98493573 -0.61187581  0.23184256]
2025-03-18 20:32:18 - root - INFO - Planning and movingJ ur5e_2 from [-1.088227   -2.4176401  -1.32303249 -0.98799517  1.57078656  0.48239305] to [-1.088762790470038, -2.2964187702417287, -1.2616571996560153, -1.1543127779647078, 1.5707963062029353, 0.4820335410335391]
2025-03-18 20:32:18 - root - INFO - MovingJ ur5e_2 from [-1.088227   -2.4176401  -1.32303249 -0.98799517  1.57078656  0.48239305] to [-1.088762790470038, -2.2964187702417287, -1.2616571996560153, -1.1543127779647078, 1.5707963062029353, 0.4820335410335391]
2025-03-18 20:32:20 - root - WARNING - Movement for ur5e_2 timed out before reaching the target joints.
2025-03-18 20:32:20 - root - INFO - put down block at (-0.805, -0.615) start_height 0.155
2025-03-18 20:32:20 - root - INFO - Planning and moving to xyz facing down ur5e_2 from [-1.08875409 -2.30171984 -1.26343335 -1.15418639  1.57079625  0.48203958] to [-1.320353268138202, -2.312235867184422, -1.4591484438854052, -0.941003877471111, 1.5707962579579131, 0.25044304462292916] target: [-0.805, -0.615, 0.155]
2025-03-18 20:32:20 - root - INFO - Planning and movingJ ur5e_2 from [-1.08875409 -2.30171984 -1.26343335 -1.15418639  1.57079625  0.48203958] to [-1.320353268138202, -2.312235867184422, -1.4591484438854052, -0.941003877471111, 1.5707962579579131, 0.25044304462292916]
2025-03-18 20:32:20 - root - INFO - MovingJ ur5e_2 from [-1.08875409 -2.30171984 -1.26343335 -1.15418639  1.57079625  0.48203958] to [-1.320353268138202, -2.312235867184422, -1.4591484438854052, -0.941003877471111, 1.5707962579579131, 0.25044304462292916]
2025-03-18 20:32:21 - root - INFO - MovingL ur5e_2 from [-0.82716663 -0.61194182  0.15972344] to [-0.805      -0.615       0.06966975]
2025-03-18 20:32:22 - root - INFO - MovingJ ur5e_2 from [-1.31813128 -2.45040893 -1.48195598 -0.80245554  1.57080826  0.25265243] to [-1.29121784 -2.31551866 -1.43592492 -0.96796838  1.57093838  0.27942942]
2025-03-18 20:32:23 - root - INFO - Planning and moving to xyz facing down ur5e_2 from [-1.30707143 -2.39940663 -1.46423486 -0.87100983  1.57080641  0.26366719] to [-1.3076271309209622, -2.257239717379688, -1.4264014642127671, -1.0287439843886546, 1.5707960229573614, 0.263169153079883] target: [-0.81445103 -0.61430064  0.19897444]
2025-03-18 20:32:23 - root - INFO - Planning and movingJ ur5e_2 from [-1.30707143 -2.39940663 -1.46423486 -0.87100983  1.57080641  0.26366719] to [-1.3076271309209622, -2.257239717379688, -1.4264014642127671, -1.0287439843886546, 1.5707960229573614, 0.263169153079883]
2025-03-18 20:32:23 - root - INFO - MovingJ ur5e_2 from [-1.30707143 -2.39940663 -1.46423486 -0.87100983  1.57080641  0.26366719] to [-1.3076271309209622, -2.257239717379688, -1.4264014642127671, -1.0287439843886546, 1.5707960229573614, 0.263169153079883]
2025-03-18 20:32:25 - root - WARNING - Movement for ur5e_2 timed out before reaching the target joints.
2025-03-18 20:32:25 - root - INFO - pick up block at (-0.995, -0.615) start_height 0.155
2025-03-18 20:32:25 - root - INFO - Planning and moving to xyz facing down ur5e_2 from [-1.30761852 -2.26271546 -1.42819925 -1.02870838  1.57079621  0.26317845] to [-1.0747842591323258, -2.3851519387104525, -1.319226865261819, -1.0080094285211134, 1.5707962612211979, 0.4960120698036594] target: [-0.995, -0.615, 0.155]
2025-03-18 20:32:25 - root - INFO - Planning and movingJ ur5e_2 from [-1.30761852 -2.26271546 -1.42819925 -1.02870838  1.57079621  0.26317845] to [-1.0747842591323258, -2.3851519387104525, -1.319226865261819, -1.0080094285211134, 1.5707962612211979, 0.4960120698036594]
2025-03-18 20:32:25 - root - INFO - MovingJ ur5e_2 from [-1.30761852 -2.26271546 -1.42819925 -1.02870838  1.57079621  0.26317845] to [-1.0747842591323258, -2.3851519387104525, -1.319226865261819, -1.0080094285211134, 1.5707962612211979, 0.4960120698036594]
2025-03-18 20:32:26 - root - INFO - MovingL ur5e_2 from [-0.97197704 -0.61284724  0.15559692] to [-0.995 -0.615  0.055]
2025-03-18 20:32:27 - root - INFO - MovingJ ur5e_2 from [-1.07648526 -2.52892532 -1.33919613 -0.84530449  1.57064711  0.49470454] to [-1.10377819 -2.37501281 -1.33450098 -1.0111299   1.5708043   0.46687082]
2025-03-18 20:32:28 - root - INFO - Planning and moving to xyz facing down ur5e_2 from [-1.08757723 -2.4700579  -1.34031173 -0.91383217  1.57068793  0.48325503] to [-1.0881230451285009, -2.3349992654861094, -1.3012435331169783, -1.0761420183823733, 1.5707959947381005, 0.4826732350162663] target: [-0.98473603 -0.61327069  0.19320518]
2025-03-18 20:32:28 - root - INFO - Planning and movingJ ur5e_2 from [-1.08757723 -2.4700579  -1.34031173 -0.91383217  1.57068793  0.48325503] to [-1.0881230451285009, -2.3349992654861094, -1.3012435331169783, -1.0761420183823733, 1.5707959947381005, 0.4826732350162663]
2025-03-18 20:32:28 - root - INFO - MovingJ ur5e_2 from [-1.08757723 -2.4700579  -1.34031173 -0.91383217  1.57068793  0.48325503] to [-1.0881230451285009, -2.3349992654861094, -1.3012435331169783, -1.0761420183823733, 1.5707959947381005, 0.4826732350162663]
2025-03-18 20:32:29 - root - WARNING - Movement for ur5e_2 timed out before reaching the target joints.
2025-03-18 20:32:29 - root - INFO - put down block at (-0.615, -0.615) start_height 0.235
2025-03-18 20:32:29 - root - INFO - Planning and moving to xyz facing down ur5e_2 from [-1.08811079 -2.33956377 -1.30235915 -1.07558482  1.57079458  0.48268353] to [-1.5867094047330352, -2.241494307191598, -1.3498552066180975, -1.1210391497519616, 1.5707962995527178, -0.01591307638770134] target: [-0.615, -0.615, 0.235]
2025-03-18 20:32:29 - root - INFO - Planning and movingJ ur5e_2 from [-1.08811079 -2.33956377 -1.30235915 -1.07558482  1.57079458  0.48268353] to [-1.5867094047330352, -2.241494307191598, -1.3498552066180975, -1.1210391497519616, 1.5707962995527178, -0.01591307638770134]
2025-03-18 20:32:29 - root - INFO - MovingJ ur5e_2 from [-1.08811079 -2.33956377 -1.30235915 -1.07558482  1.57079458  0.48268353] to [-1.5867094047330352, -2.241494307191598, -1.3498552066180975, -1.1210391497519616, 1.5707962995527178, -0.01591307638770134]
2025-03-18 20:32:31 - root - INFO - MovingL ur5e_2 from [-0.63570725 -0.60979219  0.2296044 ] to [-0.615      -0.615       0.12933949]
2025-03-18 20:32:32 - root - INFO - MovingJ ur5e_2 from [-1.58519838 -2.36847243 -1.41419355 -0.92304463  1.57080712 -0.01425291] to [-1.55793461 -2.25058184 -1.34796521 -1.1182893   1.5713856   0.01196675]
2025-03-18 20:32:33 - root - INFO - Planning and moving to xyz facing down ur5e_2 from [-1.57154628e+00 -2.31357094e+00 -1.38218707e+00 -1.02136826e+00
  1.57079363e+00 -1.09556779e-03] to [-1.57209609661267, -2.2065518074133306, -1.2870935902181295, -1.218743332769364, 1.5707963048963545, -0.0012997645325809805] target: [-0.62545957 -0.60980022  0.27929657]
2025-03-18 20:32:33 - root - INFO - Planning and movingJ ur5e_2 from [-1.57154628e+00 -2.31357094e+00 -1.38218707e+00 -1.02136826e+00
  1.57079363e+00 -1.09556779e-03] to [-1.57209609661267, -2.2065518074133306, -1.2870935902181295, -1.218743332769364, 1.5707963048963545, -0.0012997645325809805]
2025-03-18 20:32:33 - root - INFO - MovingJ ur5e_2 from [-1.57154628e+00 -2.31357094e+00 -1.38218707e+00 -1.02136826e+00
  1.57079363e+00 -1.09556779e-03] to [-1.57209609661267, -2.2065518074133306, -1.2870935902181295, -1.218743332769364, 1.5707963048963545, -0.0012997645325809805]
2025-03-18 20:32:35 - root - WARNING - Movement for ur5e_2 timed out before reaching the target joints.
2025-03-18 20:32:35 - root - INFO - pick up block at (-0.805, -0.615) start_height 0.155
2025-03-18 20:32:35 - root - INFO - Planning and moving to xyz facing down ur5e_2 from [-1.57209049e+00 -2.21166460e+00 -1.28909675e+00 -1.21888870e+00
  1.57079627e+00 -1.29734084e-03] to [-1.3203526966879697, -2.312233478235579, -1.4591541089969546, -0.9410002645574866, 1.5707962279329009, 0.2504436620815469] target: [-0.805, -0.615, 0.155]
2025-03-18 20:32:35 - root - INFO - Planning and movingJ ur5e_2 from [-1.57209049e+00 -2.21166460e+00 -1.28909675e+00 -1.21888870e+00
  1.57079627e+00 -1.29734084e-03] to [-1.3203526966879697, -2.312233478235579, -1.4591541089969546, -0.9410002645574866, 1.5707962279329009, 0.2504436620815469]
2025-03-18 20:32:35 - root - INFO - MovingJ ur5e_2 from [-1.57209049e+00 -2.21166460e+00 -1.28909675e+00 -1.21888870e+00
  1.57079627e+00 -1.29734084e-03] to [-1.3203526966879697, -2.312233478235579, -1.4591541089969546, -0.9410002645574866, 1.5707962279329009, 0.2504436620815469]
2025-03-18 20:32:36 - root - INFO - MovingL ur5e_2 from [-0.78677003 -0.6117182   0.16268393] to [-0.805 -0.615  0.055]
2025-03-18 20:32:38 - root - INFO - MovingJ ur5e_2 from [-1.32212916 -2.46661432 -1.47939053 -0.77590476  1.57078491  0.24870073] to [-1.34658201 -2.30677509 -1.44295579 -0.97066175  1.57080518  0.22407165]
2025-03-18 20:32:38 - root - INFO - Planning and moving to xyz facing down ur5e_2 from [-1.32211155 -2.39108521 -1.46235823 -0.87410745  1.57078505  0.24870073] to [-1.3226693887811258, -2.251531838290032, -1.417961233530917, -1.0428919851249905, 1.5707960137490813, 0.2481268943759564] target: [-0.80391252 -0.61264254  0.20528099]
2025-03-18 20:32:38 - root - INFO - Planning and movingJ ur5e_2 from [-1.32211155 -2.39108521 -1.46235823 -0.87410745  1.57078505  0.24870073] to [-1.3226693887811258, -2.251531838290032, -1.417961233530917, -1.0428919851249905, 1.5707960137490813, 0.2481268943759564]
2025-03-18 20:32:38 - root - INFO - MovingJ ur5e_2 from [-1.32211155 -2.39108521 -1.46235823 -0.87410745  1.57078505  0.24870073] to [-1.3226693887811258, -2.251531838290032, -1.417961233530917, -1.0428919851249905, 1.5707960137490813, 0.2481268943759564]
2025-03-18 20:32:40 - root - WARNING - Movement for ur5e_2 timed out before reaching the target joints.
2025-03-18 20:32:40 - root - INFO - put down block at (-0.615, -0.615) start_height 0.275
2025-03-18 20:32:40 - root - INFO - Planning and moving to xyz facing down ur5e_2 from [-1.32266092 -2.25661081 -1.41959056 -1.04279249  1.57079596  0.24813609] to [-1.5867085587456515, -2.2030094922985284, -1.3047682643681546, -1.2046101272055871, 1.5707962370781143, -0.01591223357634236] target: [-0.615, -0.615, 0.275]
2025-03-18 20:32:40 - root - INFO - Planning and movingJ ur5e_2 from [-1.32266092 -2.25661081 -1.41959056 -1.04279249  1.57079596  0.24813609] to [-1.5867085587456515, -2.2030094922985284, -1.3047682643681546, -1.2046101272055871, 1.5707962370781143, -0.01591223357634236]
2025-03-18 20:32:40 - root - INFO - MovingJ ur5e_2 from [-1.32266092 -2.25661081 -1.41959056 -1.04279249  1.57079596  0.24813609] to [-1.5867085587456515, -2.2030094922985284, -1.3047682643681546, -1.2046101272055871, 1.5707962370781143, -0.01591223357634236]
2025-03-18 20:32:41 - root - INFO - MovingL ur5e_2 from [-0.63631438 -0.61176017  0.2625574 ] to [-0.615      -0.615       0.16885259]
2025-03-18 20:32:42 - root - INFO - MovingJ ur5e_2 from [-1.58455036 -2.31857575 -1.39719485 -1.00017141  1.57081089 -0.01373161] to [-1.55698503 -2.21348388 -1.31921258 -1.18682734  1.57090345  0.01374129]
2025-03-18 20:32:43 - root - INFO - Planning and moving to xyz facing down ur5e_2 from [-1.57167147e+00 -2.27321281e+00 -1.36177250e+00 -1.08786211e+00
  1.57079355e+00 -8.59458715e-04] to [-1.5722224402284428, -2.1786889967054446, -1.2491548421030043, -1.2845448698508584, 1.5707963033065464, -0.0014261079878202798] target: [-0.62537075 -0.61134503  0.31069729]
2025-03-18 20:32:43 - root - INFO - Planning and movingJ ur5e_2 from [-1.57167147e+00 -2.27321281e+00 -1.36177250e+00 -1.08786211e+00
  1.57079355e+00 -8.59458715e-04] to [-1.5722224402284428, -2.1786889967054446, -1.2491548421030043, -1.2845448698508584, 1.5707963033065464, -0.0014261079878202798]
2025-03-18 20:32:43 - root - INFO - MovingJ ur5e_2 from [-1.57167147e+00 -2.27321281e+00 -1.36177250e+00 -1.08786211e+00
  1.57079355e+00 -8.59458715e-04] to [-1.5722224402284428, -2.1786889967054446, -1.2491548421030043, -1.2845448698508584, 1.5707963033065464, -0.0014261079878202798]
2025-03-18 20:32:45 - root - WARNING - Movement for ur5e_2 timed out before reaching the target joints.
