2025-03-18 20:24:58 - root - INFO - Logging setup complete for Hanoi_sim
2025-03-18 20:24:58 - root - INFO - pick up block at (-0.995, -0.615) start_height 0.325
2025-03-18 20:24:58 - root - INFO - Planning and moving to xyz facing down ur5e_2 from [-1.56417438e+00 -1.56694744e+00 -4.97276278e-04 -1.56588207e+00
  1.05265287e-05 -1.99549302e-06] to [1.7098805572977132, -0.9184798229389943, 1.1377791746378967, -1.7900979746264976, -1.5707960815598723, 0.139084211770464] target: [-0.995, -0.615, 0.325]
2025-03-18 20:24:58 - root - INFO - Planning and movingJ ur5e_2 from [-1.56417438e+00 -1.56694744e+00 -4.97276278e-04 -1.56588207e+00
  1.05265287e-05 -1.99549302e-06] to [1.7098805572977132, -0.9184798229389943, 1.1377791746378967, -1.7900979746264976, -1.5707960815598723, 0.139084211770464]
2025-03-18 20:24:58 - root - INFO - MovingJ ur5e_2 from [-1.56417438e+00 -1.56694744e+00 -4.97276278e-04 -1.56588207e+00
  1.05265287e-05 -1.99549302e-06] to [1.7098805572977132, -0.9184798229389943, 1.1377791746378967, -1.7900979746264976, -1.5707960815598723, 0.139084211770464]
2025-03-18 20:25:01 - root - INFO - MovingL ur5e_2 from [-0.97501834 -0.60727767  0.32953349] to [-0.995 -0.615  0.225]
2025-03-18 20:25:03 - root - INFO - MovingJ ur5e_2 from [ 1.70775898 -0.83093238  1.26377304 -1.98466219 -1.57068084  0.13716861] to [ 1.67989235 -0.91934418  1.12918759 -1.78743437 -1.55627094  0.13779841]
2025-03-18 20:25:04 - root - INFO - put down block at (-0.805, -0.615) start_height 0.11960910132867604
2025-03-18 20:25:04 - root - INFO - Planning and moving to xyz facing down ur5e_2 from [ 1.69370234 -0.86978831  1.19800982 -1.88462208 -1.57068332  0.13716867] to [1.4460602434871916, -0.7778585391607943, 1.472978049190358, -2.2659175106473537, -1.5707961781351718, -0.1247361489787325] target: [-0.805, -0.615, 0.11960910132867604]
2025-03-18 20:25:04 - root - INFO - Planning and movingJ ur5e_2 from [ 1.69370234 -0.86978831  1.19800982 -1.88462208 -1.57068332  0.13716867] to [1.4460602434871916, -0.7778585391607943, 1.472978049190358, -2.2659175106473537, -1.5707961781351718, -0.1247361489787325]
2025-03-18 20:25:04 - root - INFO - MovingJ ur5e_2 from [ 1.69370234 -0.86978831  1.19800982 -1.88462208 -1.57068332  0.13716867] to [1.4460602434871916, -0.7778585391607943, 1.472978049190358, -2.2659175106473537, -1.5707961781351718, -0.1247361489787325]
2025-03-18 20:25:05 - root - INFO - MovingL ur5e_2 from [-0.81798127 -0.61212715  0.12568411] to [-0.805     -0.615      0.0696091]
2025-03-18 20:25:06 - root - INFO - MovingJ ur5e_2 from [ 1.44820524 -0.69048484  1.4818193  -2.3381042  -1.57079709 -0.12248696] to [ 1.46479851 -0.7795604   1.45358911 -2.23629974 -1.57077231 -0.10477682]
2025-03-18 20:25:06 - root - INFO - pick up block at (-0.995, -0.615) start_height 0.245
2025-03-18 20:25:06 - root - INFO - Planning and moving to xyz facing down ur5e_2 from [ 1.44820014 -0.69025322  1.48179197 -2.33605663 -1.57079709 -0.12248696] to [1.7098799818245807, -0.8577432552499696, 1.2475239489275387, -1.960579675769498, -1.5707961030905893, 0.13908365068345513] target: [-0.995, -0.615, 0.245]
2025-03-18 20:25:06 - root - INFO - Planning and movingJ ur5e_2 from [ 1.44820014 -0.69025322  1.48179197 -2.33605663 -1.57079709 -0.12248696] to [1.7098799818245807, -0.8577432552499696, 1.2475239489275387, -1.960579675769498, -1.5707961030905893, 0.13908365068345513]
2025-03-18 20:25:06 - root - INFO - MovingJ ur5e_2 from [ 1.44820014 -0.69025322  1.48179197 -2.33605663 -1.57079709 -0.12248696] to [1.7098799818245807, -0.8577432552499696, 1.2475239489275387, -1.960579675769498, -1.5707961030905893, 0.13908365068345513]
2025-03-18 20:25:07 - root - INFO - MovingL ur5e_2 from [-0.97992824 -0.61138194  0.22490712] to [-0.995 -0.615  0.145]
