2025-03-18 19:15:43 - root - INFO - Logging setup complete for Hanoi_sim
2025-03-18 19:15:44 - root - INFO - pick up block at (-0.7, -0.6) start_height 0.15
2025-03-18 19:15:44 - root - INFO - Planning and moving to xyz facing down ur5e_2 from [-1.56417438e+00 -1.56694744e+00 -4.97276278e-04 -1.56588207e+00
  1.05265287e-05 -1.99549302e-06] to [-4.977828687619109, -0.7908730201841339, 1.4010090420316617, 4.102252003927146, 4.712389143407784, -0.26543974696011224] target: [-0.7, -0.6, 0.15]
2025-03-18 19:15:44 - root - INFO - Planning and movingJ ur5e_2 from [-1.56417438e+00 -1.56694744e+00 -4.97276278e-04 -1.56588207e+00
  1.05265287e-05 -1.99549302e-06] to [1.3053566195604773, -0.7908730201841339, 1.4010090420316617, 4.102252003927146, -1.570796163771802, -0.26543974696011224]
2025-03-18 19:15:44 - root - INFO - MovingJ ur5e_2 from [-1.56417438e+00 -1.56694744e+00 -4.97276278e-04 -1.56588207e+00
  1.05265287e-05 -1.99549302e-06] to [1.3053566195604773, -0.7908730201841339, 1.4010090420316617, 4.102252003927146, -1.570796163771802, -0.26543974696011224]
2025-03-18 19:15:48 - root - INFO - MovingL ur5e_2 from [-0.68871946 -0.59630867  0.15436989] to [-0.7  -0.6   0.05]
2025-03-18 19:15:49 - root - INFO - MovingJ ur5e_2 from [ 1.30495375 -0.64117924  1.41756979  3.94311709 -1.57052445 -0.26638794] to [ 1.29056934 -0.78955733  1.39538261  4.07331894 -1.56260371 -0.2640565 ]
2025-03-18 19:15:49 - root - INFO - put down block at (-0.6, -0.6) start_height 0.06
2025-03-18 19:15:49 - root - INFO - Planning and moving to xyz facing down ur5e_2 from [ 1.30494014 -0.69187064  1.4180478   3.9901135  -1.57052314 -0.2663883 ] to [1.1752840734555563, -0.6282191668948555, 1.3609044778542667, 3.979700452222752, -1.570796067185208, -0.3955122570076466] target: [-0.6, -0.6, 0.06]
2025-03-18 19:15:50 - root - INFO - Planning and movingJ ur5e_2 from [ 1.30494014 -0.69187064  1.4180478   3.9901135  -1.57052314 -0.2663883 ] to [1.1752840734555563, -0.6282191668948555, 1.3609044778542667, 3.979700452222752, -1.570796067185208, -0.3955122570076466]
2025-03-18 19:15:50 - root - INFO - MovingJ ur5e_2 from [ 1.30494014 -0.69187064  1.4180478   3.9901135  -1.57052314 -0.2663883 ] to [1.1752840734555563, -0.6282191668948555, 1.3609044778542667, 3.979700452222752, -1.570796067185208, -0.3955122570076466]
2025-03-18 19:15:50 - root - INFO - MovingL ur5e_2 from [-0.62233054 -0.59737822  0.06645441] to [-0.6        -0.6        -0.73510776]
2025-03-18 19:15:55 - root - WARNING - Linear movement for ur5e_2 completed, but target not reached within tolerance after 400 attempts
2025-03-18 19:15:56 - root - INFO - MovingJ ur5e_2 from [ 1.19746164 -0.36675317  0.84232274  4.18934641 -1.56945407 -0.37290192] to [ 1.20455105 -0.64210871  1.37042145  3.97982862 -1.56860868 -0.37032299]
2025-03-18 19:15:56 - root - INFO - pick up block at (-0.7, -1) start_height 0.15
2025-03-18 19:15:56 - root - INFO - Planning and moving to xyz facing down ur5e_2 from [ 1.19838553 -0.58410829  1.27078478  4.02009638 -1.56931656 -0.37253853] to [0.9812452277440222, -1.5126708472316772, 2.5976896921429575, 3.627369960318591, -1.5707962696460935, -0.5895511441518808] target: [-0.7, -1, 0.15]
2025-03-18 19:15:56 - root - INFO - Planning and movingJ ur5e_2 from [ 1.19838553 -0.58410829  1.27078478  4.02009638 -1.56931656 -0.37253853] to [0.9812452277440222, -1.5126708472316772, 2.5976896921429575, 3.627369960318591, -1.5707962696460935, -0.5895511441518808]
2025-03-18 19:15:56 - root - INFO - MovingJ ur5e_2 from [ 1.19838553 -0.58410829  1.27078478  4.02009638 -1.56931656 -0.37253853] to [0.9812452277440222, -1.5126708472316772, 2.5976896921429575, 3.627369960318591, -1.5707962696460935, -0.5895511441518808]
2025-03-18 19:15:58 - root - INFO - MovingL ur5e_2 from [-0.69518083 -0.98981848  0.1502103 ] to [-0.7  -1.    0.05]
2025-03-18 19:16:00 - root - INFO - MovingJ ur5e_2 from [ 0.98140647 -1.06620668  2.62800335  3.14298078 -1.57075478 -0.58941345] to [ 0.98634202 -1.48940021  2.56785891  3.63703068 -1.57050327 -0.58451892]
2025-03-18 19:16:01 - root - INFO - put down block at (-0.6, -0.6) start_height 0.26
2025-03-18 19:16:01 - root - INFO - Planning and moving to xyz facing down ur5e_2 from [ 0.98210431 -1.40394663  2.58031     3.53995647 -1.5707246  -0.58874389] to [1.1752867034573766, -0.8839039159541764, 1.2521723707601513, 4.344118852397702, -1.570796193830464, -0.3955095722823274] target: [-0.6, -0.6, 0.26]
2025-03-18 19:16:01 - root - INFO - Planning and movingJ ur5e_2 from [ 0.98210431 -1.40394663  2.58031     3.53995647 -1.5707246  -0.58874389] to [1.1752867034573766, -0.8839039159541764, 1.2521723707601513, 4.344118852397702, -1.570796193830464, -0.3955095722823274]
2025-03-18 19:16:01 - root - INFO - MovingJ ur5e_2 from [ 0.98210431 -1.40394663  2.58031     3.53995647 -1.5707246  -0.58874389] to [1.1752867034573766, -0.8839039159541764, 1.2521723707601513, 4.344118852397702, -1.570796193830464, -0.3955095722823274]
2025-03-18 19:16:02 - root - INFO - MovingL ur5e_2 from [-0.59941367 -0.60633456  0.25254737] to [-0.6        -0.6        -0.73510776]
