2025-03-18 21:51:20 - root - INFO - Logging setup complete for Hanoi_sim
2025-03-18 21:51:20 - root - INFO - Planning and moving to xyz facing down ur5e_1 from [-1.56417438e+00 -1.56694744e+00 -4.97276278e-04 -1.56588207e+00
  1.05265287e-05 -1.99549302e-06] to [1.1707369426414813, -0.46063664638957424, 1.03014667993419, 1.0012844462395634, 1.5707961156985644, -0.4000596411873032] target: [-0.115, -0.615, 0.05]
2025-03-18 21:51:20 - root - INFO - Planning and movingJ ur5e_1 from [-1.56417438e+00 -1.56694744e+00 -4.97276278e-04 -1.56588207e+00
  1.05265287e-05 -1.99549302e-06] to [1.1707369426414813, -0.46063664638957424, 1.03014667993419, 1.0012844462395634, 1.5707961156985644, -0.4000596411873032]
2025-03-18 21:51:20 - root - INFO - MovingJ ur5e_1 from [-1.56417438e+00 -1.56694744e+00 -4.97276278e-04 -1.56588207e+00
  1.05265287e-05 -1.99549302e-06] to [1.1707369426414813, -0.46063664638957424, 1.03014667993419, 1.0012844462395634, 1.5707961156985644, -0.4000596411873032]
2025-03-18 21:51:30 - root - WARNING - Movement for ur5e_1 timed out before reaching the target joints.
2025-03-18 21:51:30 - root - INFO - pick up block at (-0.995, -0.615) start_height 0.275
2025-03-18 21:51:31 - root - INFO - Planning and moving to xyz facing down ur5e_2 from [-1.56417434e+00 -1.56694666e+00 -4.97095821e-04 -1.56588194e+00
  1.04850672e-05 -1.99568861e-06] to [1.7098825401143969, -0.8840182817582452, -5.071502087952702, 4.384723706272724, -1.570796296207969, 0.13908620320351556] target: [-0.995, -0.615, 0.275]
2025-03-18 21:51:31 - root - INFO - Planning and movingJ ur5e_2 from [-1.56417434e+00 -1.56694666e+00 -4.97095821e-04 -1.56588194e+00
  1.04850672e-05 -1.99568861e-06] to [1.7098825401143969, -0.8840182817582452, 1.2116832192268845, 4.384723706272724, -1.570796296207969, 0.13908620320351556]
2025-03-18 21:51:31 - root - INFO - MovingJ ur5e_2 from [-1.56417434e+00 -1.56694666e+00 -4.97095821e-04 -1.56588194e+00
  1.04850672e-05 -1.99568861e-06] to [1.7098825401143969, -0.8840182817582452, 1.2116832192268845, 4.384723706272724, -1.570796296207969, 0.13908620320351556]
2025-03-18 21:51:35 - root - INFO - MovingL ur5e_2 from [-0.98468005 -0.60745619  0.27858233] to [-0.995 -0.615  0.175]
2025-03-18 21:51:36 - root - INFO - MovingJ ur5e_2 from [ 1.7086545  -0.77812513  1.30349076  4.2012427  -1.57072342  0.13799866] to [ 1.69372764 -0.88222009  1.20752172  4.3556496  -1.5629546   0.13839238]
2025-03-18 21:51:36 - root - INFO - Planning and moving to xyz facing down ur5e_2 from [ 1.70863698 -0.81024117  1.27125979  4.2556655  -1.57072329  0.13799866] to [1.7091789403608455, -0.8994229217921194, 1.1552897403783502, 4.456521844293374, -1.570796299266885, 0.1383826079795377] target: [-0.99491128 -0.61185904  0.30607876]
2025-03-18 21:51:36 - root - INFO - Planning and movingJ ur5e_2 from [ 1.70863698 -0.81024117  1.27125979  4.2556655  -1.57072329  0.13799866] to [1.7091789403608455, -0.8994229217921194, 1.1552897403783502, 4.456521844293374, -1.570796299266885, 0.1383826079795377]
2025-03-18 21:51:36 - root - INFO - MovingJ ur5e_2 from [ 1.70863698 -0.81024117  1.27125979  4.2556655  -1.57072329  0.13799866] to [1.7091789403608455, -0.8994229217921194, 1.1552897403783502, 4.456521844293374, -1.570796299266885, 0.1383826079795377]
2025-03-18 21:51:39 - root - WARNING - Movement for ur5e_2 timed out before reaching the target joints.
2025-03-18 21:51:39 - root - INFO - put down block at (-0.805, -0.615) start_height 0.155
2025-03-18 21:51:39 - root - INFO - Planning and moving to xyz facing down ur5e_2 from [ 1.7091726  -0.89446516  1.15717618  4.4565482  -1.57079555  0.13837829] to [1.4460599875751665, -0.8293648404669174, 1.4591673938099778, 4.082584518418817, -1.5707961591983663, -0.1247364136071527] target: [-0.805, -0.615, 0.155]
2025-03-18 21:51:39 - root - INFO - Planning and movingJ ur5e_2 from [ 1.7091726  -0.89446516  1.15717618  4.4565482  -1.57079555  0.13837829] to [1.4460599875751665, -0.8293648404669174, 1.4591673938099778, 4.082584518418817, -1.5707961591983663, -0.1247364136071527]
2025-03-18 21:51:39 - root - INFO - MovingJ ur5e_2 from [ 1.7091726  -0.89446516  1.15717618  4.4565482  -1.57079555  0.13837829] to [1.4460599875751665, -0.8293648404669174, 1.4591673938099778, 4.082584518418817, -1.5707961591983663, -0.1247364136071527]
2025-03-18 21:51:40 - root - INFO - MovingL ur5e_2 from [-0.8189614  -0.61185316  0.16140488] to [-0.805      -0.615       0.06962104]
2025-03-18 21:51:41 - root - INFO - MovingJ ur5e_2 from [ 1.44757291 -0.69137073  1.48207372  3.94412516 -1.57078744 -0.12320815] to [ 1.46620253 -0.82962394  1.43746924  4.11141025 -1.57067584 -0.10468488]
2025-03-18 21:51:42 - root - INFO - Planning and moving to xyz facing down ur5e_2 from [ 1.44755341 -0.7437514   1.4649401   4.01340858 -1.57078746 -0.12320815] to [1.448111967503703, -0.8857211348244372, 1.4266388412430895, 4.171467461024161, -1.5707960226765403, -0.12268431669702802] target: [-0.80632702 -0.61394688  0.1997228 ]
2025-03-18 21:51:42 - root - INFO - Planning and movingJ ur5e_2 from [ 1.44755341 -0.7437514   1.4649401   4.01340858 -1.57078746 -0.12320815] to [1.448111967503703, -0.8857211348244372, 1.4266388412430895, 4.171467461024161, -1.5707960226765403, -0.12268431669702802]
2025-03-18 21:51:42 - root - INFO - MovingJ ur5e_2 from [ 1.44755341 -0.7437514   1.4649401   4.01340858 -1.57078746 -0.12320815] to [1.448111967503703, -0.8857211348244372, 1.4266388412430895, 4.171467461024161, -1.5707960226765403, -0.12268431669702802]
2025-03-18 21:51:43 - root - WARNING - Movement for ur5e_2 timed out before reaching the target joints.
2025-03-18 21:51:43 - root - INFO - pick up block at (-0.995, -0.615) start_height 0.235
2025-03-18 21:51:43 - root - INFO - Planning and moving to xyz facing down ur5e_2 from [ 1.44810334 -0.88025054  1.4284394   4.17143067 -1.57079585 -0.12269408] to [1.7098817637597177, -0.8480836104251084, 1.2580612198330838, 4.302410349446537, -1.570796237000092, 0.13908542582202835] target: [-0.995, -0.615, 0.235]
2025-03-18 21:51:43 - root - INFO - Planning and movingJ ur5e_2 from [ 1.44810334 -0.88025054  1.4284394   4.17143067 -1.57079585 -0.12269408] to [1.7098817637597177, -0.8480836104251084, 1.2580612198330838, 4.302410349446537, -1.570796237000092, 0.13908542582202835]
2025-03-18 21:51:44 - root - INFO - MovingJ ur5e_2 from [ 1.44810334 -0.88025054  1.4284394   4.17143067 -1.57079585 -0.12269408] to [1.7098817637597177, -0.8480836104251084, 1.2580612198330838, 4.302410349446537, -1.570796237000092, 0.13908542582202835]
2025-03-18 21:51:44 - root - INFO - MovingL ur5e_2 from [-0.97354976 -0.61234427  0.22587065] to [-0.995 -0.615  0.135]
2025-03-18 21:51:46 - root - INFO - MovingJ ur5e_2 from [ 1.70760785 -0.73034703  1.32714275  4.12401924 -1.57082328  0.13684124] to [ 1.68062137 -0.84673269  1.27891938  4.28822406 -1.57078661  0.10968668]
2025-03-18 21:51:46 - root - INFO - Planning and moving to xyz facing down ur5e_2 from [ 1.69660958 -0.77401213  1.30849111  4.19188211 -1.57077313  0.12567115] to [1.6971476298821995, -0.8808798884218149, 1.22242543197724, 4.370843178609589, -1.5707963039424666, 0.12635129791199587] target: [-0.9857801  -0.61281758  0.26900988]
2025-03-18 21:51:46 - root - INFO - Planning and movingJ ur5e_2 from [ 1.69660958 -0.77401213  1.30849111  4.19188211 -1.57077313  0.12567115] to [1.6971476298821995, -0.8808798884218149, 1.22242543197724, 4.370843178609589, -1.5707963039424666, 0.12635129791199587]
2025-03-18 21:51:46 - root - INFO - MovingJ ur5e_2 from [ 1.69660958 -0.77401213  1.30849111  4.19188211 -1.57077313  0.12567115] to [1.6971476298821995, -0.8808798884218149, 1.22242543197724, 4.370843178609589, -1.5707963039424666, 0.12635129791199587]
2025-03-18 21:51:48 - root - WARNING - Movement for ur5e_2 timed out before reaching the target joints.
2025-03-18 21:51:48 - root - INFO - put down block at (-0.615, -0.615) start_height 0.155
2025-03-18 21:51:48 - root - INFO - Planning and moving to xyz facing down ur5e_2 from [ 1.69713688 -0.87668472  1.22370091  4.3703666  -1.57079639  0.12634144] to [1.1865418690771332, -0.8034718851672671, 1.4096964071349083, 4.106164109888599, -1.570796293564883, -0.38425446751068076] target: [-0.615, -0.615, 0.155]
2025-03-18 21:51:48 - root - INFO - Planning and movingJ ur5e_2 from [ 1.69713688 -0.87668472  1.22370091  4.3703666  -1.57079639  0.12634144] to [1.1865418690771332, -0.8034718851672671, 1.4096964071349083, 4.106164109888599, -1.570796293564883, -0.38425446751068076]
2025-03-18 21:51:48 - root - INFO - MovingJ ur5e_2 from [ 1.69713688 -0.87668472  1.22370091  4.3703666  -1.57079639  0.12634144] to [1.1865418690771332, -0.8034718851672671, 1.4096964071349083, 4.106164109888599, -1.570796293564883, -0.38425446751068076]
2025-03-18 21:51:49 - root - INFO - MovingL ur5e_2 from [-0.63541221 -0.60948122  0.15803507] to [-0.615      -0.615       0.06966975]
2025-03-18 21:51:51 - root - INFO - MovingJ ur5e_2 from [ 1.18847193 -0.66899011  1.43240755  3.96733623 -1.57074386 -0.3823743 ] to [ 1.21572736 -0.80401806  1.40007538  4.12049455 -1.57007656 -0.35618671]
2025-03-18 21:51:51 - root - INFO - Planning and moving to xyz facing down ur5e_2 from [ 1.19794526 -0.71177548  1.42229902  4.02134555 -1.57074601 -0.37321746] to [1.198500120425945, -0.8528001928822864, 1.3868779926734576, 4.178307290752551, -1.570796016603869, -0.37229616327481396] target: [-0.62361895 -0.61345955  0.1929978 ]
2025-03-18 21:51:51 - root - INFO - Planning and movingJ ur5e_2 from [ 1.19794526 -0.71177548  1.42229902  4.02134555 -1.57074601 -0.37321746] to [1.198500120425945, -0.8528001928822864, 1.3868779926734576, 4.178307290752551, -1.570796016603869, -0.37229616327481396]
2025-03-18 21:51:51 - root - INFO - MovingJ ur5e_2 from [ 1.19794526 -0.71177548  1.42229902  4.02134555 -1.57074601 -0.37321746] to [1.198500120425945, -0.8528001928822864, 1.3868779926734576, 4.178307290752551, -1.570796016603869, -0.37229616327481396]
2025-03-18 21:51:53 - root - WARNING - Movement for ur5e_2 timed out before reaching the target joints.
2025-03-18 21:51:53 - root - INFO - pick up block at (-0.805, -0.615) start_height 0.155
2025-03-18 21:51:53 - root - INFO - Planning and moving to xyz facing down ur5e_2 from [ 1.19849156 -0.84719767  1.38867405  4.17827449 -1.57079507 -0.37229953] to [1.4460617274303014, -0.8293555889236127, 1.4591456026410254, 4.082598349719003, -1.5707962691219852, -0.12473459885687589] target: [-0.805, -0.615, 0.155]
2025-03-18 21:51:53 - root - INFO - Planning and movingJ ur5e_2 from [ 1.19849156 -0.84719767  1.38867405  4.17827449 -1.57079507 -0.37229953] to [1.4460617274303014, -0.8293555889236127, 1.4591456026410254, 4.082598349719003, -1.5707962691219852, -0.12473459885687589]
2025-03-18 21:51:53 - root - INFO - MovingJ ur5e_2 from [ 1.19849156 -0.84719767  1.38867405  4.17827449 -1.57079507 -0.37229953] to [1.4460617274303014, -0.8293555889236127, 1.4591456026410254, 4.082598349719003, -1.5707962691219852, -0.12473459885687589]
2025-03-18 21:51:54 - root - INFO - MovingL ur5e_2 from [-0.78427506 -0.61303478  0.15458074] to [-0.805 -0.615  0.055]
2025-03-18 21:51:56 - root - INFO - MovingJ ur5e_2 from [ 1.44400189 -0.6750435   1.4796687   3.91709765 -1.57080604 -0.12673722] to [ 1.41730645 -0.82646978  1.45248302  4.09430123 -1.5707865  -0.15362819]
2025-03-18 21:51:56 - root - INFO - Planning and moving to xyz facing down ur5e_2 from [ 1.43243949 -0.73623852  1.46906826  3.994455   -1.57079487 -0.13840834] to [1.4329970334413729, -0.8797635416482018, 1.4309492380763325, 4.161199410298457, -1.5707960180467064, -0.13779925002553306] target: [-0.79551769 -0.61346258  0.19467293]
2025-03-18 21:51:56 - root - INFO - Planning and movingJ ur5e_2 from [ 1.43243949 -0.73623852  1.46906826  3.994455   -1.57079487 -0.13840834] to [1.4329970334413729, -0.8797635416482018, 1.4309492380763325, 4.161199410298457, -1.5707960180467064, -0.13779925002553306]
2025-03-18 21:51:56 - root - INFO - MovingJ ur5e_2 from [ 1.43243949 -0.73623852  1.46906826  3.994455   -1.57079487 -0.13840834] to [1.4329970334413729, -0.8797635416482018, 1.4309492380763325, 4.161199410298457, -1.5707960180467064, -0.13779925002553306]
2025-03-18 21:51:58 - root - WARNING - Movement for ur5e_2 timed out before reaching the target joints.
2025-03-18 21:51:58 - root - INFO - put down block at (-0.615, -0.615) start_height 0.195
2025-03-18 21:51:58 - root - INFO - Planning and moving to xyz facing down ur5e_2 from [ 1.43298816 -0.87462229  1.43254787  4.16107182 -1.57079613 -0.13780953] to [1.1865415403495605, -0.8548861223665913, 1.3847535559404915, 4.182520913736878, -1.5707962717066544, -0.3842547946926578] target: [-0.615, -0.615, 0.195]
2025-03-18 21:51:58 - root - INFO - Planning and movingJ ur5e_2 from [ 1.43298816 -0.87462229  1.43254787  4.16107182 -1.57079613 -0.13780953] to [1.1865415403495605, -0.8548861223665913, 1.3847535559404915, 4.182520913736878, -1.5707962717066544, -0.3842547946926578]
2025-03-18 21:51:58 - root - INFO - MovingJ ur5e_2 from [ 1.43298816 -0.87462229  1.43254787  4.16107182 -1.57079613 -0.13780953] to [1.1865415403495605, -0.8548861223665913, 1.3847535559404915, 4.182520913736878, -1.5707962717066544, -0.3842547946926578]
2025-03-18 21:51:59 - root - INFO - MovingL ur5e_2 from [-0.63636109 -0.61284496  0.19047658] to [-0.615      -0.615       0.08978449]
2025-03-18 21:52:01 - root - INFO - MovingJ ur5e_2 from [ 1.18855065 -0.71112501  1.42740404  3.99815697 -1.57078994 -0.38228768] to [ 1.21541874 -0.85257042  1.39178405  4.18042756 -1.57066859 -0.35549188]
2025-03-18 21:52:01 - root - INFO - Planning and moving to xyz facing down ur5e_2 from [ 1.20078699 -0.7718632   1.41209752  4.08184441 -1.57080611 -0.37001617] to [1.201332317594601, -0.8976274861757132, 1.3475676775895227, 4.262444556997344, -1.5707959880099711, -0.3694639632410443] target: [-0.62530126 -0.61217766  0.2342869 ]
2025-03-18 21:52:01 - root - INFO - Planning and movingJ ur5e_2 from [ 1.20078699 -0.7718632   1.41209752  4.08184441 -1.57080611 -0.37001617] to [1.201332317594601, -0.8976274861757132, 1.3475676775895227, 4.262444556997344, -1.5707959880099711, -0.3694639632410443]
2025-03-18 21:52:01 - root - INFO - MovingJ ur5e_2 from [ 1.20078699 -0.7718632   1.41209752  4.08184441 -1.57080611 -0.37001617] to [1.201332317594601, -0.8976274861757132, 1.3475676775895227, 4.262444556997344, -1.5707959880099711, -0.3694639632410443]
2025-03-18 21:52:03 - root - WARNING - Movement for ur5e_2 timed out before reaching the target joints.
2025-03-18 21:52:03 - root - INFO - pick up block at (-0.995, -0.615) start_height 0.195
2025-03-18 21:52:03 - root - INFO - Planning and moving to xyz facing down ur5e_2 from [ 1.2013257  -0.8923162   1.34947786  4.26251308 -1.57079613 -0.36947195] to [1.7098825615865167, -0.8053611860254537, 1.293760454226474, 4.223989384573194, -1.5707962975835297, 0.13908623116684296] target: [-0.995, -0.615, 0.195]
2025-03-18 21:52:03 - root - INFO - Planning and movingJ ur5e_2 from [ 1.2013257  -0.8923162   1.34947786  4.26251308 -1.57079613 -0.36947195] to [1.7098825615865167, -0.8053611860254537, 1.293760454226474, 4.223989384573194, -1.5707962975835297, 0.13908623116684296]
2025-03-18 21:52:03 - root - INFO - MovingJ ur5e_2 from [ 1.2013257  -0.8923162   1.34947786  4.26251308 -1.57079613 -0.36947195] to [1.7098825615865167, -0.8053611860254537, 1.293760454226474, 4.223989384573194, -1.5707962975835297, 0.13908623116684296]
2025-03-18 21:52:04 - root - INFO - MovingL ur5e_2 from [-0.9738587  -0.610124    0.19236304] to [-0.995 -0.615  0.095]
2025-03-18 21:52:06 - root - INFO - MovingJ ur5e_2 from [ 1.70798742 -0.67511141  1.33706119  4.0526788  -1.57093164  0.13734029] to [ 1.68070687 -0.8051509   1.29871259  4.22676202 -1.57078123  0.1096834 ]
2025-03-18 21:52:06 - root - INFO - Planning and moving to xyz facing down ur5e_2 from [ 1.69598467 -0.72919974  1.32091198  4.13070281 -1.57083456  0.12497376] to [1.6965134170469258, -0.8480469451602772, 1.2537783452810052, 4.306657342429548, -1.5707963054521854, 0.1257170852418038] target: [-0.98550409 -0.611259    0.23651757]
2025-03-18 21:52:06 - root - INFO - Planning and movingJ ur5e_2 from [ 1.69598467 -0.72919974  1.32091198  4.13070281 -1.57083456  0.12497376] to [1.6965134170469258, -0.8480469451602772, 1.2537783452810052, 4.306657342429548, -1.5707963054521854, 0.1257170852418038]
2025-03-18 21:52:06 - root - INFO - MovingJ ur5e_2 from [ 1.69598467 -0.72919974  1.32091198  4.13070281 -1.57083456  0.12497376] to [1.6965134170469258, -0.8480469451602772, 1.2537783452810052, 4.306657342429548, -1.5707963054521854, 0.1257170852418038]
2025-03-18 21:52:08 - root - INFO - put down block at (-0.805, -0.615) start_height 0.155
2025-03-18 21:52:08 - root - INFO - Planning and moving to xyz facing down ur5e_2 from [ 1.69649611 -0.84504078  1.25415754  4.30528376 -1.57079827  0.12570094] to [1.4460612946852291, -0.8293573279007441, 1.4591496379918114, 4.082595823506192, -1.5707962470391224, -0.12473506827769325] target: [-0.805, -0.615, 0.155]
2025-03-18 21:52:08 - root - INFO - Planning and movingJ ur5e_2 from [ 1.69649611 -0.84504078  1.25415754  4.30528376 -1.57079827  0.12570094] to [1.4460612946852291, -0.8293573279007441, 1.4591496379918114, 4.082595823506192, -1.5707962470391224, -0.12473506827769325]
2025-03-18 21:52:08 - root - INFO - MovingJ ur5e_2 from [ 1.69649611 -0.84504078  1.25415754  4.30528376 -1.57079827  0.12570094] to [1.4460612946852291, -0.8293573279007441, 1.4591496379918114, 4.082595823506192, -1.5707962470391224, -0.12473506827769325]
2025-03-18 21:52:09 - root - INFO - MovingL ur5e_2 from [-0.82574178 -0.6113788   0.16280525] to [-0.805      -0.615       0.06973269]
2025-03-18 21:52:11 - root - INFO - MovingJ ur5e_2 from [ 1.44745053 -0.69308927  1.47931231  3.93727357 -1.57071109 -0.1234564 ] to [ 1.47561785 -0.82992022  1.43603248  4.10553722 -1.56944776 -0.09747772]
2025-03-18 21:52:11 - root - INFO - Planning and moving to xyz facing down ur5e_2 from [ 1.45931168 -0.74641014  1.4622419   4.00889297 -1.57071296 -0.11247217] to [1.4598793343160652, -0.8865159983569166, 1.4180399009207156, 4.1808611316701025, -1.5707960109257315, -0.11091694986852894] target: [-0.81457031 -0.61293002  0.2031042 ]
2025-03-18 21:52:11 - root - INFO - Planning and movingJ ur5e_2 from [ 1.45931168 -0.74641014  1.4622419   4.00889297 -1.57071296 -0.11247217] to [1.4598793343160652, -0.8865159983569166, 1.4180399009207156, 4.1808611316701025, -1.5707960109257315, -0.11091694986852894]
2025-03-18 21:52:11 - root - INFO - MovingJ ur5e_2 from [ 1.45931168 -0.74641014  1.4622419   4.00889297 -1.57071296 -0.11247217] to [1.4598793343160652, -0.8865159983569166, 1.4180399009207156, 4.1808611316701025, -1.5707960109257315, -0.11091694986852894]
2025-03-18 21:52:13 - root - WARNING - Movement for ur5e_2 timed out before reaching the target joints.
2025-03-18 21:52:13 - root - INFO - pick up block at (-0.615, -0.615) start_height 0.195
2025-03-18 21:52:13 - root - INFO - Planning and moving to xyz facing down ur5e_2 from [ 1.45987178 -0.88113889  1.41984293  4.18088795 -1.57079467 -0.11092161] to [1.1865413144098271, -0.8548877485981785, 1.3847571751203982, 4.182518728794734, -1.5707962560310442, -0.3842550210226414] target: [-0.615, -0.615, 0.195]
2025-03-18 21:52:13 - root - INFO - Planning and movingJ ur5e_2 from [ 1.45987178 -0.88113889  1.41984293  4.18088795 -1.57079467 -0.11092161] to [1.1865413144098271, -0.8548877485981785, 1.3847571751203982, 4.182518728794734, -1.5707962560310442, -0.3842550210226414]
2025-03-18 21:52:13 - root - INFO - MovingJ ur5e_2 from [ 1.45987178 -0.88113889  1.41984293  4.18088795 -1.57079467 -0.11092161] to [1.1865413144098271, -0.8548877485981785, 1.3847571751203982, 4.182518728794734, -1.5707962560310442, -0.3842550210226414]
2025-03-18 21:52:14 - root - INFO - MovingL ur5e_2 from [-0.63595938 -0.61261057  0.19108183] to [-0.615 -0.615  0.095]
2025-03-18 21:52:16 - root - INFO - MovingJ ur5e_2 from [ 1.18857542 -0.71587052  1.42934936  4.00988127 -1.57077606 -0.38221215] to [ 1.21502546 -0.85265879  1.39006743  4.18250851 -1.5708051  -0.35562102]
2025-03-18 21:52:16 - root - INFO - Planning and moving to xyz facing down ur5e_2 from [ 1.19969174 -0.7692403   1.41399694  4.08330748 -1.5707876  -0.37096897] to [1.2002404476711552, -0.8965899686878431, 1.3537189028503258, 4.255255916682378, -1.5707959962299871, -0.37055583411872306] target: [-0.6248403  -0.6131561   0.23147689]
2025-03-18 21:52:16 - root - INFO - Planning and movingJ ur5e_2 from [ 1.19969174 -0.7692403   1.41399694  4.08330748 -1.5707876  -0.37096897] to [1.2002404476711552, -0.8965899686878431, 1.3537189028503258, 4.255255916682378, -1.5707959962299871, -0.37055583411872306]
2025-03-18 21:52:16 - root - INFO - MovingJ ur5e_2 from [ 1.19969174 -0.7692403   1.41399694  4.08330748 -1.5707876  -0.37096897] to [1.2002404476711552, -0.8965899686878431, 1.3537189028503258, 4.255255916682378, -1.5707959962299871, -0.37055583411872306]
2025-03-18 21:52:18 - root - WARNING - Movement for ur5e_2 timed out before reaching the target joints.
2025-03-18 21:52:18 - root - INFO - put down block at (-0.995, -0.615) start_height 0.195
2025-03-18 21:52:18 - root - INFO - Planning and moving to xyz facing down ur5e_2 from [ 1.20023204 -0.89151908  1.35545099  4.25514682 -1.57079597 -0.37056244] to [1.7098825618217366, -0.8053611835264789, 1.29376044831641, 4.22398938833114, -1.5707962976081962, 0.13908623137033424] target: [-0.995, -0.615, 0.195]
2025-03-18 21:52:18 - root - INFO - Planning and movingJ ur5e_2 from [ 1.20023204 -0.89151908  1.35545099  4.25514682 -1.57079597 -0.37056244] to [1.7098825618217366, -0.8053611835264789, 1.29376044831641, 4.22398938833114, -1.5707962976081962, 0.13908623137033424]
2025-03-18 21:52:18 - root - INFO - MovingJ ur5e_2 from [ 1.20023204 -0.89151908  1.35545099  4.25514682 -1.57079597 -0.37056244] to [1.7098825618217366, -0.8053611835264789, 1.29376044831641, 4.22398938833114, -1.5707962976081962, 0.13908623137033424]
2025-03-18 21:52:19 - root - INFO - MovingL ur5e_2 from [-0.97356523 -0.61000763  0.19265682] to [-0.995      -0.615       0.08978449]
2025-03-18 21:52:21 - root - INFO - MovingJ ur5e_2 from [ 1.707821   -0.66904757  1.33664394  4.04518279 -1.57081485  0.13696264] to [ 1.68031857 -0.80551462  1.2987965   4.2261333  -1.57095686  0.1096204 ]
2025-03-18 21:52:21 - root - INFO - Planning and moving to xyz facing down ur5e_2 from [ 1.69526733 -0.72732991  1.32037647  4.12828556 -1.57079653  0.12444092] to [1.695800960471919, -0.8463575969384247, 1.2533224063224602, 4.305423932484736, -1.5707963053874878, 0.1250046286626028] target: [-0.98503521 -0.61075438  0.23559781]
2025-03-18 21:52:21 - root - INFO - Planning and movingJ ur5e_2 from [ 1.69526733 -0.72732991  1.32037647  4.12828556 -1.57079653  0.12444092] to [1.695800960471919, -0.8463575969384247, 1.2533224063224602, 4.305423932484736, -1.5707963053874878, 0.1250046286626028]
2025-03-18 21:52:21 - root - INFO - MovingJ ur5e_2 from [ 1.69526733 -0.72732991  1.32037647  4.12828556 -1.57079653  0.12444092] to [1.695800960471919, -0.8463575969384247, 1.2533224063224602, 4.305423932484736, -1.5707963053874878, 0.1250046286626028]
2025-03-18 21:52:24 - root - WARNING - Movement for ur5e_2 timed out before reaching the target joints.
2025-03-18 21:52:24 - root - INFO - pick up block at (-0.615, -0.615) start_height 0.155
2025-03-18 21:52:24 - root - INFO - Planning and moving to xyz facing down ur5e_2 from [ 1.69579437 -0.84083037  1.25527122  4.30550153 -1.5707963   0.12499645] to [1.1865419267644512, -0.80347147462207, 1.40969551105162, 4.106164641146801, -1.5707962977079937, -0.3842544098016412] target: [-0.615, -0.615, 0.155]
2025-03-18 21:52:24 - root - INFO - Planning and movingJ ur5e_2 from [ 1.69579437 -0.84083037  1.25527122  4.30550153 -1.5707963   0.12499645] to [1.1865419267644512, -0.80347147462207, 1.40969551105162, 4.106164641146801, -1.5707962977079937, -0.3842544098016412]
2025-03-18 21:52:24 - root - INFO - MovingJ ur5e_2 from [ 1.69579437 -0.84083037  1.25527122  4.30550153 -1.5707963   0.12499645] to [1.1865419267644512, -0.80347147462207, 1.40969551105162, 4.106164641146801, -1.5707962977079937, -0.3842544098016412]
2025-03-18 21:52:25 - root - INFO - MovingL ur5e_2 from [-0.63555604 -0.61003782  0.15464438] to [-0.615 -0.615  0.055]
2025-03-18 21:52:26 - root - INFO - MovingJ ur5e_2 from [ 1.18829226 -0.6535593   1.42841832  3.9391453  -1.57066422 -0.38283673] to [ 1.21574747 -0.80033883  1.4023695   4.11823647 -1.5708107  -0.35481153]
2025-03-18 21:52:27 - root - INFO - Planning and moving to xyz facing down ur5e_2 from [ 1.20074875 -0.71633731  1.41760638  4.0215093  -1.57070444 -0.37000206] to [1.2013076785533519, -0.8548217567505814, 1.3754567366453865, 4.191749968754756, -1.570796005360109, -0.36948860322460364] target: [-0.62490662 -0.61120811  0.19811917]
2025-03-18 21:52:27 - root - INFO - Planning and movingJ ur5e_2 from [ 1.20074875 -0.71633731  1.41760638  4.0215093  -1.57070444 -0.37000206] to [1.2013076785533519, -0.8548217567505814, 1.3754567366453865, 4.191749968754756, -1.570796005360109, -0.36948860322460364]
2025-03-18 21:52:27 - root - INFO - MovingJ ur5e_2 from [ 1.20074875 -0.71633731  1.41760638  4.0215093  -1.57070444 -0.37000206] to [1.2013076785533519, -0.8548217567505814, 1.3754567366453865, 4.191749968754756, -1.570796005360109, -0.36948860322460364]
2025-03-18 21:52:29 - root - WARNING - Movement for ur5e_2 timed out before reaching the target joints.
2025-03-18 21:52:29 - root - INFO - put down block at (-0.805, -0.615) start_height 0.195
2025-03-18 21:52:29 - root - INFO - Planning and moving to xyz facing down ur5e_2 from [ 1.2012962  -0.85048301  1.37654756  4.19123577 -1.57079502 -0.36949681] to [1.44606174954268, -0.8822074574929645, 1.434381720846239, 4.160214114296823, -1.5707962716951467, -0.12473457931851607] target: [-0.805, -0.615, 0.195]
2025-03-18 21:52:29 - root - INFO - Planning and movingJ ur5e_2 from [ 1.2012962  -0.85048301  1.37654756  4.19123577 -1.57079502 -0.36949681] to [1.44606174954268, -0.8822074574929645, 1.434381720846239, 4.160214114296823, -1.5707962716951467, -0.12473457931851607]
2025-03-18 21:52:29 - root - INFO - MovingJ ur5e_2 from [ 1.2012962  -0.85048301  1.37654756  4.19123577 -1.57079502 -0.36949681] to [1.44606174954268, -0.8822074574929645, 1.434381720846239, 4.160214114296823, -1.5707962716951467, -0.12473457931851607]
2025-03-18 21:52:30 - root - INFO - MovingL ur5e_2 from [-0.78362418 -0.61234872  0.19217329] to [-0.805      -0.615       0.08978449]
2025-03-18 21:52:31 - root - INFO - MovingJ ur5e_2 from [ 1.44454793 -0.73841962  1.47363456  3.9696837  -1.57087192 -0.12640487] to [ 1.4166206  -0.87495369  1.42832733  4.16361446 -1.5713332  -0.15330093]
2025-03-18 21:52:32 - root - INFO - Planning and moving to xyz facing down ur5e_2 from [ 1.43056054 -0.80265751  1.45205822  4.06734821 -1.57085796 -0.13990155] to [1.4311115910529493, -0.9283862747337727, 1.3814207452363503, 4.259354301518419, -1.5707963077883709, -0.13968474106181764] target: [-0.79384811 -0.61115283  0.2411811 ]
2025-03-18 21:52:32 - root - INFO - Planning and movingJ ur5e_2 from [ 1.43056054 -0.80265751  1.45205822  4.06734821 -1.57085796 -0.13990155] to [1.4311115910529493, -0.9283862747337727, 1.3814207452363503, 4.259354301518419, -1.5707963077883709, -0.13968474106181764]
2025-03-18 21:52:32 - root - INFO - MovingJ ur5e_2 from [ 1.43056054 -0.80265751  1.45205822  4.06734821 -1.57085796 -0.13990155] to [1.4311115910529493, -0.9283862747337727, 1.3814207452363503, 4.259354301518419, -1.5707963077883709, -0.13968474106181764]
2025-03-18 21:52:34 - root - WARNING - Movement for ur5e_2 timed out before reaching the target joints.
2025-03-18 21:52:34 - root - INFO - pick up block at (-0.995, -0.615) start_height 0.195
2025-03-18 21:52:34 - root - INFO - Planning and moving to xyz facing down ur5e_2 from [ 1.4311058  -0.92326142  1.38331232  4.25948403 -1.57079707 -0.13968745] to [1.7098816979414355, -0.8053682263348999, 1.2937758429965178, 4.223980299251777, -1.5707962316849728, 0.13908536242587385] target: [-0.995, -0.615, 0.195]
2025-03-18 21:52:34 - root - INFO - Planning and movingJ ur5e_2 from [ 1.4311058  -0.92326142  1.38331232  4.25948403 -1.57079707 -0.13968745] to [1.7098816979414355, -0.8053682263348999, 1.2937758429965178, 4.223980299251777, -1.5707962316849728, 0.13908536242587385]
2025-03-18 21:52:34 - root - INFO - MovingJ ur5e_2 from [ 1.4311058  -0.92326142  1.38331232  4.25948403 -1.57079707 -0.13968745] to [1.7098816979414355, -0.8053682263348999, 1.2937758429965178, 4.223980299251777, -1.5707962316849728, 0.13908536242587385]
2025-03-18 21:52:35 - root - INFO - MovingL ur5e_2 from [-0.97371004 -0.61220771  0.19498354] to [-0.995 -0.615  0.095]
2025-03-18 21:52:36 - root - INFO - MovingJ ur5e_2 from [ 1.70776514 -0.67307405  1.33952257  4.05606498 -1.5708178   0.13699082] to [ 1.68081721 -0.81261592  1.30488079  4.2282377  -1.57078643  0.10988153]
2025-03-18 21:52:37 - root - INFO - Planning and moving to xyz facing down ur5e_2 from [ 1.6963994  -0.72744251  1.32618693  4.12930479 -1.57080668  0.12552856] to [1.6969330820812785, -0.8483645112744651, 1.2637866109657874, 4.296966651520594, -1.5707963061826913, 0.1261367503720124] target: [-0.98560209 -0.61295931  0.23312156]
2025-03-18 21:52:37 - root - INFO - Planning and movingJ ur5e_2 from [ 1.6963994  -0.72744251  1.32618693  4.12930479 -1.57080668  0.12552856] to [1.6969330820812785, -0.8483645112744651, 1.2637866109657874, 4.296966651520594, -1.5707963061826913, 0.1261367503720124]
2025-03-18 21:52:37 - root - INFO - MovingJ ur5e_2 from [ 1.6963994  -0.72744251  1.32618693  4.12930479 -1.57080668  0.12552856] to [1.6969330820812785, -0.8483645112744651, 1.2637866109657874, 4.296966651520594, -1.5707963061826913, 0.1261367503720124]
2025-03-18 21:52:39 - root - WARNING - Movement for ur5e_2 timed out before reaching the target joints.
2025-03-18 21:52:39 - root - INFO - put down block at (-0.805, -0.615) start_height 0.235
2025-03-18 21:52:39 - root - INFO - Planning and moving to xyz facing down ur5e_2 from [ 1.69692434 -0.84307561  1.2655668   4.29683595 -1.5707966   0.12612649] to [1.4460615966174748, -0.928836582928008, 1.3998030593873225, 4.241421843550002, -1.5707962683014152, -0.12473475138665996] target: [-0.805, -0.615, 0.235]
2025-03-18 21:52:39 - root - INFO - Planning and movingJ ur5e_2 from [ 1.69692434 -0.84307561  1.2655668   4.29683595 -1.5707966   0.12612649] to [1.4460615966174748, -0.928836582928008, 1.3998030593873225, 4.241421843550002, -1.5707962683014152, -0.12473475138665996]
2025-03-18 21:52:39 - root - INFO - MovingJ ur5e_2 from [ 1.69692434 -0.84307561  1.2655668   4.29683595 -1.5707966   0.12612649] to [1.4460615966174748, -0.928836582928008, 1.3998030593873225, 4.241421843550002, -1.5707962683014152, -0.12473475138665996]
2025-03-18 21:52:39 - root - INFO - MovingL ur5e_2 from [-0.82521352 -0.61254741  0.23045108] to [-0.805     -0.615      0.1293864]
2025-03-18 21:52:41 - root - INFO - MovingJ ur5e_2 from [ 1.44810357 -0.79420546  1.46515927  4.04464838 -1.57078189 -0.12273713] to [ 1.47489    -0.91448616  1.38588088  4.24814827 -1.57066931 -0.09601626]
2025-03-18 21:52:42 - root - INFO - Planning and moving to xyz facing down ur5e_2 from [ 1.46175592 -0.85166928  1.42573711  4.14901618 -1.57079575 -0.10906902] to [1.4623149722908042, -0.9625323635464317, 1.3344378364614893, 4.340483280675715, -1.5707963064611692, -0.10848135995843484] target: [-0.81615148 -0.6115764   0.27882169]
2025-03-18 21:52:42 - root - INFO - Planning and movingJ ur5e_2 from [ 1.46175592 -0.85166928  1.42573711  4.14901618 -1.57079575 -0.10906902] to [1.4623149722908042, -0.9625323635464317, 1.3344378364614893, 4.340483280675715, -1.5707963064611692, -0.10848135995843484]
2025-03-18 21:52:42 - root - INFO - MovingJ ur5e_2 from [ 1.46175592 -0.85166928  1.42573711  4.14901618 -1.57079575 -0.10906902] to [1.4623149722908042, -0.9625323635464317, 1.3344378364614893, 4.340483280675715, -1.5707963064611692, -0.10848135995843484]
2025-03-18 21:52:44 - root - WARNING - Movement for ur5e_2 timed out before reaching the target joints.
2025-03-18 21:52:44 - root - INFO - pick up block at (-0.995, -0.615) start_height 0.155
2025-03-18 21:52:44 - root - INFO - Planning and moving to xyz facing down ur5e_2 from [ 1.46230903 -0.95752449  1.33643299  4.34061415 -1.57079629 -0.10848867] to [1.709881519312752, -0.7564447363695695, 1.3192358589861066, 4.149596665020235, -1.5707962188964086, 0.13908518224169902] target: [-0.995, -0.615, 0.155]
2025-03-18 21:52:44 - root - INFO - Planning and movingJ ur5e_2 from [ 1.46230903 -0.95752449  1.33643299  4.34061415 -1.57079629 -0.10848867] to [1.709881519312752, -0.7564447363695695, 1.3192358589861066, 4.149596665020235, -1.5707962188964086, 0.13908518224169902]
2025-03-18 21:52:44 - root - INFO - MovingJ ur5e_2 from [ 1.46230903 -0.95752449  1.33643299  4.34061415 -1.57079629 -0.10848867] to [1.709881519312752, -0.7564447363695695, 1.3192358589861066, 4.149596665020235, -1.5707962188964086, 0.13908518224169902]
2025-03-18 21:52:45 - root - INFO - MovingL ur5e_2 from [-0.97397703 -0.61171995  0.16461698] to [-0.995 -0.615  0.055]
2025-03-18 21:52:49 - root - WARNING - Linear movement for ur5e_2 completed, but target not reached within tolerance after 400 attempts
2025-03-18 21:52:50 - root - INFO - MovingJ ur5e_2 from [ 1.70995996 -0.6125088   1.33469168  3.9784302  -1.57084069  0.13908763] to [ 1.68110454 -0.77470709  1.32295431  4.17243876 -1.57078709  0.11019055]
2025-03-18 21:52:50 - root - INFO - Planning and moving to xyz facing down ur5e_2 from [ 1.6957929  -0.68998549  1.33549794  4.07580157 -1.57068002  0.12458376] to [1.6963434486132285, -0.819925588647641, 1.286654979213451, 4.245659370598279, -1.5707963068604032, 0.12554711695658732] target: [-0.98522453 -0.61246762  0.20680476]
2025-03-18 21:52:50 - root - INFO - Planning and movingJ ur5e_2 from [ 1.6957929  -0.68998549  1.33549794  4.07580157 -1.57068002  0.12458376] to [1.6963434486132285, -0.819925588647641, 1.286654979213451, 4.245659370598279, -1.5707963068604032, 0.12554711695658732]
2025-03-18 21:52:50 - root - INFO - MovingJ ur5e_2 from [ 1.6957929  -0.68998549  1.33549794  4.07580157 -1.57068002  0.12458376] to [1.6963434486132285, -0.819925588647641, 1.286654979213451, 4.245659370598279, -1.5707963068604032, 0.12554711695658732]
2025-03-18 21:52:52 - root - INFO - Planning and moving to xyz facing down ur5e_2 from [ 1.69630851 -0.81792684  1.28612456  4.24264556 -1.57079474  0.12553839] to [0.8547670224220164, -0.6090656896297315, 0.39256019882065657, 4.928892423765231, -1.570796139181575, -0.7160293061535469] target: [-0.315, -0.615, 0.4]
2025-03-18 21:52:52 - root - INFO - Planning and movingJ ur5e_2 from [ 1.69630851 -0.81792684  1.28612456  4.24264556 -1.57079474  0.12553839] to [0.8547670224220164, -0.6090656896297315, 0.39256019882065657, -1.354292883414355, -1.570796139181575, -0.7160293061535469]
2025-03-18 21:52:52 - root - INFO - MovingJ ur5e_2 from [ 1.69630851 -0.81792684  1.28612456  4.24264556 -1.57079474  0.12553839] to [0.8547670224220164, -0.6090656896297315, 0.39256019882065657, -1.354292883414355, -1.570796139181575, -0.7160293061535469]
2025-03-18 21:53:01 - root - INFO - Planning and moving to xyz facing down ur5e_1 from [ 1.17209008 -0.34988029  0.95783529  1.22843299  1.59742236 -0.39629436] to [0.9028572572498528, -0.38367746134018943, 0.5934504735189312, 1.3610222336442483, 1.5707961636641625, -0.6679390748682679] target: [-0.315, -0.615, 0.15000000000000002]
2025-03-18 21:53:01 - root - INFO - Planning and movingJ ur5e_1 from [ 1.17209008 -0.34988029  0.95783529  1.22843299  1.59742236 -0.39629436] to [0.9028572572498528, -0.38367746134018943, 0.5934504735189312, 1.3610222336442483, 1.5707961636641625, -0.6679390748682679]
2025-03-18 21:53:01 - root - INFO - MovingJ ur5e_1 from [ 1.17209008 -0.34988029  0.95783529  1.22843299  1.59742236 -0.39629436] to [0.9028572572498528, -0.38367746134018943, 0.5934504735189312, 1.3610222336442483, 1.5707961636641625, -0.6679390748682679]
2025-03-18 21:53:04 - root - WARNING - Movement for ur5e_1 timed out before reaching the target joints.
2025-03-18 21:53:04 - root - INFO - MovingJ ur5e_1 from [ 0.90292263 -0.37731252  0.59510145  1.26044035  1.57080309 -0.66786954] to [ 0.90292263 -0.37731252  0.59510145  1.26044035  1.57080309 -0.66786954]
2025-03-18 21:53:04 - root - WARNING - Movement for ur5e_1 timed out before reaching the target joints.
2025-03-18 21:53:04 - root - INFO - MovingJ ur5e_1 from [ 0.90292538 -0.37679115  0.59522696  1.35144765  1.57080308 -0.66786981] to [ 0.90292263 -0.37731252  0.59510145  1.36044035 -1.57078956 -0.66786954]
2025-03-18 21:53:15 - root - WARNING - Movement for ur5e_1 timed out before reaching the target joints.
2025-03-18 21:53:15 - root - INFO - Planning and moving to xyz facing down ur5e_2 from [ 0.85569975 -0.60832912  0.39194586 -1.35155984 -1.57066382 -0.71537216] to [0.8561909156060462, -0.6361277491843595, 0.5219579983850213, -1.45662747471642, -1.57079623926766, -0.7146053875758738] target: [-0.31608917 -0.61445001  0.36976323]
2025-03-18 21:53:15 - root - INFO - Planning and movingJ ur5e_2 from [ 0.85569975 -0.60832912  0.39194586 -1.35155984 -1.57066382 -0.71537216] to [0.8561909156060462, -0.6361277491843595, 0.5219579983850213, -1.45662747471642, -1.57079623926766, -0.7146053875758738]
2025-03-18 21:53:15 - root - INFO - MovingJ ur5e_2 from [ 0.85569975 -0.60832912  0.39194586 -1.35155984 -1.57066382 -0.71537216] to [0.8561909156060462, -0.6361277491843595, 0.5219579983850213, -1.45662747471642, -1.57079623926766, -0.7146053875758738]
2025-03-18 21:53:17 - root - WARNING - Movement for ur5e_2 timed out before reaching the target joints.
2025-03-18 21:53:17 - root - INFO - Planning and moving to xyz facing down ur5e_2 from [ 0.85624002 -0.65787175  0.50719798 -1.46472507 -1.57110101 -0.71461948] to [0.8566800266832849, -0.5820875753246413, 0.2711366105508513, -1.2598465021198486, -1.5707962183770547, -0.7141163014850818] target: [-0.31848149 -0.61658906  0.42625864]
2025-03-18 21:53:17 - root - INFO - Planning and movingJ ur5e_2 from [ 0.85624002 -0.65787175  0.50719798 -1.46472507 -1.57110101 -0.71461948] to [0.8566800266832849, -0.5820875753246413, 0.2711366105508513, -1.2598465021198486, -1.5707962183770547, -0.7141163014850818]
2025-03-18 21:53:17 - root - INFO - MovingJ ur5e_2 from [ 0.85624002 -0.65787175  0.50719798 -1.46472507 -1.57110101 -0.71461948] to [0.8566800266832849, -0.5820875753246413, 0.2711366105508513, -1.2598465021198486, -1.5707962183770547, -0.7141163014850818]
2025-03-18 21:53:19 - root - INFO - Planning and moving to xyz facing down ur5e_1 from [ 0.90293512 -0.37013608  0.59694647  1.35963013 -1.57079629 -0.66787025] to [1.1707395575009434, -0.46062614071666924, 1.030125216661449, 1.0012965111727565, -4.712389066010915, -0.4000567782033371] target: [-0.115, -0.615, 0.05]
2025-03-18 21:53:19 - root - INFO - Planning and movingJ ur5e_1 from [ 0.90293512 -0.37013608  0.59694647  1.35963013 -1.57079629 -0.66787025] to [1.1707395575009434, -0.46062614071666924, 1.030125216661449, 1.0012965111727565, 1.5707962411686713, -0.4000567782033371]
2025-03-18 21:53:19 - root - INFO - MovingJ ur5e_1 from [ 0.90293512 -0.37013608  0.59694647  1.35963013 -1.57079629 -0.66787025] to [1.1707395575009434, -0.46062614071666924, 1.030125216661449, 1.0012965111727565, 1.5707962411686713, -0.4000567782033371]
2025-03-18 21:53:30 - root - WARNING - Movement for ur5e_1 timed out before reaching the target joints.
2025-03-18 21:53:30 - root - INFO - put down block at (-0.615, -0.615) start_height 0.155
2025-03-18 21:53:30 - root - INFO - Planning and moving to xyz facing down ur5e_2 from [ 0.85665706 -0.58190963  0.2712552  -1.2628676  -1.57081149 -0.71413736] to [1.1865415324239617, -0.8034742208844371, 1.409701346996043, -2.177024034797677, -1.5707962698689775, -0.3842548065093427] target: [-0.615, -0.615, 0.155]
2025-03-18 21:53:30 - root - INFO - Planning and movingJ ur5e_2 from [ 0.85665706 -0.58190963  0.2712552  -1.2628676  -1.57081149 -0.71413736] to [1.1865415324239617, -0.8034742208844371, 1.409701346996043, -2.177024034797677, -1.5707962698689775, -0.3842548065093427]
2025-03-18 21:53:30 - root - INFO - MovingJ ur5e_2 from [ 0.85665706 -0.58190963  0.2712552  -1.2628676  -1.57081149 -0.71413736] to [1.1865415324239617, -0.8034742208844371, 1.409701346996043, -2.177024034797677, -1.5707962698689775, -0.3842548065093427]
2025-03-18 21:53:31 - root - INFO - MovingL ur5e_2 from [-0.60488492 -0.60950018  0.16368539] to [-0.615      -0.615       0.06967112]
2025-03-18 21:53:34 - root - INFO - MovingJ ur5e_2 from [ 1.18632241 -0.67077021  1.42828718 -2.32540072 -1.57082244 -0.38442722] to [ 1.17662342 -0.80060168  1.38046958 -2.16024493 -1.5720006  -0.39167856]
2025-03-18 21:53:34 - root - INFO - Planning and moving to xyz facing down ur5e_2 from [ 1.1863047  -0.71959645  1.40986241 -2.25699111 -1.57082245 -0.38442722] to [1.1868451988128927, -0.8554977722207034, 1.3621051321470705, -2.0774078402647533, -1.5707959954884556, -0.3839510817229071] target: [-0.61359397 -0.61093072  0.20310026]
2025-03-18 21:53:34 - root - INFO - Planning and movingJ ur5e_2 from [ 1.1863047  -0.71959645  1.40986241 -2.25699111 -1.57082245 -0.38442722] to [1.1868451988128927, -0.8554977722207034, 1.3621051321470705, -2.0774078402647533, -1.5707959954884556, -0.3839510817229071]
2025-03-18 21:53:34 - root - INFO - MovingJ ur5e_2 from [ 1.1863047  -0.71959645  1.40986241 -2.25699111 -1.57082245 -0.38442722] to [1.1868451988128927, -0.8554977722207034, 1.3621051321470705, -2.0774078402647533, -1.5707959954884556, -0.3839510817229071]
2025-03-18 21:53:36 - root - WARNING - Movement for ur5e_2 timed out before reaching the target joints.
2025-03-18 21:53:36 - root - INFO - pick up block at (-0.805, -0.615) start_height 0.235
2025-03-18 21:53:36 - root - INFO - Planning and moving to xyz facing down ur5e_2 from [ 1.18683866 -0.85003945  1.3639239  -2.07733663 -1.57079637 -0.38395798] to [1.4460615662312464, -0.9288376997364967, 1.399805554932495, -2.0417649829278233, -1.570796258311688, -0.12473475423650834] target: [-0.805, -0.615, 0.235]
2025-03-18 21:53:36 - root - INFO - Planning and movingJ ur5e_2 from [ 1.18683866 -0.85003945  1.3639239  -2.07733663 -1.57079637 -0.38395798] to [1.4460615662312464, -0.9288376997364967, 1.399805554932495, -2.0417649829278233, -1.570796258311688, -0.12473475423650834]
2025-03-18 21:53:36 - root - INFO - MovingJ ur5e_2 from [ 1.18683866 -0.85003945  1.3639239  -2.07733663 -1.57079637 -0.38395798] to [1.4460615662312464, -0.9288376997364967, 1.399805554932495, -2.0417649829278233, -1.570796258311688, -0.12473475423650834]
2025-03-18 21:53:37 - root - INFO - MovingL ur5e_2 from [-0.78358892 -0.6121561   0.22675633] to [-0.805 -0.615  0.135]
2025-03-18 21:53:38 - root - INFO - MovingJ ur5e_2 from [ 1.44375663 -0.79941704  1.46638147 -2.22523709 -1.57078825 -0.12702188] to [ 1.41653602 -0.91507543  1.39734102 -2.04531165 -1.57078649 -0.15441054]
2025-03-18 21:53:39 - root - INFO - Planning and moving to xyz facing down ur5e_2 from [ 1.43131955 -0.84806248  1.43607615 -2.14239042 -1.57077454 -0.13956499] to [1.4318835451190173, -0.9624684682352214, 1.351205990452519, -1.9595340652952506, -1.5707963073034785, -0.13891278702445412] target: [-0.79460248 -0.61260579  0.27267562]
2025-03-18 21:53:39 - root - INFO - Planning and movingJ ur5e_2 from [ 1.43131955 -0.84806248  1.43607615 -2.14239042 -1.57077454 -0.13956499] to [1.4318835451190173, -0.9624684682352214, 1.351205990452519, -1.9595340652952506, -1.5707963073034785, -0.13891278702445412]
2025-03-18 21:53:39 - root - INFO - MovingJ ur5e_2 from [ 1.43131955 -0.84806248  1.43607615 -2.14239042 -1.57077454 -0.13956499] to [1.4318835451190173, -0.9624684682352214, 1.351205990452519, -1.9595340652952506, -1.5707963073034785, -0.13891278702445412]
2025-03-18 21:53:41 - root - WARNING - Movement for ur5e_2 timed out before reaching the target joints.
2025-03-18 21:53:41 - root - INFO - put down block at (-0.615, -0.615) start_height 0.195
2025-03-18 21:53:41 - root - INFO - Planning and moving to xyz facing down ur5e_2 from [ 1.4318759  -0.95771675  1.35301259 -1.95957743 -1.57079611 -0.13892178] to [1.1865413608806936, -0.8548873784047578, 1.3847564409282986, -2.100666184052531, -1.5707962588611324, -0.384254974687238] target: [-0.615, -0.615, 0.195]
2025-03-18 21:53:41 - root - INFO - Planning and movingJ ur5e_2 from [ 1.4318759  -0.95771675  1.35301259 -1.95957743 -1.57079611 -0.13892178] to [1.1865413608806936, -0.8548873784047578, 1.3847564409282986, -2.100666184052531, -1.5707962588611324, -0.384254974687238]
2025-03-18 21:53:41 - root - INFO - MovingJ ur5e_2 from [ 1.4318759  -0.95771675  1.35301259 -1.95957743 -1.57079611 -0.13892178] to [1.1865413608806936, -0.8548873784047578, 1.3847564409282986, -2.100666184052531, -1.5707962588611324, -0.384254974687238]
2025-03-18 21:53:42 - root - INFO - MovingL ur5e_2 from [-0.6360625  -0.61224597  0.19968023] to [-0.615      -0.615       0.08978449]
2025-03-18 21:53:43 - root - INFO - MovingJ ur5e_2 from [ 1.18848259 -0.71217154  1.42676068 -2.28494186 -1.57078757 -0.38237521] to [ 1.21531661 -0.86236711  1.3824874  -2.08382741 -1.57065245 -0.35562185]
2025-03-18 21:53:44 - root - INFO - Planning and moving to xyz facing down ur5e_2 from [ 1.20189132 -0.7833065   1.4056432  -2.18374631 -1.57080053 -0.36894979] to [1.2024414182535412, -0.9053541195952868, 1.3352115064550076, -2.000653930459694, -1.5707963071774438, -0.3683549137256048] target: [-0.6258208  -0.611321    0.24344622]
2025-03-18 21:53:44 - root - INFO - Planning and movingJ ur5e_2 from [ 1.20189132 -0.7833065   1.4056432  -2.18374631 -1.57080053 -0.36894979] to [1.2024414182535412, -0.9053541195952868, 1.3352115064550076, -2.000653930459694, -1.5707963071774438, -0.3683549137256048]
2025-03-18 21:53:44 - root - INFO - MovingJ ur5e_2 from [ 1.20189132 -0.7833065   1.4056432  -2.18374631 -1.57080053 -0.36894979] to [1.2024414182535412, -0.9053541195952868, 1.3352115064550076, -2.000653930459694, -1.5707963071774438, -0.3683549137256048]
2025-03-18 21:53:46 - root - WARNING - Movement for ur5e_2 timed out before reaching the target joints.
2025-03-18 21:53:46 - root - INFO - pick up block at (-0.805, -0.615) start_height 0.195
2025-03-18 21:53:46 - root - INFO - Planning and moving to xyz facing down ur5e_2 from [ 1.20243503 -0.90008887  1.3371412  -2.00056099 -1.57079636 -0.3683631 ] to [1.446061701181295, -0.88220784709317, 1.4343826732945641, -2.1229718162866598, -1.5707962671691937, -0.12473462407056002] target: [-0.805, -0.615, 0.195]
2025-03-18 21:53:46 - root - INFO - Planning and movingJ ur5e_2 from [ 1.20243503 -0.90008887  1.3371412  -2.00056099 -1.57079636 -0.3683631 ] to [1.446061701181295, -0.88220784709317, 1.4343826732945641, -2.1229718162866598, -1.5707962671691937, -0.12473462407056002]
2025-03-18 21:53:46 - root - INFO - MovingJ ur5e_2 from [ 1.20243503 -0.90008887  1.3371412  -2.00056099 -1.57079636 -0.3683631 ] to [1.446061701181295, -0.88220784709317, 1.4343826732945641, -2.1229718162866598, -1.5707962671691937, -0.12473462407056002]
2025-03-18 21:53:47 - root - INFO - MovingL ur5e_2 from [-0.78344302 -0.61235787  0.19605448] to [-0.805 -0.615  0.095]
2025-03-18 21:53:48 - root - INFO - MovingJ ur5e_2 from [ 1.44403336 -0.74128762  1.47682742 -2.29958416 -1.57083628 -0.12671962] to [ 1.4162878  -0.87955524  1.42408289 -2.10740819 -1.57078706 -0.15464057]
2025-03-18 21:53:49 - root - INFO - Planning and moving to xyz facing down ur5e_2 from [ 1.43046503 -0.80498579  1.4520742  -2.20467898 -1.57079448 -0.14045372] to [1.4310213530934568, -0.9312543426998561, 1.3848616347138245, -2.0244077443248942, -1.570795995519783, -0.1397749293521962] target: [-0.79393366 -0.61219582  0.24171356]
2025-03-18 21:53:49 - root - INFO - Planning and movingJ ur5e_2 from [ 1.43046503 -0.80498579  1.4520742  -2.20467898 -1.57079448 -0.14045372] to [1.4310213530934568, -0.9312543426998561, 1.3848616347138245, -2.0244077443248942, -1.570795995519783, -0.1397749293521962]
2025-03-18 21:53:49 - root - INFO - MovingJ ur5e_2 from [ 1.43046503 -0.80498579  1.4520742  -2.20467898 -1.57079448 -0.14045372] to [1.4310213530934568, -0.9312543426998561, 1.3848616347138245, -2.0244077443248942, -1.570795995519783, -0.1397749293521962]
2025-03-18 21:53:51 - root - WARNING - Movement for ur5e_2 timed out before reaching the target joints.
2025-03-18 21:53:51 - root - INFO - put down block at (-0.995, -0.615) start_height 0.155
2025-03-18 21:53:51 - root - INFO - Planning and moving to xyz facing down ur5e_2 from [ 1.43101062 -0.92723406  1.38603675 -2.0248875  -1.57079643 -0.13978477] to [1.7098815196039823, -0.7564448106432192, 1.3192359499067126, -2.133588655341962, -1.570796219223583, 0.13908518414945145] target: [-0.995, -0.615, 0.155]
2025-03-18 21:53:51 - root - INFO - Planning and movingJ ur5e_2 from [ 1.43101062 -0.92723406  1.38603675 -2.0248875  -1.57079643 -0.13978477] to [1.7098815196039823, -0.7564448106432192, 1.3192359499067126, -2.133588655341962, -1.570796219223583, 0.13908518414945145]
2025-03-18 21:53:51 - root - INFO - MovingJ ur5e_2 from [ 1.43101062 -0.92723406  1.38603675 -2.0248875  -1.57079643 -0.13978477] to [1.7098815196039823, -0.7564448106432192, 1.3192359499067126, -2.133588655341962, -1.570796219223583, 0.13908518414945145]
2025-03-18 21:53:52 - root - INFO - MovingL ur5e_2 from [-0.97389925 -0.61158244  0.16090517] to [-0.995      -0.615       0.06977143]
2025-03-18 21:53:53 - root - INFO - MovingJ ur5e_2 from [ 1.70796017 -0.62717534  1.34359357 -2.26825678 -1.57084549  0.13725439] to [ 1.68106573 -0.77006803  1.32645244 -2.12309265 -1.57142809  0.11130856]
2025-03-18 21:53:54 - root - INFO - Planning and moving to xyz facing down ur5e_2 from [ 1.69891171 -0.67083366  1.34483529 -2.21887983 -1.57084326  0.12850903] to [1.6994385614697955, -0.8082350311407039, 1.3136415687522842, -2.0762068133101934, -1.570796012627744, 0.12864227941757544] target: [-0.98700394 -0.61659596  0.18998464]
2025-03-18 21:53:54 - root - INFO - Planning and movingJ ur5e_2 from [ 1.69891171 -0.67083366  1.34483529 -2.21887983 -1.57084326  0.12850903] to [1.6994385614697955, -0.8082350311407039, 1.3136415687522842, -2.0762068133101934, -1.570796012627744, 0.12864227941757544]
2025-03-18 21:53:54 - root - INFO - MovingJ ur5e_2 from [ 1.69891171 -0.67083366  1.34483529 -2.21887983 -1.57084326  0.12850903] to [1.6994385614697955, -0.8082350311407039, 1.3136415687522842, -2.0762068133101934, -1.570796012627744, 0.12864227941757544]
2025-03-18 21:53:55 - root - WARNING - Movement for ur5e_2 timed out before reaching the target joints.
2025-03-18 21:53:55 - root - INFO - pick up block at (-0.615, -0.615) start_height 0.195
2025-03-18 21:53:55 - root - INFO - Planning and moving to xyz facing down ur5e_2 from [ 1.69942849 -0.80229929  1.31548006 -2.0763485  -1.57079708  0.12863921] to [1.1865419635442906, -0.8548830306114754, 1.3847467569762455, -2.1006603337529794, -1.5707963003411578, -0.38425437248258343] target: [-0.615, -0.615, 0.195]
2025-03-18 21:53:55 - root - INFO - Planning and movingJ ur5e_2 from [ 1.69942849 -0.80229929  1.31548006 -2.0763485  -1.57079708  0.12863921] to [1.1865419635442906, -0.8548830306114754, 1.3847467569762455, -2.1006603337529794, -1.5707963003411578, -0.38425437248258343]
2025-03-18 21:53:55 - root - INFO - MovingJ ur5e_2 from [ 1.69942849 -0.80229929  1.31548006 -2.0763485  -1.57079708  0.12863921] to [1.1865419635442906, -0.8548830306114754, 1.3847467569762455, -2.1006603337529794, -1.5707963003411578, -0.38425437248258343]
2025-03-18 21:53:57 - root - INFO - MovingL ur5e_2 from [-0.63585925 -0.61040499  0.18997479] to [-0.615 -0.615  0.095]
2025-03-18 21:53:58 - root - INFO - MovingJ ur5e_2 from [ 1.18869093 -0.71609688  1.42846515 -2.27318184 -1.57077221 -0.38211218] to [ 1.21596572 -0.84670151  1.38237132 -2.09871917 -1.57081087 -0.35460088]
2025-03-18 21:53:58 - root - INFO - Planning and moving to xyz facing down ur5e_2 from [ 1.20082107 -0.76999111  1.40912236 -2.19473321 -1.57078433 -0.36981092] to [1.2013693248873494, -0.896265326140848, 1.3473552391993482, -2.021890398674414, -1.570795993887656, -0.369426956596874] target: [-0.62523546 -0.6119343   0.23351956]
2025-03-18 21:53:58 - root - INFO - Planning and movingJ ur5e_2 from [ 1.20082107 -0.76999111  1.40912236 -2.19473321 -1.57078433 -0.36981092] to [1.2013693248873494, -0.896265326140848, 1.3473552391993482, -2.021890398674414, -1.570795993887656, -0.369426956596874]
2025-03-18 21:53:58 - root - INFO - MovingJ ur5e_2 from [ 1.20082107 -0.76999111  1.40912236 -2.19473321 -1.57078433 -0.36981092] to [1.2013693248873494, -0.896265326140848, 1.3473552391993482, -2.021890398674414, -1.570795993887656, -0.369426956596874]
2025-03-18 21:54:00 - root - WARNING - Movement for ur5e_2 timed out before reaching the target joints.
2025-03-18 21:54:00 - root - INFO - put down block at (-0.995, -0.615) start_height 0.195
2025-03-18 21:54:00 - root - INFO - Planning and moving to xyz facing down ur5e_2 from [ 1.20136129 -0.89121679  1.34908422 -2.02196902 -1.57079592 -0.36943279] to [1.7098825616241409, -0.8053611860001341, 1.2937604539080896, -2.0591959222634997, -1.5707962975933498, 0.1390862312139414] target: [-0.995, -0.615, 0.195]
2025-03-18 21:54:00 - root - INFO - Planning and movingJ ur5e_2 from [ 1.20136129 -0.89121679  1.34908422 -2.02196902 -1.57079592 -0.36943279] to [1.7098825616241409, -0.8053611860001341, 1.2937604539080896, -2.0591959222634997, -1.5707962975933498, 0.1390862312139414]
2025-03-18 21:54:00 - root - INFO - MovingJ ur5e_2 from [ 1.20136129 -0.89121679  1.34908422 -2.02196902 -1.57079592 -0.36943279] to [1.7098825616241409, -0.8053611860001341, 1.2937604539080896, -2.0591959222634997, -1.5707962975933498, 0.1390862312139414]
2025-03-18 21:54:02 - root - INFO - MovingL ur5e_2 from [-0.97361955 -0.60995114  0.19277244] to [-0.995      -0.615       0.08978449]
2025-03-18 21:54:03 - root - INFO - MovingJ ur5e_2 from [ 1.70779882 -0.66807776  1.33711637 -2.23756107 -1.57081266  0.13695969] to [ 1.68038328 -0.8054961   1.29842762 -2.05670176 -1.57095704  0.10968572]
2025-03-18 21:54:04 - root - INFO - Planning and moving to xyz facing down ur5e_2 from [ 1.69528299 -0.72680603  1.32045567 -2.15450642 -1.57079496  0.12446916] to [1.6958168916211394, -0.8460977593998218, 1.2541395195371465, -1.9788383242297065, -1.570796305491275, 0.12502055982883867] target: [-0.9850361  -0.61084204  0.23513677]
2025-03-18 21:54:04 - root - INFO - Planning and movingJ ur5e_2 from [ 1.69528299 -0.72680603  1.32045567 -2.15450642 -1.57079496  0.12446916] to [1.6958168916211394, -0.8460977593998218, 1.2541395195371465, -1.9788383242297065, -1.570796305491275, 0.12502055982883867]
2025-03-18 21:54:04 - root - INFO - MovingJ ur5e_2 from [ 1.69528299 -0.72680603  1.32045567 -2.15450642 -1.57079496  0.12446916] to [1.6958168916211394, -0.8460977593998218, 1.2541395195371465, -1.9788383242297065, -1.570796305491275, 0.12502055982883867]
2025-03-18 21:54:06 - root - WARNING - Movement for ur5e_2 timed out before reaching the target joints.
2025-03-18 21:54:06 - root - INFO - pick up block at (-0.805, -0.615) start_height 0.155
2025-03-18 21:54:06 - root - INFO - Planning and moving to xyz facing down ur5e_2 from [ 1.69580995 -0.8405485   1.25609721 -1.97878865 -1.57079628  0.12501215] to [1.4460613304563126, -0.8293571259768848, 1.4591491756458825, -2.200589197689285, -1.5707962509137128, -0.12473503132495874] target: [-0.805, -0.615, 0.155]
2025-03-18 21:54:06 - root - INFO - Planning and movingJ ur5e_2 from [ 1.69580995 -0.8405485   1.25609721 -1.97878865 -1.57079628  0.12501215] to [1.4460613304563126, -0.8293571259768848, 1.4591491756458825, -2.200589197689285, -1.5707962509137128, -0.12473503132495874]
2025-03-18 21:54:06 - root - INFO - MovingJ ur5e_2 from [ 1.69580995 -0.8405485   1.25609721 -1.97878865 -1.57079628  0.12501215] to [1.4460613304563126, -0.8293571259768848, 1.4591491756458825, -2.200589197689285, -1.5707962509137128, -0.12473503132495874]
2025-03-18 21:54:07 - root - INFO - MovingL ur5e_2 from [-0.82527763 -0.61206998  0.15895771] to [-0.805 -0.615  0.055]
2025-03-18 21:54:11 - root - WARNING - Linear movement for ur5e_2 completed, but target not reached within tolerance after 400 attempts
2025-03-18 21:54:12 - root - INFO - MovingJ ur5e_2 from [ 1.4461309  -0.67472112  1.47475803 -2.38072454 -1.57081862 -0.12473422] to [ 1.47506377 -0.82556826  1.43702044 -2.1741613  -1.57080562 -0.09558675]
2025-03-18 21:54:12 - root - INFO - Planning and moving to xyz facing down ur5e_2 from [ 1.46137442 -0.75100268  1.45562334 -2.27023438 -1.57091405 -0.10917674] to [1.4619117509382809, -0.8883921463444957, 1.4052880687512153, -2.087696318938276, -1.5707960019107576, -0.10888453047705675] target: [-0.81578271 -0.61080147  0.20857522]
2025-03-18 21:54:12 - root - INFO - Planning and movingJ ur5e_2 from [ 1.46137442 -0.75100268  1.45562334 -2.27023438 -1.57091405 -0.10917674] to [1.4619117509382809, -0.8883921463444957, 1.4052880687512153, -2.087696318938276, -1.5707960019107576, -0.10888453047705675]
2025-03-18 21:54:12 - root - INFO - MovingJ ur5e_2 from [ 1.46137442 -0.75100268  1.45562334 -2.27023438 -1.57091405 -0.10917674] to [1.4619117509382809, -0.8883921463444957, 1.4052880687512153, -2.087696318938276, -1.5707960019107576, -0.10888453047705675]
2025-03-18 21:54:14 - root - INFO - Planning and moving to xyz facing down ur5e_2 from [ 1.46189361 -0.88539342  1.40559992 -2.08914447 -1.5708001  -0.1088915 ] to [0.8547683264852908, -0.6090188866738615, 0.39246251200513926, -1.3542408283060394, -1.570796245987945, -0.7160280025846149] target: [-0.315, -0.615, 0.4]
2025-03-18 21:54:14 - root - INFO - Planning and movingJ ur5e_2 from [ 1.46189361 -0.88539342  1.40559992 -2.08914447 -1.5708001  -0.1088915 ] to [0.8547683264852908, -0.6090188866738615, 0.39246251200513926, -1.3542408283060394, -1.570796245987945, -0.7160280025846149]
2025-03-18 21:54:14 - root - INFO - MovingJ ur5e_2 from [ 1.46189361 -0.88539342  1.40559992 -2.08914447 -1.5708001  -0.1088915 ] to [0.8547683264852908, -0.6090188866738615, 0.39246251200513926, -1.3542408283060394, -1.570796245987945, -0.7160280025846149]
2025-03-18 21:54:18 - root - INFO - Planning and moving to xyz facing down ur5e_1 from [ 1.17158044 -0.37837872  0.99076223  1.12619098  1.58562938 -0.39862525] to [0.9028570945495796, -0.38367985858033593, 0.5934554673830074, 1.3610195641158724, 1.5707961525057634, -0.6679392376448489] target: [-0.315, -0.615, 0.15000000000000002]
2025-03-18 21:54:18 - root - INFO - Planning and movingJ ur5e_1 from [ 1.17158044 -0.37837872  0.99076223  1.12619098  1.58562938 -0.39862525] to [0.9028570945495796, -0.38367985858033593, 0.5934554673830074, 1.3610195641158724, 1.5707961525057634, -0.6679392376448489]
2025-03-18 21:54:18 - root - INFO - MovingJ ur5e_1 from [ 1.17158044 -0.37837872  0.99076223  1.12619098  1.58562938 -0.39862525] to [0.9028570945495796, -0.38367985858033593, 0.5934554673830074, 1.3610195641158724, 1.5707961525057634, -0.6679392376448489]
2025-03-18 21:54:21 - root - WARNING - Movement for ur5e_1 timed out before reaching the target joints.
2025-03-18 21:54:21 - root - INFO - MovingJ ur5e_1 from [ 0.90290163 -0.3773219   0.59508291  1.26043049  1.57079884 -0.66789204] to [ 0.90290163 -0.3773219   0.59508291  1.26043049  1.57079884 -0.66789204]
2025-03-18 21:54:21 - root - WARNING - Movement for ur5e_1 timed out before reaching the target joints.
2025-03-18 21:54:21 - root - INFO - MovingJ ur5e_1 from [ 0.90290462 -0.37680039  0.5952085   1.35143788  1.57079884 -0.66789223] to [ 0.90290163 -0.3773219   0.59508291  1.36043049 -1.57079382 -0.66789204]
2025-03-18 21:54:32 - root - WARNING - Movement for ur5e_1 timed out before reaching the target joints.
2025-03-18 21:54:32 - root - INFO - Planning and moving to xyz facing down ur5e_2 from [ 0.85682103 -0.60648613  0.39535405 -1.35700746 -1.57060086 -0.71435523] to [0.857319292407432, -0.6332787126841887, 0.5233676191775275, -1.4608860684388205, -1.5707962446005608, -0.7134770115546281] target: [-0.31630494 -0.61326583  0.36712805]
2025-03-18 21:54:32 - root - INFO - Planning and movingJ ur5e_2 from [ 0.85682103 -0.60648613  0.39535405 -1.35700746 -1.57060086 -0.71435523] to [0.857319292407432, -0.6332787126841887, 0.5233676191775275, -1.4608860684388205, -1.5707962446005608, -0.7134770115546281]
2025-03-18 21:54:32 - root - INFO - MovingJ ur5e_2 from [ 0.85682103 -0.60648613  0.39535405 -1.35700746 -1.57060086 -0.71435523] to [0.857319292407432, -0.6332787126841887, 0.5233676191775275, -1.4608860684388205, -1.5707962446005608, -0.7134770115546281]
