2025-03-18 19:26:27 - root - INFO - Logging setup complete for Hanoi_sim
2025-03-18 19:26:27 - root - INFO - pick up block at (-0.7, -0.6) start_height 0.15
2025-03-18 19:26:27 - root - INFO - Planning and moving to xyz facing down ur5e_2 from [-1.56417438e+00 -1.56694744e+00 -4.97276278e-04 -1.56588207e+00
  1.05265287e-05 -1.99549302e-06] to [-1.4693721952861893, -2.3507238514571176, -1.400999423156136, -0.9606652808790785, 1.5707962868633307, 0.10142413971308009] target: [-0.7, -0.6, 0.15]
2025-03-18 19:26:27 - root - INFO - Planning and movingJ ur5e_2 from [-1.56417438e+00 -1.56694744e+00 -4.97276278e-04 -1.56588207e+00
  1.05265287e-05 -1.99549302e-06] to [-1.4693721952861893, -2.3507238514571176, -1.400999423156136, -0.9606652808790785, 1.5707962868633307, 0.10142413971308009]
2025-03-18 19:26:27 - root - INFO - MovingJ ur5e_2 from [-1.56417438e+00 -1.56694744e+00 -4.97276278e-04 -1.56588207e+00
  1.05265287e-05 -1.99549302e-06] to [-1.4693721952861893, -2.3507238514571176, -1.400999423156136, -0.9606652808790785, 1.5707962868633307, 0.10142413971308009]
2025-03-18 19:26:29 - root - INFO - MovingL ur5e_2 from [-0.69656176 -0.59323582  0.16553903] to [-0.7  -0.6   0.05]
2025-03-18 19:26:34 - root - WARNING - Linear movement for ur5e_2 completed, but target not reached within tolerance after 400 attempts
2025-03-18 19:26:34 - root - INFO - MovingJ ur5e_2 from [-1.4694446  -2.50211118 -1.4132395  -0.78563349  1.57083294  0.10142317] to [-1.47106122 -2.34182571 -1.37693919 -0.97245938  1.54188258  0.09955502]
2025-03-18 19:26:35 - root - INFO - put down block at (-0.6, -0.6) start_height 0.11978448915956762
2025-03-18 19:26:35 - root - INFO - Planning and moving to xyz facing down ur5e_2 from [-1.46942446 -2.43177536 -1.39750141 -0.87363857  1.55727116  0.10142316] to [-1.6068159045849026, -2.4223959034892135, -1.354559313448276, -0.9354300626123139, 1.570796122633619, -0.03601940102781308] target: [-0.6, -0.6, 0.11978448915956762]
2025-03-18 19:26:35 - root - INFO - Planning and movingJ ur5e_2 from [-1.46942446 -2.43177536 -1.39750141 -0.87363857  1.55727116  0.10142316] to [-1.6068159045849026, -2.4223959034892135, -1.354559313448276, -0.9354300626123139, 1.570796122633619, -0.03601940102781308]
2025-03-18 19:26:35 - root - INFO - MovingJ ur5e_2 from [-1.46942446 -2.43177536 -1.39750141 -0.87363857  1.55727116  0.10142316] to [-1.6068159045849026, -2.4223959034892135, -1.354559313448276, -0.9354300626123139, 1.570796122633619, -0.03601940102781308]
2025-03-18 19:26:35 - root - INFO - MovingL ur5e_2 from [-0.62110132 -0.59824323  0.1118666 ] to [-0.6        -0.6         0.06978449]
2025-03-18 19:26:37 - root - INFO - MovingJ ur5e_2 from [-1.60333239 -2.50665507 -1.3664131  -0.86255485  1.5706021  -0.03253896] to [-1.5776521  -2.42908006 -1.36489347 -0.92277178  1.56803744 -0.0069691 ]
2025-03-18 19:26:37 - root - INFO - pick up block at (-0.7, -0.7) start_height 0.15
2025-03-18 19:26:37 - root - INFO - Planning and moving to xyz facing down ur5e_2 from [-1.60333239 -2.5069312  -1.3664854  -0.86258146  1.5706021  -0.03253896] to [-1.4530320578572018, -2.1664829937072247, -1.7498426217649314, -0.7960628977650104, 1.5707962793811947, 0.11776429192975128] target: [-0.7, -0.7, 0.15]
2025-03-18 19:26:37 - root - INFO - Planning and movingJ ur5e_2 from [-1.60333239 -2.5069312  -1.3664854  -0.86258146  1.5706021  -0.03253896] to [-1.4530320578572018, -2.1664829937072247, -1.7498426217649314, -0.7960628977650104, 1.5707962793811947, 0.11776429192975128]
2025-03-18 19:26:37 - root - INFO - MovingJ ur5e_2 from [-1.60333239 -2.5069312  -1.3664854  -0.86258146  1.5706021  -0.03253896] to [-1.4530320578572018, -2.1664829937072247, -1.7498426217649314, -0.7960628977650104, 1.5707962793811947, 0.11776429192975128]
2025-03-18 19:26:38 - root - INFO - MovingL ur5e_2 from [-0.69407828 -0.69212138  0.14133041] to [-0.7  -0.7   0.05]
2025-03-18 19:26:42 - root - WARNING - Linear movement for ur5e_2 completed, but target not reached within tolerance after 400 attempts
2025-03-18 19:26:43 - root - INFO - MovingJ ur5e_2 from [-1.45312295 -2.34836614 -1.76225067 -0.58911477  1.57084839  0.11776269] to [-1.46388998 -2.19567698 -1.72335687 -0.80140861  1.57074791  0.10687369]
2025-03-18 19:26:43 - root - INFO - put down block at (-0.6, -0.6) start_height 0.18
2025-03-18 19:26:43 - root - INFO - Planning and moving to xyz facing down ur5e_2 from [-1.45311016 -2.26963855 -1.74221136 -0.70481437  1.57084866  0.11776269] to [-1.606819670027248, -2.3425184270392987, -1.325816830213144, -1.044052846511739, 1.570796241337771, -0.03602331169237095] target: [-0.6, -0.6, 0.18]
2025-03-18 19:26:43 - root - INFO - Planning and movingJ ur5e_2 from [-1.45311016 -2.26963855 -1.74221136 -0.70481437  1.57084866  0.11776269] to [-1.606819670027248, -2.3425184270392987, -1.325816830213144, -1.044052846511739, 1.570796241337771, -0.03602331169237095]
2025-03-18 19:26:43 - root - INFO - MovingJ ur5e_2 from [-1.45311016 -2.26963855 -1.74221136 -0.70481437  1.57084866  0.11776269] to [-1.606819670027248, -2.3425184270392987, -1.325816830213144, -1.044052846511739, 1.570796241337771, -0.03602331169237095]
2025-03-18 19:26:44 - root - INFO - MovingL ur5e_2 from [-0.60752985 -0.60493453  0.1695914 ] to [-0.6        -0.6         0.08978449]
2025-03-18 19:26:46 - root - INFO - MovingJ ur5e_2 from [-1.60599249 -2.46387782 -1.36083539 -0.89316746  1.57079457 -0.03511811] to [-1.59675643 -2.34258868 -1.35454231 -1.02235495  1.57085546 -0.02598228]
2025-03-18 19:26:46 - root - INFO - pick up block at (-0.7, -0.8) start_height 0.15
2025-03-18 19:26:46 - root - INFO - Planning and moving to xyz facing down ur5e_2 from [-1.605968   -2.43659848 -1.36128008 -0.92497866  1.57080048 -0.03511792] to [-1.4303410939632142, -1.9969431057147624, -2.054219784663341, -0.6612253841714836, 1.570796160050993, 0.14045546256395083] target: [-0.7, -0.8, 0.15]
2025-03-18 19:26:46 - root - INFO - Planning and movingJ ur5e_2 from [-1.605968   -2.43659848 -1.36128008 -0.92497866  1.57080048 -0.03511792] to [-1.4303410939632142, -1.9969431057147624, -2.054219784663341, -0.6612253841714836, 1.570796160050993, 0.14045546256395083]
2025-03-18 19:26:46 - root - INFO - MovingJ ur5e_2 from [-1.605968   -2.43659848 -1.36128008 -0.92497866  1.57080048 -0.03511792] to [-1.4303410939632142, -1.9969431057147624, -2.054219784663341, -0.6612253841714836, 1.570796160050993, 0.14045546256395083]
2025-03-18 19:26:48 - root - INFO - MovingL ur5e_2 from [-0.69732479 -0.79061001  0.14679916] to [-0.7  -0.8   0.05]
2025-03-18 19:26:52 - root - WARNING - Linear movement for ur5e_2 completed, but target not reached within tolerance after 400 attempts
2025-03-18 19:26:53 - root - INFO - MovingJ ur5e_2 from [-1.43043114 -2.22402234 -2.06872982 -0.40574036  1.57084022  0.14045101] to [-1.43788318 -2.01951096 -2.02566653 -0.67308999  1.57080099  0.13292149]
2025-03-18 19:26:53 - root - INFO - put down block at (-0.6, -0.6) start_height 0.30000000000000004
2025-03-18 19:26:53 - root - INFO - Planning and moving to xyz facing down ur5e_2 from [-1.43042293 -2.09633268 -2.04201276 -0.57775121  1.57084085  0.140451  ] to [-1.6068202142405856, -2.225687769516234, -1.1992565199007001, -1.2874441793692548, 1.5707962818490098, -0.03602387543502959] target: [-0.6, -0.6, 0.30000000000000004]
2025-03-18 19:26:53 - root - INFO - Planning and movingJ ur5e_2 from [-1.43042293 -2.09633268 -2.04201276 -0.57775121  1.57084085  0.140451  ] to [-1.6068202142405856, -2.225687769516234, -1.1992565199007001, -1.2874441793692548, 1.5707962818490098, -0.03602387543502959]
2025-03-18 19:26:53 - root - INFO - MovingJ ur5e_2 from [-1.43042293 -2.09633268 -2.04201276 -0.57775121  1.57084085  0.140451  ] to [-1.6068202142405856, -2.225687769516234, -1.1992565199007001, -1.2874441793692548, 1.5707962818490098, -0.03602387543502959]
2025-03-18 19:26:55 - root - INFO - MovingL ur5e_2 from [-0.60432884 -0.6030648   0.28811164] to [-0.6        -0.6         0.12916659]
2025-03-18 19:26:57 - root - INFO - MovingJ ur5e_2 from [-1.60657819 -2.40978657 -1.34960085 -0.96265155  1.5707751  -0.03572271] to [-1.60106349 -2.22607339 -1.22847043 -1.2647799   1.57082693 -0.03027444]
2025-03-18 19:26:58 - root - INFO - pick up block at (-0.7, -0.9) start_height 0.15
2025-03-18 19:26:58 - root - INFO - Planning and moving to xyz facing down ur5e_2 from [-1.60657187 -2.28998717 -1.26894004 -1.16791312  1.57077605 -0.03572273] to [-1.396612567213105, -1.8260215631263943, -2.3335599252439048, -0.5528040669859913, 1.5707955329218295, 0.17418498487640172] target: [-0.7, -0.9, 0.15]
2025-03-18 19:26:58 - root - INFO - Planning and movingJ ur5e_2 from [-1.60657187 -2.28998717 -1.26894004 -1.16791312  1.57077605 -0.03572273] to [-1.396612567213105, -1.8260215631263943, -2.3335599252439048, -0.5528040669859913, 1.5707955329218295, 0.17418498487640172]
2025-03-18 19:26:58 - root - INFO - MovingJ ur5e_2 from [-1.60657187 -2.28998717 -1.26894004 -1.16791312  1.57077605 -0.03572273] to [-1.396612567213105, -1.8260215631263943, -2.3335599252439048, -0.5528040669859913, 1.5707955329218295, 0.17418498487640172]
2025-03-18 19:26:59 - root - INFO - MovingL ur5e_2 from [-0.69917125 -0.88995129  0.15053419] to [-0.7  -0.9   0.05]
2025-03-18 19:27:01 - root - INFO - MovingJ ur5e_2 from [-1.39681687 -2.12565398 -2.35334874 -0.22329065  1.57079307  0.17405874] to [-1.40267616 -1.84210641 -2.30404549 -0.57104476  1.57079455  0.16815147]
2025-03-18 19:27:02 - root - INFO - put down block at (-0.6, -0.6) start_height 0.42000000000000004
2025-03-18 19:27:02 - root - INFO - Planning and moving to xyz facing down ur5e_2 from [-1.3968175  -1.92546476 -2.31879382 -0.47269503  1.57079442  0.17405873] to [-1.6068199792260802, -2.1800687699277597, -0.9643750277744148, -1.5679444231848711, 1.570796265450012, -0.03602364713768757] target: [-0.6, -0.6, 0.42000000000000004]
2025-03-18 19:27:02 - root - INFO - Planning and movingJ ur5e_2 from [-1.3968175  -1.92546476 -2.31879382 -0.47269503  1.57079442  0.17405873] to [-1.6068199792260802, -2.1800687699277597, -0.9643750277744148, -1.5679444231848711, 1.570796265450012, -0.03602364713768757]
2025-03-18 19:27:02 - root - INFO - MovingJ ur5e_2 from [-1.3968175  -1.92546476 -2.31879382 -0.47269503  1.57079442  0.17405873] to [-1.6068199792260802, -2.1800687699277597, -0.9643750277744148, -1.5679444231848711, 1.570796265450012, -0.03602364713768757]
2025-03-18 19:27:04 - root - INFO - MovingL ur5e_2 from [-0.60322115 -0.60047055  0.40806928] to [-0.6        -0.6         0.16824773]
2025-03-18 19:27:07 - root - INFO - MovingJ ur5e_2 from [-1.60668963 -2.36107079 -1.32905071 -1.03547943  1.57076018 -0.0358595 ] to [-1.6024629  -2.17930231 -0.99427723 -1.54573335  1.57081227 -0.03167761]
