2025-03-18 21:14:57 - root - INFO - Logging setup complete for Hanoi_sim
2025-03-18 21:14:57 - root - INFO - pick up block at (-0.995, -0.615) start_height 0.275
2025-03-18 21:14:57 - root - INFO - Planning and moving to xyz facing down ur5e_2 from [-1.56417438e+00 -1.56694744e+00 -4.97276278e-04 -1.56588207e+00
  1.05265287e-05 -1.99549302e-06] to [-1.0747848352260048, -2.257575080906705, -1.211681740464804, 5.040053427122819, 1.5707963034530261, -5.787173810956558] target: [-0.995, -0.615, 0.275]
2025-03-18 21:14:57 - root - INFO - Planning and movingJ ur5e_2 from [-1.56417438e+00 -1.56694744e+00 -4.97276278e-04 -1.56588207e+00
  1.05265287e-05 -1.99549302e-06] to [-1.0747848352260048, -2.257575080906705, -1.211681740464804, -1.243131880056767, 1.5707963034530261, 0.4960114962230282]
2025-03-18 21:14:57 - root - INFO - MovingJ ur5e_2 from [-1.56417438e+00 -1.56694744e+00 -4.97276278e-04 -1.56588207e+00
  1.05265287e-05 -1.99549302e-06] to [-1.0747848352260048, -2.257575080906705, -1.211681740464804, -1.243131880056767, 1.5707963034530261, 0.4960114962230282]
2025-03-18 21:14:59 - root - INFO - MovingL ur5e_2 from [-0.98750245 -0.60892233  0.28952082] to [-0.995 -0.615  0.175]
2025-03-18 21:15:01 - root - INFO - MovingJ ur5e_2 from [-1.07567733 -2.36344814 -1.30366112 -1.05949849  1.57063192  0.49509792] to [-1.08367856 -2.25020574 -1.19127179 -1.24970877  1.54188746  0.48687134]
2025-03-18 21:15:01 - root - INFO - Planning and moving to xyz facing down ur5e_2 from [-1.0756601  -2.31238254 -1.24984518 -1.15353237  1.55649534  0.49509791] to [-1.0781116596687654, -2.2333068003921155, -1.1180624060718478, -1.361019415098117, 1.5707962961747437, 0.4926846727382421] target: [-0.99461408 -0.6105076   0.32599849]
2025-03-18 21:15:01 - root - INFO - Planning and movingJ ur5e_2 from [-1.0756601  -2.31238254 -1.24984518 -1.15353237  1.55649534  0.49509791] to [-1.0781116596687654, -2.2333068003921155, -1.1180624060718478, -1.361019415098117, 1.5707962961747437, 0.4926846727382421]
2025-03-18 21:15:01 - root - INFO - MovingJ ur5e_2 from [-1.0756601  -2.31238254 -1.24984518 -1.15353237  1.55649534  0.49509791] to [-1.0781116596687654, -2.2333068003921155, -1.1180624060718478, -1.361019415098117, 1.5707962961747437, 0.4926846727382421]
2025-03-18 21:15:04 - root - WARNING - Movement for ur5e_2 timed out before reaching the target joints.
2025-03-18 21:15:04 - root - INFO - Planning and moving to xyz facing down ur5e_2 from [-1.07810727 -2.2382094  -1.11996587 -1.36108133  1.57077263  0.49268868] to [-1.9681894339808015, -2.532517394002167, -0.39258017178860344, -1.7872891258416705, 1.5707961176145424, -0.3973931060537938] target: [-0.315, -0.615, 0.4]
2025-03-18 21:15:04 - root - INFO - Planning and movingJ ur5e_2 from [-1.07810727 -2.2382094  -1.11996587 -1.36108133  1.57077263  0.49268868] to [-1.9681894339808015, -2.532517394002167, -0.39258017178860344, -1.7872891258416705, 1.5707961176145424, -0.3973931060537938]
2025-03-18 21:15:04 - root - INFO - MovingJ ur5e_2 from [-1.07810727 -2.2382094  -1.11996587 -1.36108133  1.57077263  0.49268868] to [-1.9681894339808015, -2.532517394002167, -0.39258017178860344, -1.7872891258416705, 1.5707961176145424, -0.3973931060537938]
2025-03-18 21:15:09 - root - WARNING - Movement for ur5e_2 timed out before reaching the target joints.
2025-03-18 21:15:09 - root - INFO - Planning and moving to xyz facing down ur5e_1 from [-1.56417416e+00 -1.56676339e+00 -4.47897860e-04 -1.56585172e+00
  1.26057180e-06 -1.99653069e-06] to [-1.8495665948015085, -2.7578743167117787, -0.5935355329131011, 1.7806158306895856, -1.5707959552407227, -0.2787702623411881] target: [-0.315, -0.615, 0.15000000000000002]
2025-03-18 21:15:09 - root - INFO - Planning and movingJ ur5e_1 from [-1.56417416e+00 -1.56676339e+00 -4.47897860e-04 -1.56585172e+00
  1.26057180e-06 -1.99653069e-06] to [-1.8495665948015085, -2.7578743167117787, -0.5935355329131011, 1.7806158306895856, -1.5707959552407227, -0.2787702623411881]
2025-03-18 21:15:09 - root - INFO - MovingJ ur5e_1 from [-1.56417416e+00 -1.56676339e+00 -4.47897860e-04 -1.56585172e+00
  1.26057180e-06 -1.99653069e-06] to [-1.8495665948015085, -2.7578743167117787, -0.5935355329131011, 1.7806158306895856, -1.5707959552407227, -0.2787702623411881]
2025-03-18 21:15:21 - root - WARNING - Movement for ur5e_1 timed out before reaching the target joints.
2025-03-18 21:15:21 - root - INFO - MovingJ ur5e_1 from [-1.84399197 -2.29641605 -0.58273418  1.61439551 -1.5814845  -0.28096262] to [-1.84399197 -2.29641605 -0.58273418  1.61439551 -1.5814845  -0.28096262]
2025-03-18 21:15:21 - root - WARNING - Movement for ur5e_1 timed out before reaching the target joints.
2025-03-18 21:15:21 - root - INFO - MovingJ ur5e_1 from [-1.84392759 -2.29583295 -0.58290845  1.70411918 -1.58166257 -0.28098592] to [-1.84399197 -2.29641605 -0.58273418  1.71439551 -4.72307716 -0.28096262]
