2025-03-25 15:49:23 - root - INFO - Logging setup complete for Hanoi_sim
2025-03-25 15:49:23 - root - INFO - pick up block at (-0.995, -0.615) start_height 0.15
2025-03-25 15:49:23 - root - INFO - Planning and moving to xyz facing down ur5e_2 from [-1.56417438e+00 -1.56694744e+00 -4.97276278e-04 -1.56588207e+00
  1.05265287e-05 -1.99549302e-06] to [-1.0747831147594895, -2.391670830176984, 4.9614709422259065, -0.9990023825825654, 1.5707961382269398, 0.49601333016665883] target: [-0.995, -0.615, 0.15]
2025-03-25 15:49:23 - root - INFO - Planning and movingJ ur5e_2 from [-1.56417438e+00 -1.56694744e+00 -4.97276278e-04 -1.56588207e+00
  1.05265287e-05 -1.99549302e-06] to [-1.0747831147594895, -2.391670830176984, -1.3217143649536798, -0.9990023825825654, 1.5707961382269398, 0.49601333016665883]
2025-03-25 15:49:23 - root - INFO - MovingJ ur5e_2 from [-1.56417438e+00 -1.56694744e+00 -4.97276278e-04 -1.56588207e+00
  1.05265287e-05 -1.99549302e-06] to [-1.0747831147594895, -2.391670830176984, -1.3217143649536798, -0.9990023825825654, 1.5707961382269398, 0.49601333016665883]
2025-03-25 15:49:25 - root - INFO - MovingL ur5e_2 from [-0.98887492 -0.60635703  0.16574174] to [-0.995 -0.615  0.05 ]
2025-03-25 15:49:30 - root - WARNING - Linear movement for ur5e_2 completed, but target not reached within tolerance after 400 attempts
2025-03-25 15:49:30 - root - INFO - MovingJ ur5e_2 from [-1.07485342 -2.53799324 -1.33419131 -0.82909528  1.57083653  0.49601074] to [-1.08366251 -2.38222339 -1.29915139 -1.01008903  1.54188824  0.48687314]
2025-03-25 15:49:30 - root - INFO - Planning and moving to xyz facing down ur5e_2 from [-1.07483297 -2.47152504 -1.3194463  -0.91245075  1.55758207  0.49601073] to [-1.0771331828383552, -2.2920577460825706, -1.2170700139656105, -1.2032605460109145, 1.5707962682545087, 0.49366315318751375] target: [-0.99608971 -0.60930272  0.25081186]
2025-03-25 15:49:30 - root - INFO - Planning and movingJ ur5e_2 from [-1.07483297 -2.47152504 -1.3194463  -0.91245075  1.55758207  0.49601073] to [-1.0771331828383552, -2.2920577460825706, -1.2170700139656105, -1.2032605460109145, 1.5707962682545087, 0.49366315318751375]
2025-03-25 15:49:30 - root - INFO - MovingJ ur5e_2 from [-1.07483297 -2.47152504 -1.3194463  -0.91245075  1.55758207  0.49601073] to [-1.0771331828383552, -2.2920577460825706, -1.2170700139656105, -1.2032605460109145, 1.5707962682545087, 0.49366315318751375]
2025-03-25 15:49:33 - root - WARNING - Movement for ur5e_2 timed out before reaching the target joints.
2025-03-25 15:49:33 - root - INFO - put down block at (-0.615, -0.615) start_height 0.15
2025-03-25 15:49:33 - root - INFO - Planning and moving to xyz facing down ur5e_2 from [-1.07713146 -2.29708563 -1.21873905 -1.20349523  1.57078855  0.49366453] to [-1.5867093014330573, -2.3449556063483965, -1.412124557957679, -0.9553084433373779, 1.570796292095235, -0.015912970405909256] target: [-0.615, -0.615, 0.15]
2025-03-25 15:49:33 - root - INFO - Planning and movingJ ur5e_2 from [-1.07713146 -2.29708563 -1.21873905 -1.20349523  1.57078855  0.49366453] to [-1.5867093014330573, -2.3449556063483965, -1.412124557957679, -0.9553084433373779, 1.570796292095235, -0.015912970405909256]
2025-03-25 15:49:33 - root - INFO - MovingJ ur5e_2 from [-1.07713146 -2.29708563 -1.21873905 -1.20349523  1.57078855  0.49366453] to [-1.5867093014330573, -2.3449556063483965, -1.412124557957679, -0.9553084433373779, 1.570796292095235, -0.015912970405909256]
2025-03-25 15:49:34 - root - INFO - MovingL ur5e_2 from [-0.636244   -0.60932886  0.15122753] to [-0.615      -0.615       0.08978449]
2025-03-25 15:49:35 - root - INFO - MovingJ ur5e_2 from [-1.58385792 -2.43021929 -1.42567132 -0.85611871  1.57082178 -0.01299327] to [-1.55713809 -2.34699302 -1.40226233 -0.96996038  1.5709645   0.01354872]
2025-03-25 15:49:36 - root - INFO - Planning and moving to xyz facing down ur5e_2 from [-1.580522   -2.42079242 -1.4256303  -0.87061926  1.57072141 -0.00950196] to [-1.5810837031972311, -2.2277986378357375, -1.334131147375396, -1.1504586384940187, 1.5707962779560172, -0.010287366763359156] target: [-0.61902155 -0.61391564  0.24905134]
2025-03-25 15:49:36 - root - INFO - Planning and movingJ ur5e_2 from [-1.580522   -2.42079242 -1.4256303  -0.87061926  1.57072141 -0.00950196] to [-1.5810837031972311, -2.2277986378357375, -1.334131147375396, -1.1504586384940187, 1.5707962779560172, -0.010287366763359156]
2025-03-25 15:49:36 - root - INFO - MovingJ ur5e_2 from [-1.580522   -2.42079242 -1.4256303  -0.87061926  1.57072141 -0.00950196] to [-1.5810837031972311, -2.2277986378357375, -1.334131147375396, -1.1504586384940187, 1.5707962779560172, -0.010287366763359156]
2025-03-25 15:49:38 - root - WARNING - Movement for ur5e_2 timed out before reaching the target joints.
2025-03-25 15:49:38 - root - INFO - pick up block at (-0.805, -0.615) start_height 0.19
2025-03-25 15:49:38 - root - INFO - Planning and moving to xyz facing down ur5e_2 from [-1.58108152 -2.2328681  -1.33595832 -1.15081662  1.5707959  -0.01028684] to [-1.320353173205414, -2.2656614653500027, -1.4380135183941698, -1.0087132443501228, 1.5707962605653933, 0.2504431743077719] target: [-0.805, -0.615, 0.19]
2025-03-25 15:49:38 - root - INFO - Planning and movingJ ur5e_2 from [-1.58108152 -2.2328681  -1.33595832 -1.15081662  1.5707959  -0.01028684] to [-1.320353173205414, -2.2656614653500027, -1.4380135183941698, -1.0087132443501228, 1.5707962605653933, 0.2504431743077719]
2025-03-25 15:49:38 - root - INFO - MovingJ ur5e_2 from [-1.58108152 -2.2328681  -1.33595832 -1.15081662  1.5707959  -0.01028684] to [-1.320353173205414, -2.2656614653500027, -1.4380135183941698, -1.0087132443501228, 1.5707962605653933, 0.2504431743077719]
