2025-03-18 21:18:54 - root - INFO - Logging setup complete for Hanoi_sim
2025-03-18 21:18:54 - root - INFO - Planning and moving to xyz facing down ur5e_1 from [-1.56417438e+00 -1.56694744e+00 -4.97276278e-04 -1.56588207e+00
  1.05265287e-05 -1.99549302e-06] to [1.170738979392652, -0.6431644565096233, 0.9741607394929862, 1.2397991909271164, 1.5707961952676583, -0.40005736567330963] target: [-0.115, -0.615, 0.2]
2025-03-18 21:18:54 - root - INFO - Planning and movingJ ur5e_1 from [-1.56417438e+00 -1.56694744e+00 -4.97276278e-04 -1.56588207e+00
  1.05265287e-05 -1.99549302e-06] to [1.170738979392652, -0.6431644565096233, 0.9741607394929862, 1.2397991909271164, 1.5707961952676583, -0.40005736567330963]
2025-03-18 21:18:54 - root - INFO - MovingJ ur5e_1 from [-1.56417438e+00 -1.56694744e+00 -4.97276278e-04 -1.56588207e+00
  1.05265287e-05 -1.99549302e-06] to [1.170738979392652, -0.6431644565096233, 0.9741607394929862, 1.2397991909271164, 1.5707961952676583, -0.40005736567330963]
2025-03-18 21:19:05 - root - WARNING - Movement for ur5e_1 timed out before reaching the target joints.
2025-03-18 21:19:05 - root - INFO - pick up block at (-0.995, -0.615) start_height 0.275
2025-03-18 21:19:05 - root - INFO - Planning and moving to xyz facing down ur5e_2 from [-1.56417434e+00 -1.56694666e+00 -4.97095821e-04 -1.56588194e+00
  1.04850672e-05 -1.99568861e-06] to [-1.0747847848938958, -2.25757503184062, -1.2116817652783296, -1.2431319128920448, 1.5707962841371448, 0.49601156246879924] target: [-0.995, -0.615, 0.275]
2025-03-18 21:19:05 - root - INFO - Planning and movingJ ur5e_2 from [-1.56417434e+00 -1.56694666e+00 -4.97095821e-04 -1.56588194e+00
  1.04850672e-05 -1.99568861e-06] to [-1.0747847848938958, -2.25757503184062, -1.2116817652783296, -1.2431319128920448, 1.5707962841371448, 0.49601156246879924]
2025-03-18 21:19:05 - root - INFO - MovingJ ur5e_2 from [-1.56417434e+00 -1.56694666e+00 -4.97095821e-04 -1.56588194e+00
  1.04850672e-05 -1.99568861e-06] to [-1.0747847848938958, -2.25757503184062, -1.2116817652783296, -1.2431319128920448, 1.5707962841371448, 0.49601156246879924]
2025-03-18 21:19:07 - root - INFO - MovingL ur5e_2 from [-0.98750147 -0.60892207  0.28952   ] to [-0.995 -0.615  0.175]
2025-03-18 21:19:08 - root - INFO - MovingJ ur5e_2 from [-1.07567738 -2.36344822 -1.30366126 -1.05949797  1.5706319   0.49509785] to [-1.08367988 -2.25020658 -1.19127197 -1.24970988  1.54188745  0.48687141]
2025-03-18 21:19:09 - root - INFO - Planning and moving to xyz facing down ur5e_2 from [-1.07566015 -2.31238299 -1.24984534 -1.15353265  1.55649532  0.49509785] to [-1.0781117119325259, -2.2333069215593815, -1.1180633416108035, -1.3610183583939488, 1.5707962961749096, 0.492684620474456] target: [-0.99461402 -0.61050763  0.32599805]
2025-03-18 21:19:09 - root - INFO - Planning and movingJ ur5e_2 from [-1.07566015 -2.31238299 -1.24984534 -1.15353265  1.55649532  0.49509785] to [-1.0781117119325259, -2.2333069215593815, -1.1180633416108035, -1.3610183583939488, 1.5707962961749096, 0.492684620474456]
2025-03-18 21:19:09 - root - INFO - MovingJ ur5e_2 from [-1.07566015 -2.31238299 -1.24984534 -1.15353265  1.55649532  0.49509785] to [-1.0781117119325259, -2.2333069215593815, -1.1180633416108035, -1.3610183583939488, 1.5707962961749096, 0.492684620474456]
2025-03-18 21:19:11 - root - WARNING - Movement for ur5e_2 timed out before reaching the target joints.
2025-03-18 21:19:11 - root - INFO - Planning and moving to xyz facing down ur5e_2 from [-1.07810732 -2.23820952 -1.1199668  -1.36108027  1.57077263  0.49268862] to [-1.9681894339831412, -2.5325173940872028, -0.3925801716111311, -1.7872891259362165, 1.5707961176147336, -0.3973931060561288] target: [-0.315, -0.615, 0.4]
2025-03-18 21:19:11 - root - INFO - Planning and movingJ ur5e_2 from [-1.07810732 -2.23820952 -1.1199668  -1.36108027  1.57077263  0.49268862] to [-1.9681894339831412, -2.5325173940872028, -0.3925801716111311, -1.7872891259362165, 1.5707961176147336, -0.3973931060561288]
2025-03-18 21:19:11 - root - INFO - MovingJ ur5e_2 from [-1.07810732 -2.23820952 -1.1199668  -1.36108027  1.57077263  0.49268862] to [-1.9681894339831412, -2.5325173940872028, -0.3925801716111311, -1.7872891259362165, 1.5707961176147336, -0.3973931060561288]
2025-03-18 21:19:17 - root - WARNING - Movement for ur5e_2 timed out before reaching the target joints.
2025-03-18 21:19:17 - root - INFO - Planning and moving to xyz facing down ur5e_1 from [ 1.17075039 -0.59982585  0.98547831  1.23560032  1.57079626 -0.40005736] to [0.902857962196099, -0.38366707504123604, 0.5934288478526122, 1.3610337879618672, 1.5707962100244146, -0.6679383703474545] target: [-0.315, -0.615, 0.15000000000000002]
2025-03-18 21:19:17 - root - INFO - Planning and movingJ ur5e_1 from [ 1.17075039 -0.59982585  0.98547831  1.23560032  1.57079626 -0.40005736] to [0.902857962196099, -0.38366707504123604, 0.5934288478526122, 1.3610337879618672, 1.5707962100244146, -0.6679383703474545]
2025-03-18 21:19:17 - root - INFO - MovingJ ur5e_1 from [ 1.17075039 -0.59982585  0.98547831  1.23560032  1.57079626 -0.40005736] to [0.902857962196099, -0.38366707504123604, 0.5934288478526122, 1.3610337879618672, 1.5707962100244146, -0.6679383703474545]
2025-03-18 21:19:20 - root - WARNING - Movement for ur5e_1 timed out before reaching the target joints.
2025-03-18 21:19:20 - root - INFO - MovingJ ur5e_1 from [ 0.90290517 -0.37734881  0.5950609   1.26046222  1.57079631 -0.66788837] to [ 0.90290517 -0.37734881  0.5950609   1.26046222  1.57079631 -0.66788837]
2025-03-18 21:19:20 - root - WARNING - Movement for ur5e_1 timed out before reaching the target joints.
2025-03-18 21:19:20 - root - INFO - MovingJ ur5e_1 from [ 0.90290811 -0.37682688  0.5951866   1.35146934  1.57079632 -0.66788857] to [ 0.90290517 -0.37734881  0.5950609   1.36046222 -1.57079634 -0.66788837]
2025-03-18 21:19:31 - root - WARNING - Movement for ur5e_1 timed out before reaching the target joints.
2025-03-18 21:19:31 - root - INFO - Planning and moving to xyz facing down ur5e_2 from [-1.9681969  -2.53871905 -0.39434203 -1.78768145  1.57079654 -0.39739291] to [-1.968671191006576, -2.5092709745122734, -0.5288179967776151, -1.674299025403385, 1.5707962311399462, -0.3978748897471605] target: [-0.31415114 -0.61401131  0.36430138]
2025-03-18 21:19:31 - root - INFO - Planning and movingJ ur5e_2 from [-1.9681969  -2.53871905 -0.39434203 -1.78768145  1.57079654 -0.39739291] to [-1.968671191006576, -2.5092709745122734, -0.5288179967776151, -1.674299025403385, 1.5707962311399462, -0.3978748897471605]
2025-03-18 21:19:31 - root - INFO - MovingJ ur5e_2 from [-1.9681969  -2.53871905 -0.39434203 -1.78768145  1.57079654 -0.39739291] to [-1.968671191006576, -2.5092709745122734, -0.5288179967776151, -1.674299025403385, 1.5707962311399462, -0.3978748897471605]
2025-03-18 21:19:33 - root - WARNING - Movement for ur5e_2 timed out before reaching the target joints.
2025-03-18 21:19:33 - root - INFO - Planning and moving to xyz facing down ur5e_2 from [-1.96881772 -2.49008856 -0.51523735 -1.66569978  1.57085359 -0.39785612] to [-1.9692868008331983, -2.5568152275179123, -0.29790732932400626, -1.8576656394214561, 1.570796252917526, -0.39849047280945527] target: [-0.31463497 -0.61648118  0.41818491]
2025-03-18 21:19:33 - root - INFO - Planning and movingJ ur5e_2 from [-1.96881772 -2.49008856 -0.51523735 -1.66569978  1.57085359 -0.39785612] to [-1.9692868008331983, -2.5568152275179123, -0.29790732932400626, -1.8576656394214561, 1.570796252917526, -0.39849047280945527]
2025-03-18 21:19:33 - root - INFO - MovingJ ur5e_2 from [-1.96881772 -2.49008856 -0.51523735 -1.66569978  1.57085359 -0.39785612] to [-1.9692868008331983, -2.5568152275179123, -0.29790732932400626, -1.8576656394214561, 1.570796252917526, -0.39849047280945527]
2025-03-18 21:19:35 - root - WARNING - Movement for ur5e_2 timed out before reaching the target joints.
2025-03-18 21:19:35 - root - INFO - Planning and moving to xyz facing down ur5e_1 from [ 0.90292711 -0.36710438  0.59816215  1.35761772 -1.57085695 -0.66788679] to [1.1707396987916248, -0.6431592466628494, 0.9741498473604916, 1.2398051597745672, -4.712389067835511, -0.4000566400305645] target: [-0.115, -0.615, 0.2]
2025-03-18 21:19:35 - root - INFO - Planning and movingJ ur5e_1 from [ 0.90292711 -0.36710438  0.59816215  1.35761772 -1.57085695 -0.66788679] to [1.1707396987916248, -0.6431592466628494, 0.9741498473604916, 1.2398051597745672, 1.5707962393440749, -0.4000566400305645]
2025-03-18 21:19:35 - root - INFO - MovingJ ur5e_1 from [ 0.90292711 -0.36710438  0.59816215  1.35761772 -1.57085695 -0.66788679] to [1.1707396987916248, -0.6431592466628494, 0.9741498473604916, 1.2398051597745672, 1.5707962393440749, -0.4000566400305645]
2025-03-18 21:19:46 - root - WARNING - Movement for ur5e_1 timed out before reaching the target joints.
2025-03-18 21:19:46 - root - INFO - put down block at (-0.805, -0.615) start_height 0.155
2025-03-18 21:19:46 - root - INFO - Planning and moving to xyz facing down ur5e_2 from [-1.96928424 -2.56271154 -0.29992626 -1.85779636  1.57079695 -0.39848464] to [-1.3203527639707209, -2.3122317809845447, -1.4591559145295303, -0.941000254601362, 1.5707962291548008, 0.2504435424997685] target: [-0.805, -0.615, 0.155]
2025-03-18 21:19:46 - root - INFO - Planning and movingJ ur5e_2 from [-1.96928424 -2.56271154 -0.29992626 -1.85779636  1.57079695 -0.39848464] to [-1.3203527639707209, -2.3122317809845447, -1.4591559145295303, -0.941000254601362, 1.5707962291548008, 0.2504435424997685]
2025-03-18 21:19:46 - root - INFO - MovingJ ur5e_2 from [-1.96928424 -2.56271154 -0.29992626 -1.85779636  1.57079695 -0.39848464] to [-1.3203527639707209, -2.3122317809845447, -1.4591559145295303, -0.941000254601362, 1.5707962291548008, 0.2504435424997685]
2025-03-18 21:19:48 - root - INFO - MovingL ur5e_2 from [-0.79453728 -0.60769958  0.15655947] to [-0.805      -0.615       0.06962104]
2025-03-18 21:19:49 - root - INFO - MovingJ ur5e_2 from [-1.32172244 -2.45030118 -1.48114068 -0.8033872   1.57078788  0.24905868] to [-1.33717297 -2.32362954 -1.43045394 -0.96501889  1.57067217  0.2336745 ]
2025-03-18 21:19:50 - root - INFO - Planning and moving to xyz facing down ur5e_2 from [-1.3217048  -2.4057658  -1.46273701 -0.86634476  1.57078789  0.24905868] to [-1.3222627195177423, -2.2625778568226282, -1.4270295763893868, -1.02277774445005, 1.5707960240875511, 0.24853356448931688] target: [-0.80410315 -0.61305925  0.1955306 ]
2025-03-18 21:19:50 - root - INFO - Planning and movingJ ur5e_2 from [-1.3217048  -2.4057658  -1.46273701 -0.86634476  1.57078789  0.24905868] to [-1.3222627195177423, -2.2625778568226282, -1.4270295763893868, -1.02277774445005, 1.5707960240875511, 0.24853356448931688]
2025-03-18 21:19:50 - root - INFO - MovingJ ur5e_2 from [-1.3217048  -2.4057658  -1.46273701 -0.86634476  1.57078789  0.24905868] to [-1.3222627195177423, -2.2625778568226282, -1.4270295763893868, -1.02277774445005, 1.5707960240875511, 0.24853356448931688]
2025-03-18 21:19:51 - root - WARNING - Movement for ur5e_2 timed out before reaching the target joints.
2025-03-18 21:19:51 - root - INFO - pick up block at (-0.995, -0.615) start_height 0.235
2025-03-18 21:19:51 - root - INFO - Planning and moving to xyz facing down ur5e_2 from [-1.32225411 -2.26807309 -1.42881396 -1.0227469   1.57079586  0.24854335] to [-1.074783992330622, -2.2935088470803913, -1.258061635623373, -1.1608174544117573, 1.5707962423888562, 0.4960123323312766] target: [-0.995, -0.615, 0.235]
2025-03-18 21:19:51 - root - INFO - Planning and movingJ ur5e_2 from [-1.32225411 -2.26807309 -1.42881396 -1.0227469   1.57079586  0.24854335] to [-1.074783992330622, -2.2935088470803913, -1.258061635623373, -1.1608174544117573, 1.5707962423888562, 0.4960123323312766]
2025-03-18 21:19:51 - root - INFO - MovingJ ur5e_2 from [-1.32225411 -2.26807309 -1.42881396 -1.0227469   1.57079586  0.24854335] to [-1.074783992330622, -2.2935088470803913, -1.258061635623373, -1.1608174544117573, 1.5707962423888562, 0.4960123323312766]
2025-03-18 21:19:52 - root - INFO - MovingL ur5e_2 from [-0.97257452 -0.61208361  0.22515865] to [-0.995 -0.615  0.135]
2025-03-18 21:19:54 - root - INFO - MovingJ ur5e_2 from [-1.07701165 -2.41129413 -1.3271476  -0.98214488  1.57076466  0.49383934] to [-1.10352076 -2.2955369  -1.27969502 -1.14522056  1.57080469  0.46712994]
2025-03-18 21:19:54 - root - INFO - Planning and moving to xyz facing down ur5e_2 from [-1.08711491 -2.370692   -1.3099428  -1.04548245  1.57081359  0.4835125 ] to [-1.0876474695342397, -2.262865046716515, -1.2253571119108284, -1.2241665618907571, 1.5707963040930013, 0.48314886223602543] target: [-0.98544671 -0.61267952  0.26654963]
2025-03-18 21:19:54 - root - INFO - Planning and movingJ ur5e_2 from [-1.08711491 -2.370692   -1.3099428  -1.04548245  1.57081359  0.4835125 ] to [-1.0876474695342397, -2.262865046716515, -1.2253571119108284, -1.2241665618907571, 1.5707963040930013, 0.48314886223602543]
2025-03-18 21:19:54 - root - INFO - MovingJ ur5e_2 from [-1.08711491 -2.370692   -1.3099428  -1.04548245  1.57081359  0.4835125 ] to [-1.0876474695342397, -2.262865046716515, -1.2253571119108284, -1.2241665618907571, 1.5707963040930013, 0.48314886223602543]
2025-03-18 21:19:56 - root - WARNING - Movement for ur5e_2 timed out before reaching the target joints.
2025-03-18 21:19:56 - root - INFO - Planning and moving to xyz facing down ur5e_2 from [-1.0876369  -2.26706819 -1.22662667 -1.22369075  1.57079695  0.48315411] to [-1.9681896518888422, -2.5325253031683763, -0.3925636650263867, -1.7872979198696488, 1.5707961354351763, -0.3973933235768756] target: [-0.315, -0.615, 0.4]
2025-03-18 21:19:56 - root - INFO - Planning and movingJ ur5e_2 from [-1.0876369  -2.26706819 -1.22662667 -1.22369075  1.57079695  0.48315411] to [-1.9681896518888422, -2.5325253031683763, -0.3925636650263867, -1.7872979198696488, 1.5707961354351763, -0.3973933235768756]
2025-03-18 21:19:56 - root - INFO - MovingJ ur5e_2 from [-1.0876369  -2.26706819 -1.22662667 -1.22369075  1.57079695  0.48315411] to [-1.9681896518888422, -2.5325253031683763, -0.3925636650263867, -1.7872979198696488, 1.5707961354351763, -0.3973933235768756]
