2025-03-18 19:21:13 - root - INFO - Logging setup complete for Hanoi_sim
2025-03-18 19:21:13 - root - INFO - pick up block at (-0.7, -0.6) start_height 0.15
2025-03-18 19:21:13 - root - INFO - Planning and moving to xyz facing down ur5e_2 from [-1.56417438e+00 -1.56694744e+00 -4.97276278e-04 -1.56588207e+00
  1.05265287e-05 -1.99549302e-06] to [-1.4693704679103405, -2.350712247417868, 4.882161839050751, -0.9606517901981799, 1.570796159460802, 0.10142592193697175] target: [-0.7, -0.6, 0.15]
2025-03-18 19:21:13 - root - INFO - Planning and movingJ ur5e_2 from [-1.56417438e+00 -1.56694744e+00 -4.97276278e-04 -1.56588207e+00
  1.05265287e-05 -1.99549302e-06] to [-1.4693704679103405, -2.350712247417868, -1.4010234681288356, -0.9606517901981799, 1.570796159460802, 0.10142592193697175]
2025-03-18 19:21:13 - root - INFO - MovingJ ur5e_2 from [-1.56417438e+00 -1.56694744e+00 -4.97276278e-04 -1.56588207e+00
  1.05265287e-05 -1.99549302e-06] to [-1.4693704679103405, -2.350712247417868, -1.4010234681288356, -0.9606517901981799, 1.570796159460802, 0.10142592193697175]
2025-03-18 19:21:15 - root - INFO - MovingL ur5e_2 from [-0.6965624  -0.59324166  0.16553854] to [-0.7  -0.6   0.05]
2025-03-18 19:21:17 - root - INFO - MovingJ ur5e_2 from [-1.46974945 -2.50632912 -1.41980892 -0.80518008  1.57063767  0.10103154] to [-1.47105953 -2.34181427 -1.37696278 -0.97244614  1.54188246  0.09955677]
2025-03-18 19:21:17 - root - INFO - put down block at (-0.6, -0.6) start_height 0.06
2025-03-18 19:21:17 - root - INFO - Planning and moving to xyz facing down ur5e_2 from [-1.46977242 -2.44000436 -1.40255521 -0.87904981  1.55804333  0.10103154] to [-1.6068156978869157, -2.513370318540472, -1.3609121167657938, -0.8381028490866286, 1.5707958610049357, -0.036019212748399115] target: [-0.6, -0.6, 0.06]
2025-03-18 19:21:17 - root - INFO - Planning and movingJ ur5e_2 from [-1.46977242 -2.44000436 -1.40255521 -0.87904981  1.55804333  0.10103154] to [-1.6068156978869157, -2.513370318540472, -1.3609121167657938, -0.8381028490866286, 1.5707958610049357, -0.036019212748399115]
2025-03-18 19:21:17 - root - INFO - MovingJ ur5e_2 from [-1.46977242 -2.44000436 -1.40255521 -0.87904981  1.55804333  0.10103154] to [-1.6068156978869157, -2.513370318540472, -1.3609121167657938, -0.8381028490866286, 1.5707958610049357, -0.036019212748399115]
2025-03-18 19:21:18 - root - INFO - MovingL ur5e_2 from [-0.62091966 -0.59917029  0.0626789 ] to [-0.6        -0.6        -0.69520723]
2025-03-18 19:21:22 - root - WARNING - Linear movement for ur5e_2 completed, but target not reached within tolerance after 400 attempts
2025-03-18 19:21:23 - root - INFO - MovingJ ur5e_2 from [-1.59347597 -2.73854465 -1.00782591 -0.93130318  1.57197497 -0.02211239] to [-1.57791716 -2.50304253 -1.37110919 -0.8472666   1.56809728 -0.00705171]
2025-03-18 19:21:23 - root - INFO - pick up block at (-0.7, -0.9) start_height 0.15
2025-03-18 19:21:23 - root - INFO - Planning and moving to xyz facing down ur5e_2 from [-1.5934615  -2.57317214 -1.27289463 -0.87072014  1.57197218 -0.02211419] to [-1.3966332850869079, -1.8260376947360948, -2.333515984720765, -0.5528351116989757, 1.57079628767152, 0.1741630622325072] target: [-0.7, -0.9, 0.15]
2025-03-18 19:21:23 - root - INFO - Planning and movingJ ur5e_2 from [-1.5934615  -2.57317214 -1.27289463 -0.87072014  1.57197218 -0.02211419] to [-1.3966332850869079, -1.8260376947360948, -2.333515984720765, -0.5528351116989757, 1.57079628767152, 0.1741630622325072]
2025-03-18 19:21:23 - root - INFO - MovingJ ur5e_2 from [-1.5934615  -2.57317214 -1.27289463 -0.87072014  1.57197218 -0.02211419] to [-1.3966332850869079, -1.8260376947360948, -2.333515984720765, -0.5528351116989757, 1.57079628767152, 0.1741630622325072]
2025-03-18 19:21:25 - root - INFO - MovingL ur5e_2 from [-0.69945162 -0.88912114  0.1478895 ] to [-0.7  -0.9   0.05]
