2025-03-18 19:12:42 - root - INFO - Logging setup complete for Hanoi_sim
2025-03-18 19:12:43 - root - INFO - pick up block at (-0.7, -0.6) start_height 0.15
2025-03-18 19:12:43 - root - INFO - Planning and moving to xyz facing down ur5e_2 from [-1.56417438e+00 -1.56694744e+00 -4.97276278e-04 -1.56588207e+00
  1.05265287e-05 -1.99549302e-06] to [1.3053551874954028, -0.7908916962039533, 1.4010495542589854, -2.180957162792959, -1.5707962816318202, -0.26544082756509507] target: [-0.7, -0.6, 0.15]
2025-03-18 19:12:43 - root - INFO - Planning and movingJ ur5e_2 from [-1.56417438e+00 -1.56694744e+00 -4.97276278e-04 -1.56588207e+00
  1.05265287e-05 -1.99549302e-06] to [1.3053551874954028, -0.7908916962039533, 1.4010495542589854, -2.180957162792959, -1.5707962816318202, -0.26544082756509507]
2025-03-18 19:12:43 - root - INFO - MovingJ ur5e_2 from [-1.56417438e+00 -1.56694744e+00 -4.97276278e-04 -1.56588207e+00
  1.05265287e-05 -1.99549302e-06] to [1.3053551874954028, -0.7908916962039533, 1.4010495542589854, -2.180957162792959, -1.5707962816318202, -0.26544082756509507]
2025-03-18 19:12:46 - root - INFO - MovingL ur5e_2 from [-0.67874842 -0.59826554  0.15681708] to [-0.7  -0.6   0.05]
2025-03-18 19:12:47 - root - INFO - MovingJ ur5e_2 from [ 1.30330928 -0.63565545  1.42036446 -2.33760107 -1.57064271 -0.2672882 ] to [ 1.27545397 -0.79364648  1.38800071 -2.17388113 -1.55425963 -0.26264786]
2025-03-18 19:12:48 - root - INFO - put down block at (-0.6, -0.6) start_height 0.1197823881889918
2025-03-18 19:12:48 - root - INFO - Planning and moving to xyz facing down ur5e_2 from [ 1.29186378 -0.69600215  1.4082787  -2.26979004 -1.57063935 -0.26728819] to [1.1752847779873725, -0.719187905381512, 1.3545462148775087, -2.2061575576339716, -1.5707962315817499, -0.39551151332018064] target: [-0.6, -0.6, 0.1197823881889918]
2025-03-18 19:12:48 - root - INFO - Planning and movingJ ur5e_2 from [ 1.29186378 -0.69600215  1.4082787  -2.26979004 -1.57063935 -0.26728819] to [1.1752847779873725, -0.719187905381512, 1.3545462148775087, -2.2061575576339716, -1.5707962315817499, -0.39551151332018064]
2025-03-18 19:12:48 - root - INFO - MovingJ ur5e_2 from [ 1.29186378 -0.69600215  1.4082787  -2.26979004 -1.57063935 -0.26728819] to [1.1752847779873725, -0.719187905381512, 1.3545462148775087, -2.2061575576339716, -1.5707962315817499, -0.39551151332018064]
2025-03-18 19:12:48 - root - INFO - MovingL ur5e_2 from [-0.62140993 -0.59937983  0.10835235] to [-0.6        -0.6         0.06978239]
2025-03-18 19:12:49 - root - INFO - MovingJ ur5e_2 from [ 1.17843685 -0.63367078  1.36675196 -2.28010716 -1.57065161 -0.39237573] to [ 1.20265504 -0.70933408  1.36819628 -2.22051088 -1.57050787 -0.36578982]
2025-03-18 19:12:49 - root - INFO - pick up block at (-0.7, -0.7) start_height 0.15
2025-03-18 19:12:49 - root - INFO - Planning and moving to xyz facing down ur5e_2 from [ 1.17843685 -0.63339456  1.36682417 -2.28008055 -1.57065162 -0.39237573] to [1.2631288665776723, -0.9751091603792539, 1.7498414460995793, -2.3455289984012566, -1.5707962819581411, -0.30766746838080256] target: [-0.7, -0.7, 0.15]
2025-03-18 19:12:49 - root - INFO - Planning and movingJ ur5e_2 from [ 1.17843685 -0.63339456  1.36682417 -2.28008055 -1.57065162 -0.39237573] to [1.2631288665776723, -0.9751091603792539, 1.7498414460995793, -2.3455289984012566, -1.5707962819581411, -0.30766746838080256]
2025-03-18 19:12:49 - root - INFO - MovingJ ur5e_2 from [ 1.17843685 -0.63339456  1.36682417 -2.28008055 -1.57065162 -0.39237573] to [1.2631288665776723, -0.9751091603792539, 1.7498414460995793, -2.3455289984012566, -1.5707962819581411, -0.30766746838080256]
2025-03-18 19:12:50 - root - INFO - MovingL ur5e_2 from [-0.69352783 -0.69218613  0.14127772] to [-0.7  -0.7   0.05]
2025-03-18 19:12:52 - root - INFO - MovingJ ur5e_2 from [ 1.26302285 -0.79562909  1.76276573 -2.54408613 -1.57100442 -0.30787635] to [ 1.25706495 -0.94584041  1.7233904  -2.3402568  -1.57075443 -0.31380525]
2025-03-18 19:12:53 - root - INFO - put down block at (-0.6, -0.6) start_height 0.18
2025-03-18 19:12:53 - root - INFO - Planning and moving to xyz facing down ur5e_2 from [ 1.26305122 -0.86788224  1.74375083 -2.43887223 -1.5710138  -0.30787624] to [1.175287518545268, -0.7990733746688179, 1.3258150386811562, -2.0975387874725406, -1.570796261615612, -0.39550880602953026] target: [-0.6, -0.6, 0.18]
2025-03-18 19:12:53 - root - INFO - Planning and movingJ ur5e_2 from [ 1.26305122 -0.86788224  1.74375083 -2.43887223 -1.5710138  -0.30787624] to [1.175287518545268, -0.7990733746688179, 1.3258150386811562, -2.0975387874725406, -1.570796261615612, -0.39550880602953026]
2025-03-18 19:12:53 - root - INFO - MovingJ ur5e_2 from [ 1.26305122 -0.86788224  1.74375083 -2.43887223 -1.5710138  -0.30787624] to [1.175287518545268, -0.7990733746688179, 1.3258150386811562, -2.0975387874725406, -1.570796261615612, -0.39550880602953026]
2025-03-18 19:12:54 - root - INFO - MovingL ur5e_2 from [-0.60663647 -0.60518066  0.16913789] to [-0.6        -0.6        -0.74514215]
2025-03-18 19:12:58 - root - WARNING - Linear movement for ur5e_2 completed, but target not reached within tolerance after 400 attempts
2025-03-18 19:12:59 - root - INFO - MovingJ ur5e_2 from [ 1.19481211 -0.44662557  1.10477924 -2.26402421 -1.57115455 -0.37758926] to [ 1.1809643  -0.79849345  1.35474561 -2.1193025  -1.57085458 -0.38978708]
2025-03-18 19:13:00 - root - INFO - pick up block at (-0.7, -0.8) start_height 0.15
2025-03-18 19:13:00 - root - INFO - Planning and moving to xyz facing down ur5e_2 from [ 1.19425887 -0.69973001  1.2898361  -2.15723362 -1.57113035 -0.37813783] to [1.2048878494162265, -1.144648018880887, 2.0542162715574728, -2.4803650668020665, -1.5707962390780021, -0.3659084993246858] target: [-0.7, -0.8, 0.15]
2025-03-18 19:13:00 - root - INFO - Planning and movingJ ur5e_2 from [ 1.19425887 -0.69973001  1.2898361  -2.15723362 -1.57113035 -0.37813783] to [1.2048878494162265, -1.144648018880887, 2.0542162715574728, -2.4803650668020665, -1.5707962390780021, -0.3659084993246858]
2025-03-18 19:13:00 - root - INFO - MovingJ ur5e_2 from [ 1.19425887 -0.69973001  1.2898361  -2.15723362 -1.57113035 -0.37813783] to [1.2048878494162265, -1.144648018880887, 2.0542162715574728, -2.4803650668020665, -1.5707962390780021, -0.3659084993246858]
2025-03-18 19:13:01 - root - INFO - MovingL ur5e_2 from [-0.6961248  -0.79047528  0.14748596] to [-0.7  -0.8   0.05]
2025-03-18 19:13:06 - root - WARNING - Linear movement for ur5e_2 completed, but target not reached within tolerance after 400 attempts
2025-03-18 19:13:06 - root - INFO - MovingJ ur5e_2 from [ 1.20496216 -0.91757227  2.06872687 -2.73584984 -1.57082629 -0.36590649] to [ 1.20450397 -1.1230205   2.02460792 -2.46679192 -1.57087363 -0.3664015 ]
2025-03-18 19:13:06 - root - INFO - put down block at (-0.6, -0.6) start_height 0.30000000000000004
2025-03-18 19:13:06 - root - INFO - Planning and moving to xyz facing down ur5e_2 from [ 1.20495379 -1.04586227  2.04133395 -2.56274231 -1.57082703 -0.36590648] to [1.175287939911029, -0.9159039682475751, 1.1992545915555968, -1.854147375083693, -1.5707962914019726, -0.39550839226058737] target: [-0.6, -0.6, 0.30000000000000004]
2025-03-18 19:13:06 - root - INFO - Planning and movingJ ur5e_2 from [ 1.20495379 -1.04586227  2.04133395 -2.56274231 -1.57082703 -0.36590648] to [1.175287939911029, -0.9159039682475751, 1.1992545915555968, -1.854147375083693, -1.5707962914019726, -0.39550839226058737]
2025-03-18 19:13:06 - root - INFO - MovingJ ur5e_2 from [ 1.20495379 -1.04586227  2.04133395 -2.56274231 -1.57082703 -0.36590648] to [1.175287939911029, -0.9159039682475751, 1.1992545915555968, -1.854147375083693, -1.5707962914019726, -0.39550839226058737]
2025-03-18 19:13:08 - root - INFO - MovingL ur5e_2 from [-0.60222513 -0.60351891  0.28812142] to [-0.6        -0.6        -0.74514215]
2025-03-18 19:13:12 - root - WARNING - Linear movement for ur5e_2 completed, but target not reached within tolerance after 400 attempts
