2025-03-25 15:21:02 - root - INFO - Logging setup complete for Hanoi_sim
2025-03-25 15:21:02 - root - INFO - pick up block at (-0.995, -0.615) start_height 0.27
2025-03-25 15:21:02 - root - INFO - Planning and moving to xyz facing down ur5e_2 from [-1.56417438e+00 -1.56694744e+00 -4.97276278e-04 -1.56588207e+00
  1.05265287e-05 -1.99549302e-06] to [1.7098812005093336, -0.8799282027166587, 1.2181054167562484, -1.9089750683475453, -1.5707961969503075, 0.1390848495859142] target: [-0.995, -0.615, 0.27]
2025-03-25 15:21:02 - root - INFO - Planning and movingJ ur5e_2 from [-1.56417438e+00 -1.56694744e+00 -4.97276278e-04 -1.56588207e+00
  1.05265287e-05 -1.99549302e-06] to [1.7098812005093336, -0.8799282027166587, 1.2181054167562484, -1.9089750683475453, -1.5707961969503075, 0.1390848495859142]
2025-03-25 15:21:02 - root - INFO - MovingJ ur5e_2 from [-1.56417438e+00 -1.56694744e+00 -4.97276278e-04 -1.56588207e+00
  1.05265287e-05 -1.99549302e-06] to [1.7098812005093336, -0.8799282027166587, 1.2181054167562484, -1.9089750683475453, -1.5707961969503075, 0.1390848495859142]
2025-03-25 15:21:05 - root - INFO - MovingL ur5e_2 from [-0.97508339 -0.60680407  0.27486944] to [-0.995 -0.615  0.17 ]
2025-03-25 15:21:07 - root - INFO - MovingJ ur5e_2 from [ 1.70847016 -0.7749869   1.30663454 -2.10008402 -1.57078711  0.13791899] to [ 1.67990998 -0.8810355   1.20872435 -1.90521062 -1.55627074  0.13779904]
2025-03-25 15:21:07 - root - INFO - Planning and moving to xyz facing down ur5e_2 from [ 1.69416733 -0.82356635  1.25896235 -2.00182836 -1.57077538  0.13791892] to [1.6947013011989898, -0.9293323947794749, 1.0420251081254817, -1.6834901284979251, -1.570796238245699, 0.12390496543815017] target: [-0.98451734 -0.6083193   0.36899996]
2025-03-25 15:21:07 - root - INFO - Planning and movingJ ur5e_2 from [ 1.69416733 -0.82356635  1.25896235 -2.00182836 -1.57077538  0.13791892] to [1.6947013011989898, -0.9293323947794749, 1.0420251081254817, -1.6834901284979251, -1.570796238245699, 0.12390496543815017]
2025-03-25 15:21:07 - root - INFO - MovingJ ur5e_2 from [ 1.69416733 -0.82356635  1.25896235 -2.00182836 -1.57077538  0.13791892] to [1.6947013011989898, -0.9293323947794749, 1.0420251081254817, -1.6834901284979251, -1.570796238245699, 0.12390496543815017]
2025-03-25 15:21:10 - root - WARNING - Movement for ur5e_2 timed out before reaching the target joints.
2025-03-25 15:21:10 - root - INFO - put down block at (-0.805, -0.615) start_height 0.11962103602185019
2025-03-25 15:21:10 - root - INFO - Planning and moving to xyz facing down ur5e_2 from [ 1.69469884 -0.9245744   1.04382727 -1.6832207  -1.5707962   0.12391093] to [1.4460621656373729, -0.7778659782637737, 1.4729497455307294, -2.26588032595529, -1.570796304222877, -0.1247341694012159] target: [-0.805, -0.615, 0.11962103602185019]
2025-03-25 15:21:10 - root - INFO - Planning and movingJ ur5e_2 from [ 1.69469884 -0.9245744   1.04382727 -1.6832207  -1.5707962   0.12391093] to [1.4460621656373729, -0.7778659782637737, 1.4729497455307294, -2.26588032595529, -1.570796304222877, -0.1247341694012159]
2025-03-25 15:21:10 - root - INFO - MovingJ ur5e_2 from [ 1.69469884 -0.9245744   1.04382727 -1.6832207  -1.5707962   0.12391093] to [1.4460621656373729, -0.7778659782637737, 1.4729497455307294, -2.26588032595529, -1.570796304222877, -0.1247341694012159]
2025-03-25 15:21:11 - root - INFO - MovingL ur5e_2 from [-0.81354918 -0.61139572  0.12672877] to [-0.805      -0.615       0.06962104]
2025-03-25 15:21:12 - root - INFO - MovingJ ur5e_2 from [ 1.44746775 -0.69103115  1.48132636 -2.33863869 -1.57078547 -0.12331371] to [ 1.45867867 -0.78044771  1.45251796 -2.236117   -1.57071092 -0.11216538]
2025-03-25 15:21:12 - root - INFO - Planning and moving to xyz facing down ur5e_2 from [ 1.44746185 -0.69116152  1.48116342 -2.33593549 -1.57078547 -0.12331371] to [1.4480277995885793, -0.9100082801630763, 1.4306983364885377, -2.0914868387237795, -1.570796284894714, -0.12276853699495353] target: [-0.8067626  -0.61798363  0.21299473]
2025-03-25 15:21:12 - root - INFO - Planning and movingJ ur5e_2 from [ 1.44746185 -0.69116152  1.48116342 -2.33593549 -1.57078547 -0.12331371] to [1.4480277995885793, -0.9100082801630763, 1.4306983364885377, -2.0914868387237795, -1.570796284894714, -0.12276853699495353]
2025-03-25 15:21:12 - root - INFO - MovingJ ur5e_2 from [ 1.44746185 -0.69116152  1.48116342 -2.33593549 -1.57078547 -0.12331371] to [1.4480277995885793, -0.9100082801630763, 1.4306983364885377, -2.0914868387237795, -1.570796284894714, -0.12276853699495353]
2025-03-25 15:21:15 - root - WARNING - Movement for ur5e_2 timed out before reaching the target joints.
2025-03-25 15:21:15 - root - INFO - pick up block at (-0.995, -0.615) start_height 0.22999999999999998
2025-03-25 15:21:15 - root - INFO - Planning and moving to xyz facing down ur5e_2 from [ 1.44802478 -0.90490431  1.43243434 -2.09119919 -1.5707962  -0.12277243] to [1.709881818515191, -0.8431020949883946, 1.263096591581142, -1.990791786121634, -1.5707962411008967, 0.13908547898089568] target: [-0.995, -0.615, 0.22999999999999998]
2025-03-25 15:21:15 - root - INFO - Planning and movingJ ur5e_2 from [ 1.44802478 -0.90490431  1.43243434 -2.09119919 -1.5707962  -0.12277243] to [1.709881818515191, -0.8431020949883946, 1.263096591581142, -1.990791786121634, -1.5707962411008967, 0.13908547898089568]
2025-03-25 15:21:15 - root - INFO - MovingJ ur5e_2 from [ 1.44802478 -0.90490431  1.43243434 -2.09119919 -1.5707962  -0.12277243] to [1.709881818515191, -0.8431020949883946, 1.263096591581142, -1.990791786121634, -1.5707962411008967, 0.13908547898089568]
2025-03-25 15:21:16 - root - INFO - MovingL ur5e_2 from [-0.97347766 -0.61290058  0.22306171] to [-0.995 -0.615  0.13 ]
2025-03-25 15:21:21 - root - WARNING - Linear movement for ur5e_2 completed, but target not reached within tolerance after 400 attempts
2025-03-25 15:21:21 - root - INFO - MovingJ ur5e_2 from [ 1.70993167 -0.72546066  1.32497018 -2.18339331 -1.57077388  0.13908615] to [ 1.68060686 -0.84507591  1.28384703 -2.00154187 -1.5707868   0.10967793]
2025-03-25 15:21:21 - root - INFO - Planning and moving to xyz facing down ur5e_2 from [ 1.69662463 -0.77590967  1.30736065 -2.0997863  -1.57071321  0.12561797] to [1.6971692633350663, -0.9154905528151758, 1.1412576851209633, -1.796564285326755, -1.5707962578391035, 0.12637292709478976] target: [-0.98594735 -0.61163186  0.32175   ]
2025-03-25 15:21:21 - root - INFO - Planning and movingJ ur5e_2 from [ 1.69662463 -0.77590967  1.30736065 -2.0997863  -1.57071321  0.12561797] to [1.6971692633350663, -0.9154905528151758, 1.1412576851209633, -1.796564285326755, -1.5707962578391035, 0.12637292709478976]
2025-03-25 15:21:21 - root - INFO - MovingJ ur5e_2 from [ 1.69662463 -0.77590967  1.30736065 -2.0997863  -1.57071321  0.12561797] to [1.6971692633350663, -0.9154905528151758, 1.1412576851209633, -1.796564285326755, -1.5707962578391035, 0.12637292709478976]
2025-03-25 15:21:24 - root - WARNING - Movement for ur5e_2 timed out before reaching the target joints.
2025-03-25 15:21:24 - root - INFO - put down block at (-0.615, -0.615) start_height 0.11966974924741118
2025-03-25 15:21:24 - root - INFO - Planning and moving to xyz facing down ur5e_2 from [ 1.69716422 -0.91161933  1.14240844 -1.79672896 -1.57079613  0.12637256] to [1.1865415966219306, -0.7533476199585398, 1.423587072427417, -2.241036318194233, -1.5707962741442787, -0.3842547376320142] target: [-0.615, -0.615, 0.11966974924741118]
2025-03-25 15:21:24 - root - INFO - Planning and movingJ ur5e_2 from [ 1.69716422 -0.91161933  1.14240844 -1.79672896 -1.57079613  0.12637256] to [1.1865415966219306, -0.7533476199585398, 1.423587072427417, -2.241036318194233, -1.5707962741442787, -0.3842547376320142]
2025-03-25 15:21:24 - root - INFO - MovingJ ur5e_2 from [ 1.69716422 -0.91161933  1.14240844 -1.79672896 -1.57079613  0.12637256] to [1.1865415966219306, -0.7533476199585398, 1.423587072427417, -2.241036318194233, -1.5707962741442787, -0.3842547376320142]
2025-03-25 15:21:25 - root - INFO - MovingL ur5e_2 from [-0.63502149 -0.60824118  0.12729966] to [-0.615      -0.615       0.06966975]
2025-03-25 15:21:26 - root - INFO - MovingJ ur5e_2 from [ 1.18917739 -0.668143    1.43191672 -2.31617409 -1.57070964 -0.3817162 ] to [ 1.2158102  -0.75872139  1.40852676 -2.21695575 -1.57002539 -0.35618509]
2025-03-25 15:21:26 - root - INFO - Planning and moving to xyz facing down ur5e_2 from [ 1.18917739 -0.66787385  1.43198714 -2.31614745 -1.57070964 -0.3817162 ] to [1.189742856157648, -0.8810879948867288, 1.3789550772305355, -2.0686638958568366, -1.5707962824848567, -0.38105348019353025] target: [-0.61815523 -0.61670024  0.21312802]
2025-03-25 15:21:26 - root - INFO - Planning and movingJ ur5e_2 from [ 1.18917739 -0.66787385  1.43198714 -2.31614745 -1.57070964 -0.3817162 ] to [1.189742856157648, -0.8810879948867288, 1.3789550772305355, -2.0686638958568366, -1.5707962824848567, -0.38105348019353025]
2025-03-25 15:21:26 - root - INFO - MovingJ ur5e_2 from [ 1.18917739 -0.66787385  1.43198714 -2.31614745 -1.57070964 -0.3817162 ] to [1.189742856157648, -0.8810879948867288, 1.3789550772305355, -2.0686638958568366, -1.5707962824848567, -0.38105348019353025]
2025-03-25 15:21:29 - root - WARNING - Movement for ur5e_2 timed out before reaching the target joints.
2025-03-25 15:21:29 - root - INFO - pick up block at (-0.805, -0.615) start_height 0.15
2025-03-25 15:21:29 - root - INFO - Planning and moving to xyz facing down ur5e_2 from [ 1.18973994 -0.87586782  1.38071031 -2.06836303 -1.57079569 -0.38105798] to [1.4460616079751716, -0.8223399088850919, 1.4615591691313536, -2.210016328160419, -1.570796260273913, -0.12473471154643369] target: [-0.805, -0.615, 0.15]
2025-03-25 15:21:29 - root - INFO - Planning and movingJ ur5e_2 from [ 1.18973994 -0.87586782  1.38071031 -2.06836303 -1.57079569 -0.38105798] to [1.4460616079751716, -0.8223399088850919, 1.4615591691313536, -2.210016328160419, -1.570796260273913, -0.12473471154643369]
2025-03-25 15:21:29 - root - INFO - MovingJ ur5e_2 from [ 1.18973994 -0.87586782  1.38071031 -2.06836303 -1.57079569 -0.38105798] to [1.4460616079751716, -0.8223399088850919, 1.4615591691313536, -2.210016328160419, -1.570796260273913, -0.12473471154643369]
2025-03-25 15:21:30 - root - INFO - MovingL ur5e_2 from [-0.78396406 -0.61310253  0.15232313] to [-0.805 -0.615  0.05 ]
2025-03-25 15:21:35 - root - WARNING - Linear movement for ur5e_2 completed, but target not reached within tolerance after 400 attempts
2025-03-25 15:21:35 - root - INFO - MovingJ ur5e_2 from [ 1.4459941  -0.66653787  1.47372836 -2.38920539 -1.57068282 -0.12473572] to [ 1.41685566 -0.8234779   1.45388117 -2.19325864 -1.57078646 -0.15407851]
2025-03-25 15:21:35 - root - INFO - Planning and moving to xyz facing down ur5e_2 from [ 1.43139894 -0.74064423  1.47495837 -2.29042238 -1.5706681  -0.13946069] to [1.431979666964416, -0.9414339096230705, 1.3911505049033903, -2.0205134269797376, -1.5707962816925731, -0.13881666983183358] target: [-0.79501096 -0.61503736  0.24564587]
2025-03-25 15:21:35 - root - INFO - Planning and movingJ ur5e_2 from [ 1.43139894 -0.74064423  1.47495837 -2.29042238 -1.5706681  -0.13946069] to [1.431979666964416, -0.9414339096230705, 1.3911505049033903, -2.0205134269797376, -1.5707962816925731, -0.13881666983183358]
2025-03-25 15:21:35 - root - INFO - MovingJ ur5e_2 from [ 1.43139894 -0.74064423  1.47495837 -2.29042238 -1.5706681  -0.13946069] to [1.431979666964416, -0.9414339096230705, 1.3911505049033903, -2.0205134269797376, -1.5707962816925731, -0.13881666983183358]
2025-03-25 15:21:38 - root - WARNING - Movement for ur5e_2 timed out before reaching the target joints.
2025-03-25 15:21:38 - root - INFO - put down block at (-0.615, -0.615) start_height 0.15
2025-03-25 15:21:38 - root - INFO - Planning and moving to xyz facing down ur5e_2 from [ 1.43197628 -0.9367682   1.3927701  -2.02031269 -1.57079563 -0.13882025] to [1.1865412743849597, -0.7966410108079199, 1.4121335014798302, -2.1862896653131187, -1.5707962525094747, -0.3842550599725368] target: [-0.615, -0.615, 0.15]
2025-03-25 15:21:38 - root - INFO - Planning and movingJ ur5e_2 from [ 1.43197628 -0.9367682   1.3927701  -2.02031269 -1.57079563 -0.13882025] to [1.1865412743849597, -0.7966410108079199, 1.4121335014798302, -2.1862896653131187, -1.5707962525094747, -0.3842550599725368]
2025-03-25 15:21:38 - root - INFO - MovingJ ur5e_2 from [ 1.43197628 -0.9367682   1.3927701  -2.02031269 -1.57079563 -0.13882025] to [1.1865412743849597, -0.7966410108079199, 1.4121335014798302, -2.1862896653131187, -1.5707962525094747, -0.3842550599725368]
2025-03-25 15:21:39 - root - INFO - MovingL ur5e_2 from [-0.63616089 -0.61249376  0.15682052] to [-0.615      -0.615       0.08978449]
2025-03-25 15:21:40 - root - INFO - MovingJ ur5e_2 from [ 1.18916318 -0.71081672  1.42730122 -2.28587797 -1.57077984 -0.38167685] to [ 1.21532473 -0.80837782  1.41124402 -2.16655699 -1.5706506  -0.35561006]
2025-03-25 15:21:40 - root - INFO - Planning and moving to xyz facing down ur5e_2 from [ 1.19331551 -0.72491678  1.42744475 -2.26653584 -1.57084241 -0.3773733 ] to [1.193860952667002, -0.9173019970778606, 1.3351851424917387, -1.9886800233533206, -1.570796278166418, -0.37693538394033893] target: [-0.620425   -0.61443244  0.2508391 ]
2025-03-25 15:21:40 - root - INFO - Planning and movingJ ur5e_2 from [ 1.19331551 -0.72491678  1.42744475 -2.26653584 -1.57084241 -0.3773733 ] to [1.193860952667002, -0.9173019970778606, 1.3351851424917387, -1.9886800233533206, -1.570796278166418, -0.37693538394033893]
2025-03-25 15:21:40 - root - INFO - MovingJ ur5e_2 from [ 1.19331551 -0.72491678  1.42744475 -2.26653584 -1.57084241 -0.3773733 ] to [1.193860952667002, -0.9173019970778606, 1.3351851424917387, -1.9886800233533206, -1.570796278166418, -0.37693538394033893]
2025-03-25 15:21:43 - root - WARNING - Movement for ur5e_2 timed out before reaching the target joints.
2025-03-25 15:21:43 - root - INFO - pick up block at (-0.995, -0.615) start_height 0.19
2025-03-25 15:21:43 - root - INFO - Planning and moving to xyz facing down ur5e_2 from [ 1.19385885 -0.91224548  1.33701464 -1.98832071 -1.57079651 -0.37693758] to [1.7098825292260231, -0.7995741594401018, 1.297498047658394, -2.068720567732052, -1.57079629519727, 0.1390861983823424] target: [-0.995, -0.615, 0.19]
2025-03-25 15:21:43 - root - INFO - Planning and movingJ ur5e_2 from [ 1.19385885 -0.91224548  1.33701464 -1.98832071 -1.57079651 -0.37693758] to [1.7098825292260231, -0.7995741594401018, 1.297498047658394, -2.068720567732052, -1.57079629519727, 0.1390861983823424]
2025-03-25 15:21:43 - root - INFO - MovingJ ur5e_2 from [ 1.19385885 -0.91224548  1.33701464 -1.98832071 -1.57079651 -0.37693758] to [1.7098825292260231, -0.7995741594401018, 1.297498047658394, -2.068720567732052, -1.57079629519727, 0.1390861983823424]
2025-03-25 15:21:44 - root - INFO - MovingL ur5e_2 from [-0.97354682 -0.61004597  0.18862938] to [-0.995 -0.615  0.09 ]
2025-03-25 15:21:49 - root - WARNING - Linear movement for ur5e_2 completed, but target not reached within tolerance after 400 attempts
2025-03-25 15:21:49 - root - INFO - MovingJ ur5e_2 from [ 1.70995146 -0.67002324  1.33301648 -2.25127915 -1.57080112  0.13908812] to [ 1.68027579 -0.80083107  1.30151689 -2.06352406 -1.57078111  0.10925173]
2025-03-25 15:21:50 - root - INFO - Planning and moving to xyz facing down ur5e_2 from [ 1.69629524 -0.72722586  1.31925422 -2.16313897 -1.57067832  0.12510771] to [1.6968433771669496, -0.8879342584351109, 1.1867523629486687, -1.8696151581298155, -1.5707962648616138, 0.12604704097388736] target: [-0.98593408 -0.60981482  0.2868176 ]
2025-03-25 15:21:50 - root - INFO - Planning and movingJ ur5e_2 from [ 1.69629524 -0.72722586  1.31925422 -2.16313897 -1.57067832  0.12510771] to [1.6968433771669496, -0.8879342584351109, 1.1867523629486687, -1.8696151581298155, -1.5707962648616138, 0.12604704097388736]
2025-03-25 15:21:50 - root - INFO - MovingJ ur5e_2 from [ 1.69629524 -0.72722586  1.31925422 -2.16313897 -1.57067832  0.12510771] to [1.6968433771669496, -0.8879342584351109, 1.1867523629486687, -1.8696151581298155, -1.5707962648616138, 0.12604704097388736]
2025-03-25 15:21:52 - root - INFO - put down block at (-0.805, -0.615) start_height 0.11973268684896034
2025-03-25 15:21:52 - root - INFO - Planning and moving to xyz facing down ur5e_2 from [ 1.69682234 -0.88494953  1.18732227 -1.87121935 -1.57079454  0.12604403] to [1.4460599183771439, -0.7780476337563267, 1.4729476657601994, -2.265698308373739, -1.5707961525023362, -0.12473647828739699] target: [-0.805, -0.615, 0.11973268684896034]
2025-03-25 15:21:52 - root - INFO - Planning and movingJ ur5e_2 from [ 1.69682234 -0.88494953  1.18732227 -1.87121935 -1.57079454  0.12604403] to [1.4460599183771439, -0.7780476337563267, 1.4729476657601994, -2.265698308373739, -1.5707961525023362, -0.12473647828739699]
2025-03-25 15:21:52 - root - INFO - MovingJ ur5e_2 from [ 1.69682234 -0.88494953  1.18732227 -1.87121935 -1.57079454  0.12604403] to [1.4460599183771439, -0.7780476337563267, 1.4729476657601994, -2.265698308373739, -1.5707961525023362, -0.12473647828739699]
2025-03-25 15:21:53 - root - INFO - MovingL ur5e_2 from [-0.81999248 -0.61050063  0.13200311] to [-0.805      -0.615       0.06973269]
2025-03-25 15:21:54 - root - INFO - MovingJ ur5e_2 from [ 1.447505   -0.69277812  1.47907511 -2.34599664 -1.57069283 -0.12342989] to [ 1.467704   -0.78593208  1.44917296 -2.23635204 -1.56965635 -0.10499549]
2025-03-25 15:21:54 - root - INFO - Planning and moving to xyz facing down ur5e_2 from [ 1.44749306 -0.69864352  1.47702432 -2.33523543 -1.57069284 -0.12342989] to [1.4480703088042017, -0.9131004899431328, 1.4164389947763887, -2.0741353079555442, -1.5707962833372715, -0.12272602790060567] target: [-0.80651183 -0.61570708  0.21973299]
2025-03-25 15:21:54 - root - INFO - Planning and movingJ ur5e_2 from [ 1.44749306 -0.69864352  1.47702432 -2.33523543 -1.57069284 -0.12342989] to [1.4480703088042017, -0.9131004899431328, 1.4164389947763887, -2.0741353079555442, -1.5707962833372715, -0.12272602790060567]
2025-03-25 15:21:54 - root - INFO - MovingJ ur5e_2 from [ 1.44749306 -0.69864352  1.47702432 -2.33523543 -1.57069284 -0.12342989] to [1.4480703088042017, -0.9131004899431328, 1.4164389947763887, -2.0741353079555442, -1.5707962833372715, -0.12272602790060567]
2025-03-25 15:21:57 - root - WARNING - Movement for ur5e_2 timed out before reaching the target joints.
2025-03-25 15:21:57 - root - INFO - pick up block at (-0.615, -0.615) start_height 0.19
2025-03-25 15:21:57 - root - INFO - Planning and moving to xyz facing down ur5e_2 from [ 1.44806775 -0.90804951  1.41818729 -2.07380222 -1.57079568 -0.12273014] to [1.1865414031699515, -0.84878840426547, 1.3884141588761398, -2.1104228346272795, -1.5707962620490545, -0.3842549310050647] target: [-0.615, -0.615, 0.19]
2025-03-25 15:21:57 - root - INFO - Planning and movingJ ur5e_2 from [ 1.44806775 -0.90804951  1.41818729 -2.07380222 -1.57079568 -0.12273014] to [1.1865414031699515, -0.84878840426547, 1.3884141588761398, -2.1104228346272795, -1.5707962620490545, -0.3842549310050647]
2025-03-25 15:21:57 - root - INFO - MovingJ ur5e_2 from [ 1.44806775 -0.90804951  1.41818729 -2.07380222 -1.57079568 -0.12273014] to [1.1865414031699515, -0.84878840426547, 1.3884141588761398, -2.1104228346272795, -1.5707962620490545, -0.3842549310050647]
2025-03-25 15:21:58 - root - INFO - MovingL ur5e_2 from [-0.63664974 -0.61294631  0.18857181] to [-0.615 -0.615  0.09 ]
2025-03-25 15:22:00 - root - INFO - MovingJ ur5e_2 from [ 1.18745873 -0.70944776  1.42675554 -2.29184794 -1.57069863 -0.38350077] to [ 1.2157668  -0.85047214  1.39339946 -2.10577872 -1.57080504 -0.35488479]
2025-03-25 15:22:00 - root - INFO - Planning and moving to xyz facing down ur5e_2 from [ 1.20065645 -0.77093602  1.41241807 -2.20422017 -1.57071164 -0.37009304] to [1.2012189396249608, -0.943856893272221, 1.2897639219617245, -1.916703965886392, -1.5707962742531383, -0.36957739705360354] target: [-0.62516324 -0.61205491  0.28377402]
2025-03-25 15:22:00 - root - INFO - Planning and movingJ ur5e_2 from [ 1.20065645 -0.77093602  1.41241807 -2.20422017 -1.57071164 -0.37009304] to [1.2012189396249608, -0.943856893272221, 1.2897639219617245, -1.916703965886392, -1.5707962742531383, -0.36957739705360354]
2025-03-25 15:22:00 - root - INFO - MovingJ ur5e_2 from [ 1.20065645 -0.77093602  1.41241807 -2.20422017 -1.57071164 -0.37009304] to [1.2012189396249608, -0.943856893272221, 1.2897639219617245, -1.916703965886392, -1.5707962742531383, -0.36957739705360354]
2025-03-25 15:22:03 - root - WARNING - Movement for ur5e_2 timed out before reaching the target joints.
2025-03-25 15:22:03 - root - INFO - put down block at (-0.995, -0.615) start_height 0.15
2025-03-25 15:22:03 - root - INFO - Planning and moving to xyz facing down ur5e_2 from [ 1.20121604 -0.93918732  1.29145763 -1.91646732 -1.57079594 -0.36957974] to [1.70988246363909, -0.7499122379209759, 1.3216932616866632, -2.142577743046246, -1.5707962903804755, 0.13908613133688139] target: [-0.995, -0.615, 0.15]
2025-03-25 15:22:03 - root - INFO - Planning and movingJ ur5e_2 from [ 1.20121604 -0.93918732  1.29145763 -1.91646732 -1.57079594 -0.36957974] to [1.70988246363909, -0.7499122379209759, 1.3216932616866632, -2.142577743046246, -1.5707962903804755, 0.13908613133688139]
2025-03-25 15:22:03 - root - INFO - MovingJ ur5e_2 from [ 1.20121604 -0.93918732  1.29145763 -1.91646732 -1.57079594 -0.36957974] to [1.70988246363909, -0.7499122379209759, 1.3216932616866632, -2.142577743046246, -1.5707962903804755, 0.13908613133688139]
2025-03-25 15:22:04 - root - INFO - MovingL ur5e_2 from [-0.97363544 -0.60946563  0.15328545] to [-0.995      -0.615       0.08978449]
2025-03-25 15:22:05 - root - INFO - MovingJ ur5e_2 from [ 1.70704262 -0.66864552  1.33645659 -2.23904065 -1.57081083  0.13617228] to [ 1.68033531 -0.7559438   1.32133797 -2.12919562 -1.57097528  0.10967707]
2025-03-25 15:22:05 - root - INFO - Planning and moving to xyz facing down ur5e_2 from [ 1.70468225 -0.67569637  1.33631874 -2.22910003 -1.57071193  0.13364891] to [1.7052273488254652, -0.8598648877460299, 1.242874678991693, -1.9538067439335183, -1.5707962720294109, 0.13443101271651936] target: [-0.99171056 -0.61360834  0.24804626]
2025-03-25 15:22:05 - root - INFO - Planning and movingJ ur5e_2 from [ 1.70468225 -0.67569637  1.33631874 -2.22910003 -1.57071193  0.13364891] to [1.7052273488254652, -0.8598648877460299, 1.242874678991693, -1.9538067439335183, -1.5707962720294109, 0.13443101271651936]
2025-03-25 15:22:05 - root - INFO - MovingJ ur5e_2 from [ 1.70468225 -0.67569637  1.33631874 -2.22910003 -1.57071193  0.13364891] to [1.7052273488254652, -0.8598648877460299, 1.242874678991693, -1.9538067439335183, -1.5707962720294109, 0.13443101271651936]
2025-03-25 15:22:08 - root - WARNING - Movement for ur5e_2 timed out before reaching the target joints.
2025-03-25 15:22:08 - root - INFO - pick up block at (-0.615, -0.615) start_height 0.15
2025-03-25 15:22:08 - root - INFO - Planning and moving to xyz facing down ur5e_2 from [ 1.70522509 -0.85455183  1.24473316 -1.95345808 -1.57079582  0.13443045] to [1.1865418801931982, -0.7966367638107831, 1.4121239421817562, -2.1862838433488783, -1.5707962943899962, -0.3842544564763016] target: [-0.615, -0.615, 0.15]
2025-03-25 15:22:08 - root - INFO - Planning and movingJ ur5e_2 from [ 1.70522509 -0.85455183  1.24473316 -1.95345808 -1.57079582  0.13443045] to [1.1865418801931982, -0.7966367638107831, 1.4121239421817562, -2.1862838433488783, -1.5707962943899962, -0.3842544564763016]
2025-03-25 15:22:08 - root - INFO - MovingJ ur5e_2 from [ 1.70522509 -0.85455183  1.24473316 -1.95345808 -1.57079582  0.13443045] to [1.1865418801931982, -0.7966367638107831, 1.4121239421817562, -2.1862838433488783, -1.5707962943899962, -0.3842544564763016]
2025-03-25 15:22:09 - root - INFO - MovingL ur5e_2 from [-0.63556602 -0.60998677  0.15050315] to [-0.615 -0.615  0.05 ]
2025-03-25 15:22:14 - root - WARNING - Linear movement for ur5e_2 completed, but target not reached within tolerance after 400 attempts
2025-03-25 15:22:14 - root - INFO - MovingJ ur5e_2 from [ 1.18661839 -0.64790271  1.42274381 -2.36312224 -1.57082234 -0.38425482] to [ 1.2157852  -0.79461352  1.40421133 -2.17250004 -1.57081069 -0.35477069]
2025-03-25 15:22:15 - root - INFO - Planning and moving to xyz facing down ur5e_2 from [ 1.20080432 -0.71562583  1.4238339  -2.26905137 -1.57088561 -0.3697515 ] to [1.2013431153199319, -0.9105107526817845, 1.3373783218040938, -1.9976644381122552, -1.5707962787808079, -0.36945322120756124] target: [-0.62547917 -0.61262394  0.24586212]
2025-03-25 15:22:15 - root - INFO - Planning and movingJ ur5e_2 from [ 1.20080432 -0.71562583  1.4238339  -2.26905137 -1.57088561 -0.3697515 ] to [1.2013431153199319, -0.9105107526817845, 1.3373783218040938, -1.9976644381122552, -1.5707962787808079, -0.36945322120756124]
2025-03-25 15:22:15 - root - INFO - MovingJ ur5e_2 from [ 1.20080432 -0.71562583  1.4238339  -2.26905137 -1.57088561 -0.3697515 ] to [1.2013431153199319, -0.9105107526817845, 1.3373783218040938, -1.9976644381122552, -1.5707962787808079, -0.36945322120756124]
2025-03-25 15:22:17 - root - WARNING - Movement for ur5e_2 timed out before reaching the target joints.
2025-03-25 15:22:17 - root - INFO - put down block at (-0.805, -0.615) start_height 0.15
2025-03-25 15:22:17 - root - INFO - Planning and moving to xyz facing down ur5e_2 from [ 1.20133751 -0.90661803  1.33843905 -1.99787286 -1.57079698 -0.36945479] to [1.4460615025733807, -0.8223406540971664, 1.461560990297194, -2.210017518036817, -1.5707962532171704, -0.12473481233014165] target: [-0.805, -0.615, 0.15]
2025-03-25 15:22:17 - root - INFO - Planning and movingJ ur5e_2 from [ 1.20133751 -0.90661803  1.33843905 -1.99787286 -1.57079698 -0.36945479] to [1.4460615025733807, -0.8223406540971664, 1.461560990297194, -2.210017518036817, -1.5707962532171704, -0.12473481233014165]
2025-03-25 15:22:17 - root - INFO - MovingJ ur5e_2 from [ 1.20133751 -0.90661803  1.33843905 -1.99787286 -1.57079698 -0.36945479] to [1.4460615025733807, -0.8223406540971664, 1.461560990297194, -2.210017518036817, -1.5707962532171704, -0.12473481233014165]
2025-03-25 15:22:18 - root - INFO - MovingL ur5e_2 from [-0.78341892 -0.61168719  0.15814675] to [-0.805      -0.615       0.08978449]
2025-03-25 15:22:19 - root - INFO - MovingJ ur5e_2 from [ 1.44379222 -0.73825916  1.47333605 -2.31372538 -1.57096993 -0.12705334] to [ 1.41648675 -0.82903374  1.44753479 -2.18574928 -1.57140055 -0.1532962 ]
2025-03-25 15:22:20 - root - INFO - Planning and moving to xyz facing down ur5e_2 from [ 1.43778546 -0.75559027  1.46821774 -2.28504131 -1.57092517 -0.13291992] to [1.438327321934935, -0.9477878285183817, 1.3664103480650491, -1.989419393497341, -1.5707962785881857, -0.13246901506006534] target: [-0.79915994 -0.61235725  0.25829317]
2025-03-25 15:22:20 - root - INFO - Planning and movingJ ur5e_2 from [ 1.43778546 -0.75559027  1.46821774 -2.28504131 -1.57092517 -0.13291992] to [1.438327321934935, -0.9477878285183817, 1.3664103480650491, -1.989419393497341, -1.5707962785881857, -0.13246901506006534]
2025-03-25 15:22:20 - root - INFO - MovingJ ur5e_2 from [ 1.43778546 -0.75559027  1.46821774 -2.28504131 -1.57092517 -0.13291992] to [1.438327321934935, -0.9477878285183817, 1.3664103480650491, -1.989419393497341, -1.5707962785881857, -0.13246901506006534]
2025-03-25 15:22:22 - root - WARNING - Movement for ur5e_2 timed out before reaching the target joints.
2025-03-25 15:22:22 - root - INFO - pick up block at (-0.995, -0.615) start_height 0.19
2025-03-25 15:22:22 - root - INFO - Planning and moving to xyz facing down ur5e_2 from [ 1.43832553 -0.94288043  1.36823433 -1.98903714 -1.57079683 -0.13247096] to [1.709881683616326, -0.7995809957667437, 1.297513016310479, -2.06872941869986, -1.5707962307495367, 0.1390853470447292] target: [-0.995, -0.615, 0.19]
2025-03-25 15:22:22 - root - INFO - Planning and movingJ ur5e_2 from [ 1.43832553 -0.94288043  1.36823433 -1.98903714 -1.57079683 -0.13247096] to [1.709881683616326, -0.7995809957667437, 1.297513016310479, -2.06872941869986, -1.5707962307495367, 0.1390853470447292]
2025-03-25 15:22:22 - root - INFO - MovingJ ur5e_2 from [ 1.43832553 -0.94288043  1.36823433 -1.98903714 -1.57079683 -0.13247096] to [1.709881683616326, -0.7995809957667437, 1.297513016310479, -2.06872941869986, -1.5707962307495367, 0.1390853470447292]
2025-03-25 15:22:23 - root - INFO - MovingL ur5e_2 from [-0.97317739 -0.61217149  0.19273119] to [-0.995 -0.615  0.09 ]
2025-03-25 15:22:28 - root - WARNING - Linear movement for ur5e_2 completed, but target not reached within tolerance after 400 attempts
2025-03-25 15:22:28 - root - INFO - MovingJ ur5e_2 from [ 1.70995218 -0.6657238   1.33514353 -2.25008454 -1.57084816  0.13908716] to [ 1.68009334 -0.81025991  1.30703696 -2.05940789 -1.57078661  0.10916502]
2025-03-25 15:22:29 - root - INFO - Planning and moving to xyz facing down ur5e_2 from [ 1.69529499 -0.73203011  1.32267696 -2.15583539 -1.57083536  0.12436867] to [1.695823185055204, -0.8929760835592762, 1.1917060144966152, -1.8695269704794772, -1.5707962660561803, 0.12502684888171148] target: [-0.98499277 -0.61122738  0.28819857]
2025-03-25 15:22:29 - root - INFO - Planning and movingJ ur5e_2 from [ 1.69529499 -0.73203011  1.32267696 -2.15583539 -1.57083536  0.12436867] to [1.695823185055204, -0.8929760835592762, 1.1917060144966152, -1.8695269704794772, -1.5707962660561803, 0.12502684888171148]
2025-03-25 15:22:29 - root - INFO - MovingJ ur5e_2 from [ 1.69529499 -0.73203011  1.32267696 -2.15583539 -1.57083536  0.12436867] to [1.695823185055204, -0.8929760835592762, 1.1917060144966152, -1.8695269704794772, -1.5707962660561803, 0.12502684888171148]
2025-03-25 15:22:31 - root - WARNING - Movement for ur5e_2 timed out before reaching the target joints.
2025-03-25 15:22:31 - root - INFO - put down block at (-0.805, -0.615) start_height 0.19
2025-03-25 15:22:31 - root - INFO - Planning and moving to xyz facing down ur5e_2 from [ 1.69582038 -0.88808777  1.19342906 -1.86928967 -1.57079649  0.12502386] to [1.4460610730912233, -0.8759333833560314, 1.438018601860925, -2.132882589758888, -1.570796233179886, -0.12473529717099945] target: [-0.805, -0.615, 0.19]
2025-03-25 15:22:31 - root - INFO - Planning and movingJ ur5e_2 from [ 1.69582038 -0.88808777  1.19342906 -1.86928967 -1.57079649  0.12502386] to [1.4460610730912233, -0.8759333833560314, 1.438018601860925, -2.132882589758888, -1.570796233179886, -0.12473529717099945]
2025-03-25 15:22:31 - root - INFO - MovingJ ur5e_2 from [ 1.69582038 -0.88808777  1.19342906 -1.86928967 -1.57079649  0.12502386] to [1.4460610730912233, -0.8759333833560314, 1.438018601860925, -2.132882589758888, -1.570796233179886, -0.12473529717099945]
2025-03-25 15:22:32 - root - INFO - MovingL ur5e_2 from [-0.82465685 -0.61153411  0.19609403] to [-0.805      -0.615       0.12938631]
2025-03-25 15:22:34 - root - INFO - MovingJ ur5e_2 from [ 1.44872636 -0.79357571  1.46455978 -2.2390089  -1.5707737  -0.12212384] to [ 1.47424287 -0.87274192  1.41190347 -2.10294803 -1.57065238 -0.09668651]
2025-03-25 15:22:34 - root - INFO - Planning and moving to xyz facing down ur5e_2 from [ 1.45591495 -0.81334869  1.45009386 -2.200157   -1.57081508 -0.11485275] to [1.456472084224631, -0.982227660584516, 1.3148755928821012, -1.9034448638121892, -1.5707962750469984, -0.11432425279293207] target: [-0.81213588 -0.61285151  0.29798991]
2025-03-25 15:22:34 - root - INFO - Planning and movingJ ur5e_2 from [ 1.45591495 -0.81334869  1.45009386 -2.200157   -1.57081508 -0.11485275] to [1.456472084224631, -0.982227660584516, 1.3148755928821012, -1.9034448638121892, -1.5707962750469984, -0.11432425279293207]
2025-03-25 15:22:34 - root - INFO - MovingJ ur5e_2 from [ 1.45591495 -0.81334869  1.45009386 -2.200157   -1.57081508 -0.11485275] to [1.456472084224631, -0.982227660584516, 1.3148755928821012, -1.9034448638121892, -1.5707962750469984, -0.11432425279293207]
2025-03-25 15:22:36 - root - WARNING - Movement for ur5e_2 timed out before reaching the target joints.
2025-03-25 15:22:36 - root - INFO - pick up block at (-0.995, -0.615) start_height 0.15
2025-03-25 15:22:36 - root - INFO - Planning and moving to xyz facing down ur5e_2 from [ 1.45647019 -0.9774228   1.3167749  -1.90306322 -1.57079635 -0.11432653] to [1.709881140559227, -0.7499226987314034, 1.3217164818192297, -2.142591638205119, -1.5707961912656487, 0.13908480437864834] target: [-0.995, -0.615, 0.15]
2025-03-25 15:22:36 - root - INFO - Planning and movingJ ur5e_2 from [ 1.45647019 -0.9774228   1.3167749  -1.90306322 -1.57079635 -0.11432653] to [1.709881140559227, -0.7499226987314034, 1.3217164818192297, -2.142591638205119, -1.5707961912656487, 0.13908480437864834]
2025-03-25 15:22:36 - root - INFO - MovingJ ur5e_2 from [ 1.45647019 -0.9774228   1.3167749  -1.90306322 -1.57079635 -0.11432653] to [1.709881140559227, -0.7499226987314034, 1.3217164818192297, -2.142591638205119, -1.5707961912656487, 0.13908480437864834]
2025-03-25 15:22:37 - root - INFO - MovingL ur5e_2 from [-0.97397349 -0.61096844  0.1625997 ] to [-0.995 -0.615  0.05 ]
2025-03-25 15:22:42 - root - WARNING - Linear movement for ur5e_2 completed, but target not reached within tolerance after 400 attempts
2025-03-25 15:22:42 - root - INFO - MovingJ ur5e_2 from [ 1.70997304 -0.60959242  1.33139646 -2.31415351 -1.57083748  0.13907735] to [ 1.68098768 -0.77072856  1.32172076 -2.11461781 -1.5707869   0.11007436]
2025-03-25 15:22:43 - root - INFO - Planning and moving to xyz facing down ur5e_2 from [ 1.69575937 -0.68655039  1.33219938 -2.21401294 -1.57066983  0.12451963] to [1.6963096551186196, -0.8658464767925965, 1.2308336794629342, -1.9357841737527473, -1.5707962707462002, 0.12551331899889875] target: [-0.98539444 -0.61092419  0.25628001]
2025-03-25 15:22:43 - root - INFO - Planning and movingJ ur5e_2 from [ 1.69575937 -0.68655039  1.33219938 -2.21401294 -1.57066983  0.12451963] to [1.6963096551186196, -0.8658464767925965, 1.2308336794629342, -1.9357841737527473, -1.5707962707462002, 0.12551331899889875]
2025-03-25 15:22:43 - root - INFO - MovingJ ur5e_2 from [ 1.69575937 -0.68655039  1.33219938 -2.21401294 -1.57066983  0.12451963] to [1.6963096551186196, -0.8658464767925965, 1.2308336794629342, -1.9357841737527473, -1.5707962707462002, 0.12551331899889875]
2025-03-25 15:22:45 - root - INFO - put down block at (-0.615, -0.615) start_height 0.11967112586634142
2025-03-25 15:22:45 - root - INFO - Planning and moving to xyz facing down ur5e_2 from [ 1.69627761 -0.86422438  1.23034653 -1.93874335 -1.57079462  0.12550816] to [1.186541842513002, -0.753347812354628, 1.4235827924097613, -2.2410316663699983, -1.5707962915638782, -0.38425449389842187] target: [-0.615, -0.615, 0.11967112586634142]
2025-03-25 15:22:45 - root - INFO - Planning and movingJ ur5e_2 from [ 1.69627761 -0.86422438  1.23034653 -1.93874335 -1.57079462  0.12550816] to [1.186541842513002, -0.753347812354628, 1.4235827924097613, -2.2410316663699983, -1.5707962915638782, -0.38425449389842187]
2025-03-25 15:22:45 - root - INFO - MovingJ ur5e_2 from [ 1.69627761 -0.86422438  1.23034653 -1.93874335 -1.57079462  0.12550816] to [1.186541842513002, -0.753347812354628, 1.4235827924097613, -2.2410316663699983, -1.5707962915638782, -0.38425449389842187]
2025-03-25 15:22:46 - root - INFO - MovingL ur5e_2 from [-0.63492995 -0.6079145   0.12899033] to [-0.615      -0.615       0.06967113]
2025-03-25 15:22:48 - root - INFO - MovingJ ur5e_2 from [ 1.18763202 -0.67106408  1.4286516  -2.32541143 -1.57064801 -0.38342397] to [ 1.21556932 -0.76110366  1.41164972 -2.22956711 -1.56800392 -0.3601582 ]
2025-03-25 15:22:48 - root - INFO - Planning and moving to xyz facing down ur5e_2 from [ 1.18763201 -0.67079498  1.42872243 -2.32538465 -1.57064801 -0.38342397] to [1.1882041012269189, -0.8806984447318125, 1.3659572206535169, -2.0560556153932255, -1.5707962803985387, -0.3825922352909446] target: [-0.61613863 -0.61463521  0.2173827 ]
2025-03-25 15:22:48 - root - INFO - Planning and movingJ ur5e_2 from [ 1.18763201 -0.67079498  1.42872243 -2.32538465 -1.57064801 -0.38342397] to [1.1882041012269189, -0.8806984447318125, 1.3659572206535169, -2.0560556153932255, -1.5707962803985387, -0.3825922352909446]
2025-03-25 15:22:48 - root - INFO - MovingJ ur5e_2 from [ 1.18763201 -0.67079498  1.42872243 -2.32538465 -1.57064801 -0.38342397] to [1.1882041012269189, -0.8806984447318125, 1.3659572206535169, -2.0560556153932255, -1.5707962803985387, -0.3825922352909446]
2025-03-25 15:22:50 - root - WARNING - Movement for ur5e_2 timed out before reaching the target joints.
2025-03-25 15:22:50 - root - INFO - pick up block at (-0.805, -0.615) start_height 0.22999999999999998
2025-03-25 15:22:50 - root - INFO - Planning and moving to xyz facing down ur5e_2 from [ 1.18820166 -0.87551594  1.36771951 -2.05571548 -1.57079545 -0.38259287] to [1.4460616306139251, -0.923367313385134, 1.404669428187582, -2.0520991774816992, -1.5707962628060144, -0.12473469330249674] target: [-0.805, -0.615, 0.22999999999999998]
2025-03-25 15:22:50 - root - INFO - Planning and movingJ ur5e_2 from [ 1.18820166 -0.87551594  1.36771951 -2.05571548 -1.57079545 -0.38259287] to [1.4460616306139251, -0.923367313385134, 1.404669428187582, -2.0520991774816992, -1.5707962628060144, -0.12473469330249674]
2025-03-25 15:22:50 - root - INFO - MovingJ ur5e_2 from [ 1.18820166 -0.87551594  1.36771951 -2.05571548 -1.57079545 -0.38259287] to [1.4460616306139251, -0.923367313385134, 1.404669428187582, -2.0520991774816992, -1.5707962628060144, -0.12473469330249674]
2025-03-25 15:22:51 - root - INFO - MovingL ur5e_2 from [-0.7837714  -0.61264343  0.22401961] to [-0.805 -0.615  0.13 ]
2025-03-25 15:22:53 - root - INFO - MovingJ ur5e_2 from [ 1.44477362 -0.79423277  1.46658069 -2.24348921 -1.57082605 -0.12588286] to [ 1.4166855  -0.9131439   1.40209225 -2.05282902 -1.57078628 -0.15425421]
2025-03-25 15:22:53 - root - INFO - Planning and moving to xyz facing down ur5e_2 from [ 1.43098725 -0.84833042  1.43619446 -2.14925114 -1.57081137 -0.13983852] to [1.431544990321896, -1.0013170379011085, 1.2776725354945322, -1.8471524825198973, -1.570796271464811, -0.13925134676008238] target: [-0.79426887 -0.61194411  0.32349166]
2025-03-25 15:22:53 - root - INFO - Planning and movingJ ur5e_2 from [ 1.43098725 -0.84833042  1.43619446 -2.14925114 -1.57081137 -0.13983852] to [1.431544990321896, -1.0013170379011085, 1.2776725354945322, -1.8471524825198973, -1.570796271464811, -0.13925134676008238]
2025-03-25 15:22:53 - root - INFO - MovingJ ur5e_2 from [ 1.43098725 -0.84833042  1.43619446 -2.14925114 -1.57081137 -0.13983852] to [1.431544990321896, -1.0013170379011085, 1.2776725354945322, -1.8471524825198973, -1.570796271464811, -0.13925134676008238]
2025-03-25 15:22:56 - root - WARNING - Movement for ur5e_2 timed out before reaching the target joints.
2025-03-25 15:22:56 - root - INFO - put down block at (-0.615, -0.615) start_height 0.15
2025-03-25 15:22:56 - root - INFO - Planning and moving to xyz facing down ur5e_2 from [ 1.4315423  -0.99687218  1.27941131 -1.84690313 -1.57079638 -0.13925376] to [1.1865402300652623, -0.7966481876769644, 1.4121502360257165, -2.1863001775392665, -1.570796178953217, -0.3842561031702081] target: [-0.615, -0.615, 0.15]
2025-03-25 15:22:56 - root - INFO - Planning and movingJ ur5e_2 from [ 1.4315423  -0.99687218  1.27941131 -1.84690313 -1.57079638 -0.13925376] to [1.1865402300652623, -0.7966481876769644, 1.4121502360257165, -2.1863001775392665, -1.570796178953217, -0.3842561031702081]
2025-03-25 15:22:56 - root - INFO - MovingJ ur5e_2 from [ 1.4315423  -0.99687218  1.27941131 -1.84690313 -1.57079638 -0.13925376] to [1.1865402300652623, -0.7966481876769644, 1.4121502360257165, -2.1863001775392665, -1.570796178953217, -0.3842561031702081]
2025-03-25 15:22:57 - root - INFO - MovingL ur5e_2 from [-0.6297672  -0.61167563  0.16008935] to [-0.615      -0.615       0.08978449]
2025-03-25 15:22:58 - root - INFO - MovingJ ur5e_2 from [ 1.188553   -0.7118507   1.42619544 -2.28482872 -1.57078974 -0.38230548] to [ 1.20737899 -0.80893094  1.4022752  -2.15723609 -1.5706747  -0.36351597]
2025-03-25 15:22:59 - root - INFO - Planning and moving to xyz facing down ur5e_2 from [ 1.18853187 -0.73102503  1.42656256 -2.25650915 -1.57078555 -0.38230546] to [1.1890854555343375, -0.9215363863923351, 1.3320580475510215, -1.9813185403666607, -1.57079627816822, -0.3817108810559945] target: [-0.61710963 -0.6153568   0.25457355]
2025-03-25 15:22:59 - root - INFO - Planning and movingJ ur5e_2 from [ 1.18853187 -0.73102503  1.42656256 -2.25650915 -1.57078555 -0.38230546] to [1.1890854555343375, -0.9215363863923351, 1.3320580475510215, -1.9813185403666607, -1.57079627816822, -0.3817108810559945]
2025-03-25 15:22:59 - root - INFO - MovingJ ur5e_2 from [ 1.18853187 -0.73102503  1.42656256 -2.25650915 -1.57078555 -0.38230546] to [1.1890854555343375, -0.9215363863923351, 1.3320580475510215, -1.9813185403666607, -1.57079627816822, -0.3817108810559945]
