2025-03-18 19:14:19 - root - INFO - Logging setup complete for Hanoi_sim
2025-03-18 19:14:19 - root - INFO - pick up block at (-0.7, -0.6) start_height 0.15
2025-03-18 19:14:19 - root - INFO - Planning and moving to xyz facing down ur5e_2 from [-1.56417438e+00 -1.56694744e+00 -4.97276278e-04 -1.56588207e+00
  1.05265287e-05 -1.99549302e-06] to [-1.469372314143349, -2.3507246085837767, 4.882187700834669, -0.9606664502486396, 1.5707962967728377, 0.10142401835612884] target: [-0.7, -0.6, 0.15]
2025-03-18 19:14:19 - root - INFO - Planning and movingJ ur5e_2 from [-1.56417438e+00 -1.56694744e+00 -4.97276278e-04 -1.56588207e+00
  1.05265287e-05 -1.99549302e-06] to [-1.469372314143349, -2.3507246085837767, -1.4009976063449177, -0.9606664502486396, 1.5707962967728377, 0.10142401835612884]
2025-03-18 19:14:19 - root - INFO - MovingJ ur5e_2 from [-1.56417438e+00 -1.56694744e+00 -4.97276278e-04 -1.56588207e+00
  1.05265287e-05 -1.99549302e-06] to [-1.469372314143349, -2.3507246085837767, -1.4009976063449177, -0.9606664502486396, 1.5707962967728377, 0.10142401835612884]
2025-03-18 19:14:21 - root - INFO - MovingL ur5e_2 from [-0.69656172 -0.59323539  0.16553914] to [-0.7  -0.6   0.05]
2025-03-18 19:14:22 - root - INFO - MovingJ ur5e_2 from [-1.46951503 -2.50076948 -1.41696787 -0.80190802  1.57080024  0.10102566] to [-1.47106134 -2.34182646 -1.37693741 -0.97246053  1.54188259  0.0995549 ]
2025-03-18 19:14:23 - root - INFO - put down block at (-0.6, -0.6) start_height 0.06
2025-03-18 19:14:23 - root - INFO - Planning and moving to xyz facing down ur5e_2 from [-1.46948748 -2.43721835 -1.40081423 -0.87409033  1.55859599  0.10102494] to [-1.6068156256180364, -2.513369615148871, -1.3609135559124534, -0.8381020790533307, 1.5707959625537922, -0.03601914068623992] target: [-0.6, -0.6, 0.06]
2025-03-18 19:14:23 - root - INFO - Planning and movingJ ur5e_2 from [-1.46948748 -2.43721835 -1.40081423 -0.87409033  1.55859599  0.10102494] to [-1.6068156256180364, -2.513369615148871, -1.3609135559124534, -0.8381020790533307, 1.5707959625537922, -0.03601914068623992]
2025-03-18 19:14:23 - root - INFO - MovingJ ur5e_2 from [-1.46948748 -2.43721835 -1.40081423 -0.87409033  1.55859599  0.10102494] to [-1.6068156256180364, -2.513369615148871, -1.3609135559124534, -0.8381020790533307, 1.5707959625537922, -0.03601914068623992]
2025-03-18 19:14:23 - root - INFO - MovingL ur5e_2 from [-0.62115847 -0.59592596  0.06975244] to [-0.6        -0.6        -0.73510776]
2025-03-18 19:14:28 - root - WARNING - Linear movement for ur5e_2 completed, but target not reached within tolerance after 400 attempts
2025-03-18 19:14:29 - root - INFO - MovingJ ur5e_2 from [-1.56246516 -2.7773834  -0.83633666 -1.05042365  1.57063298  0.00658789] to [-1.57791378 -2.49723547 -1.36538244 -0.8416065   1.57070274 -0.01112241]
2025-03-18 19:14:30 - root - INFO - pick up block at (-0.7, -1) start_height 0.15
2025-03-18 19:14:30 - root - INFO - Planning and moving to xyz facing down ur5e_2 from [-1.56449151 -2.55629509 -1.26566587 -0.88182053  1.5706456   0.00416531] to [-1.3409519411291728, -1.6289214557029523, -2.597689918029148, -0.4857774225169508, 1.5707962614274609, 0.2298444394654052] target: [-0.7, -1, 0.15]
2025-03-18 19:14:30 - root - INFO - Planning and movingJ ur5e_2 from [-1.56449151 -2.55629509 -1.26566587 -0.88182053  1.5706456   0.00416531] to [-1.3409519411291728, -1.6289214557029523, -2.597689918029148, -0.4857774225169508, 1.5707962614274609, 0.2298444394654052]
2025-03-18 19:14:30 - root - INFO - MovingJ ur5e_2 from [-1.56449151 -2.55629509 -1.26566587 -0.88182053  1.5706456   0.00416531] to [-1.3409519411291728, -1.6289214557029523, -2.597689918029148, -0.4857774225169508, 1.5707962614274609, 0.2298444394654052]
2025-03-18 19:14:32 - root - INFO - MovingL ur5e_2 from [-0.70091221 -0.98874411  0.15024481] to [-0.7  -1.    0.05]
2025-03-18 19:14:33 - root - INFO - MovingJ ur5e_2 from [-1.34114133e+00 -2.07536892e+00 -2.62801111e+00 -1.40695129e-03
  1.57076877e+00  2.29703861e-01] to [-1.34619708 -1.65216554 -2.56774098 -0.49551529  1.5707687   0.22461121]
2025-03-18 19:14:34 - root - INFO - put down block at (-0.6, -0.6) start_height 0.18
2025-03-18 19:14:34 - root - INFO - Planning and moving to xyz facing down ur5e_2 from [-1.34185575 -1.7376212  -2.58021718 -0.3984297   1.570773    0.2290072 ] to [-1.6068194047684337, -2.3425145466467083, -1.3258252627315705, -1.0440478854930346, 1.5707962200151848, -0.03602310394900896] target: [-0.6, -0.6, 0.18]
2025-03-18 19:14:34 - root - INFO - Planning and movingJ ur5e_2 from [-1.34185575 -1.7376212  -2.58021718 -0.3984297   1.570773    0.2290072 ] to [-1.6068194047684337, -2.3425145466467083, -1.3258252627315705, -1.0440478854930346, 1.5707962200151848, -0.03602310394900896]
2025-03-18 19:14:34 - root - INFO - MovingJ ur5e_2 from [-1.34185575 -1.7376212  -2.58021718 -0.3984297   1.570773    0.2290072 ] to [-1.6068194047684337, -2.3425145466467083, -1.3258252627315705, -1.0440478854930346, 1.5707962200151848, -0.03602310394900896]
2025-03-18 19:14:36 - root - INFO - MovingL ur5e_2 from [-0.60453526 -0.6065609   0.17488542] to [-0.6        -0.6        -0.73510776]
2025-03-18 19:14:41 - root - WARNING - Linear movement for ur5e_2 completed, but target not reached within tolerance after 400 attempts
2025-03-18 19:14:41 - root - INFO - MovingJ ur5e_2 from [-1.61910135 -2.68840871 -1.02011511 -0.94469851  1.57068909 -0.04755699] to [-1.60092487 -2.33386865 -1.35518191 -1.03021987  1.5708233  -0.03016183]
2025-03-18 19:14:42 - root - INFO - pick up block at (-0.7, -1.5) start_height 0.15
2025-03-18 19:14:42 - root - INFO - Planning and moving to xyz facing down ur5e_2 from [-1.61837132 -2.43321592 -1.26765662 -1.00792604  1.57068846 -0.04677199] to [-2.066080636538163, -1.4855626164674005, 2.5660891862792123, 0.4902699143945948, 1.5707980531756789, -0.49528334956744674] target: [-0.7, -1.5, 0.15]
2025-03-18 19:14:42 - root - INFO - Planning and movingJ ur5e_2 from [-1.61837132 -2.43321592 -1.26765662 -1.00792604  1.57068846 -0.04677199] to [-2.066080636538163, -1.4855626164674005, 2.5660891862792123, 0.4902699143945948, 1.5707980531756789, -0.49528334956744674]
2025-03-18 19:14:42 - root - INFO - MovingJ ur5e_2 from [-1.61837132 -2.43321592 -1.26765662 -1.00792604  1.57068846 -0.04677199] to [-2.066080636538163, -1.4855626164674005, 2.5660891862792123, 0.4902699143945948, 1.5707980531756789, -0.49528334956744674]
2025-03-18 19:14:45 - root - INFO - MovingL ur5e_2 from [-0.70622346 -1.51256859  0.15235523] to [-0.7  -1.5   0.05]
2025-03-18 19:14:47 - root - INFO - MovingJ ur5e_2 from [-2.06617695 -1.06378955  2.597238    0.04736315  1.57079039 -0.49527945] to [-2.06253621 -1.49178694  2.5366126   0.47796359  1.57077278 -0.49173973]
2025-03-18 19:14:48 - root - INFO - put down block at (-0.6, -0.6) start_height 0.30000000000000004
2025-03-18 19:14:48 - root - INFO - Planning and moving to xyz facing down ur5e_2 from [-2.0658188  -1.39313396  2.55065956  0.37996074  1.57079067 -0.49495338] to [1.1752874324496765, -0.9159062422603195, 1.1992575990826946, -1.8541480221935382, -1.5707961097960716, -0.3955090694394467] target: [-0.6, -0.6, 0.30000000000000004]
2025-03-18 19:14:48 - root - INFO - Planning and movingJ ur5e_2 from [-2.0658188  -1.39313396  2.55065956  0.37996074  1.57079067 -0.49495338] to [1.1752874324496765, -0.9159062422603195, 1.1992575990826946, -1.8541480221935382, -1.5707961097960716, -0.3955090694394467]
2025-03-18 19:14:48 - root - INFO - MovingJ ur5e_2 from [-2.0658188  -1.39313396  2.55065956  0.37996074  1.57079067 -0.49495338] to [1.1752874324496765, -0.9159062422603195, 1.1992575990826946, -1.8541480221935382, -1.5707961097960716, -0.3955090694394467]
2025-03-18 19:14:51 - root - INFO - MovingL ur5e_2 from [-0.58370069 -0.60816892  0.29140556] to [-0.6        -0.6        -0.73510776]
2025-03-18 19:14:56 - root - WARNING - Linear movement for ur5e_2 completed, but target not reached within tolerance after 400 attempts
2025-03-18 19:14:57 - root - INFO - MovingJ ur5e_2 from [ 1.15427013 -0.49619268  1.11419485 -2.2492323  -1.5716921  -0.41492307] to [ 1.14671768 -0.91552637  1.21275271 -1.83420227 -1.543339   -0.39638288]
2025-03-18 19:14:58 - root - INFO - pick up block at (-0.7, -2) start_height 0.15
2025-03-18 19:14:58 - root - INFO - Planning and moving to xyz facing down ur5e_2 from [ 1.15327169 -0.81842518  1.19266448 -1.92472397 -1.5495568  -0.4123877 ] to [-1.6814293833250087, -0.9042022359379451, 1.617330859222813, -2.283926580362369, -1.5707961477758052, -3.252225903775464] target: [-0.7, -2, 0.15]
2025-03-18 19:14:58 - root - INFO - Planning and movingJ ur5e_2 from [ 1.15327169 -0.81842518  1.19266448 -1.92472397 -1.5495568  -0.4123877 ] to [-1.6814293833250087, -0.9042022359379451, 1.617330859222813, -2.283926580362369, -1.5707961477758052, -3.252225903775464]
2025-03-18 19:14:58 - root - INFO - MovingJ ur5e_2 from [ 1.15327169 -0.81842518  1.19266448 -1.92472397 -1.5495568  -0.4123877 ] to [-1.6814293833250087, -0.9042022359379451, 1.617330859222813, -2.283926580362369, -1.5707961477758052, -3.252225903775464]
2025-03-18 19:15:01 - root - INFO - MovingL ur5e_2 from [-0.68105169 -1.99848192  0.14695402] to [-0.7  -2.    0.05]
2025-03-18 19:15:02 - root - INFO - MovingJ ur5e_2 from [-1.67948657 -0.73225124  1.63721165 -2.4582939  -1.57079628 -3.25024802] to [-1.65307893 -0.89851312  1.61449813 -2.27976234 -1.57059958 -3.22357997]
2025-03-18 19:15:02 - root - INFO - put down block at (-0.6, -0.6) start_height 0.42000000000000004
2025-03-18 19:15:02 - root - INFO - Planning and moving to xyz facing down ur5e_2 from [-1.66728457 -0.80336947  1.63858369 -2.3755346  -1.57079431 -3.23798442] to [-1.6068178644428104, -2.18004201957527, -0.9644317381618204, -1.5679124075046882, 1.5707961019699423, -0.03602154366375067] target: [-0.6, -0.6, 0.42000000000000004]
2025-03-18 19:15:02 - root - INFO - Planning and movingJ ur5e_2 from [-1.66728457 -0.80336947  1.63858369 -2.3755346  -1.57079431 -3.23798442] to [-1.6068178644428104, -2.18004201957527, -0.9644317381618204, -1.5679124075046882, 1.5707961019699423, -0.03602154366375067]
2025-03-18 19:15:03 - root - INFO - MovingJ ur5e_2 from [-1.66728457 -0.80336947  1.63858369 -2.3755346  -1.57079431 -3.23798442] to [-1.6068178644428104, -2.18004201957527, -0.9644317381618204, -1.5679124075046882, 1.5707961019699423, -0.03602154366375067]
2025-03-18 19:15:06 - root - INFO - MovingL ur5e_2 from [-0.59674982 -0.60089938  0.43593058] to [-0.6        -0.6        -0.73510776]
2025-03-18 19:15:10 - root - WARNING - Linear movement for ur5e_2 completed, but target not reached within tolerance after 400 attempts
2025-03-18 19:15:11 - root - INFO - MovingJ ur5e_2 from [-1.61193455 -2.60973593 -1.2972044  -0.77244004  1.57234829 -0.03987951] to [-1.60732476 -2.1722691  -0.94211631 -1.57605758  1.54156293 -0.06584546]
