2025-03-25 15:14:49 - root - INFO - Logging setup complete for Hanoi_sim
2025-03-25 15:14:49 - root - INFO - pick up block at (-0.615, -0.615) start_height 0.19
2025-03-25 15:14:49 - root - INFO - Planning and moving to xyz facing down ur5e_2 from [-1.56417438e+00 -1.56694744e+00 -4.97276278e-04 -1.56588207e+00
  1.05265287e-05 -1.99549302e-06] to [-1.586709158689878, -2.2928067488194874, 4.894776555283395, -1.0311729879567795, 1.5707962678660048, -0.015912815419625827] target: [-0.615, -0.615, 0.19]
2025-03-25 15:14:49 - root - INFO - Planning and movingJ ur5e_2 from [-1.56417438e+00 -1.56694744e+00 -4.97276278e-04 -1.56588207e+00
  1.05265287e-05 -1.99549302e-06] to [-1.586709158689878, -2.2928067488194874, -1.3884087518961916, -1.0311729879567795, 1.5707962678660048, -0.015912815419625827]
2025-03-25 15:14:49 - root - INFO - MovingJ ur5e_2 from [-1.56417438e+00 -1.56694744e+00 -4.97276278e-04 -1.56588207e+00
  1.05265287e-05 -1.99549302e-06] to [-1.586709158689878, -2.2928067488194874, -1.3884087518961916, -1.0311729879567795, 1.5707962678660048, -0.015912815419625827]
2025-03-25 15:14:51 - root - INFO - MovingL ur5e_2 from [-0.61235641 -0.60921206  0.20523024] to [-0.615 -0.615  0.09 ]
2025-03-25 15:14:56 - root - WARNING - Linear movement for ur5e_2 completed, but target not reached within tolerance after 400 attempts
2025-03-25 15:14:56 - root - INFO - MovingJ ur5e_2 from [-1.58674223 -2.43262752 -1.4252761  -0.84436815  1.57079638 -0.01591336] to [-1.5862568  -2.2847938  -1.3646261  -1.04166472  1.54188069 -0.01561978]
2025-03-25 15:14:57 - root - INFO - Planning and moving to xyz facing down ur5e_2 from [-1.58672401 -2.36313076 -1.39617935 -0.94385187  1.55628831 -0.01591337] to [-1.5892771299520125, -2.244600407545704, -1.3154123735284367, -1.1523759582549196, 1.5707963052436815, -0.0184807977448532] target: [-0.61305    -0.60917367  0.24532918]
2025-03-25 15:14:57 - root - INFO - Planning and movingJ ur5e_2 from [-1.58672401 -2.36313076 -1.39617935 -0.94385187  1.55628831 -0.01591337] to [-1.5892771299520125, -2.244600407545704, -1.3154123735284367, -1.1523759582549196, 1.5707963052436815, -0.0184807977448532]
2025-03-25 15:14:57 - root - INFO - MovingJ ur5e_2 from [-1.58672401 -2.36313076 -1.39617935 -0.94385187  1.55628831 -0.01591337] to [-1.5892771299520125, -2.244600407545704, -1.3154123735284367, -1.1523759582549196, 1.5707963052436815, -0.0184807977448532]
2025-03-25 15:14:59 - root - WARNING - Movement for ur5e_2 timed out before reaching the target joints.
2025-03-25 15:14:59 - root - INFO - put down block at (-0.805, -0.615) start_height 0.15
2025-03-25 15:14:59 - root - INFO - Planning and moving to xyz facing down ur5e_2 from [-1.5892728  -2.24950787 -1.31712417 -1.15243637  1.57077231 -0.01847654] to [-1.3203528200643664, -2.319250861767634, -1.461563584568716, -0.9315735329713725, 1.570796236652835, 0.25044353945148956] target: [-0.805, -0.615, 0.15]
2025-03-25 15:14:59 - root - INFO - Planning and movingJ ur5e_2 from [-1.5892728  -2.24950787 -1.31712417 -1.15243637  1.57077231 -0.01847654] to [-1.3203528200643664, -2.319250861767634, -1.461563584568716, -0.9315735329713725, 1.570796236652835, 0.25044353945148956]
2025-03-25 15:14:59 - root - INFO - MovingJ ur5e_2 from [-1.5892728  -2.24950787 -1.31712417 -1.15243637  1.57077231 -0.01847654] to [-1.3203528200643664, -2.319250861767634, -1.461563584568716, -0.9315735329713725, 1.570796236652835, 0.25044353945148956]
2025-03-25 15:15:00 - root - INFO - MovingL ur5e_2 from [-0.78485677 -0.61172404  0.15547192] to [-0.805      -0.615       0.08978449]
2025-03-25 15:15:01 - root - INFO - MovingJ ur5e_2 from [-1.32314282 -2.40754857 -1.47544965 -0.83133532  1.57077683  0.24770587] to [-1.34919894 -2.31643568 -1.44746495 -0.95550457  1.57063926  0.2217292 ]
2025-03-25 15:15:01 - root - INFO - Planning and moving to xyz facing down ur5e_2 from [-1.32823836 -2.39166447 -1.47017199 -0.85603869  1.57082793  0.24249743] to [-1.3287907962613001, -2.251499632978753, -1.4230570753272889, -1.0378282497122315, 1.5707960059352013, 0.24200548556773993] target: [-0.79927717 -0.61337257  0.20357639]
2025-03-25 15:15:01 - root - INFO - Planning and movingJ ur5e_2 from [-1.32823836 -2.39166447 -1.47017199 -0.85603869  1.57082793  0.24249743] to [-1.3287907962613001, -2.251499632978753, -1.4230570753272889, -1.0378282497122315, 1.5707960059352013, 0.24200548556773993]
2025-03-25 15:15:01 - root - INFO - MovingJ ur5e_2 from [-1.32823836 -2.39166447 -1.47017199 -0.85603869  1.57082793  0.24249743] to [-1.3287907962613001, -2.251499632978753, -1.4230570753272889, -1.0378282497122315, 1.5707960059352013, 0.24200548556773993]
2025-03-25 15:15:03 - root - WARNING - Movement for ur5e_2 timed out before reaching the target joints.
2025-03-25 15:15:03 - root - INFO - pick up block at (-0.995, -0.615) start_height 0.15
2025-03-25 15:15:03 - root - INFO - Planning and moving to xyz facing down ur5e_2 from [-1.3287845  -2.2567864  -1.42484331 -1.03792439  1.57079644  0.24201225] to [-1.0747840570115565, -2.3916752406241932, -1.3217045797786402, -0.9990082286653317, 1.5707962463186056, 0.4960122666491825] target: [-0.995, -0.615, 0.15]
2025-03-25 15:15:03 - root - INFO - Planning and movingJ ur5e_2 from [-1.3287845  -2.2567864  -1.42484331 -1.03792439  1.57079644  0.24201225] to [-1.0747840570115565, -2.3916752406241932, -1.3217045797786402, -0.9990082286653317, 1.5707962463186056, 0.4960122666491825]
2025-03-25 15:15:03 - root - INFO - MovingJ ur5e_2 from [-1.3287845  -2.2567864  -1.42484331 -1.03792439  1.57079644  0.24201225] to [-1.0747840570115565, -2.3916752406241932, -1.3217045797786402, -0.9990082286653317, 1.5707962463186056, 0.4960122666491825]
2025-03-25 15:15:04 - root - INFO - MovingL ur5e_2 from [-0.9722082  -0.61251388  0.15127223] to [-0.995 -0.615  0.05 ]
2025-03-25 15:15:09 - root - WARNING - Linear movement for ur5e_2 completed, but target not reached within tolerance after 400 attempts
2025-03-25 15:15:09 - root - INFO - MovingJ ur5e_2 from [-1.07486827 -2.53330212 -1.33201354 -0.8278394   1.57083198  0.49601698] to [-1.10370179 -2.3814685  -1.33515262 -1.00399693  1.57080507  0.46693443]
2025-03-25 15:15:10 - root - INFO - Planning and moving to xyz facing down ur5e_2 from [-1.0875155  -2.46956578 -1.33294372 -0.9067454   1.57093155  0.48301242] to [-1.0880304167636339, -2.337424770290974, -1.2849791557033932, -1.0899848250948518, 1.5707963062107904, 0.4827659148104061] target: [-0.98632223 -0.61039873  0.19728197]
2025-03-25 15:15:10 - root - INFO - Planning and movingJ ur5e_2 from [-1.0875155  -2.46956578 -1.33294372 -0.9067454   1.57093155  0.48301242] to [-1.0880304167636339, -2.337424770290974, -1.2849791557033932, -1.0899848250948518, 1.5707963062107904, 0.4827659148104061]
2025-03-25 15:15:10 - root - INFO - MovingJ ur5e_2 from [-1.0875155  -2.46956578 -1.33294372 -0.9067454   1.57093155  0.48301242] to [-1.0880304167636339, -2.337424770290974, -1.2849791557033932, -1.0899848250948518, 1.5707963062107904, 0.4827659148104061]
2025-03-25 15:15:12 - root - INFO - put down block at (-0.615, -0.615) start_height 0.15
2025-03-25 15:15:12 - root - INFO - Planning and moving to xyz facing down ur5e_2 from [-1.08801684 -2.3404276  -1.28520439 -1.08875101  1.57079945  0.48277004] to [-1.5867094267475974, -2.3449564050459952, -1.4121228072258516, -0.9553094849104148, 1.5707963012016686, -0.01591309846262614] target: [-0.615, -0.615, 0.15]
2025-03-25 15:15:12 - root - INFO - Planning and movingJ ur5e_2 from [-1.08801684 -2.3404276  -1.28520439 -1.08875101  1.57079945  0.48277004] to [-1.5867094267475974, -2.3449564050459952, -1.4121228072258516, -0.9553094849104148, 1.5707963012016686, -0.01591309846262614]
2025-03-25 15:15:12 - root - INFO - MovingJ ur5e_2 from [-1.08801684 -2.3404276  -1.28520439 -1.08875101  1.57079945  0.48277004] to [-1.5867094267475974, -2.3449564050459952, -1.4121228072258516, -0.9553094849104148, 1.5707963012016686, -0.01591309846262614]
2025-03-25 15:15:13 - root - INFO - MovingL ur5e_2 from [-0.63604714 -0.60917866  0.15233648] to [-0.615      -0.615       0.08978449]
2025-03-25 15:15:14 - root - INFO - MovingJ ur5e_2 from [-1.58515342 -2.42650015 -1.42338057 -0.84975245  1.57103263 -0.01427135] to [-1.55759728 -2.34538704 -1.40451143 -0.96089904  1.57228338  0.01059916]
2025-03-25 15:15:15 - root - INFO - Planning and moving to xyz facing down ur5e_2 from [-1.58220285 -2.41953141 -1.42372017 -0.86216277  1.57095038 -0.01427703] to [-1.5827318722200057, -2.2827861803762843, -1.3725717133891788, -1.0570308751743231, 1.5707963076656908, -0.01193554046323323] target: [-0.61782263 -0.61254211  0.20156602]
2025-03-25 15:15:15 - root - INFO - Planning and movingJ ur5e_2 from [-1.58220285 -2.41953141 -1.42372017 -0.86216277  1.57095038 -0.01427703] to [-1.5827318722200057, -2.2827861803762843, -1.3725717133891788, -1.0570308751743231, 1.5707963076656908, -0.01193554046323323]
2025-03-25 15:15:15 - root - INFO - MovingJ ur5e_2 from [-1.58220285 -2.41953141 -1.42372017 -0.86216277  1.57095038 -0.01427703] to [-1.5827318722200057, -2.2827861803762843, -1.3725717133891788, -1.0570308751743231, 1.5707963076656908, -0.01193554046323323]
2025-03-25 15:15:17 - root - WARNING - Movement for ur5e_2 timed out before reaching the target joints.
2025-03-25 15:15:17 - root - INFO - pick up block at (-0.805, -0.615) start_height 0.19
2025-03-25 15:15:17 - root - INFO - Planning and moving to xyz facing down ur5e_2 from [-1.58272665 -2.28814534 -1.37436335 -1.05718132  1.57079812 -0.01194027] to [-1.3203532884503932, -2.265662143046929, -1.438011899310972, -1.0087142845190606, 1.5707962684344647, 0.25044305640841724] target: [-0.805, -0.615, 0.19]
2025-03-25 15:15:17 - root - INFO - Planning and movingJ ur5e_2 from [-1.58272665 -2.28814534 -1.37436335 -1.05718132  1.57079812 -0.01194027] to [-1.3203532884503932, -2.265662143046929, -1.438011899310972, -1.0087142845190606, 1.5707962684344647, 0.25044305640841724]
2025-03-25 15:15:17 - root - INFO - MovingJ ur5e_2 from [-1.58272665 -2.28814534 -1.37436335 -1.05718132  1.57079812 -0.01194027] to [-1.3203532884503932, -2.265662143046929, -1.438011899310972, -1.0087142845190606, 1.5707962684344647, 0.25044305640841724]
2025-03-25 15:15:18 - root - INFO - MovingL ur5e_2 from [-0.78428959 -0.61277967  0.18655374] to [-0.805 -0.615  0.09 ]
2025-03-25 15:15:19 - root - INFO - MovingJ ur5e_2 from [-1.32130435 -2.40859628 -1.47579641 -0.82427427  1.57069817  0.24965608] to [-1.34967822 -2.27311075 -1.43245547 -1.0146872   1.57080621  0.2209765 ]
2025-03-25 15:15:20 - root - INFO - Planning and moving to xyz facing down ur5e_2 from [-1.33519997 -2.34647176 -1.45575161 -0.91838754  1.57071188  0.23554881] to [-1.335767728888533, -2.218006134130471, -1.3905289644529122, -1.1038497270321486, 1.5707959938605605, 0.23502855257151242] target: [-0.79455639 -0.61194615  0.23507213]
2025-03-25 15:15:20 - root - INFO - Planning and movingJ ur5e_2 from [-1.33519997 -2.34647176 -1.45575161 -0.91838754  1.57071188  0.23554881] to [-1.335767728888533, -2.218006134130471, -1.3905289644529122, -1.1038497270321486, 1.5707959938605605, 0.23502855257151242]
2025-03-25 15:15:20 - root - INFO - MovingJ ur5e_2 from [-1.33519997 -2.34647176 -1.45575161 -0.91838754  1.57071188  0.23554881] to [-1.335767728888533, -2.218006134130471, -1.3905289644529122, -1.1038497270321486, 1.5707959938605605, 0.23502855257151242]
2025-03-25 15:15:22 - root - WARNING - Movement for ur5e_2 timed out before reaching the target joints.
2025-03-25 15:15:22 - root - INFO - put down block at (-0.995, -0.615) start_height 0.11966974931135498
2025-03-25 15:15:22 - root - INFO - Planning and moving to xyz facing down ur5e_2 from [-1.33576049 -2.22287625 -1.39222323 -1.10382912  1.57079499  0.23503535] to [-1.0747836143229281, -2.433091100465279, -1.3333811219765728, -0.9459154483309945, 1.5707962133222821, 0.49601270033928657] target: [-0.995, -0.615, 0.11966974931135498]
2025-03-25 15:15:22 - root - INFO - Planning and movingJ ur5e_2 from [-1.33576049 -2.22287625 -1.39222323 -1.10382912  1.57079499  0.23503535] to [-1.0747836143229281, -2.433091100465279, -1.3333811219765728, -0.9459154483309945, 1.5707962133222821, 0.49601270033928657]
2025-03-25 15:15:22 - root - INFO - MovingJ ur5e_2 from [-1.33576049 -2.22287625 -1.39222323 -1.10382912  1.57079499  0.23503535] to [-1.0747836143229281, -2.433091100465279, -1.3333811219765728, -0.9459154483309945, 1.5707962133222821, 0.49601270033928657]
2025-03-25 15:15:23 - root - INFO - MovingL ur5e_2 from [-0.97224246 -0.61153642  0.12839005] to [-0.995      -0.615       0.06966975]
2025-03-25 15:15:24 - root - INFO - MovingJ ur5e_2 from [-1.0776032  -2.51632083 -1.34547658 -0.87423446  1.57077615  0.49317525] to [-1.1042352  -2.41432405 -1.34137174 -0.96401205  1.57064062  0.46670397]
2025-03-25 15:15:24 - root - INFO - Planning and moving to xyz facing down ur5e_2 from [-1.07878506 -2.51418295 -1.34615834 -0.8786008   1.57077826  0.49196121] to [-1.0793210118037808, -2.367763884292571, -1.3322997616463808, -1.0123215107485029, 1.5707960238032732, 0.49147527063232127] target: [-0.98976787 -0.61764611  0.1617666 ]
2025-03-25 15:15:24 - root - INFO - Planning and movingJ ur5e_2 from [-1.07878506 -2.51418295 -1.34615834 -0.8786008   1.57077826  0.49196121] to [-1.0793210118037808, -2.367763884292571, -1.3322997616463808, -1.0123215107485029, 1.5707960238032732, 0.49147527063232127]
2025-03-25 15:15:24 - root - INFO - MovingJ ur5e_2 from [-1.07878506 -2.51418295 -1.34615834 -0.8786008   1.57077826  0.49196121] to [-1.0793210118037808, -2.367763884292571, -1.3322997616463808, -1.0123215107485029, 1.5707960238032732, 0.49147527063232127]
2025-03-25 15:15:26 - root - WARNING - Movement for ur5e_2 timed out before reaching the target joints.
2025-03-25 15:15:26 - root - INFO - pick up block at (-0.805, -0.615) start_height 0.15
2025-03-25 15:15:26 - root - INFO - Planning and moving to xyz facing down ur5e_2 from [-1.07931137 -2.37377629 -1.33400271 -1.0122644   1.57079563  0.4914858 ] to [-1.3203534034229814, -2.319253538316666, -1.4615572326425008, -0.9315775856882635, 1.5707962683502572, 0.25044292043516503] target: [-0.805, -0.615, 0.15]
2025-03-25 15:15:26 - root - INFO - Planning and movingJ ur5e_2 from [-1.07931137 -2.37377629 -1.33400271 -1.0122644   1.57079563  0.4914858 ] to [-1.3203534034229814, -2.319253538316666, -1.4615572326425008, -0.9315775856882635, 1.5707962683502572, 0.25044292043516503]
2025-03-25 15:15:26 - root - INFO - MovingJ ur5e_2 from [-1.07931137 -2.37377629 -1.33400271 -1.0122644   1.57079563  0.4914858 ] to [-1.3203534034229814, -2.319253538316666, -1.4615572326425008, -0.9315775856882635, 1.5707962683502572, 0.25044292043516503]
2025-03-25 15:15:27 - root - INFO - MovingL ur5e_2 from [-0.82695882 -0.61337563  0.14655142] to [-0.805 -0.615  0.05 ]
2025-03-25 15:15:32 - root - WARNING - Linear movement for ur5e_2 completed, but target not reached within tolerance after 400 attempts
2025-03-25 15:15:32 - root - INFO - MovingJ ur5e_2 from [-1.32043175 -2.47141923 -1.47204594 -0.75108269  1.57080313  0.25044323] to [-1.29091947 -2.33097624 -1.44741915 -0.94201407  1.57078663  0.28003148]
2025-03-25 15:15:32 - root - INFO - Planning and moving to xyz facing down ur5e_2 from [-1.30603785 -2.40665548 -1.47311267 -0.84531148  1.57073643  0.26499756] to [-1.3066043132069953, -2.262372955671881, -1.435197786934054, -1.0148143467830253, 1.5707960167998014, 0.26419197006567335] target: [-0.81487823 -0.61548317  0.19292649]
2025-03-25 15:15:32 - root - INFO - Planning and movingJ ur5e_2 from [-1.30603785 -2.40665548 -1.47311267 -0.84531148  1.57073643  0.26499756] to [-1.3066043132069953, -2.262372955671881, -1.435197786934054, -1.0148143467830253, 1.5707960167998014, 0.26419197006567335]
2025-03-25 15:15:32 - root - INFO - MovingJ ur5e_2 from [-1.30603785 -2.40665548 -1.47311267 -0.84531148  1.57073643  0.26499756] to [-1.3066043132069953, -2.262372955671881, -1.435197786934054, -1.0148143467830253, 1.5707960167998014, 0.26419197006567335]
2025-03-25 15:15:34 - root - WARNING - Movement for ur5e_2 timed out before reaching the target joints.
2025-03-25 15:15:34 - root - INFO - put down block at (-0.615, -0.615) start_height 0.19
2025-03-25 15:15:34 - root - INFO - Planning and moving to xyz facing down ur5e_2 from [-1.30659273 -2.26662579 -1.43625494 -1.0143024   1.57079558  0.2641944 ] to [-1.5867087767617354, -2.292803432551264, -1.3884159622563017, -1.031168733264051, 1.5707962521332242, -0.01591245050389884] target: [-0.615, -0.615, 0.19]
2025-03-25 15:15:34 - root - INFO - Planning and movingJ ur5e_2 from [-1.30659273 -2.26662579 -1.43625494 -1.0143024   1.57079558  0.2641944 ] to [-1.5867087767617354, -2.292803432551264, -1.3884159622563017, -1.031168733264051, 1.5707962521332242, -0.01591245050389884]
2025-03-25 15:15:34 - root - INFO - MovingJ ur5e_2 from [-1.30659273 -2.26662579 -1.43625494 -1.0143024   1.57079558  0.2641944 ] to [-1.5867087767617354, -2.292803432551264, -1.3884159622563017, -1.031168733264051, 1.5707962521332242, -0.01591245050389884]
2025-03-25 15:15:35 - root - INFO - MovingL ur5e_2 from [-0.63567437 -0.61260148  0.18705293] to [-0.615      -0.615       0.12933941]
2025-03-25 15:15:37 - root - INFO - MovingJ ur5e_2 from [-1.58423438 -2.36809146 -1.41514901 -0.92199907  1.57090125 -0.01338906] to [-1.55792533 -2.29380751 -1.39395134 -1.02932644  1.57135167  0.01198703]
2025-03-25 15:15:37 - root - INFO - Planning and moving to xyz facing down ur5e_2 from [-1.5822131  -2.36328393 -1.41518065 -0.93062997  1.57079649 -0.01126515] to [-1.5827642029410478, -2.239894410943429, -1.3424881820829229, -1.1300061611771193, 1.5707963066113566, -0.011967870974076401] target: [-0.61781026 -0.6134521   0.23859637]
2025-03-25 15:15:37 - root - INFO - Planning and movingJ ur5e_2 from [-1.5822131  -2.36328393 -1.41518065 -0.93062997  1.57079649 -0.01126515] to [-1.5827642029410478, -2.239894410943429, -1.3424881820829229, -1.1300061611771193, 1.5707963066113566, -0.011967870974076401]
2025-03-25 15:15:37 - root - INFO - MovingJ ur5e_2 from [-1.5822131  -2.36328393 -1.41518065 -0.93062997  1.57079649 -0.01126515] to [-1.5827642029410478, -2.239894410943429, -1.3424881820829229, -1.1300061611771193, 1.5707963066113566, -0.011967870974076401]
2025-03-25 15:15:39 - root - WARNING - Movement for ur5e_2 timed out before reaching the target joints.
2025-03-25 15:15:39 - root - INFO - pick up block at (-0.995, -0.615) start_height 0.15
2025-03-25 15:15:39 - root - INFO - Planning and moving to xyz facing down ur5e_2 from [-1.58275894 -2.24510014 -1.34437475 -1.13017316  1.5707963  -0.01195996] to [-1.0747847252887002, -2.3916809008679545, -1.321692204620536, -0.9990155290771644, 1.570796294769042, 0.49601160823288326] target: [-0.995, -0.615, 0.15]
2025-03-25 15:15:39 - root - INFO - Planning and movingJ ur5e_2 from [-1.58275894 -2.24510014 -1.34437475 -1.13017316  1.5707963  -0.01195996] to [-1.0747847252887002, -2.3916809008679545, -1.321692204620536, -0.9990155290771644, 1.570796294769042, 0.49601160823288326]
2025-03-25 15:15:39 - root - INFO - MovingJ ur5e_2 from [-1.58275894 -2.24510014 -1.34437475 -1.13017316  1.5707963  -0.01195996] to [-1.0747847252887002, -2.3916809008679545, -1.321692204620536, -0.9990155290771644, 1.570796294769042, 0.49601160823288326]
2025-03-25 15:15:40 - root - INFO - MovingL ur5e_2 from [-0.97333096 -0.6099589   0.15015566] to [-0.995 -0.615  0.05 ]
2025-03-25 15:15:45 - root - WARNING - Linear movement for ur5e_2 completed, but target not reached within tolerance after 400 attempts
2025-03-25 15:15:45 - root - INFO - MovingJ ur5e_2 from [-1.07478468 -2.53810064 -1.3342313  -0.82924027  1.57077127  0.49601173] to [-1.10390278 -2.38865173 -1.3246669  -1.00714487  1.57081041  0.46664269]
2025-03-25 15:15:46 - root - INFO - Planning and moving to xyz facing down ur5e_2 from [-1.08804421 -2.47446953 -1.33550435 -0.91115296  1.57078557  0.48256165] to [-1.0885756331153102, -2.3395814155070287, -1.2957741100549587, -1.077029242498075, 1.5707959910124936, 0.48222064616031496] target: [-0.98513883 -0.61177966  0.19216083]
2025-03-25 15:15:46 - root - INFO - Planning and movingJ ur5e_2 from [-1.08804421 -2.47446953 -1.33550435 -0.91115296  1.57078557  0.48256165] to [-1.0885756331153102, -2.3395814155070287, -1.2957741100549587, -1.077029242498075, 1.5707959910124936, 0.48222064616031496]
2025-03-25 15:15:46 - root - INFO - MovingJ ur5e_2 from [-1.08804421 -2.47446953 -1.33550435 -0.91115296  1.57078557  0.48256165] to [-1.0885756331153102, -2.3395814155070287, -1.2957741100549587, -1.077029242498075, 1.5707959910124936, 0.48222064616031496]
2025-03-25 15:15:48 - root - WARNING - Movement for ur5e_2 timed out before reaching the target joints.
2025-03-25 15:15:48 - root - INFO - put down block at (-0.615, -0.615) start_height 0.22999999999999998
2025-03-25 15:15:48 - root - INFO - Planning and moving to xyz facing down ur5e_2 from [-1.08856709 -2.34502879 -1.29742445 -1.07690442  1.57079593  0.48222638] to [-1.5867094066122027, -2.2467888545243206, -1.354768143525087, -1.1108316680160488, 1.570796299629393, -0.015913078292809232] target: [-0.615, -0.615, 0.22999999999999998]
2025-03-25 15:15:48 - root - INFO - Planning and movingJ ur5e_2 from [-1.08856709 -2.34502879 -1.29742445 -1.07690442  1.57079593  0.48222638] to [-1.5867094066122027, -2.2467888545243206, -1.354768143525087, -1.1108316680160488, 1.570796299629393, -0.015913078292809232]
2025-03-25 15:15:48 - root - INFO - MovingJ ur5e_2 from [-1.08856709 -2.34502879 -1.29742445 -1.07690442  1.57079593  0.48222638] to [-1.5867094066122027, -2.2467888545243206, -1.354768143525087, -1.1108316680160488, 1.570796299629393, -0.015913078292809232]
2025-03-25 15:15:49 - root - INFO - MovingL ur5e_2 from [-0.6360739  -0.60979314  0.22355794] to [-0.615      -0.615       0.16885248]
2025-03-25 15:15:50 - root - INFO - MovingJ ur5e_2 from [-1.58363612 -2.31915668 -1.39677819 -0.99921203  1.57081976 -0.01280944] to [-1.55736202 -2.25719429 -1.35284892 -1.10918506  1.57093591  0.01338307]
2025-03-25 15:15:50 - root - INFO - Planning and moving to xyz facing down ur5e_2 from [-1.58129787 -2.31435368 -1.39248551 -1.00922842  1.57073578 -0.01031437] to [-1.5818572329849305, -2.2053294893612576, -1.2994986507287318, -1.2075605949434831, 1.5707963052402905, -0.011060900893164628] target: [-0.61845774 -0.6131014   0.27549591]
2025-03-25 15:15:50 - root - INFO - Planning and movingJ ur5e_2 from [-1.58129787 -2.31435368 -1.39248551 -1.00922842  1.57073578 -0.01031437] to [-1.5818572329849305, -2.2053294893612576, -1.2994986507287318, -1.2075605949434831, 1.5707963052402905, -0.011060900893164628]
2025-03-25 15:15:50 - root - INFO - MovingJ ur5e_2 from [-1.58129787 -2.31435368 -1.39248551 -1.00922842  1.57073578 -0.01031437] to [-1.5818572329849305, -2.2053294893612576, -1.2994986507287318, -1.2075605949434831, 1.5707963052402905, -0.011060900893164628]
2025-03-25 15:15:52 - root - WARNING - Movement for ur5e_2 timed out before reaching the target joints.
