2025-03-25 15:59:50 - root - INFO - Logging setup complete for Hanoi_sim
2025-03-25 15:59:50 - root - INFO - pick up block at (-0.995, -0.615) start_height 0.15
2025-03-25 15:59:50 - root - INFO - Planning and moving to xyz facing down ur5e_2 from [-1.56417438e+00 -1.56694744e+00 -4.97276278e-04 -1.56588207e+00
  1.05265287e-05 -1.99549302e-06] to [1.7098815466573494, -0.7499188239347352, 1.321708163583933, 4.140598461665076, -1.5707961916089368, -6.144100136224731] target: [-0.995, -0.615, 0.15]
2025-03-25 15:59:50 - root - INFO - Planning and movingJ ur5e_2 from [-1.56417438e+00 -1.56694744e+00 -4.97276278e-04 -1.56588207e+00
  1.05265287e-05 -1.99549302e-06] to [1.7098815466573494, -0.7499188239347352, 1.321708163583933, 4.140598461665076, -1.5707961916089368, 0.1390851709548553]
2025-03-25 15:59:50 - root - INFO - MovingJ ur5e_2 from [-1.56417438e+00 -1.56694744e+00 -4.97276278e-04 -1.56588207e+00
  1.05265287e-05 -1.99549302e-06] to [1.7098815466573494, -0.7499188239347352, 1.321708163583933, 4.140598461665076, -1.5707961916089368, 0.1390851709548553]
2025-03-25 15:59:54 - root - INFO - MovingL ur5e_2 from [-0.98433268 -0.60690571  0.15417472] to [-0.995 -0.615  0.05 ]
2025-03-25 15:59:59 - root - WARNING - Linear movement for ur5e_2 completed, but target not reached within tolerance after 400 attempts
2025-03-25 15:59:59 - root - INFO - MovingJ ur5e_2 from [ 1.70992639 -0.60360366  1.33418882  3.97068814 -1.57080817  0.13908665] to [ 1.69313411 -0.74860082  1.31657617  4.11165414 -1.56265334  0.13836475]
2025-03-25 16:00:00 - root - INFO - Planning and moving to xyz facing down ur5e_2 from [ 1.70990425 -0.6515909   1.33539646  4.02217606 -1.57080825  0.13908665] to [1.7104338312665825, -0.8982914769699716, 1.1694268238792782, 4.4412516909456885, -1.570796167805596, 0.1396374951545229] target: [-0.99564993 -0.61331912  0.3       ]
2025-03-25 16:00:00 - root - INFO - Planning and movingJ ur5e_2 from [ 1.70990425 -0.6515909   1.33539646  4.02217606 -1.57080825  0.13908665] to [1.7104338312665825, -0.8982914769699716, 1.1694268238792782, 4.4412516909456885, -1.570796167805596, 0.1396374951545229]
2025-03-25 16:00:00 - root - INFO - MovingJ ur5e_2 from [ 1.70990425 -0.6515909   1.33539646  4.02217606 -1.57080825  0.13908665] to [1.7104338312665825, -0.8982914769699716, 1.1694268238792782, 4.4412516909456885, -1.570796167805596, 0.1396374951545229]
2025-03-25 16:00:03 - root - WARNING - Movement for ur5e_2 timed out before reaching the target joints.
2025-03-25 16:00:03 - root - INFO - put down block at (-0.805, -0.615) start_height 0.19
2025-03-25 16:00:03 - root - INFO - Planning and moving to xyz facing down ur5e_2 from [ 1.71043244 -0.89347084  1.17110919  4.44159548 -1.57079621  0.13963667] to [1.446060685007139, -0.8759356202427774, 1.438023782864903, 4.1502994705337155, -1.5707962069713874, -0.12473569947474603] target: [-0.805, -0.615, 0.19]
2025-03-25 16:00:03 - root - INFO - Planning and movingJ ur5e_2 from [ 1.71043244 -0.89347084  1.17110919  4.44159548 -1.57079621  0.13963667] to [1.446060685007139, -0.8759356202427774, 1.438023782864903, 4.1502994705337155, -1.5707962069713874, -0.12473569947474603]
2025-03-25 16:00:03 - root - INFO - MovingJ ur5e_2 from [ 1.71043244 -0.89347084  1.17110919  4.44159548 -1.57079621  0.13963667] to [1.446060685007139, -0.8759356202427774, 1.438023782864903, 4.1502994705337155, -1.5707962069713874, -0.12473569947474603]
2025-03-25 16:00:04 - root - INFO - MovingL ur5e_2 from [-0.82309066 -0.61170458  0.19583303] to [-0.805      -0.615       0.12938653]
2025-03-25 16:00:05 - root - INFO - MovingJ ur5e_2 from [ 1.44858822 -0.79373191  1.46459715  4.04450258 -1.57077496 -0.12226093] to [ 1.47202057 -0.87306996  1.41329473  4.17910168 -1.57065579 -0.09889826]
2025-03-25 16:00:05 - root - INFO - Planning and moving to xyz facing down ur5e_2 from [ 1.44858012 -0.81171034  1.45174837  4.07959726 -1.57077587 -0.12226092] to [1.449142954448125, -0.9843883566174244, 1.312990441218658, 4.383786252501881, -1.5707962719655377, -0.12165338288939646] target: [-0.8069087 -0.6127358  0.3      ]
2025-03-25 16:00:05 - root - INFO - Planning and movingJ ur5e_2 from [ 1.44858012 -0.81171034  1.45174837  4.07959726 -1.57077587 -0.12226092] to [1.449142954448125, -0.9843883566174244, 1.312990441218658, 4.383786252501881, -1.5707962719655377, -0.12165338288939646]
2025-03-25 16:00:05 - root - INFO - MovingJ ur5e_2 from [ 1.44858012 -0.81171034  1.45174837  4.07959726 -1.57077587 -0.12226092] to [1.449142954448125, -0.9843883566174244, 1.312990441218658, 4.383786252501881, -1.5707962719655377, -0.12165338288939646]
2025-03-25 16:00:08 - root - WARNING - Movement for ur5e_2 timed out before reaching the target joints.
2025-03-25 16:00:08 - root - INFO - pick up block at (-0.615, -0.615) start_height 0.15
2025-03-25 16:00:08 - root - INFO - Planning and moving to xyz facing down ur5e_2 from [ 1.44914123 -0.97959958  1.31488503  4.384184   -1.57079619 -0.12165575] to [1.1865404699641477, -0.7966465357969299, 1.4121463305922934, 4.096887611691236, -1.5707961960723416, -0.3842558638589254] target: [-0.615, -0.615, 0.15]
2025-03-25 16:00:08 - root - INFO - Planning and movingJ ur5e_2 from [ 1.44914123 -0.97959958  1.31488503  4.384184   -1.57079619 -0.12165575] to [1.1865404699641477, -0.7966465357969299, 1.4121463305922934, 4.096887611691236, -1.5707961960723416, -0.3842558638589254]
2025-03-25 16:00:08 - root - INFO - MovingJ ur5e_2 from [ 1.44914123 -0.97959958  1.31488503  4.384184   -1.57079619 -0.12165575] to [1.1865404699641477, -0.7966465357969299, 1.4121463305922934, 4.096887611691236, -1.5707961960723416, -0.3842558638589254]
2025-03-25 16:00:09 - root - INFO - MovingL ur5e_2 from [-0.63332302 -0.61164132  0.15957767] to [-0.615 -0.615  0.05 ]
2025-03-25 16:00:14 - root - WARNING - Linear movement for ur5e_2 completed, but target not reached within tolerance after 400 attempts
2025-03-25 16:00:14 - root - INFO - MovingJ ur5e_2 from [ 1.1866395  -0.65060217  1.42151999  3.91940913 -1.57081493 -0.38424771] to [ 1.2120509  -0.80935634  1.40430172  4.12551943 -1.5708052  -0.3585916 ]
2025-03-25 16:00:14 - root - INFO - Planning and moving to xyz facing down ur5e_2 from [ 1.19980711 -0.73160246  1.42219698  4.0293275  -1.57100228 -0.37055032] to [1.2003287577496304, -0.9577444848250312, 1.2691841997970752, 4.400948047302517, -1.570796225775644, -0.3704675815042778] target: [-0.62468293 -0.61258257  0.3       ]
2025-03-25 16:00:14 - root - INFO - Planning and movingJ ur5e_2 from [ 1.19980711 -0.73160246  1.42219698  4.0293275  -1.57100228 -0.37055032] to [1.2003287577496304, -0.9577444848250312, 1.2691841997970752, 4.400948047302517, -1.570796225775644, -0.3704675815042778]
2025-03-25 16:00:14 - root - INFO - MovingJ ur5e_2 from [ 1.19980711 -0.73160246  1.42219698  4.0293275  -1.57100228 -0.37055032] to [1.2003287577496304, -0.9577444848250312, 1.2691841997970752, 4.400948047302517, -1.570796225775644, -0.3704675815042778]
2025-03-25 16:00:17 - root - INFO - put down block at (-0.995, -0.615) start_height 0.11967112151198324
2025-03-25 16:00:17 - root - INFO - Planning and moving to xyz facing down ur5e_2 from [ 1.20029702 -0.95634458  1.2687674   4.39794227 -1.57080689 -0.37047059] to [1.7098823430693453, -0.7084955848594461, 1.3333632179567412, 4.087520878359401, -1.570796281684476, 0.13908600812740046] target: [-0.995, -0.615, 0.11967112151198324]
2025-03-25 16:00:17 - root - INFO - Planning and movingJ ur5e_2 from [ 1.20029702 -0.95634458  1.2687674   4.39794227 -1.57080689 -0.37047059] to [1.7098823430693453, -0.7084955848594461, 1.3333632179567412, 4.087520878359401, -1.570796281684476, 0.13908600812740046]
2025-03-25 16:00:17 - root - INFO - MovingJ ur5e_2 from [ 1.20029702 -0.95634458  1.2687674   4.39794227 -1.57080689 -0.37047059] to [1.7098823430693453, -0.7084955848594461, 1.3333632179567412, 4.087520878359401, -1.570796281684476, 0.13908600812740046]
2025-03-25 16:00:18 - root - INFO - MovingL ur5e_2 from [-0.97377782 -0.6066213   0.13225446] to [-0.995      -0.615       0.06967112]
2025-03-25 16:00:20 - root - INFO - MovingJ ur5e_2 from [ 1.70890838 -0.62874252  1.33870027  4.00562735 -1.57092906  0.13834283] to [ 1.68047078 -0.72316491  1.32670256  4.09847024 -1.573687    0.11501297]
2025-03-25 16:00:20 - root - INFO - Planning and moving to xyz facing down ur5e_2 from [ 1.70890837 -0.62846419  1.33877385  4.00565412 -1.57092906  0.13834283] to [1.709422523181722, -0.9027158423074746, 1.1769451564697455, 4.438157353030988, -1.570796138279732, 0.13862618895588003] target: [-0.99467679 -0.61486255  0.3       ]
2025-03-25 16:00:20 - root - INFO - Planning and movingJ ur5e_2 from [ 1.70890837 -0.62846419  1.33877385  4.00565412 -1.57092906  0.13834283] to [1.709422523181722, -0.9027158423074746, 1.1769451564697455, 4.438157353030988, -1.570796138279732, 0.13862618895588003]
2025-03-25 16:00:20 - root - INFO - MovingJ ur5e_2 from [ 1.70890837 -0.62846419  1.33877385  4.00565412 -1.57092906  0.13834283] to [1.709422523181722, -0.9027158423074746, 1.1769451564697455, 4.438157353030988, -1.570796138279732, 0.13862618895588003]
2025-03-25 16:00:23 - root - WARNING - Movement for ur5e_2 timed out before reaching the target joints.
2025-03-25 16:00:23 - root - INFO - pick up block at (-0.805, -0.615) start_height 0.22999999999999998
2025-03-25 16:00:23 - root - INFO - Planning and moving to xyz facing down ur5e_2 from [ 1.70942206 -0.89760395  1.17882299  4.43864725 -1.57079632  0.13862581] to [1.446061129189864, -0.9233694809200552, 1.4046743624919025, 4.2310830847283425, -1.570796237265194, -0.1247352388725624] target: [-0.805, -0.615, 0.22999999999999998]
2025-03-25 16:00:23 - root - INFO - Planning and movingJ ur5e_2 from [ 1.70942206 -0.89760395  1.17882299  4.43864725 -1.57079632  0.13862581] to [1.446061129189864, -0.9233694809200552, 1.4046743624919025, 4.2310830847283425, -1.570796237265194, -0.1247352388725624]
2025-03-25 16:00:23 - root - INFO - MovingJ ur5e_2 from [ 1.70942206 -0.89760395  1.17882299  4.43864725 -1.57079632  0.13862581] to [1.446061129189864, -0.9233694809200552, 1.4046743624919025, 4.2310830847283425, -1.570796237265194, -0.1247352388725624]
2025-03-25 16:00:24 - root - INFO - MovingL ur5e_2 from [-0.82557694 -0.61197998  0.23274686] to [-0.805 -0.615  0.13 ]
2025-03-25 16:00:25 - root - INFO - MovingJ ur5e_2 from [ 1.44733665 -0.79412243  1.46609243  4.04027868 -1.57072034 -0.12360855] to [ 1.47549649 -0.91557593  1.38099024  4.25493393 -1.57080599 -0.09515888]
2025-03-25 16:00:26 - root - INFO - Planning and moving to xyz facing down ur5e_2 from [ 1.46257278 -0.85552169  1.42128132  4.15725925 -1.57073302 -0.10816618] to [1.4631401296134117, -0.9788912175527411, 1.3039972760355731, 4.387282576864195, -1.5707962965824014, -0.10765620434170256] target: [-0.81668732 -0.61109504  0.3       ]
2025-03-25 16:00:26 - root - INFO - Planning and movingJ ur5e_2 from [ 1.46257278 -0.85552169  1.42128132  4.15725925 -1.57073302 -0.10816618] to [1.4631401296134117, -0.9788912175527411, 1.3039972760355731, 4.387282576864195, -1.5707962965824014, -0.10765620434170256]
2025-03-25 16:00:26 - root - INFO - MovingJ ur5e_2 from [ 1.46257278 -0.85552169  1.42128132  4.15725925 -1.57073302 -0.10816618] to [1.4631401296134117, -0.9788912175527411, 1.3039972760355731, 4.387282576864195, -1.5707962965824014, -0.10765620434170256]
2025-03-25 16:00:28 - root - WARNING - Movement for ur5e_2 timed out before reaching the target joints.
2025-03-25 16:00:28 - root - INFO - put down block at (-0.995, -0.615) start_height 0.15
2025-03-25 16:00:28 - root - INFO - Planning and moving to xyz facing down ur5e_2 from [ 1.46313524 -0.97429666  1.30578084  4.38739494 -1.57079584 -0.10766044] to [1.7098811828675742, -0.7499223739390861, 1.3217157808986475, 4.140594077055251, -1.5707961944526296, 0.13908484748645092] target: [-0.995, -0.615, 0.15]
2025-03-25 16:00:28 - root - INFO - Planning and movingJ ur5e_2 from [ 1.46313524 -0.97429666  1.30578084  4.38739494 -1.57079584 -0.10766044] to [1.7098811828675742, -0.7499223739390861, 1.3217157808986475, 4.140594077055251, -1.5707961944526296, 0.13908484748645092]
2025-03-25 16:00:28 - root - INFO - MovingJ ur5e_2 from [ 1.46313524 -0.97429666  1.30578084  4.38739494 -1.57079584 -0.10766044] to [1.7098811828675742, -0.7499223739390861, 1.3217157808986475, 4.140594077055251, -1.5707961944526296, 0.13908484748645092]
2025-03-25 16:00:29 - root - INFO - MovingL ur5e_2 from [-0.97390207 -0.6109011   0.16323786] to [-0.995      -0.615       0.08978449]
2025-03-25 16:00:30 - root - INFO - MovingJ ur5e_2 from [ 1.70727724 -0.66909048  1.33701692  4.0445943  -1.57081967  0.13641706] to [ 1.68090316 -0.77144876  1.3212204   4.16968126 -1.57094755  0.11028689]
2025-03-25 16:00:31 - root - INFO - Planning and moving to xyz facing down ur5e_2 from [ 1.70149258 -0.68927192  1.33746006  4.0724013  -1.57076342  0.13057457] to [1.7020308155395312, -0.9051221108733685, 1.1810227160548572, 4.43648697631541, -1.5707962110650975, 0.1312344778075444] target: [-0.98925458 -0.61412486  0.3       ]
2025-03-25 16:00:31 - root - INFO - Planning and movingJ ur5e_2 from [ 1.70149258 -0.68927192  1.33746006  4.0724013  -1.57076342  0.13057457] to [1.7020308155395312, -0.9051221108733685, 1.1810227160548572, 4.43648697631541, -1.5707962110650975, 0.1312344778075444]
2025-03-25 16:00:31 - root - INFO - MovingJ ur5e_2 from [ 1.70149258 -0.68927192  1.33746006  4.0724013  -1.57076342  0.13057457] to [1.7020308155395312, -0.9051221108733685, 1.1810227160548572, 4.43648697631541, -1.5707962110650975, 0.1312344778075444]
2025-03-25 16:00:34 - root - WARNING - Movement for ur5e_2 timed out before reaching the target joints.
2025-03-25 16:00:34 - root - INFO - pick up block at (-0.805, -0.615) start_height 0.19
2025-03-25 16:00:34 - root - INFO - Planning and moving to xyz facing down ur5e_2 from [ 1.70202988 -0.90000129  1.18291868  4.43693888 -1.57079613  0.13123292] to [1.4460608523775673, -0.8759346868930429, 1.4380216497328748, 4.150300792052731, -1.5707962182408817, -0.12473552434966666] target: [-0.805, -0.615, 0.19]
2025-03-25 16:00:34 - root - INFO - Planning and movingJ ur5e_2 from [ 1.70202988 -0.90000129  1.18291868  4.43693888 -1.57079613  0.13123292] to [1.4460608523775673, -0.8759346868930429, 1.4380216497328748, 4.150300792052731, -1.5707962182408817, -0.12473552434966666]
2025-03-25 16:00:34 - root - INFO - MovingJ ur5e_2 from [ 1.70202988 -0.90000129  1.18291868  4.43693888 -1.57079613  0.13123292] to [1.4460608523775673, -0.8759346868930429, 1.4380216497328748, 4.150300792052731, -1.5707962182408817, -0.12473552434966666]
2025-03-25 16:00:34 - root - INFO - MovingL ur5e_2 from [-0.82324451 -0.6118941   0.19586177] to [-0.805 -0.615  0.09 ]
2025-03-25 16:00:39 - root - WARNING - Linear movement for ur5e_2 completed, but target not reached within tolerance after 400 attempts
2025-03-25 16:00:40 - root - INFO - MovingJ ur5e_2 from [ 1.44612744 -0.73545988  1.4731594   3.95906032 -1.57087673 -0.12473333] to [ 1.47223135 -0.87337522  1.41344963  4.18031366 -1.57080549 -0.09842452]
2025-03-25 16:00:40 - root - INFO - Planning and moving to xyz facing down ur5e_2 from [ 1.46042319 -0.80706933  1.44145425  4.08149438 -1.57092184 -0.11022025] to [1.4609629663928514, -0.977183972022202, 1.301201192380322, 4.388371109642751, -1.5707962714247015, -0.10983337083819601] target: [-0.81504123 -0.61023843  0.3       ]
2025-03-25 16:00:40 - root - INFO - Planning and movingJ ur5e_2 from [ 1.46042319 -0.80706933  1.44145425  4.08149438 -1.57092184 -0.11022025] to [1.4609629663928514, -0.977183972022202, 1.301201192380322, 4.388371109642751, -1.5707962714247015, -0.10983337083819601]
2025-03-25 16:00:40 - root - INFO - MovingJ ur5e_2 from [ 1.46042319 -0.80706933  1.44145425  4.08149438 -1.57092184 -0.11022025] to [1.4609629663928514, -0.977183972022202, 1.301201192380322, 4.388371109642751, -1.5707962714247015, -0.10983337083819601]
2025-03-25 16:00:44 - root - WARNING - Movement for ur5e_2 timed out before reaching the target joints.
2025-03-25 16:00:44 - root - INFO - put down block at (-0.615, -0.615) start_height 0.11977142924485291
2025-03-25 16:00:44 - root - INFO - Planning and moving to xyz facing down ur5e_2 from [ 1.46095807 -0.9735509   1.30230857  4.38820479 -1.57079696 -0.10983488] to [1.1865397289080621, -0.753510403334732, 1.4235873828525556, 4.042309805301412, -1.5707961436367541, -0.38425660424570046] target: [-0.615, -0.615, 0.11977142924485291]
2025-03-25 16:00:44 - root - INFO - Planning and movingJ ur5e_2 from [ 1.46095807 -0.9735509   1.30230857  4.38820479 -1.57079696 -0.10983488] to [1.1865397289080621, -0.753510403334732, 1.4235873828525556, 4.042309805301412, -1.5707961436367541, -0.38425660424570046]
2025-03-25 16:00:44 - root - INFO - MovingJ ur5e_2 from [ 1.46095807 -0.9735509   1.30230857  4.38820479 -1.57079696 -0.10983488] to [1.1865397289080621, -0.753510403334732, 1.4235873828525556, 4.042309805301412, -1.5707961436367541, -0.38425660424570046]
2025-03-25 16:00:45 - root - INFO - MovingL ur5e_2 from [-0.63193884 -0.61057931  0.13211854] to [-0.615      -0.615       0.06977143]
2025-03-25 16:00:46 - root - INFO - MovingJ ur5e_2 from [ 1.18871751 -0.66922527  1.43244534  3.96752575 -1.570729   -0.38214964] to [ 1.21068506 -0.76907142  1.41369229  4.07121291 -1.57022112 -0.36102625]
2025-03-25 16:00:46 - root - INFO - Planning and moving to xyz facing down ur5e_2 from [ 1.18870872 -0.67025133  1.43305228  3.97117552 -1.570729   -0.38214964] to [1.1892702323423525, -0.9657248700090857, 1.282369407738674, 4.395742454370606, -1.5707961640583592, -0.3815261058321995] target: [-0.61802765 -0.6172864   0.3       ]
2025-03-25 16:00:46 - root - INFO - Planning and movingJ ur5e_2 from [ 1.18870872 -0.67025133  1.43305228  3.97117552 -1.570729   -0.38214964] to [1.1892702323423525, -0.9657248700090857, 1.282369407738674, 4.395742454370606, -1.5707961640583592, -0.3815261058321995]
2025-03-25 16:00:46 - root - INFO - MovingJ ur5e_2 from [ 1.18870872 -0.67025133  1.43305228  3.97117552 -1.570729   -0.38214964] to [1.1892702323423525, -0.9657248700090857, 1.282369407738674, 4.395742454370606, -1.5707961640583592, -0.3815261058321995]
2025-03-25 16:00:49 - root - WARNING - Movement for ur5e_2 timed out before reaching the target joints.
2025-03-25 16:00:49 - root - INFO - pick up block at (-0.995, -0.615) start_height 0.19
2025-03-25 16:00:49 - root - INFO - Planning and moving to xyz facing down ur5e_2 from [ 1.1892697  -0.96089165  1.28422486  4.39622987 -1.57079607 -0.38152699] to [1.7098824440329663, -0.7995748254822407, 1.2974994886692808, 4.214463896513564, -1.5707962889495937, 0.13908611202665394] target: [-0.995, -0.615, 0.19]
2025-03-25 16:00:49 - root - INFO - Planning and movingJ ur5e_2 from [ 1.1892697  -0.96089165  1.28422486  4.39622987 -1.57079607 -0.38152699] to [1.7098824440329663, -0.7995748254822407, 1.2974994886692808, 4.214463896513564, -1.5707962889495937, 0.13908611202665394]
2025-03-25 16:00:49 - root - INFO - MovingJ ur5e_2 from [ 1.1892697  -0.96089165  1.28422486  4.39622987 -1.57079607 -0.38152699] to [1.7098824440329663, -0.7995748254822407, 1.2974994886692808, 4.214463896513564, -1.5707962889495937, 0.13908611202665394]
2025-03-25 16:00:51 - root - INFO - MovingL ur5e_2 from [-0.97374287 -0.60984812  0.1913512 ] to [-0.995 -0.615  0.09 ]
2025-03-25 16:00:55 - root - WARNING - Linear movement for ur5e_2 completed, but target not reached within tolerance after 400 attempts
2025-03-25 16:00:56 - root - INFO - MovingJ ur5e_2 from [ 1.70994548 -0.66571722  1.33514425  4.03312466 -1.57084258  0.13908709] to [ 1.68051016 -0.80346605  1.29850173  4.22535063 -1.57078101  0.10949274]
2025-03-25 16:00:56 - root - INFO - Planning and moving to xyz facing down ur5e_2 from [ 1.69549848 -0.72868446  1.31847507  4.12813564 -1.57082952  0.12452984] to [1.6960264265727434, -0.8986312753937412, 1.1699997667085371, 4.441019574807446, -1.5707962500093642, 0.12523008968757351] target: [-0.98528171 -0.61013962  0.3       ]
2025-03-25 16:00:56 - root - INFO - Planning and movingJ ur5e_2 from [ 1.69549848 -0.72868446  1.31847507  4.12813564 -1.57082952  0.12452984] to [1.6960264265727434, -0.8986312753937412, 1.1699997667085371, 4.441019574807446, -1.5707962500093642, 0.12523008968757351]
2025-03-25 16:00:56 - root - INFO - MovingJ ur5e_2 from [ 1.69549848 -0.72868446  1.31847507  4.12813564 -1.57082952  0.12452984] to [1.6960264265727434, -0.8986312753937412, 1.1699997667085371, 4.441019574807446, -1.5707962500093642, 0.12523008968757351]
2025-03-25 16:00:59 - root - WARNING - Movement for ur5e_2 timed out before reaching the target joints.
2025-03-25 16:00:59 - root - INFO - put down block at (-0.615, -0.615) start_height 0.15
2025-03-25 16:00:59 - root - INFO - Planning and moving to xyz facing down ur5e_2 from [ 1.69602401 -0.89376987  1.17172594  4.44128266 -1.57079641  0.12522749] to [1.1865417752300533, -0.7966375282558693, 1.4121255860830673, 4.096900503438604, -1.5707962869066887, -0.3842545611767016] target: [-0.615, -0.615, 0.15]
2025-03-25 16:00:59 - root - INFO - Planning and movingJ ur5e_2 from [ 1.69602401 -0.89376987  1.17172594  4.44128266 -1.57079641  0.12522749] to [1.1865417752300533, -0.7966375282558693, 1.4121255860830673, 4.096900503438604, -1.5707962869066887, -0.3842545611767016]
2025-03-25 16:00:59 - root - INFO - MovingJ ur5e_2 from [ 1.69602401 -0.89376987  1.17172594  4.44128266 -1.57079641  0.12522749] to [1.1865417752300533, -0.7966375282558693, 1.4121255860830673, 4.096900503438604, -1.5707962869066887, -0.3842545611767016]
2025-03-25 16:01:00 - root - INFO - MovingL ur5e_2 from [-0.63550488 -0.60908986  0.15381543] to [-0.615      -0.615       0.08978449]
2025-03-25 16:01:01 - root - INFO - MovingJ ur5e_2 from [ 1.18940863 -0.7103112   1.42605534  3.99818973 -1.57077624 -0.38143227] to [ 1.2161122  -0.79739671  1.39957618  4.11716583 -1.57061749 -0.35479836]
2025-03-25 16:01:02 - root - INFO - Planning and moving to xyz facing down ur5e_2 from [ 1.19367119 -0.72258493  1.42189685  4.01755866 -1.5708359  -0.37703515] to [1.1942153966148623, -0.9561747908118207, 1.2665859931442132, 4.401976461222679, -1.5707962179180635, -0.3765809426752205] target: [-0.62005363 -0.61280086  0.3       ]
2025-03-25 16:01:02 - root - INFO - Planning and movingJ ur5e_2 from [ 1.19367119 -0.72258493  1.42189685  4.01755866 -1.5708359  -0.37703515] to [1.1942153966148623, -0.9561747908118207, 1.2665859931442132, 4.401976461222679, -1.5707962179180635, -0.3765809426752205]
2025-03-25 16:01:02 - root - INFO - MovingJ ur5e_2 from [ 1.19367119 -0.72258493  1.42189685  4.01755866 -1.5708359  -0.37703515] to [1.1942153966148623, -0.9561747908118207, 1.2665859931442132, 4.401976461222679, -1.5707962179180635, -0.3765809426752205]
2025-03-25 16:01:05 - root - WARNING - Movement for ur5e_2 timed out before reaching the target joints.
2025-03-25 16:01:05 - root - INFO - pick up block at (-0.805, -0.615) start_height 0.15
2025-03-25 16:01:05 - root - INFO - Planning and moving to xyz facing down ur5e_2 from [ 1.19421464 -0.95129178  1.26845513  4.40244528 -1.57079629 -0.37658182] to [1.4460608705343956, -0.822345242624416, 1.4615720084101504, 4.073160682008732, -1.5707962077131359, -0.12473541548727379] target: [-0.805, -0.615, 0.15]
2025-03-25 16:01:05 - root - INFO - Planning and movingJ ur5e_2 from [ 1.19421464 -0.95129178  1.26845513  4.40244528 -1.57079629 -0.37658182] to [1.4460608705343956, -0.822345242624416, 1.4615720084101504, 4.073160682008732, -1.5707962077131359, -0.12473541548727379]
2025-03-25 16:01:05 - root - INFO - MovingJ ur5e_2 from [ 1.19421464 -0.95129178  1.26845513  4.40244528 -1.57079629 -0.37658182] to [1.4460608705343956, -0.822345242624416, 1.4615720084101504, 4.073160682008732, -1.5707962077131359, -0.12473541548727379]
2025-03-25 16:01:06 - root - INFO - MovingL ur5e_2 from [-0.78923206 -0.61204517  0.15762249] to [-0.805 -0.615  0.05 ]
2025-03-25 16:01:10 - root - WARNING - Linear movement for ur5e_2 completed, but target not reached within tolerance after 400 attempts
2025-03-25 16:01:11 - root - INFO - MovingJ ur5e_2 from [ 1.44614574 -0.67156608  1.47140912  3.8923943  -1.57083199 -0.12473685] to [ 1.4244643  -0.82837101  1.44656068  4.10211435 -1.57078739 -0.1464513 ]
2025-03-25 16:01:11 - root - INFO - Planning and moving to xyz facing down ur5e_2 from [ 1.44611776 -0.75112691  1.4723328   4.00448345 -1.5708322  -0.12473685] to [1.4466739744091413, -0.9901356381292403, 1.322367547584114, 4.380155890216389, -1.570796228696764, -0.12412236580825098] target: [-0.80544734 -0.61510089  0.3       ]
2025-03-25 16:01:11 - root - INFO - Planning and movingJ ur5e_2 from [ 1.44611776 -0.75112691  1.4723328   4.00448345 -1.5708322  -0.12473685] to [1.4466739744091413, -0.9901356381292403, 1.322367547584114, 4.380155890216389, -1.570796228696764, -0.12412236580825098]
2025-03-25 16:01:11 - root - INFO - MovingJ ur5e_2 from [ 1.44611776 -0.75112691  1.4723328   4.00448345 -1.5708322  -0.12473685] to [1.4466739744091413, -0.9901356381292403, 1.322367547584114, 4.380155890216389, -1.570796228696764, -0.12412236580825098]
2025-03-25 16:01:14 - root - INFO - put down block at (-0.995, -0.615) start_height 0.15
2025-03-25 16:01:14 - root - INFO - Planning and moving to xyz facing down ur5e_2 from [ 1.44664841 -0.98713719  1.32302501  4.37828527 -1.57079889 -0.12414133] to [1.7098809639140238, -0.7499241059604715, 1.321719599311981, 4.140591807233587, -1.5707961797858754, 0.13908462695180543] target: [-0.995, -0.615, 0.15]
2025-03-25 16:01:14 - root - INFO - Planning and movingJ ur5e_2 from [ 1.44664841 -0.98713719  1.32302501  4.37828527 -1.57079889 -0.12414133] to [1.7098809639140238, -0.7499241059604715, 1.321719599311981, 4.140591807233587, -1.5707961797858754, 0.13908462695180543]
2025-03-25 16:01:14 - root - INFO - MovingJ ur5e_2 from [ 1.44664841 -0.98713719  1.32302501  4.37828527 -1.57079889 -0.12414133] to [1.7098809639140238, -0.7499241059604715, 1.321719599311981, 4.140591807233587, -1.5707961797858754, 0.13908462695180543]
2025-03-25 16:01:14 - root - INFO - MovingL ur5e_2 from [-0.97369497 -0.60999759  0.1658825 ] to [-0.995      -0.615       0.08978449]
2025-03-25 16:01:16 - root - INFO - MovingJ ur5e_2 from [ 1.70852252 -0.67207245  1.33381916  4.03837975 -1.57101172  0.13762428] to [ 1.68066107 -0.77382799  1.32073254  4.1629023  -1.57221497  0.1123625 ]
2025-03-25 16:01:16 - root - INFO - Planning and moving to xyz facing down ur5e_2 from [ 1.70304146 -0.68932829  1.33452238  4.06342475 -1.57096174  0.13256273] to [1.7035515673801065, -0.9004919558167556, 1.173164522471753, 4.439715005930312, -1.5707962104033815, 0.13275522980062834] target: [-0.99059288 -0.61260305  0.3       ]
2025-03-25 16:01:16 - root - INFO - Planning and movingJ ur5e_2 from [ 1.70304146 -0.68932829  1.33452238  4.06342475 -1.57096174  0.13256273] to [1.7035515673801065, -0.9004919558167556, 1.173164522471753, 4.439715005930312, -1.5707962104033815, 0.13275522980062834]
2025-03-25 16:01:16 - root - INFO - MovingJ ur5e_2 from [ 1.70304146 -0.68932829  1.33452238  4.06342475 -1.57096174  0.13256273] to [1.7035515673801065, -0.9004919558167556, 1.173164522471753, 4.439715005930312, -1.5707962104033815, 0.13275522980062834]
2025-03-25 16:01:19 - root - WARNING - Movement for ur5e_2 timed out before reaching the target joints.
2025-03-25 16:01:19 - root - INFO - pick up block at (-0.615, -0.615) start_height 0.19
2025-03-25 16:01:19 - root - INFO - Planning and moving to xyz facing down ur5e_2 from [ 1.70355077 -0.89535826  1.17505857  4.4401753  -1.57079656  0.13275482] to [1.1865418148138704, -0.848785385495894, 1.388407447927599, 4.172766518257714, -1.5707962897611683, -0.3842545220677286] target: [-0.615, -0.615, 0.19]
2025-03-25 16:01:19 - root - INFO - Planning and movingJ ur5e_2 from [ 1.70355077 -0.89535826  1.17505857  4.4401753  -1.57079656  0.13275482] to [1.1865418148138704, -0.848785385495894, 1.388407447927599, 4.172766518257714, -1.5707962897611683, -0.3842545220677286]
2025-03-25 16:01:19 - root - INFO - MovingJ ur5e_2 from [ 1.70355077 -0.89535826  1.17505857  4.4401753  -1.57079656  0.13275482] to [1.1865418148138704, -0.848785385495894, 1.388407447927599, 4.172766518257714, -1.5707962897611683, -0.3842545220677286]
2025-03-25 16:01:20 - root - INFO - MovingL ur5e_2 from [-0.63569294 -0.60947331  0.19125543] to [-0.615 -0.615  0.09 ]
2025-03-25 16:01:22 - root - INFO - MovingJ ur5e_2 from [ 1.18741326 -0.70920696  1.42636286  3.99124877 -1.57069673 -0.38354039] to [ 1.21619909 -0.84626581  1.37774487  4.18877775 -1.57081102 -0.35436307]
2025-03-25 16:01:23 - root - INFO - Planning and moving to xyz facing down ur5e_2 from [ 1.20179988 -0.77332801  1.40327945  4.09083028 -1.57070907 -0.36889847] to [1.2023610144290242, -0.9521517235905288, 1.2599142212533023, 4.404625698427537, -1.5707962606021257, -0.368435323147118] target: [-0.62528448 -0.61009096  0.3       ]
2025-03-25 16:01:23 - root - INFO - Planning and movingJ ur5e_2 from [ 1.20179988 -0.77332801  1.40327945  4.09083028 -1.57070907 -0.36889847] to [1.2023610144290242, -0.9521517235905288, 1.2599142212533023, 4.404625698427537, -1.5707962606021257, -0.368435323147118]
2025-03-25 16:01:23 - root - INFO - MovingJ ur5e_2 from [ 1.20179988 -0.77332801  1.40327945  4.09083028 -1.57070907 -0.36889847] to [1.2023610144290242, -0.9521517235905288, 1.2599142212533023, 4.404625698427537, -1.5707962606021257, -0.368435323147118]
2025-03-25 16:01:25 - root - WARNING - Movement for ur5e_2 timed out before reaching the target joints.
2025-03-25 16:01:25 - root - INFO - put down block at (-0.805, -0.615) start_height 0.11966974692516692
2025-03-25 16:01:25 - root - INFO - Planning and moving to xyz facing down ur5e_2 from [ 1.20235861 -0.94752144  1.26161699  4.40489719 -1.57079599 -0.36843695] to [1.4460604356611704, -0.7779518622698334, 1.4729646286652864, 4.017374284084111, -1.5707961778593376, -0.12473583797276823] target: [-0.805, -0.615, 0.11966974692516692]
2025-03-25 16:01:25 - root - INFO - Planning and movingJ ur5e_2 from [ 1.20235861 -0.94752144  1.26161699  4.40489719 -1.57079599 -0.36843695] to [1.4460604356611704, -0.7779518622698334, 1.4729646286652864, 4.017374284084111, -1.5707961778593376, -0.12473583797276823]
2025-03-25 16:01:25 - root - INFO - MovingJ ur5e_2 from [ 1.20235861 -0.94752144  1.26161699  4.40489719 -1.57079599 -0.36843695] to [1.4460604356611704, -0.7779518622698334, 1.4729646286652864, 4.017374284084111, -1.5707961778593376, -0.12473583797276823]
2025-03-25 16:01:26 - root - INFO - MovingL ur5e_2 from [-0.79149952 -0.61180871  0.12826648] to [-0.805      -0.615       0.06966975]
2025-03-25 16:01:28 - root - INFO - MovingJ ur5e_2 from [ 1.4440492  -0.69138691  1.48213041  3.94408409 -1.57081016 -0.12673376] to [ 1.42770662 -0.78594447  1.45840442  4.04666062 -1.57090627 -0.1429767 ]
2025-03-25 16:01:28 - root - INFO - Planning and moving to xyz facing down ur5e_2 from [ 1.44404193 -0.69164825  1.48267117  3.94678616 -1.57081016 -0.12673376] to [1.4446031048023125, -0.9977330128116437, 1.3347214407464931, 4.375398678834575, -1.5707961729309372, -0.12619323506188318] target: [-0.80438469 -0.61829786  0.3       ]
2025-03-25 16:01:28 - root - INFO - Planning and movingJ ur5e_2 from [ 1.44404193 -0.69164825  1.48267117  3.94678616 -1.57081016 -0.12673376] to [1.4446031048023125, -0.9977330128116437, 1.3347214407464931, 4.375398678834575, -1.5707961729309372, -0.12619323506188318]
2025-03-25 16:01:28 - root - INFO - MovingJ ur5e_2 from [ 1.44404193 -0.69164825  1.48267117  3.94678616 -1.57081016 -0.12673376] to [1.4446031048023125, -0.9977330128116437, 1.3347214407464931, 4.375398678834575, -1.5707961729309372, -0.12619323506188318]
2025-03-25 16:01:31 - root - WARNING - Movement for ur5e_2 timed out before reaching the target joints.
2025-03-25 16:01:31 - root - INFO - pick up block at (-0.615, -0.615) start_height 0.15
2025-03-25 16:01:31 - root - INFO - Planning and moving to xyz facing down ur5e_2 from [ 1.44460259 -0.99304755  1.33656486  4.37588557 -1.57079619 -0.126194  ] to [1.1865405552060702, -0.7966461111851587, 1.412145322432256, 4.0968882542612866, -1.570796201556924, -0.38425577250405063] target: [-0.615, -0.615, 0.15]
2025-03-25 16:01:31 - root - INFO - Planning and movingJ ur5e_2 from [ 1.44460259 -0.99304755  1.33656486  4.37588557 -1.57079619 -0.126194  ] to [1.1865405552060702, -0.7966461111851587, 1.412145322432256, 4.0968882542612866, -1.570796201556924, -0.38425577250405063]
2025-03-25 16:01:31 - root - INFO - MovingJ ur5e_2 from [ 1.44460259 -0.99304755  1.33656486  4.37588557 -1.57079619 -0.126194  ] to [1.1865405552060702, -0.7966461111851587, 1.412145322432256, 4.0968882542612866, -1.570796201556924, -0.38425577250405063]
