2025-03-18 19:24:47 - root - INFO - Logging setup complete for Hanoi_sim
2025-03-18 19:24:47 - root - INFO - pick up block at (-0.7, -0.6) start_height 0.15
2025-03-18 19:24:47 - root - INFO - Planning and moving to xyz facing down ur5e_2 from [-1.56417438e+00 -1.56694744e+00 -4.97276278e-04 -1.56588207e+00
  1.05265287e-05 -1.99549302e-06] to [-1.4693721088487646, -2.3507231537006934, 4.882184332768503, -0.9606643463979259, 1.5707962847785588, 0.10142422428279105] target: [-0.7, -0.6, 0.15]
2025-03-18 19:24:47 - root - INFO - Planning and movingJ ur5e_2 from [-1.56417438e+00 -1.56694744e+00 -4.97276278e-04 -1.56588207e+00
  1.05265287e-05 -1.99549302e-06] to [-1.4693721088487646, -2.3507231537006934, -1.4010009744110832, -0.9606643463979259, 1.5707962847785588, 0.10142422428279105]
2025-03-18 19:24:47 - root - INFO - MovingJ ur5e_2 from [-1.56417438e+00 -1.56694744e+00 -4.97276278e-04 -1.56588207e+00
  1.05265287e-05 -1.99549302e-06] to [-1.4693721088487646, -2.3507231537006934, -1.4010009744110832, -0.9606643463979259, 1.5707962847785588, 0.10142422428279105]
2025-03-18 19:24:49 - root - INFO - MovingL ur5e_2 from [-0.69656178 -0.59323619  0.16553897] to [-0.7  -0.6   0.05]
2025-03-18 19:24:54 - root - WARNING - Linear movement for ur5e_2 completed, but target not reached within tolerance after 400 attempts
2025-03-18 19:24:54 - root - INFO - MovingJ ur5e_2 from [-1.4694446  -2.50211118 -1.4132395  -0.78563349  1.57083294  0.10142317] to [-1.47106114 -2.34182502 -1.37694071 -0.97245847  1.54188258  0.0995551 ]
2025-03-18 19:24:55 - root - INFO - put down block at (-0.6, -0.6) start_height 0.1194121743151413
2025-03-18 19:24:55 - root - INFO - Planning and moving to xyz facing down ur5e_2 from [-1.46942446 -2.43177503 -1.39750212 -0.87363814  1.55727116  0.10142316] to [-1.6068159114963012, -2.4229284737470227, -1.35466665341185, -0.9347901601361773, 1.570796123063005, -0.03601940766123452] target: [-0.6, -0.6, 0.1194121743151413]
2025-03-18 19:24:55 - root - INFO - Planning and movingJ ur5e_2 from [-1.46942446 -2.43177503 -1.39750212 -0.87363814  1.55727116  0.10142316] to [-1.6068159114963012, -2.4229284737470227, -1.35466665341185, -0.9347901601361773, 1.570796123063005, -0.03601940766123452]
2025-03-18 19:24:55 - root - INFO - MovingJ ur5e_2 from [-1.46942446 -2.43177503 -1.39750212 -0.87363814  1.55727116  0.10142316] to [-1.6068159114963012, -2.4229284737470227, -1.35466665341185, -0.9347901601361773, 1.570796123063005, -0.03601940766123452]
2025-03-18 19:24:55 - root - INFO - MovingL ur5e_2 from [-0.62110155 -0.59824654  0.11157443] to [-0.6        -0.6         0.06941217]
2025-03-18 19:24:56 - root - INFO - MovingJ ur5e_2 from [-1.60332619 -2.50721288 -1.3664184  -0.86199313  1.57060212 -0.03253279] to [-1.57765183 -2.42950012 -1.36497764 -0.9222667   1.56803756 -0.00696911]
2025-03-18 19:24:56 - root - INFO - pick up block at (-0.7, -0.9) start_height 0.15
2025-03-18 19:24:56 - root - INFO - Planning and moving to xyz facing down ur5e_2 from [-1.60332619 -2.50748906 -1.36649067 -0.86201974  1.57060212 -0.03253279] to [-1.3966178725189173, -1.826002818929397, -2.333557656258376, -0.5528268967679004, 1.5707957458399204, 0.1741790937290551] target: [-0.7, -0.9, 0.15]
2025-03-18 19:24:56 - root - INFO - Planning and movingJ ur5e_2 from [-1.60332619 -2.50748906 -1.36649067 -0.86201974  1.57060212 -0.03253279] to [-1.3966178725189173, -1.826002818929397, -2.333557656258376, -0.5528268967679004, 1.5707957458399204, 0.1741790937290551]
2025-03-18 19:24:56 - root - INFO - MovingJ ur5e_2 from [-1.60332619 -2.50748906 -1.36649067 -0.86201974  1.57060212 -0.03253279] to [-1.3966178725189173, -1.826002818929397, -2.333557656258376, -0.5528268967679004, 1.5707957458399204, 0.1741790937290551]
2025-03-18 19:24:58 - root - INFO - MovingL ur5e_2 from [-0.69906603 -0.88963151  0.14785831] to [-0.7  -0.9   0.05]
2025-03-18 19:25:00 - root - INFO - MovingJ ur5e_2 from [-1.39670367 -2.12524869 -2.35291565 -0.22855254  1.57087362  0.17401432] to [-1.4030385  -1.84983641 -2.30471504 -0.56292151  1.57075816  0.16779535]
2025-03-18 19:25:01 - root - INFO - put down block at (-0.6, -0.6) start_height 0.18
2025-03-18 19:25:01 - root - INFO - Planning and moving to xyz facing down ur5e_2 from [-1.39677014 -1.93250845 -2.31954781 -0.46730015  1.57087456  0.17401417] to [-1.606820404974343, -2.342523552660555, -1.325805499396396, -1.0440596122577706, 1.5707962953979384, -0.03602406635938043] target: [-0.6, -0.6, 0.18]
2025-03-18 19:25:01 - root - INFO - Planning and movingJ ur5e_2 from [-1.39677014 -1.93250845 -2.31954781 -0.46730015  1.57087456  0.17401417] to [-1.606820404974343, -2.342523552660555, -1.325805499396396, -1.0440596122577706, 1.5707962953979384, -0.03602406635938043]
2025-03-18 19:25:01 - root - INFO - MovingJ ur5e_2 from [-1.39677014 -1.93250845 -2.31954781 -0.46730015  1.57087456  0.17401417] to [-1.606820404974343, -2.342523552660555, -1.325805499396396, -1.0440596122577706, 1.5707962953979384, -0.03602406635938043]
2025-03-18 19:25:02 - root - INFO - MovingL ur5e_2 from [-0.60443376 -0.6063318   0.17340494] to [-0.6        -0.6         0.08978449]
2025-03-18 19:25:03 - root - INFO - MovingJ ur5e_2 from [-1.60630162 -2.47330015 -1.36639282 -0.89761418  1.57079601 -0.03551193] to [-1.60105265 -2.33629046 -1.35487298 -1.02872259  1.57080797 -0.03024483]
2025-03-18 19:25:04 - root - INFO - pick up block at (-0.7, -0.9) start_height 0.3
2025-03-18 19:25:04 - root - INFO - Planning and moving to xyz facing down ur5e_2 from [-1.60627654 -2.43323538 -1.367626   -0.94055967  1.57079603 -0.03551193] to [-1.3966333372926134, -1.509491777340211, -2.157666963452581, -1.0452293673188051, 1.5707962916481755, 0.17416293596296784] target: [-0.7, -0.9, 0.3]
2025-03-18 19:25:04 - root - INFO - Planning and movingJ ur5e_2 from [-1.60627654 -2.43323538 -1.367626   -0.94055967  1.57079603 -0.03551193] to [-1.3966333372926134, -1.509491777340211, -2.157666963452581, -1.0452293673188051, 1.5707962916481755, 0.17416293596296784]
2025-03-18 19:25:04 - root - INFO - MovingJ ur5e_2 from [-1.60627654 -2.43323538 -1.367626   -0.94055967  1.57079603 -0.03551193] to [-1.3966333372926134, -1.509491777340211, -2.157666963452581, -1.0452293673188051, 1.5707962916481755, 0.17416293596296784]
2025-03-18 19:25:05 - root - INFO - MovingL ur5e_2 from [-0.69903454 -0.88986022  0.29761278] to [-0.7 -0.9  0.2]
