2025-03-18 21:36:01 - root - INFO - Logging setup complete for Hanoi_sim
2025-03-18 21:36:01 - root - INFO - pick up block at (-0.995, -0.615) start_height 0.275
2025-03-18 21:36:01 - root - INFO - Planning and moving to xyz facing down ur5e_2 from [-1.56417438e+00 -1.56694744e+00 -4.97276278e-04 -1.56588207e+00
  1.05265287e-05 -1.99549302e-06] to [1.7098816476331116, -0.8840269672445503, 1.211701866593538, 4.384712899202646, -1.5707963297737009, 0.1390853237066986] target: [-0.995, -0.615, 0.275]
2025-03-18 21:36:01 - root - INFO - Planning and movingJ ur5e_2 from [-1.56417438e+00 -1.56694744e+00 -4.97276278e-04 -1.56588207e+00
  1.05265287e-05 -1.99549302e-06] to [1.7098816476331116, -0.8840269672445503, 1.211701866593538, 4.384712899202646, -1.5707963297737009, 0.1390853237066986]
2025-03-18 21:36:01 - root - INFO - MovingJ ur5e_2 from [-1.56417438e+00 -1.56694744e+00 -4.97276278e-04 -1.56588207e+00
  1.05265287e-05 -1.99549302e-06] to [1.7098816476331116, -0.8840269672445503, 1.211701866593538, 4.384712899202646, -1.5707963297737009, 0.1390853237066986]
2025-03-18 21:36:05 - root - INFO - MovingL ur5e_2 from [-0.98467891 -0.60745996  0.2785811 ] to [-0.995 -0.615  0.175]
2025-03-18 21:36:07 - root - INFO - MovingJ ur5e_2 from [ 1.70865446 -0.77812569  1.30349235  4.20124125 -1.57072341  0.13799864] to [ 1.69372675 -0.88222878  1.20754027  4.35563885 -1.56295463  0.13839151]
2025-03-18 21:36:07 - root - INFO - Planning and moving to xyz facing down ur5e_2 from [ 1.70863693 -0.81024458  1.27126732  4.25566079 -1.57072328  0.13799864] to [1.7091789000596236, -0.8994269141904541, 1.155297541261307, 4.4565180358127465, -1.5707962992672102, 0.13838256767830642] target: [-0.99491102 -0.61186072  0.30607837]
2025-03-18 21:36:07 - root - INFO - Planning and movingJ ur5e_2 from [ 1.70863693 -0.81024458  1.27126732  4.25566079 -1.57072328  0.13799864] to [1.7091789000596236, -0.8994269141904541, 1.155297541261307, 4.4565180358127465, -1.5707962992672102, 0.13838256767830642]
2025-03-18 21:36:07 - root - INFO - MovingJ ur5e_2 from [ 1.70863693 -0.81024458  1.27126732  4.25566079 -1.57072328  0.13799864] to [1.7091789000596236, -0.8994269141904541, 1.155297541261307, 4.4565180358127465, -1.5707962992672102, 0.13838256767830642]
2025-03-18 21:36:09 - root - WARNING - Movement for ur5e_2 timed out before reaching the target joints.
2025-03-18 21:36:09 - root - INFO - put down block at (-0.805, -0.615) start_height 0.155
2025-03-18 21:36:09 - root - INFO - Planning and moving to xyz facing down ur5e_2 from [ 1.70917256 -0.89446917  1.15718398  4.45654439 -1.57079555  0.13837825] to [1.4460599876275522, -0.8293648401874596, 1.4591673931675062, 4.08258451881845, -1.5707961592017985, -0.1247364135518643] target: [-0.805, -0.615, 0.155]
2025-03-18 21:36:09 - root - INFO - Planning and movingJ ur5e_2 from [ 1.70917256 -0.89446917  1.15718398  4.45654439 -1.57079555  0.13837825] to [1.4460599876275522, -0.8293648401874596, 1.4591673931675062, 4.08258451881845, -1.5707961592017985, -0.1247364135518643]
2025-03-18 21:36:09 - root - INFO - MovingJ ur5e_2 from [ 1.70917256 -0.89446917  1.15718398  4.45654439 -1.57079555  0.13837825] to [1.4460599876275522, -0.8293648401874596, 1.4591673931675062, 4.08258451881845, -1.5707961592017985, -0.1247364135518643]
2025-03-18 21:36:10 - root - INFO - MovingL ur5e_2 from [-0.81896141 -0.61185332  0.16140487] to [-0.805      -0.615       0.06962104]
2025-03-18 21:36:12 - root - INFO - MovingJ ur5e_2 from [ 1.44757291 -0.69137075  1.48207377  3.94412514 -1.57078744 -0.12320816] to [ 1.46620253 -0.82962425  1.43746983  4.11140996 -1.57067584 -0.10468488]
2025-03-18 21:36:12 - root - INFO - Planning and moving to xyz facing down ur5e_2 from [ 1.44755341 -0.74375154  1.46494037  4.01340844 -1.57078746 -0.12320815] to [1.4481119670314524, -0.8857212928901511, 1.4266391095798767, 4.17146735075347, -1.5707960226765685, -0.1226843171692824] target: [-0.80632703 -0.61394696  0.1997228 ]
2025-03-18 21:36:12 - root - INFO - Planning and movingJ ur5e_2 from [ 1.44755341 -0.74375154  1.46494037  4.01340844 -1.57078746 -0.12320815] to [1.4481119670314524, -0.8857212928901511, 1.4266391095798767, 4.17146735075347, -1.5707960226765685, -0.1226843171692824]
2025-03-18 21:36:12 - root - INFO - MovingJ ur5e_2 from [ 1.44755341 -0.74375154  1.46494037  4.01340844 -1.57078746 -0.12320815] to [1.4481119670314524, -0.8857212928901511, 1.4266391095798767, 4.17146735075347, -1.5707960226765685, -0.1226843171692824]
2025-03-18 21:36:14 - root - WARNING - Movement for ur5e_2 timed out before reaching the target joints.
2025-03-18 21:36:14 - root - INFO - pick up block at (-0.995, -0.615) start_height 0.235
2025-03-18 21:36:14 - root - INFO - Planning and moving to xyz facing down ur5e_2 from [ 1.44810334 -0.8802507   1.42843967  4.17143056 -1.57079585 -0.12269408] to [1.7098817637594645, -0.8480836104262552, 1.2580612198355798, 4.302410349445074, -1.5707962370000754, 0.1390854258217443] target: [-0.995, -0.615, 0.235]
2025-03-18 21:36:14 - root - INFO - Planning and movingJ ur5e_2 from [ 1.44810334 -0.8802507   1.42843967  4.17143056 -1.57079585 -0.12269408] to [1.7098817637594645, -0.8480836104262552, 1.2580612198355798, 4.302410349445074, -1.5707962370000754, 0.1390854258217443]
2025-03-18 21:36:14 - root - INFO - MovingJ ur5e_2 from [ 1.44810334 -0.8802507   1.42843967  4.17143056 -1.57079585 -0.12269408] to [1.7098817637594645, -0.8480836104262552, 1.2580612198355798, 4.302410349445074, -1.5707962370000754, 0.1390854258217443]
2025-03-18 21:36:15 - root - INFO - MovingL ur5e_2 from [-0.97354976 -0.61234428  0.22587065] to [-0.995 -0.615  0.135]
2025-03-18 21:36:17 - root - INFO - MovingJ ur5e_2 from [ 1.70760784 -0.73034702  1.32714276  4.12401925 -1.57082327  0.13684124] to [ 1.68062137 -0.84673271  1.27891942  4.28822405 -1.57078661  0.10968668]
2025-03-18 21:36:17 - root - INFO - Planning and moving to xyz facing down ur5e_2 from [ 1.69660957 -0.77401213  1.30849112  4.19188211 -1.57077312  0.12567115] to [1.6971476226346562, -0.8808798943699911, 1.2224254558454235, 4.370843160689606, -1.5707963039424686, 0.12635129066445294] target: [-0.98578009 -0.61281758  0.26900987]
2025-03-18 21:36:17 - root - INFO - Planning and movingJ ur5e_2 from [ 1.69660957 -0.77401213  1.30849112  4.19188211 -1.57077312  0.12567115] to [1.6971476226346562, -0.8808798943699911, 1.2224254558454235, 4.370843160689606, -1.5707963039424686, 0.12635129066445294]
2025-03-18 21:36:17 - root - INFO - MovingJ ur5e_2 from [ 1.69660957 -0.77401213  1.30849112  4.19188211 -1.57077312  0.12567115] to [1.6971476226346562, -0.8808798943699911, 1.2224254558454235, 4.370843160689606, -1.5707963039424686, 0.12635129066445294]
2025-03-18 21:36:19 - root - WARNING - Movement for ur5e_2 timed out before reaching the target joints.
2025-03-18 21:36:19 - root - INFO - put down block at (-0.615, -0.615) start_height 0.155
2025-03-18 21:36:19 - root - INFO - Planning and moving to xyz facing down ur5e_2 from [ 1.69713687 -0.87668472  1.22370094  4.37036658 -1.57079639  0.12634143] to [1.1865418690771763, -0.8034718851669611, 1.4096964071342482, 4.106164109888986, -1.570796293564886, -0.3842544675106374] target: [-0.615, -0.615, 0.155]
2025-03-18 21:36:19 - root - INFO - Planning and movingJ ur5e_2 from [ 1.69713687 -0.87668472  1.22370094  4.37036658 -1.57079639  0.12634143] to [1.1865418690771763, -0.8034718851669611, 1.4096964071342482, 4.106164109888986, -1.570796293564886, -0.3842544675106374]
2025-03-18 21:36:19 - root - INFO - MovingJ ur5e_2 from [ 1.69713687 -0.87668472  1.22370094  4.37036658 -1.57079639  0.12634143] to [1.1865418690771763, -0.8034718851669611, 1.4096964071342482, 4.106164109888986, -1.570796293564886, -0.3842544675106374]
2025-03-18 21:36:20 - root - INFO - MovingL ur5e_2 from [-0.63541221 -0.60948122  0.15803507] to [-0.615      -0.615       0.06966975]
2025-03-18 21:36:22 - root - INFO - MovingJ ur5e_2 from [ 1.18847193 -0.66899011  1.43240755  3.96733623 -1.57074386 -0.3823743 ] to [ 1.21572736 -0.80401806  1.40007539  4.12049455 -1.57007656 -0.35618671]
2025-03-18 21:36:22 - root - INFO - Planning and moving to xyz facing down ur5e_2 from [ 1.19794526 -0.71177548  1.42229902  4.02134555 -1.57074601 -0.37321746] to [1.1985001202496375, -0.8528001930176535, 1.3868779932787618, 4.178307290282615, -1.5707960166038692, -0.3722961634511213] target: [-0.62361895 -0.61345955  0.1929978 ]
2025-03-18 21:36:22 - root - INFO - Planning and movingJ ur5e_2 from [ 1.19794526 -0.71177548  1.42229902  4.02134555 -1.57074601 -0.37321746] to [1.1985001202496375, -0.8528001930176535, 1.3868779932787618, 4.178307290282615, -1.5707960166038692, -0.3722961634511213]
2025-03-18 21:36:22 - root - INFO - MovingJ ur5e_2 from [ 1.19794526 -0.71177548  1.42229902  4.02134555 -1.57074601 -0.37321746] to [1.1985001202496375, -0.8528001930176535, 1.3868779932787618, 4.178307290282615, -1.5707960166038692, -0.3722961634511213]
2025-03-18 21:36:24 - root - WARNING - Movement for ur5e_2 timed out before reaching the target joints.
2025-03-18 21:36:24 - root - INFO - pick up block at (-0.805, -0.615) start_height 0.155
2025-03-18 21:36:24 - root - INFO - Planning and moving to xyz facing down ur5e_2 from [ 1.19849156 -0.84719767  1.38867405  4.17827449 -1.57079507 -0.37229953] to [1.4460617274303011, -0.8293555889236157, 1.459145602641032, 4.0825983497189995, -1.5707962691219852, -0.12473459885687622] target: [-0.805, -0.615, 0.155]
2025-03-18 21:36:24 - root - INFO - Planning and movingJ ur5e_2 from [ 1.19849156 -0.84719767  1.38867405  4.17827449 -1.57079507 -0.37229953] to [1.4460617274303011, -0.8293555889236157, 1.459145602641032, 4.0825983497189995, -1.5707962691219852, -0.12473459885687622]
2025-03-18 21:36:24 - root - INFO - MovingJ ur5e_2 from [ 1.19849156 -0.84719767  1.38867405  4.17827449 -1.57079507 -0.37229953] to [1.4460617274303011, -0.8293555889236157, 1.459145602641032, 4.0825983497189995, -1.5707962691219852, -0.12473459885687622]
2025-03-18 21:36:25 - root - INFO - MovingL ur5e_2 from [-0.78427506 -0.61303478  0.15458074] to [-0.805 -0.615  0.055]
2025-03-18 21:36:26 - root - INFO - MovingJ ur5e_2 from [ 1.44400189 -0.6750435   1.4796687   3.91709765 -1.57080604 -0.12673722] to [ 1.41730645 -0.82646978  1.45248302  4.09430123 -1.5707865  -0.15362819]
2025-03-18 21:36:27 - root - INFO - Planning and moving to xyz facing down ur5e_2 from [ 1.43243949 -0.73623852  1.46906826  3.994455   -1.57079487 -0.13840834] to [1.4329970334209876, -0.8797635416085967, 1.430949238214433, 4.161199410120753, -1.5707960180467067, -0.13779925004591825] target: [-0.79551769 -0.61346258  0.19467293]
2025-03-18 21:36:27 - root - INFO - Planning and movingJ ur5e_2 from [ 1.43243949 -0.73623852  1.46906826  3.994455   -1.57079487 -0.13840834] to [1.4329970334209876, -0.8797635416085967, 1.430949238214433, 4.161199410120753, -1.5707960180467067, -0.13779925004591825]
2025-03-18 21:36:27 - root - INFO - MovingJ ur5e_2 from [ 1.43243949 -0.73623852  1.46906826  3.994455   -1.57079487 -0.13840834] to [1.4329970334209876, -0.8797635416085967, 1.430949238214433, 4.161199410120753, -1.5707960180467067, -0.13779925004591825]
2025-03-18 21:36:29 - root - WARNING - Movement for ur5e_2 timed out before reaching the target joints.
2025-03-18 21:36:29 - root - INFO - put down block at (-0.615, -0.615) start_height 0.195
2025-03-18 21:36:29 - root - INFO - Planning and moving to xyz facing down ur5e_2 from [ 1.43298816 -0.87462229  1.43254787  4.16107182 -1.57079613 -0.13780953] to [1.1865415403495605, -0.8548861223665909, 1.3847535559404902, 4.182520913736878, -1.5707962717066541, -0.3842547946926578] target: [-0.615, -0.615, 0.195]
2025-03-18 21:36:29 - root - INFO - Planning and movingJ ur5e_2 from [ 1.43298816 -0.87462229  1.43254787  4.16107182 -1.57079613 -0.13780953] to [1.1865415403495605, -0.8548861223665909, 1.3847535559404902, 4.182520913736878, -1.5707962717066541, -0.3842547946926578]
2025-03-18 21:36:29 - root - INFO - MovingJ ur5e_2 from [ 1.43298816 -0.87462229  1.43254787  4.16107182 -1.57079613 -0.13780953] to [1.1865415403495605, -0.8548861223665909, 1.3847535559404902, 4.182520913736878, -1.5707962717066541, -0.3842547946926578]
2025-03-18 21:36:30 - root - INFO - MovingL ur5e_2 from [-0.63636109 -0.61284496  0.19047658] to [-0.615      -0.615       0.08978449]
2025-03-18 21:36:31 - root - INFO - MovingJ ur5e_2 from [ 1.18855065 -0.71112501  1.42740404  3.99815697 -1.57078994 -0.38228768] to [ 1.21541874 -0.85257042  1.39178405  4.18042756 -1.57066859 -0.35549188]
2025-03-18 21:36:32 - root - INFO - Planning and moving to xyz facing down ur5e_2 from [ 1.20078699 -0.7718632   1.41209752  4.08184441 -1.57080611 -0.37001617] to [1.2013323175931736, -0.8976274861745346, 1.3475676775987024, 4.262444556986986, -1.5707959880099711, -0.3694639632424716] target: [-0.62530126 -0.61217766  0.2342869 ]
2025-03-18 21:36:32 - root - INFO - Planning and movingJ ur5e_2 from [ 1.20078699 -0.7718632   1.41209752  4.08184441 -1.57080611 -0.37001617] to [1.2013323175931736, -0.8976274861745346, 1.3475676775987024, 4.262444556986986, -1.5707959880099711, -0.3694639632424716]
2025-03-18 21:36:32 - root - INFO - MovingJ ur5e_2 from [ 1.20078699 -0.7718632   1.41209752  4.08184441 -1.57080611 -0.37001617] to [1.2013323175931736, -0.8976274861745346, 1.3475676775987024, 4.262444556986986, -1.5707959880099711, -0.3694639632424716]
2025-03-18 21:36:34 - root - WARNING - Movement for ur5e_2 timed out before reaching the target joints.
2025-03-18 21:36:34 - root - INFO - pick up block at (-0.995, -0.615) start_height 0.195
2025-03-18 21:36:34 - root - INFO - Planning and moving to xyz facing down ur5e_2 from [ 1.2013257  -0.8923162   1.34947786  4.26251308 -1.57079613 -0.36947195] to [1.7098825615865165, -0.8053611860254535, 1.2937604542264733, 4.223989384573195, -1.5707962975835297, 0.1390862311668428] target: [-0.995, -0.615, 0.195]
2025-03-18 21:36:34 - root - INFO - Planning and movingJ ur5e_2 from [ 1.2013257  -0.8923162   1.34947786  4.26251308 -1.57079613 -0.36947195] to [1.7098825615865165, -0.8053611860254535, 1.2937604542264733, 4.223989384573195, -1.5707962975835297, 0.1390862311668428]
2025-03-18 21:36:34 - root - INFO - MovingJ ur5e_2 from [ 1.2013257  -0.8923162   1.34947786  4.26251308 -1.57079613 -0.36947195] to [1.7098825615865165, -0.8053611860254535, 1.2937604542264733, 4.223989384573195, -1.5707962975835297, 0.1390862311668428]
2025-03-18 21:36:35 - root - INFO - MovingL ur5e_2 from [-0.9738587  -0.610124    0.19236304] to [-0.995 -0.615  0.095]
2025-03-18 21:36:37 - root - INFO - MovingJ ur5e_2 from [ 1.70798741 -0.67511141  1.33706119  4.05267881 -1.57093164  0.13734029] to [ 1.68070687 -0.8051509   1.29871259  4.22676202 -1.57078123  0.1096834 ]
2025-03-18 21:36:37 - root - INFO - Planning and moving to xyz facing down ur5e_2 from [ 1.69598467 -0.72919974  1.32091198  4.13070282 -1.57083456  0.12497376] to [1.6965134152181292, -0.8480469447173923, 1.2537783457794454, 4.306657341488226, -1.5707963054521856, 0.12571708341300708] target: [-0.98550409 -0.611259    0.23651757]
2025-03-18 21:36:37 - root - INFO - Planning and movingJ ur5e_2 from [ 1.69598467 -0.72919974  1.32091198  4.13070282 -1.57083456  0.12497376] to [1.6965134152181292, -0.8480469447173923, 1.2537783457794454, 4.306657341488226, -1.5707963054521856, 0.12571708341300708]
2025-03-18 21:36:37 - root - INFO - MovingJ ur5e_2 from [ 1.69598467 -0.72919974  1.32091198  4.13070282 -1.57083456  0.12497376] to [1.6965134152181292, -0.8480469447173923, 1.2537783457794454, 4.306657341488226, -1.5707963054521856, 0.12571708341300708]
2025-03-18 21:36:39 - root - INFO - put down block at (-0.805, -0.615) start_height 0.155
2025-03-18 21:36:39 - root - INFO - Planning and moving to xyz facing down ur5e_2 from [ 1.69649611 -0.84504078  1.25415754  4.30528376 -1.57079827  0.12570094] to [1.4460612946852542, -0.8293573279006081, 1.4591496379914968, 4.082595823506389, -1.5707962470391241, -0.12473506827766716] target: [-0.805, -0.615, 0.155]
2025-03-18 21:36:39 - root - INFO - Planning and movingJ ur5e_2 from [ 1.69649611 -0.84504078  1.25415754  4.30528376 -1.57079827  0.12570094] to [1.4460612946852542, -0.8293573279006081, 1.4591496379914968, 4.082595823506389, -1.5707962470391241, -0.12473506827766716]
2025-03-18 21:36:39 - root - INFO - MovingJ ur5e_2 from [ 1.69649611 -0.84504078  1.25415754  4.30528376 -1.57079827  0.12570094] to [1.4460612946852542, -0.8293573279006081, 1.4591496379914968, 4.082595823506389, -1.5707962470391241, -0.12473506827766716]
2025-03-18 21:36:40 - root - INFO - MovingL ur5e_2 from [-0.82574178 -0.6113788   0.16280525] to [-0.805      -0.615       0.06973269]
2025-03-18 21:36:42 - root - INFO - MovingJ ur5e_2 from [ 1.44745053 -0.69308927  1.47931231  3.93727357 -1.57071109 -0.1234564 ] to [ 1.47561785 -0.82992022  1.43603248  4.10553722 -1.56944776 -0.09747772]
2025-03-18 21:36:42 - root - INFO - Planning and moving to xyz facing down ur5e_2 from [ 1.45931168 -0.74641014  1.4622419   4.00889297 -1.57071296 -0.11247217] to [1.4598793342157839, -0.8865159983327312, 1.4180399009710025, 4.18086113159563, -1.5707960109257315, -0.11091694996881023] target: [-0.81457031 -0.61293002  0.2031042 ]
2025-03-18 21:36:42 - root - INFO - Planning and movingJ ur5e_2 from [ 1.45931168 -0.74641014  1.4622419   4.00889297 -1.57071296 -0.11247217] to [1.4598793342157839, -0.8865159983327312, 1.4180399009710025, 4.18086113159563, -1.5707960109257315, -0.11091694996881023]
2025-03-18 21:36:42 - root - INFO - MovingJ ur5e_2 from [ 1.45931168 -0.74641014  1.4622419   4.00889297 -1.57071296 -0.11247217] to [1.4598793342157839, -0.8865159983327312, 1.4180399009710025, 4.18086113159563, -1.5707960109257315, -0.11091694996881023]
2025-03-18 21:36:44 - root - WARNING - Movement for ur5e_2 timed out before reaching the target joints.
2025-03-18 21:36:44 - root - INFO - pick up block at (-0.615, -0.615) start_height 0.195
2025-03-18 21:36:44 - root - INFO - Planning and moving to xyz facing down ur5e_2 from [ 1.45987178 -0.88113889  1.41984293  4.18088795 -1.57079467 -0.11092161] to [1.186541314409828, -0.8548877485981716, 1.3847571751203827, 4.182518728794743, -1.5707962560310444, -0.3842550210226405] target: [-0.615, -0.615, 0.195]
2025-03-18 21:36:44 - root - INFO - Planning and movingJ ur5e_2 from [ 1.45987178 -0.88113889  1.41984293  4.18088795 -1.57079467 -0.11092161] to [1.186541314409828, -0.8548877485981716, 1.3847571751203827, 4.182518728794743, -1.5707962560310444, -0.3842550210226405]
2025-03-18 21:36:44 - root - INFO - MovingJ ur5e_2 from [ 1.45987178 -0.88113889  1.41984293  4.18088795 -1.57079467 -0.11092161] to [1.186541314409828, -0.8548877485981716, 1.3847571751203827, 4.182518728794743, -1.5707962560310444, -0.3842550210226405]
2025-03-18 21:36:45 - root - INFO - MovingL ur5e_2 from [-0.63595938 -0.61261057  0.19108183] to [-0.615 -0.615  0.095]
2025-03-18 21:36:46 - root - INFO - MovingJ ur5e_2 from [ 1.18857542 -0.71587052  1.42934936  4.00988127 -1.57077606 -0.38221215] to [ 1.21502546 -0.85265879  1.39006743  4.18250851 -1.5708051  -0.35562102]
2025-03-18 21:36:47 - root - INFO - Planning and moving to xyz facing down ur5e_2 from [ 1.19969174 -0.7692403   1.41399694  4.08330748 -1.5707876  -0.37096897] to [1.200240447666226, -0.8965899686861227, 1.353718902849422, 4.255255916681562, -1.5707959962299871, -0.37055583412365223] target: [-0.6248403  -0.6131561   0.23147689]
2025-03-18 21:36:47 - root - INFO - Planning and movingJ ur5e_2 from [ 1.19969174 -0.7692403   1.41399694  4.08330748 -1.5707876  -0.37096897] to [1.200240447666226, -0.8965899686861227, 1.353718902849422, 4.255255916681562, -1.5707959962299871, -0.37055583412365223]
2025-03-18 21:36:47 - root - INFO - MovingJ ur5e_2 from [ 1.19969174 -0.7692403   1.41399694  4.08330748 -1.5707876  -0.37096897] to [1.200240447666226, -0.8965899686861227, 1.353718902849422, 4.255255916681562, -1.5707959962299871, -0.37055583412365223]
2025-03-18 21:36:49 - root - WARNING - Movement for ur5e_2 timed out before reaching the target joints.
2025-03-18 21:36:49 - root - INFO - put down block at (-0.995, -0.615) start_height 0.195
2025-03-18 21:36:49 - root - INFO - Planning and moving to xyz facing down ur5e_2 from [ 1.20023204 -0.89151908  1.35545099  4.25514682 -1.57079597 -0.37056244] to [1.7098825618217366, -0.8053611835264791, 1.2937604483164105, 4.22398938833114, -1.5707962976081962, 0.13908623137033432] target: [-0.995, -0.615, 0.195]
2025-03-18 21:36:49 - root - INFO - Planning and movingJ ur5e_2 from [ 1.20023204 -0.89151908  1.35545099  4.25514682 -1.57079597 -0.37056244] to [1.7098825618217366, -0.8053611835264791, 1.2937604483164105, 4.22398938833114, -1.5707962976081962, 0.13908623137033432]
2025-03-18 21:36:49 - root - INFO - MovingJ ur5e_2 from [ 1.20023204 -0.89151908  1.35545099  4.25514682 -1.57079597 -0.37056244] to [1.7098825618217366, -0.8053611835264791, 1.2937604483164105, 4.22398938833114, -1.5707962976081962, 0.13908623137033432]
2025-03-18 21:36:50 - root - INFO - MovingL ur5e_2 from [-0.97356523 -0.61000763  0.19265682] to [-0.995      -0.615       0.08978449]
2025-03-18 21:36:52 - root - INFO - MovingJ ur5e_2 from [ 1.707821   -0.66904757  1.33664394  4.04518279 -1.57081485  0.13696264] to [ 1.68031857 -0.80551462  1.2987965   4.2261333  -1.57095686  0.1096204 ]
2025-03-18 21:36:52 - root - INFO - Planning and moving to xyz facing down ur5e_2 from [ 1.69526733 -0.72732991  1.32037647  4.12828556 -1.57079653  0.12444092] to [1.6958009604672384, -0.8463575969370725, 1.2533224063207553, 4.3054239324850885, -1.5707963053874878, 0.1250046286579221] target: [-0.98503521 -0.61075438  0.23559781]
2025-03-18 21:36:52 - root - INFO - Planning and movingJ ur5e_2 from [ 1.69526733 -0.72732991  1.32037647  4.12828556 -1.57079653  0.12444092] to [1.6958009604672384, -0.8463575969370725, 1.2533224063207553, 4.3054239324850885, -1.5707963053874878, 0.1250046286579221]
2025-03-18 21:36:52 - root - INFO - MovingJ ur5e_2 from [ 1.69526733 -0.72732991  1.32037647  4.12828556 -1.57079653  0.12444092] to [1.6958009604672384, -0.8463575969370725, 1.2533224063207553, 4.3054239324850885, -1.5707963053874878, 0.1250046286579221]
2025-03-18 21:36:54 - root - WARNING - Movement for ur5e_2 timed out before reaching the target joints.
2025-03-18 21:36:54 - root - INFO - pick up block at (-0.615, -0.615) start_height 0.155
2025-03-18 21:36:54 - root - INFO - Planning and moving to xyz facing down ur5e_2 from [ 1.69579437 -0.84083037  1.25527122  4.30550153 -1.5707963   0.12499645] to [1.186541926764451, -0.8034714746220702, 1.4096955110516203, 4.106164641146801, -1.5707962977079937, -0.3842544098016414] target: [-0.615, -0.615, 0.155]
2025-03-18 21:36:54 - root - INFO - Planning and movingJ ur5e_2 from [ 1.69579437 -0.84083037  1.25527122  4.30550153 -1.5707963   0.12499645] to [1.186541926764451, -0.8034714746220702, 1.4096955110516203, 4.106164641146801, -1.5707962977079937, -0.3842544098016414]
2025-03-18 21:36:54 - root - INFO - MovingJ ur5e_2 from [ 1.69579437 -0.84083037  1.25527122  4.30550153 -1.5707963   0.12499645] to [1.186541926764451, -0.8034714746220702, 1.4096955110516203, 4.106164641146801, -1.5707962977079937, -0.3842544098016414]
2025-03-18 21:36:55 - root - INFO - MovingL ur5e_2 from [-0.63555604 -0.61003782  0.15464438] to [-0.615 -0.615  0.055]
2025-03-18 21:36:57 - root - INFO - MovingJ ur5e_2 from [ 1.18829226 -0.6535593   1.42841832  3.9391453  -1.57066422 -0.38283673] to [ 1.21574747 -0.80033883  1.4023695   4.11823647 -1.5708107  -0.35481153]
2025-03-18 21:36:57 - root - INFO - Planning and moving to xyz facing down ur5e_2 from [ 1.20074875 -0.71633731  1.41760638  4.0215093  -1.57070444 -0.37000206] to [1.201307678553244, -0.8548217567505451, 1.375456736645372, 4.191749968754734, -1.570796005360109, -0.36948860322471166] target: [-0.62490662 -0.61120811  0.19811917]
2025-03-18 21:36:57 - root - INFO - Planning and movingJ ur5e_2 from [ 1.20074875 -0.71633731  1.41760638  4.0215093  -1.57070444 -0.37000206] to [1.201307678553244, -0.8548217567505451, 1.375456736645372, 4.191749968754734, -1.570796005360109, -0.36948860322471166]
2025-03-18 21:36:57 - root - INFO - MovingJ ur5e_2 from [ 1.20074875 -0.71633731  1.41760638  4.0215093  -1.57070444 -0.37000206] to [1.201307678553244, -0.8548217567505451, 1.375456736645372, 4.191749968754734, -1.570796005360109, -0.36948860322471166]
2025-03-18 21:36:59 - root - WARNING - Movement for ur5e_2 timed out before reaching the target joints.
2025-03-18 21:36:59 - root - INFO - put down block at (-0.805, -0.615) start_height 0.195
2025-03-18 21:36:59 - root - INFO - Planning and moving to xyz facing down ur5e_2 from [ 1.2012962  -0.85048301  1.37654756  4.19123577 -1.57079502 -0.36949681] to [1.44606174954268, -0.8822074574929641, 1.4343817208462388, 4.1602141142968225, -1.5707962716951467, -0.1247345793185161] target: [-0.805, -0.615, 0.195]
2025-03-18 21:36:59 - root - INFO - Planning and movingJ ur5e_2 from [ 1.2012962  -0.85048301  1.37654756  4.19123577 -1.57079502 -0.36949681] to [1.44606174954268, -0.8822074574929641, 1.4343817208462388, 4.1602141142968225, -1.5707962716951467, -0.1247345793185161]
2025-03-18 21:36:59 - root - INFO - MovingJ ur5e_2 from [ 1.2012962  -0.85048301  1.37654756  4.19123577 -1.57079502 -0.36949681] to [1.44606174954268, -0.8822074574929641, 1.4343817208462388, 4.1602141142968225, -1.5707962716951467, -0.1247345793185161]
2025-03-18 21:37:00 - root - INFO - MovingL ur5e_2 from [-0.78362418 -0.61234872  0.19217329] to [-0.805      -0.615       0.08978449]
2025-03-18 21:37:02 - root - INFO - MovingJ ur5e_2 from [ 1.44454793 -0.73841962  1.47363456  3.9696837  -1.57087192 -0.12640487] to [ 1.4166206  -0.87495369  1.42832733  4.16361446 -1.5713332  -0.15330093]
2025-03-18 21:37:02 - root - INFO - Planning and moving to xyz facing down ur5e_2 from [ 1.43056054 -0.80265751  1.45205822  4.06734821 -1.57085796 -0.13990155] to [1.4311115910529602, -0.9283862747337708, 1.381420745236346, 4.259354301518422, -1.5707963077883709, -0.13968474106180676] target: [-0.79384811 -0.61115283  0.2411811 ]
2025-03-18 21:37:02 - root - INFO - Planning and movingJ ur5e_2 from [ 1.43056054 -0.80265751  1.45205822  4.06734821 -1.57085796 -0.13990155] to [1.4311115910529602, -0.9283862747337708, 1.381420745236346, 4.259354301518422, -1.5707963077883709, -0.13968474106180676]
2025-03-18 21:37:02 - root - INFO - MovingJ ur5e_2 from [ 1.43056054 -0.80265751  1.45205822  4.06734821 -1.57085796 -0.13990155] to [1.4311115910529602, -0.9283862747337708, 1.381420745236346, 4.259354301518422, -1.5707963077883709, -0.13968474106180676]
2025-03-18 21:37:04 - root - WARNING - Movement for ur5e_2 timed out before reaching the target joints.
2025-03-18 21:37:04 - root - INFO - pick up block at (-0.995, -0.615) start_height 0.195
2025-03-18 21:37:04 - root - INFO - Planning and moving to xyz facing down ur5e_2 from [ 1.4311058  -0.92326142  1.38331232  4.25948403 -1.57079707 -0.13968745] to [1.7098816979414353, -0.8053682263348996, 1.2937758429965172, 4.223980299251777, -1.5707962316849728, 0.13908536242587363] target: [-0.995, -0.615, 0.195]
2025-03-18 21:37:04 - root - INFO - Planning and movingJ ur5e_2 from [ 1.4311058  -0.92326142  1.38331232  4.25948403 -1.57079707 -0.13968745] to [1.7098816979414353, -0.8053682263348996, 1.2937758429965172, 4.223980299251777, -1.5707962316849728, 0.13908536242587363]
2025-03-18 21:37:04 - root - INFO - MovingJ ur5e_2 from [ 1.4311058  -0.92326142  1.38331232  4.25948403 -1.57079707 -0.13968745] to [1.7098816979414353, -0.8053682263348996, 1.2937758429965172, 4.223980299251777, -1.5707962316849728, 0.13908536242587363]
2025-03-18 21:37:05 - root - INFO - MovingL ur5e_2 from [-0.97371004 -0.61220771  0.19498354] to [-0.995 -0.615  0.095]
2025-03-18 21:37:07 - root - INFO - MovingJ ur5e_2 from [ 1.70776514 -0.67307405  1.33952257  4.05606498 -1.5708178   0.13699082] to [ 1.68081721 -0.81261592  1.30488079  4.2282377  -1.57078643  0.10988153]
2025-03-18 21:37:07 - root - INFO - Planning and moving to xyz facing down ur5e_2 from [ 1.6963994  -0.72744251  1.32618693  4.12930479 -1.57080668  0.12552856] to [1.6969330820793735, -0.8483645112739535, 1.2637866109649822, 4.296966651520888, -1.5707963061826915, 0.1261367503701076] target: [-0.98560209 -0.61295931  0.23312156]
2025-03-18 21:37:07 - root - INFO - Planning and movingJ ur5e_2 from [ 1.6963994  -0.72744251  1.32618693  4.12930479 -1.57080668  0.12552856] to [1.6969330820793735, -0.8483645112739535, 1.2637866109649822, 4.296966651520888, -1.5707963061826915, 0.1261367503701076]
2025-03-18 21:37:07 - root - INFO - MovingJ ur5e_2 from [ 1.6963994  -0.72744251  1.32618693  4.12930479 -1.57080668  0.12552856] to [1.6969330820793735, -0.8483645112739535, 1.2637866109649822, 4.296966651520888, -1.5707963061826915, 0.1261367503701076]
2025-03-18 21:37:09 - root - WARNING - Movement for ur5e_2 timed out before reaching the target joints.
2025-03-18 21:37:09 - root - INFO - put down block at (-0.805, -0.615) start_height 0.235
2025-03-18 21:37:09 - root - INFO - Planning and moving to xyz facing down ur5e_2 from [ 1.69692434 -0.84307561  1.2655668   4.29683595 -1.5707966   0.12612649] to [1.4460615966174748, -0.9288365829280077, 1.3998030593873223, 4.241421843550002, -1.5707962683014152, -0.12473475138665988] target: [-0.805, -0.615, 0.235]
2025-03-18 21:37:09 - root - INFO - Planning and movingJ ur5e_2 from [ 1.69692434 -0.84307561  1.2655668   4.29683595 -1.5707966   0.12612649] to [1.4460615966174748, -0.9288365829280077, 1.3998030593873223, 4.241421843550002, -1.5707962683014152, -0.12473475138665988]
2025-03-18 21:37:09 - root - INFO - MovingJ ur5e_2 from [ 1.69692434 -0.84307561  1.2655668   4.29683595 -1.5707966   0.12612649] to [1.4460615966174748, -0.9288365829280077, 1.3998030593873223, 4.241421843550002, -1.5707962683014152, -0.12473475138665988]
2025-03-18 21:37:10 - root - INFO - MovingL ur5e_2 from [-0.82521352 -0.61254741  0.23045108] to [-0.805     -0.615      0.1293864]
2025-03-18 21:37:12 - root - INFO - MovingJ ur5e_2 from [ 1.44810357 -0.79420546  1.46515927  4.04464838 -1.57078189 -0.12273713] to [ 1.47489    -0.91448616  1.38588088  4.24814827 -1.57066931 -0.09601626]
2025-03-18 21:37:12 - root - INFO - Planning and moving to xyz facing down ur5e_2 from [ 1.46175592 -0.85166928  1.42573711  4.14901618 -1.57079575 -0.10906902] to [1.462314972290658, -0.9625323635463735, 1.334437836461519, 4.3404832806756275, -1.5707963064611692, -0.10848135995858098] target: [-0.81615148 -0.6115764   0.27882169]
2025-03-18 21:37:12 - root - INFO - Planning and movingJ ur5e_2 from [ 1.46175592 -0.85166928  1.42573711  4.14901618 -1.57079575 -0.10906902] to [1.462314972290658, -0.9625323635463735, 1.334437836461519, 4.3404832806756275, -1.5707963064611692, -0.10848135995858098]
2025-03-18 21:37:12 - root - INFO - MovingJ ur5e_2 from [ 1.46175592 -0.85166928  1.42573711  4.14901618 -1.57079575 -0.10906902] to [1.462314972290658, -0.9625323635463735, 1.334437836461519, 4.3404832806756275, -1.5707963064611692, -0.10848135995858098]
2025-03-18 21:37:14 - root - WARNING - Movement for ur5e_2 timed out before reaching the target joints.
2025-03-18 21:37:14 - root - INFO - pick up block at (-0.995, -0.615) start_height 0.155
2025-03-18 21:37:14 - root - INFO - Planning and moving to xyz facing down ur5e_2 from [ 1.46230903 -0.95752449  1.33643299  4.34061415 -1.57079629 -0.10848867] to [1.709881519312752, -0.7564447363695697, 1.3192358589861068, 4.149596665020235, -1.5707962188964086, 0.13908518224169897] target: [-0.995, -0.615, 0.155]
2025-03-18 21:37:14 - root - INFO - Planning and movingJ ur5e_2 from [ 1.46230903 -0.95752449  1.33643299  4.34061415 -1.57079629 -0.10848867] to [1.709881519312752, -0.7564447363695697, 1.3192358589861068, 4.149596665020235, -1.5707962188964086, 0.13908518224169897]
2025-03-18 21:37:14 - root - INFO - MovingJ ur5e_2 from [ 1.46230903 -0.95752449  1.33643299  4.34061415 -1.57079629 -0.10848867] to [1.709881519312752, -0.7564447363695697, 1.3192358589861068, 4.149596665020235, -1.5707962188964086, 0.13908518224169897]
2025-03-18 21:37:15 - root - INFO - MovingL ur5e_2 from [-0.97397703 -0.61171995  0.16461698] to [-0.995 -0.615  0.055]
2025-03-18 21:37:20 - root - WARNING - Linear movement for ur5e_2 completed, but target not reached within tolerance after 400 attempts
2025-03-18 21:37:20 - root - INFO - MovingJ ur5e_2 from [ 1.70995996 -0.6125088   1.33469168  3.9784302  -1.57084069  0.13908763] to [ 1.68110454 -0.77470709  1.32295431  4.17243876 -1.57078709  0.11019055]
2025-03-18 21:37:21 - root - INFO - Planning and moving to xyz facing down ur5e_2 from [ 1.6957929  -0.68998549  1.33549794  4.07580157 -1.57068002  0.12458376] to [1.6963434486159048, -0.8199255886501036, 1.286654979213668, 4.245659370600524, -1.5707963068604032, 0.12554711695926363] target: [-0.98522453 -0.61246762  0.20680476]
2025-03-18 21:37:21 - root - INFO - Planning and movingJ ur5e_2 from [ 1.6957929  -0.68998549  1.33549794  4.07580157 -1.57068002  0.12458376] to [1.6963434486159048, -0.8199255886501036, 1.286654979213668, 4.245659370600524, -1.5707963068604032, 0.12554711695926363]
2025-03-18 21:37:21 - root - INFO - MovingJ ur5e_2 from [ 1.6957929  -0.68998549  1.33549794  4.07580157 -1.57068002  0.12458376] to [1.6963434486159048, -0.8199255886501036, 1.286654979213668, 4.245659370600524, -1.5707963068604032, 0.12554711695926363]
2025-03-18 21:37:22 - root - INFO - Planning and moving to xyz facing down ur5e_1 from [-1.56417045e+00 -1.56198438e+00  9.37807921e-04 -1.56517414e+00
 -2.05054976e-04 -2.01373934e-06] to [1.1707407947974278, -0.8008319445580396, 1.7898119491150455, -2.5597766496990144, -1.5707963874342725, 2.7415371525464143] target: [-0.115, -0.615, 0.05]
2025-03-18 21:37:22 - root - INFO - Planning and movingJ ur5e_1 from [-1.56417045e+00 -1.56198438e+00  9.37807921e-04 -1.56517414e+00
 -2.05054976e-04 -2.01373934e-06] to [1.1707407947974278, -0.8008319445580396, 1.7898119491150455, -2.5597766496990144, -1.5707963874342725, 2.7415371525464143]
2025-03-18 21:37:22 - root - INFO - MovingJ ur5e_1 from [-1.56417045e+00 -1.56198438e+00  9.37807921e-04 -1.56517414e+00
 -2.05054976e-04 -2.01373934e-06] to [1.1707407947974278, -0.8008319445580396, 1.7898119491150455, -2.5597766496990144, -1.5707963874342725, 2.7415371525464143]
2025-03-18 21:37:33 - root - WARNING - Movement for ur5e_1 timed out before reaching the target joints.
2025-03-18 21:37:33 - root - INFO - Planning and moving to xyz facing down ur5e_2 from [ 1.69631013 -0.81791581  1.28608138  4.24259303 -1.57079554  0.12553843] to [0.8547670224162061, -0.6090656898398735, 0.3925601992592308, 4.928892423531574, -1.5707961391810985, -0.7160293061593518] target: [-0.315, -0.615, 0.4]
2025-03-18 21:37:33 - root - INFO - Planning and movingJ ur5e_2 from [ 1.69631013 -0.81791581  1.28608138  4.24259303 -1.57079554  0.12553843] to [0.8547670224162061, -0.6090656898398735, 0.3925601992592308, -1.3542928836480126, -1.5707961391810985, -0.7160293061593518]
2025-03-18 21:37:33 - root - INFO - MovingJ ur5e_2 from [ 1.69631013 -0.81791581  1.28608138  4.24259303 -1.57079554  0.12553843] to [0.8547670224162061, -0.6090656898398735, 0.3925601992592308, -1.3542928836480126, -1.5707961391810985, -0.7160293061593518]
2025-03-18 21:37:42 - root - INFO - Planning and moving to xyz facing down ur5e_1 from [ 1.17074274 -0.79594144  1.79097044 -2.55921635 -1.5707964   2.74153715] to [0.9028585311188643, -0.8705593031173089, 1.553641723054455, -2.253879881854798, -1.570796249519461, 2.4736549224547866] target: [-0.315, -0.615, 0.15000000000000002]
2025-03-18 21:37:42 - root - INFO - Planning and movingJ ur5e_1 from [ 1.17074274 -0.79594144  1.79097044 -2.55921635 -1.5707964   2.74153715] to [0.9028585311188643, -0.8705593031173089, 1.553641723054455, -2.253879881854798, -1.570796249519461, 2.4736549224547866]
2025-03-18 21:37:42 - root - INFO - MovingJ ur5e_1 from [ 1.17074274 -0.79594144  1.79097044 -2.55921635 -1.5707964   2.74153715] to [0.9028585311188643, -0.8705593031173089, 1.553641723054455, -2.253879881854798, -1.570796249519461, 2.4736549224547866]
2025-03-18 21:37:44 - root - WARNING - Movement for ur5e_1 timed out before reaching the target joints.
2025-03-18 21:37:44 - root - INFO - MovingJ ur5e_1 from [ 0.90298498 -0.86565377  1.55527959 -2.35348263 -1.57079648  2.47378459] to [ 0.90298498 -0.86565377  1.55527959 -2.35348263 -1.57079648  2.47378459]
2025-03-18 21:37:44 - root - WARNING - Movement for ur5e_1 timed out before reaching the target joints.
2025-03-18 21:37:44 - root - INFO - MovingJ ur5e_1 from [ 0.90298822 -0.86520099  1.5554343  -2.26238373 -1.57079651  2.47378409] to [ 0.90298498 -0.86565377  1.55527959 -2.25348263 -4.71238913  2.47378459]
2025-03-18 21:37:55 - root - WARNING - Movement for ur5e_1 timed out before reaching the target joints.
2025-03-18 21:37:55 - root - INFO - Planning and moving to xyz facing down ur5e_2 from [ 0.85569975 -0.60832912  0.39194582 -1.35155988 -1.57066397 -0.71537216] to [0.8561909005553262, -0.6361277231251548, 0.5219578933097568, -1.4566273956991285, -1.5707962392679369, -0.7146054026265947] target: [-0.31608915 -0.61445002  0.36976325]
2025-03-18 21:37:55 - root - INFO - Planning and movingJ ur5e_2 from [ 0.85569975 -0.60832912  0.39194582 -1.35155988 -1.57066397 -0.71537216] to [0.8561909005553262, -0.6361277231251548, 0.5219578933097568, -1.4566273956991285, -1.5707962392679369, -0.7146054026265947]
2025-03-18 21:37:55 - root - INFO - MovingJ ur5e_2 from [ 0.85569975 -0.60832912  0.39194582 -1.35155988 -1.57066397 -0.71537216] to [0.8561909005553262, -0.6361277231251548, 0.5219578933097568, -1.4566273956991285, -1.5707962392679369, -0.7146054026265947]
2025-03-18 21:37:57 - root - WARNING - Movement for ur5e_2 timed out before reaching the target joints.
2025-03-18 21:37:57 - root - INFO - Planning and moving to xyz facing down ur5e_2 from [ 0.85604471 -0.65933936  0.50662899 -1.46459943 -1.57128807 -0.71463687] to [0.856462147302416, -0.5807642220927867, 0.26458260340383666, -1.2546159721554129, -1.5707962064178504, -0.7143341808226861] target: [-0.31853789 -0.61692938  0.42774071]
2025-03-18 21:37:57 - root - INFO - Planning and movingJ ur5e_2 from [ 0.85604471 -0.65933936  0.50662899 -1.46459943 -1.57128807 -0.71463687] to [0.856462147302416, -0.5807642220927867, 0.26458260340383666, -1.2546159721554129, -1.5707962064178504, -0.7143341808226861]
2025-03-18 21:37:57 - root - INFO - MovingJ ur5e_2 from [ 0.85604471 -0.65933936  0.50662899 -1.46459943 -1.57128807 -0.71463687] to [0.856462147302416, -0.5807642220927867, 0.26458260340383666, -1.2546159721554129, -1.5707962064178504, -0.7143341808226861]
2025-03-18 21:37:59 - root - INFO - Planning and moving to xyz facing down ur5e_1 from [ 0.90300134 -0.85990645  1.55730224 -2.25261171 -4.7123744   2.47378276] to [1.1707394080339038, -0.8008428276572671, 1.789830361181239, -2.559784714133684, -1.5707961535707324, 2.7415358862090757] target: [-0.115, -0.615, 0.05]
2025-03-18 21:37:59 - root - INFO - Planning and movingJ ur5e_1 from [ 0.90300134 -0.85990645  1.55730224 -2.25261171 -4.7123744   2.47378276] to [1.1707394080339038, -0.8008428276572671, 1.789830361181239, -2.559784714133684, -1.5707961535707324, 2.7415358862090757]
2025-03-18 21:37:59 - root - INFO - MovingJ ur5e_1 from [ 0.90300134 -0.85990645  1.55730224 -2.25261171 -4.7123744   2.47378276] to [1.1707394080339038, -0.8008428276572671, 1.789830361181239, -2.559784714133684, -1.5707961535707324, 2.7415358862090757]
2025-03-18 21:38:10 - root - WARNING - Movement for ur5e_1 timed out before reaching the target joints.
2025-03-18 21:38:10 - root - INFO - put down block at (-0.615, -0.615) start_height 0.155
2025-03-18 21:38:10 - root - INFO - Planning and moving to xyz facing down ur5e_2 from [ 0.85644042 -0.58059621  0.26471663 -1.25765114 -1.57081925 -0.71434682] to [1.186541432717446, -0.8034748955779444, 1.4097027459271692, -2.1770248215078203, -1.5707962628423229, -0.38425490856812855] target: [-0.615, -0.615, 0.155]
2025-03-18 21:38:10 - root - INFO - Planning and movingJ ur5e_2 from [ 0.85644042 -0.58059621  0.26471663 -1.25765114 -1.57081925 -0.71434682] to [1.186541432717446, -0.8034748955779444, 1.4097027459271692, -2.1770248215078203, -1.5707962628423229, -0.38425490856812855]
2025-03-18 21:38:10 - root - INFO - MovingJ ur5e_2 from [ 0.85644042 -0.58059621  0.26471663 -1.25765114 -1.57081925 -0.71434682] to [1.186541432717446, -0.8034748955779444, 1.4097027459271692, -2.1770248215078203, -1.5707962628423229, -0.38425490856812855]
2025-03-18 21:38:12 - root - INFO - MovingL ur5e_2 from [-0.60499591 -0.60953104  0.16362318] to [-0.615      -0.615       0.06967112]
2025-03-18 21:38:14 - root - INFO - MovingJ ur5e_2 from [ 1.18632603 -0.67075928  1.42829626 -2.32541576 -1.57082204 -0.38442439] to [ 1.17674688 -0.80062668  1.38069345 -2.16040061 -1.57198902 -0.39158092]
2025-03-18 21:38:14 - root - INFO - Planning and moving to xyz facing down ur5e_2 from [ 1.18630831 -0.71960043  1.40995985 -2.25706402 -1.57082205 -0.38442439] to [1.186848875907266, -0.855519610984181, 1.3622293502708145, -2.07751021899517, -1.5707959955394148, -0.3839474046358378] target: [-0.61360654 -0.61095475  0.20307124]
2025-03-18 21:38:14 - root - INFO - Planning and movingJ ur5e_2 from [ 1.18630831 -0.71960043  1.40995985 -2.25706402 -1.57082205 -0.38442439] to [1.186848875907266, -0.855519610984181, 1.3622293502708145, -2.07751021899517, -1.5707959955394148, -0.3839474046358378]
2025-03-18 21:38:14 - root - INFO - MovingJ ur5e_2 from [ 1.18630831 -0.71960043  1.40995985 -2.25706402 -1.57082205 -0.38442439] to [1.186848875907266, -0.855519610984181, 1.3622293502708145, -2.07751021899517, -1.5707959955394148, -0.3839474046358378]
2025-03-18 21:38:16 - root - WARNING - Movement for ur5e_2 timed out before reaching the target joints.
2025-03-18 21:38:16 - root - INFO - pick up block at (-0.805, -0.615) start_height 0.235
2025-03-18 21:38:16 - root - INFO - Planning and moving to xyz facing down ur5e_2 from [ 1.18684234 -0.85006141  1.36404796 -2.07743894 -1.57079636 -0.38395431] to [1.4460615662877414, -0.9288376990005021, 1.3998055533408198, -2.041764981988753, -1.5707962583174406, -0.12473475419066593] target: [-0.805, -0.615, 0.235]
2025-03-18 21:38:16 - root - INFO - Planning and movingJ ur5e_2 from [ 1.18684234 -0.85006141  1.36404796 -2.07743894 -1.57079636 -0.38395431] to [1.4460615662877414, -0.9288376990005021, 1.3998055533408198, -2.041764981988753, -1.5707962583174406, -0.12473475419066593]
2025-03-18 21:38:16 - root - INFO - MovingJ ur5e_2 from [ 1.18684234 -0.85006141  1.36404796 -2.07743894 -1.57079636 -0.38395431] to [1.4460615662877414, -0.9288376990005021, 1.3998055533408198, -2.041764981988753, -1.5707962583174406, -0.12473475419066593]
2025-03-18 21:38:17 - root - INFO - MovingL ur5e_2 from [-0.78358967 -0.61215905  0.22675298] to [-0.805 -0.615  0.135]
2025-03-18 21:38:19 - root - INFO - MovingJ ur5e_2 from [ 1.44375693 -0.79941688  1.46638249 -2.22523955 -1.57078824 -0.12702159] to [ 1.41653642 -0.91507802  1.39735522 -2.04532337 -1.57078648 -0.15441012]
2025-03-18 21:38:19 - root - INFO - Planning and moving to xyz facing down ur5e_2 from [ 1.4313199  -0.84806358  1.4360832  -2.14239712 -1.57077453 -0.13956464] to [1.4318838921957113, -0.9624705475083186, 1.3512137350349087, -1.9595397306025883, -1.57079630730362, -0.13891243994777167] target: [-0.79460295 -0.61260735  0.27267407]
2025-03-18 21:38:19 - root - INFO - Planning and movingJ ur5e_2 from [ 1.4313199  -0.84806358  1.4360832  -2.14239712 -1.57077453 -0.13956464] to [1.4318838921957113, -0.9624705475083186, 1.3512137350349087, -1.9595397306025883, -1.57079630730362, -0.13891243994777167]
2025-03-18 21:38:19 - root - INFO - MovingJ ur5e_2 from [ 1.4313199  -0.84806358  1.4360832  -2.14239712 -1.57077453 -0.13956464] to [1.4318838921957113, -0.9624705475083186, 1.3512137350349087, -1.9595397306025883, -1.57079630730362, -0.13891243994777167]
2025-03-18 21:38:21 - root - WARNING - Movement for ur5e_2 timed out before reaching the target joints.
2025-03-18 21:38:21 - root - INFO - put down block at (-0.615, -0.615) start_height 0.195
2025-03-18 21:38:21 - root - INFO - Planning and moving to xyz facing down ur5e_2 from [ 1.43187624 -0.95771884  1.35302033 -1.95958309 -1.57079611 -0.13892143] to [1.1865413608875426, -0.854887378377505, 1.3847564408625708, -2.1006661840100964, -1.5707962588615294, -0.3842549746796964] target: [-0.615, -0.615, 0.195]
2025-03-18 21:38:21 - root - INFO - Planning and movingJ ur5e_2 from [ 1.43187624 -0.95771884  1.35302033 -1.95958309 -1.57079611 -0.13892143] to [1.1865413608875426, -0.854887378377505, 1.3847564408625708, -2.1006661840100964, -1.5707962588615294, -0.3842549746796964]
2025-03-18 21:38:21 - root - INFO - MovingJ ur5e_2 from [ 1.43187624 -0.95771884  1.35302033 -1.95958309 -1.57079611 -0.13892143] to [1.1865413608875426, -0.854887378377505, 1.3847564408625708, -2.1006661840100964, -1.5707962588615294, -0.3842549746796964]
2025-03-18 21:38:22 - root - INFO - MovingL ur5e_2 from [-0.63606261 -0.61224616  0.19968007] to [-0.615      -0.615       0.08978449]
2025-03-18 21:38:24 - root - INFO - MovingJ ur5e_2 from [ 1.18848259 -0.71217153  1.42676072 -2.28494196 -1.57078757 -0.38237521] to [ 1.21531665 -0.86236736  1.3824883  -2.08382807 -1.57065245 -0.35562181]
2025-03-18 21:38:24 - root - INFO - Planning and moving to xyz facing down ur5e_2 from [ 1.20189133 -0.78330662  1.40564368 -2.18374669 -1.57080054 -0.36894977] to [1.202441434353249, -0.9053542990092363, 1.3352120197195372, -2.0006542643101404, -1.570796307177454, -0.36835489762589785] target: [-0.62582086 -0.61132111  0.24344615]
2025-03-18 21:38:24 - root - INFO - Planning and movingJ ur5e_2 from [ 1.20189133 -0.78330662  1.40564368 -2.18374669 -1.57080054 -0.36894977] to [1.202441434353249, -0.9053542990092363, 1.3352120197195372, -2.0006542643101404, -1.570796307177454, -0.36835489762589785]
2025-03-18 21:38:24 - root - INFO - MovingJ ur5e_2 from [ 1.20189133 -0.78330662  1.40564368 -2.18374669 -1.57080054 -0.36894977] to [1.202441434353249, -0.9053542990092363, 1.3352120197195372, -2.0006542643101404, -1.570796307177454, -0.36835489762589785]
2025-03-18 21:38:26 - root - WARNING - Movement for ur5e_2 timed out before reaching the target joints.
2025-03-18 21:38:26 - root - INFO - pick up block at (-0.805, -0.615) start_height 0.195
2025-03-18 21:38:26 - root - INFO - Planning and moving to xyz facing down ur5e_2 from [ 1.20243505 -0.90008905  1.33714171 -2.00056133 -1.57079636 -0.36836308] to [1.4460617011820056, -0.8822078470866558, 1.4343826732796967, -2.1229718162774507, -1.5707962671692521, -0.12473462406991431] target: [-0.805, -0.615, 0.195]
2025-03-18 21:38:26 - root - INFO - Planning and movingJ ur5e_2 from [ 1.20243505 -0.90008905  1.33714171 -2.00056133 -1.57079636 -0.36836308] to [1.4460617011820056, -0.8822078470866558, 1.4343826732796967, -2.1229718162774507, -1.5707962671692521, -0.12473462406991431]
2025-03-18 21:38:26 - root - INFO - MovingJ ur5e_2 from [ 1.20243505 -0.90008905  1.33714171 -2.00056133 -1.57079636 -0.36836308] to [1.4460617011820056, -0.8822078470866558, 1.4343826732796967, -2.1229718162774507, -1.5707962671692521, -0.12473462406991431]
2025-03-18 21:38:27 - root - INFO - MovingL ur5e_2 from [-0.78344302 -0.61235788  0.19605447] to [-0.805 -0.615  0.095]
2025-03-18 21:38:29 - root - INFO - MovingJ ur5e_2 from [ 1.44403337 -0.74128762  1.47682743 -2.29958418 -1.57083629 -0.12671962] to [ 1.41628781 -0.87955526  1.42408295 -2.10740823 -1.57078706 -0.15464057]
2025-03-18 21:38:29 - root - INFO - Planning and moving to xyz facing down ur5e_2 from [ 1.43046504 -0.80498581  1.45207424 -2.20467901 -1.57079449 -0.14045372] to [1.4310213584424167, -0.931254358433549, 1.3848616674874241, -2.0244077613647886, -1.570795995519792, -0.13977492400324854] target: [-0.79393366 -0.61219583  0.24171356]
2025-03-18 21:38:29 - root - INFO - Planning and movingJ ur5e_2 from [ 1.43046504 -0.80498581  1.45207424 -2.20467901 -1.57079449 -0.14045372] to [1.4310213584424167, -0.931254358433549, 1.3848616674874241, -2.0244077613647886, -1.570795995519792, -0.13977492400324854]
2025-03-18 21:38:29 - root - INFO - MovingJ ur5e_2 from [ 1.43046504 -0.80498581  1.45207424 -2.20467901 -1.57079449 -0.14045372] to [1.4310213584424167, -0.931254358433549, 1.3848616674874241, -2.0244077613647886, -1.570795995519792, -0.13977492400324854]
2025-03-18 21:38:31 - root - WARNING - Movement for ur5e_2 timed out before reaching the target joints.
2025-03-18 21:38:31 - root - INFO - put down block at (-0.995, -0.615) start_height 0.155
2025-03-18 21:38:31 - root - INFO - Planning and moving to xyz facing down ur5e_2 from [ 1.43101063 -0.92723407  1.38603679 -2.02488752 -1.57079643 -0.13978476] to [1.709881519604035, -0.7564448106426094, 1.3192359499053143, -2.1335886553410996, -1.5707962192235874, 0.13908518414949714] target: [-0.995, -0.615, 0.155]
2025-03-18 21:38:31 - root - INFO - Planning and movingJ ur5e_2 from [ 1.43101063 -0.92723407  1.38603679 -2.02488752 -1.57079643 -0.13978476] to [1.709881519604035, -0.7564448106426094, 1.3192359499053143, -2.1335886553410996, -1.5707962192235874, 0.13908518414949714]
2025-03-18 21:38:31 - root - INFO - MovingJ ur5e_2 from [ 1.43101063 -0.92723407  1.38603679 -2.02488752 -1.57079643 -0.13978476] to [1.709881519604035, -0.7564448106426094, 1.3192359499053143, -2.1335886553410996, -1.5707962192235874, 0.13908518414949714]
2025-03-18 21:38:32 - root - INFO - MovingL ur5e_2 from [-0.97389925 -0.61158244  0.16090517] to [-0.995      -0.615       0.06977143]
2025-03-18 21:38:34 - root - INFO - MovingJ ur5e_2 from [ 1.70796017 -0.62717534  1.34359357 -2.26825678 -1.57084549  0.13725439] to [ 1.68106573 -0.77006803  1.32645244 -2.12309265 -1.57142809  0.11130856]
2025-03-18 21:38:34 - root - INFO - Planning and moving to xyz facing down ur5e_2 from [ 1.69891171 -0.67083366  1.34483529 -2.21887983 -1.57084326  0.12850903] to [1.69943856169314, -0.808235031509787, 1.3136415682992633, -2.076206812488104, -1.570796012627743, 0.1286422796409201] target: [-0.98700394 -0.61659596  0.18998464]
2025-03-18 21:38:34 - root - INFO - Planning and movingJ ur5e_2 from [ 1.69891171 -0.67083366  1.34483529 -2.21887983 -1.57084326  0.12850903] to [1.69943856169314, -0.808235031509787, 1.3136415682992633, -2.076206812488104, -1.570796012627743, 0.1286422796409201]
2025-03-18 21:38:34 - root - INFO - MovingJ ur5e_2 from [ 1.69891171 -0.67083366  1.34483529 -2.21887983 -1.57084326  0.12850903] to [1.69943856169314, -0.808235031509787, 1.3136415682992633, -2.076206812488104, -1.570796012627743, 0.1286422796409201]
2025-03-18 21:38:36 - root - WARNING - Movement for ur5e_2 timed out before reaching the target joints.
2025-03-18 21:38:36 - root - INFO - pick up block at (-0.615, -0.615) start_height 0.195
2025-03-18 21:38:36 - root - INFO - Planning and moving to xyz facing down ur5e_2 from [ 1.69942849 -0.80229929  1.31548006 -2.0763485  -1.57079708  0.12863921] to [1.18654196354429, -0.8548830306114803, 1.3847467569762562, -2.100660333752986, -1.5707963003411578, -0.3842543724825841] target: [-0.615, -0.615, 0.195]
2025-03-18 21:38:36 - root - INFO - Planning and movingJ ur5e_2 from [ 1.69942849 -0.80229929  1.31548006 -2.0763485  -1.57079708  0.12863921] to [1.18654196354429, -0.8548830306114803, 1.3847467569762562, -2.100660333752986, -1.5707963003411578, -0.3842543724825841]
2025-03-18 21:38:36 - root - INFO - MovingJ ur5e_2 from [ 1.69942849 -0.80229929  1.31548006 -2.0763485  -1.57079708  0.12863921] to [1.18654196354429, -0.8548830306114803, 1.3847467569762562, -2.100660333752986, -1.5707963003411578, -0.3842543724825841]
2025-03-18 21:38:37 - root - INFO - MovingL ur5e_2 from [-0.63585925 -0.61040499  0.18997479] to [-0.615 -0.615  0.095]
2025-03-18 21:38:39 - root - INFO - MovingJ ur5e_2 from [ 1.18869092 -0.71609688  1.42846515 -2.27318184 -1.57077221 -0.38211218] to [ 1.21596572 -0.84670151  1.38237132 -2.09871917 -1.57081087 -0.35460088]
2025-03-18 21:38:39 - root - INFO - Planning and moving to xyz facing down ur5e_2 from [ 1.20082107 -0.76999111  1.40912236 -2.19473321 -1.57078433 -0.36981092] to [1.2013693243638404, -0.8962653261618532, 1.347355238240521, -2.0218903976945954, -1.5707959938876555, -0.36942695712038226] target: [-0.62523546 -0.6119343   0.23351956]
2025-03-18 21:38:39 - root - INFO - Planning and movingJ ur5e_2 from [ 1.20082107 -0.76999111  1.40912236 -2.19473321 -1.57078433 -0.36981092] to [1.2013693243638404, -0.8962653261618532, 1.347355238240521, -2.0218903976945954, -1.5707959938876555, -0.36942695712038226]
2025-03-18 21:38:39 - root - INFO - MovingJ ur5e_2 from [ 1.20082107 -0.76999111  1.40912236 -2.19473321 -1.57078433 -0.36981092] to [1.2013693243638404, -0.8962653261618532, 1.347355238240521, -2.0218903976945954, -1.5707959938876555, -0.36942695712038226]
2025-03-18 21:38:41 - root - WARNING - Movement for ur5e_2 timed out before reaching the target joints.
2025-03-18 21:38:41 - root - INFO - put down block at (-0.995, -0.615) start_height 0.195
2025-03-18 21:38:41 - root - INFO - Planning and moving to xyz facing down ur5e_2 from [ 1.20136129 -0.89121679  1.34908422 -2.02196901 -1.57079592 -0.36943279] to [1.709882561624139, -0.8053611860001492, 1.2937604539081224, -2.059195922263519, -1.5707962975933496, 0.1390862312139395] target: [-0.995, -0.615, 0.195]
2025-03-18 21:38:41 - root - INFO - Planning and movingJ ur5e_2 from [ 1.20136129 -0.89121679  1.34908422 -2.02196901 -1.57079592 -0.36943279] to [1.709882561624139, -0.8053611860001492, 1.2937604539081224, -2.059195922263519, -1.5707962975933496, 0.1390862312139395]
2025-03-18 21:38:41 - root - INFO - MovingJ ur5e_2 from [ 1.20136129 -0.89121679  1.34908422 -2.02196901 -1.57079592 -0.36943279] to [1.709882561624139, -0.8053611860001492, 1.2937604539081224, -2.059195922263519, -1.5707962975933496, 0.1390862312139395]
2025-03-18 21:38:42 - root - INFO - MovingL ur5e_2 from [-0.97361955 -0.60995114  0.19277244] to [-0.995      -0.615       0.08978449]
2025-03-18 21:38:44 - root - INFO - MovingJ ur5e_2 from [ 1.70779882 -0.66807776  1.33711637 -2.23756107 -1.57081266  0.13695969] to [ 1.68038328 -0.8054961   1.29842762 -2.05670176 -1.57095704  0.10968572]
2025-03-18 21:38:44 - root - INFO - Planning and moving to xyz facing down ur5e_2 from [ 1.69528299 -0.72680603  1.32045567 -2.15450642 -1.57079496  0.12446916] to [1.695816891604908, -0.8460977593977493, 1.2541395195068301, -1.9788383242014624, -1.570796305491275, 0.12502055981260726] target: [-0.9850361  -0.61084204  0.23513677]
2025-03-18 21:38:44 - root - INFO - Planning and movingJ ur5e_2 from [ 1.69528299 -0.72680603  1.32045567 -2.15450642 -1.57079496  0.12446916] to [1.695816891604908, -0.8460977593977493, 1.2541395195068301, -1.9788383242014624, -1.570796305491275, 0.12502055981260726]
2025-03-18 21:38:44 - root - INFO - MovingJ ur5e_2 from [ 1.69528299 -0.72680603  1.32045567 -2.15450642 -1.57079496  0.12446916] to [1.695816891604908, -0.8460977593977493, 1.2541395195068301, -1.9788383242014624, -1.570796305491275, 0.12502055981260726]
2025-03-18 21:38:46 - root - WARNING - Movement for ur5e_2 timed out before reaching the target joints.
2025-03-18 21:38:46 - root - INFO - pick up block at (-0.805, -0.615) start_height 0.155
2025-03-18 21:38:46 - root - INFO - Planning and moving to xyz facing down ur5e_2 from [ 1.69580995 -0.8405485   1.25609721 -1.97878865 -1.57079628  0.12501215] to [1.4460613304563128, -0.829357125976884, 1.4591491756458808, -2.200589197689284, -1.5707962509137128, -0.12473503132495835] target: [-0.805, -0.615, 0.155]
2025-03-18 21:38:46 - root - INFO - Planning and movingJ ur5e_2 from [ 1.69580995 -0.8405485   1.25609721 -1.97878865 -1.57079628  0.12501215] to [1.4460613304563128, -0.829357125976884, 1.4591491756458808, -2.200589197689284, -1.5707962509137128, -0.12473503132495835]
2025-03-18 21:38:46 - root - INFO - MovingJ ur5e_2 from [ 1.69580995 -0.8405485   1.25609721 -1.97878865 -1.57079628  0.12501215] to [1.4460613304563128, -0.829357125976884, 1.4591491756458808, -2.200589197689284, -1.5707962509137128, -0.12473503132495835]
2025-03-18 21:38:47 - root - INFO - MovingL ur5e_2 from [-0.82527763 -0.61206998  0.15895771] to [-0.805 -0.615  0.055]
2025-03-18 21:38:52 - root - WARNING - Linear movement for ur5e_2 completed, but target not reached within tolerance after 400 attempts
2025-03-18 21:38:52 - root - INFO - MovingJ ur5e_2 from [ 1.4461309  -0.67472112  1.47475803 -2.38072454 -1.57081862 -0.12473422] to [ 1.47506377 -0.82556826  1.43702044 -2.1741613  -1.57080562 -0.09558675]
2025-03-18 21:38:53 - root - INFO - Planning and moving to xyz facing down ur5e_2 from [ 1.46137442 -0.75100268  1.45562334 -2.27023438 -1.57091405 -0.10917674] to [1.4619117509339425, -0.8883921463389092, 1.4052880687490954, -2.087696318941743, -1.5707960019107576, -0.10888453048139493] target: [-0.81578271 -0.61080147  0.20857522]
2025-03-18 21:38:53 - root - INFO - Planning and movingJ ur5e_2 from [ 1.46137442 -0.75100268  1.45562334 -2.27023438 -1.57091405 -0.10917674] to [1.4619117509339425, -0.8883921463389092, 1.4052880687490954, -2.087696318941743, -1.5707960019107576, -0.10888453048139493]
2025-03-18 21:38:53 - root - INFO - MovingJ ur5e_2 from [ 1.46137442 -0.75100268  1.45562334 -2.27023438 -1.57091405 -0.10917674] to [1.4619117509339425, -0.8883921463389092, 1.4052880687490954, -2.087696318941743, -1.5707960019107576, -0.10888453048139493]
2025-03-18 21:38:55 - root - INFO - Planning and moving to xyz facing down ur5e_1 from [ 1.18638773 -0.56237674  1.79051101 -2.51827021 -1.57079695  2.74153591] to [1.170740669815427, -0.8008311902373344, 1.7898105669744098, -2.5597759457289437, -1.5707963002174297, 2.7415369865852828] target: [-0.115, -0.615, 0.05]
2025-03-18 21:38:55 - root - INFO - Planning and movingJ ur5e_1 from [ 1.18638773 -0.56237674  1.79051101 -2.51827021 -1.57079695  2.74153591] to [1.170740669815427, -0.8008311902373344, 1.7898105669744098, -2.5597759457289437, -1.5707963002174297, 2.7415369865852828]
