2025-03-18 20:51:54 - root - INFO - Logging setup complete for Hanoi_sim
2025-03-18 20:51:54 - root - INFO - pick up block at (-0.995, -0.615) start_height 0.275
2025-03-18 20:51:54 - root - INFO - Planning and moving to xyz facing down ur5e_2 from [-1.56417438e+00 -1.56694744e+00 -4.97276278e-04 -1.56588207e+00
  1.05265287e-05 -1.99549302e-06] to [-1.0747819134949297, -2.2575485308030236, 5.071448272028578, 5.040084421672664, 1.570796097385235, -5.7871708567523585] target: [-0.995, -0.615, 0.275]
2025-03-18 20:51:54 - root - INFO - Planning and movingJ ur5e_2 from [-1.56417438e+00 -1.56694744e+00 -4.97276278e-04 -1.56588207e+00
  1.05265287e-05 -1.99549302e-06] to [-1.0747819134949297, -2.2575485308030236, -1.2117370351510086, -1.243100885506922, 1.570796097385235, 0.4960144504272277]
2025-03-18 20:51:54 - root - INFO - MovingJ ur5e_2 from [-1.56417438e+00 -1.56694744e+00 -4.97276278e-04 -1.56588207e+00
  1.05265287e-05 -1.99549302e-06] to [-1.0747819134949297, -2.2575485308030236, -1.2117370351510086, -1.243100885506922, 1.570796097385235, 0.4960144504272277]
2025-03-18 20:51:56 - root - INFO - MovingL ur5e_2 from [-0.98749903 -0.60893329  0.28951753] to [-0.995 -0.615  0.175]
2025-03-18 20:51:58 - root - INFO - MovingJ ur5e_2 from [-1.07567701 -2.36344661 -1.30366526 -1.05949467  1.57063192  0.49509824] to [-1.0836757  -2.25017956 -1.19132605 -1.24967835  1.54188726  0.48687424]
2025-03-18 20:51:58 - root - INFO - Planning and moving to xyz facing down ur5e_2 from [-1.07565977 -2.31236885 -1.24987398 -1.15351546  1.55649524  0.49509824] to [-1.0781113692766608, -2.2332908146013213, -1.1180926836259049, -1.361005123354419, 1.5707962961763429, 0.49268496313039106] target: [-0.9946112  -0.61051341  0.32599718]
2025-03-18 20:51:58 - root - INFO - Planning and movingJ ur5e_2 from [-1.07565977 -2.31236885 -1.24987398 -1.15351546  1.55649524  0.49509824] to [-1.0781113692766608, -2.2332908146013213, -1.1180926836259049, -1.361005123354419, 1.5707962961763429, 0.49268496313039106]
2025-03-18 20:51:58 - root - INFO - MovingJ ur5e_2 from [-1.07565977 -2.31236885 -1.24987398 -1.15351546  1.55649524  0.49509824] to [-1.0781113692766608, -2.2332908146013213, -1.1180926836259049, -1.361005123354419, 1.5707962961763429, 0.49268496313039106]
2025-03-18 20:52:00 - root - WARNING - Movement for ur5e_2 timed out before reaching the target joints.
2025-03-18 20:52:01 - root - INFO - Planning and moving to xyz facing down ur5e_1 from [-1.56417420e+00 -1.56676421e+00 -4.48090613e-04 -1.56585186e+00
  1.30316306e-06 -1.99632510e-06] to [0.6311715207514055, -0.49324093326608515, 0.6825710600724026, -1.7601286933262996, -1.5707961010104308, 2.201967839720323] target: (-0.615, -0.615, 0.2)
2025-03-18 20:52:01 - root - INFO - Planning and movingJ ur5e_1 from [-1.56417420e+00 -1.56676421e+00 -4.48090613e-04 -1.56585186e+00
  1.30316306e-06 -1.99632510e-06] to [0.6311715207514055, -0.49324093326608515, 0.6825710600724026, -1.7601286933262996, -1.5707961010104308, 2.201967839720323]
2025-03-18 20:52:01 - root - INFO - MovingJ ur5e_1 from [-1.56417420e+00 -1.56676421e+00 -4.48090613e-04 -1.56585186e+00
  1.30316306e-06 -1.99632510e-06] to [0.6311715207514055, -0.49324093326608515, 0.6825710600724026, -1.7601286933262996, -1.5707961010104308, 2.201967839720323]
2025-03-18 20:52:10 - root - WARNING - Movement for ur5e_1 timed out before reaching the target joints.
2025-03-18 20:52:10 - root - INFO - MovingJ ur5e_1 from [ 0.63117152 -0.48678348  0.68446386 -1.85958337 -1.5707961   2.20196784] to [ 0.63117152 -0.48678348  0.68446386 -1.85958337 -1.5707961   2.20196784]
2025-03-18 20:52:10 - root - WARNING - Movement for ur5e_1 timed out before reaching the target joints.
2025-03-18 20:52:10 - root - INFO - MovingJ ur5e_1 from [ 0.63117579 -0.48620604  0.68464242 -1.76848969 -1.5707961   2.20196784] to [ 6.31171521e-01 -4.86783483e-01  6.84463863e-01 -1.75958337e+00
  2.25932137e-07  2.20196784e+00]
