2025-03-18 21:45:43 - root - INFO - Logging setup complete for Hanoi_sim
2025-03-18 21:45:43 - root - INFO - pick up block at (-0.995, -0.615) start_height 0.275
2025-03-18 21:45:43 - root - INFO - Planning and moving to xyz facing down ur5e_2 from [-1.56417438e+00 -1.56694744e+00 -4.97276278e-04 -1.56588207e+00
  1.05265287e-05 -1.99549302e-06] to [1.709881562029135, -0.8840272226342746, 1.2117027753979235, -1.8984731409281246, -1.570796224396116, 0.13908522709373927] target: [-0.995, -0.615, 0.275]
2025-03-18 21:45:43 - root - INFO - Planning and movingJ ur5e_2 from [-1.56417438e+00 -1.56694744e+00 -4.97276278e-04 -1.56588207e+00
  1.05265287e-05 -1.99549302e-06] to [1.709881562029135, -0.8840272226342746, 1.2117027753979235, -1.8984731409281246, -1.570796224396116, 0.13908522709373927]
2025-03-18 21:45:43 - root - INFO - MovingJ ur5e_2 from [-1.56417438e+00 -1.56694744e+00 -4.97276278e-04 -1.56588207e+00
  1.05265287e-05 -1.99549302e-06] to [1.709881562029135, -0.8840272226342746, 1.2117027753979235, -1.8984731409281246, -1.570796224396116, 0.13908522709373927]
2025-03-18 21:45:46 - root - INFO - MovingL ur5e_2 from [-0.97507779 -0.60684613  0.2798422 ] to [-0.995 -0.615  0.175]
2025-03-18 21:45:48 - root - INFO - MovingJ ur5e_2 from [ 1.70772968 -0.77835322  1.30431154 -2.08276307 -1.57068087  0.13715436] to [ 1.67990865 -0.88510837  1.2023859  -1.89480594 -1.5562708   0.13779942]
2025-03-18 21:45:48 - root - INFO - Planning and moving to xyz facing down ur5e_2 from [ 1.694722   -0.82379328  1.25799664 -1.99423908 -1.57067052  0.1371543 ] to [1.6952712748713445, -0.9080860978561544, 1.1363844616020553, -1.7990950191975519, -1.5707962985849655, 0.12447494273365008] target: [-0.98486394 -0.60895958  0.3188547 ]
2025-03-18 21:45:48 - root - INFO - Planning and movingJ ur5e_2 from [ 1.694722   -0.82379328  1.25799664 -1.99423908 -1.57067052  0.1371543 ] to [1.6952712748713445, -0.9080860978561544, 1.1363844616020553, -1.7990950191975519, -1.5707962985849655, 0.12447494273365008]
2025-03-18 21:45:48 - root - INFO - MovingJ ur5e_2 from [ 1.694722   -0.82379328  1.25799664 -1.99423908 -1.57067052  0.1371543 ] to [1.6952712748713445, -0.9080860978561544, 1.1363844616020553, -1.7990950191975519, -1.5707962985849655, 0.12447494273365008]
2025-03-18 21:45:50 - root - WARNING - Movement for ur5e_2 timed out before reaching the target joints.
2025-03-18 21:45:50 - root - INFO - put down block at (-0.805, -0.615) start_height 0.155
2025-03-18 21:45:50 - root - INFO - Planning and moving to xyz facing down ur5e_2 from [ 1.69526451 -0.90314963  1.13830854 -1.79908287 -1.57079489  0.12450056] to [1.4460598755464071, -0.8293655958951155, 1.4591692327286045, -2.2006019880763446, -1.570796151199277, -0.12473652412655689] target: [-0.805, -0.615, 0.155]
2025-03-18 21:45:50 - root - INFO - Planning and movingJ ur5e_2 from [ 1.69526451 -0.90314963  1.13830854 -1.79908287 -1.57079489  0.12450056] to [1.4460598755464071, -0.8293655958951155, 1.4591692327286045, -2.2006019880763446, -1.570796151199277, -0.12473652412655689]
2025-03-18 21:45:50 - root - INFO - MovingJ ur5e_2 from [ 1.69526451 -0.90314963  1.13830854 -1.79908287 -1.57079489  0.12450056] to [1.4460598755464071, -0.8293655958951155, 1.4591692327286045, -2.2006019880763446, -1.570796151199277, -0.12473652412655689]
2025-03-18 21:45:51 - root - INFO - MovingL ur5e_2 from [-0.81770305 -0.61166273  0.1618764 ] to [-0.805      -0.615       0.06962104]
2025-03-18 21:45:53 - root - INFO - MovingJ ur5e_2 from [ 1.4474542  -0.69149589  1.48202471 -2.33888709 -1.57078814 -0.12332682] to [ 1.4644649  -0.83008953  1.43689345 -2.17075912 -1.5706845  -0.10641204]
2025-03-18 21:45:53 - root - INFO - Planning and moving to xyz facing down ur5e_2 from [ 1.44743535 -0.74556328  1.46416974 -2.26732545 -1.57078816 -0.12332682] to [1.447993674379666, -0.887033947327997, 1.4250179500412572, -2.1087841497821347, -1.5707960220038706, -0.12280260979938777] target: [-0.80622286 -0.61378375  0.20106291]
2025-03-18 21:45:53 - root - INFO - Planning and movingJ ur5e_2 from [ 1.44743535 -0.74556328  1.46416974 -2.26732545 -1.57078816 -0.12332682] to [1.447993674379666, -0.887033947327997, 1.4250179500412572, -2.1087841497821347, -1.5707960220038706, -0.12280260979938777]
2025-03-18 21:45:53 - root - INFO - MovingJ ur5e_2 from [ 1.44743535 -0.74556328  1.46416974 -2.26732545 -1.57078816 -0.12332682] to [1.447993674379666, -0.887033947327997, 1.4250179500412572, -2.1087841497821347, -1.5707960220038706, -0.12280260979938777]
2025-03-18 21:45:55 - root - WARNING - Movement for ur5e_2 timed out before reaching the target joints.
2025-03-18 21:45:55 - root - INFO - pick up block at (-0.995, -0.615) start_height 0.235
2025-03-18 21:45:55 - root - INFO - Planning and moving to xyz facing down ur5e_2 from [ 1.44798505 -0.88156775  1.42682436 -2.10882272 -1.57079587 -0.12281238] to [1.7098817686129528, -0.8480835707908772, 1.2580611332090585, -1.9807749066124827, -1.5707962373478563, 0.13908543074780177] target: [-0.995, -0.615, 0.235]
2025-03-18 21:45:55 - root - INFO - Planning and movingJ ur5e_2 from [ 1.44798505 -0.88156775  1.42682436 -2.10882272 -1.57079587 -0.12281238] to [1.7098817686129528, -0.8480835707908772, 1.2580611332090585, -1.9807749066124827, -1.5707962373478563, 0.13908543074780177]
2025-03-18 21:45:55 - root - INFO - MovingJ ur5e_2 from [ 1.44798505 -0.88156775  1.42682436 -2.10882272 -1.57079587 -0.12281238] to [1.7098817686129528, -0.8480835707908772, 1.2580611332090585, -1.9807749066124827, -1.5707962373478563, 0.13908543074780177]
2025-03-18 21:45:56 - root - INFO - MovingL ur5e_2 from [-0.97354092 -0.61233471  0.22602877] to [-0.995 -0.615  0.135]
2025-03-18 21:45:58 - root - INFO - MovingJ ur5e_2 from [ 1.70759785 -0.73036536  1.32714633 -2.1590754  -1.57082155  0.13682844] to [ 1.680608   -0.8468801   1.27873892 -1.99463171 -1.57078661  0.1096734 ]
2025-03-18 21:45:58 - root - INFO - Planning and moving to xyz facing down ur5e_2 from [ 1.69659785 -0.77408259  1.30841949 -2.09111388 -1.57077158  0.12565816] to [1.697136101031255, -0.880927809622747, 1.2223334230977982, -1.9122021985115316, -1.5707963039411355, 0.12633976906125732] target: [-0.98577217 -0.61281232  0.26907456]
2025-03-18 21:45:58 - root - INFO - Planning and movingJ ur5e_2 from [ 1.69659785 -0.77408259  1.30841949 -2.09111388 -1.57077158  0.12565816] to [1.697136101031255, -0.880927809622747, 1.2223334230977982, -1.9122021985115316, -1.5707963039411355, 0.12633976906125732]
2025-03-18 21:45:58 - root - INFO - MovingJ ur5e_2 from [ 1.69659785 -0.77408259  1.30841949 -2.09111388 -1.57077158  0.12565816] to [1.697136101031255, -0.880927809622747, 1.2223334230977982, -1.9122021985115316, -1.5707963039411355, 0.12633976906125732]
2025-03-18 21:46:00 - root - WARNING - Movement for ur5e_2 timed out before reaching the target joints.
2025-03-18 21:46:00 - root - INFO - Planning and moving to xyz facing down ur5e_1 from [-1.56417382e+00 -1.56639973e+00 -3.48864245e-04 -1.56579333e+00
 -1.65608038e-05 -1.99811208e-06] to [1.1707438658786307, -0.800856879725153, 1.7898548157493133, 3.723384925176266, -1.5708061049213873, 2.7415391694861495] target: [-0.115, -0.615, 0.05]
2025-03-18 21:46:00 - root - INFO - Planning and movingJ ur5e_1 from [-1.56417382e+00 -1.56639973e+00 -3.48864245e-04 -1.56579333e+00
 -1.65608038e-05 -1.99811208e-06] to [1.1707438658786307, -0.800856879725153, 1.7898548157493133, 3.723384925176266, -1.5708061049213873, 2.7415391694861495]
2025-03-18 21:46:00 - root - INFO - MovingJ ur5e_1 from [-1.56417382e+00 -1.56639973e+00 -3.48864245e-04 -1.56579333e+00
 -1.65608038e-05 -1.99811208e-06] to [1.1707438658786307, -0.800856879725153, 1.7898548157493133, 3.723384925176266, -1.5708061049213873, 2.7415391694861495]
2025-03-18 21:46:16 - root - WARNING - Movement for ur5e_1 timed out before reaching the target joints.
2025-03-18 21:46:16 - root - INFO - put down block at (-0.615, -0.615) start_height 0.155
2025-03-18 21:46:16 - root - INFO - Planning and moving to xyz facing down ur5e_2 from [ 1.69712708 -0.87662321  1.22363121 -1.91268824 -1.57079662  0.12632989] to [1.1865418690713527, -0.8034718851828158, 1.409696407188331, -2.177021197333787, -1.5707962935659332, -0.3842544675175706] target: [-0.615, -0.615, 0.155]
2025-03-18 21:46:16 - root - INFO - Planning and movingJ ur5e_2 from [ 1.69712708 -0.87662321  1.22363121 -1.91268824 -1.57079662  0.12632989] to [1.1865418690713527, -0.8034718851828158, 1.409696407188331, -2.177021197333787, -1.5707962935659332, -0.3842544675175706]
2025-03-18 21:46:16 - root - INFO - MovingJ ur5e_2 from [ 1.69712708 -0.87662321  1.22363121 -1.91268824 -1.57079662  0.12632989] to [1.1865418690713527, -0.8034718851828158, 1.409696407188331, -2.177021197333787, -1.5707962935659332, -0.3842544675175706]
2025-03-18 21:46:18 - root - INFO - MovingL ur5e_2 from [-0.6354116  -0.60948078  0.15803432] to [-0.615      -0.615       0.06966975]
2025-03-18 21:46:19 - root - INFO - MovingJ ur5e_2 from [ 1.18847183 -0.66898971  1.43240742 -2.31584929 -1.57074386 -0.3823744 ] to [ 1.21572677 -0.80401562  1.40007132 -2.16268353 -1.57007663 -0.35618734]
2025-03-18 21:46:20 - root - INFO - Planning and moving to xyz facing down ur5e_2 from [ 1.19794499 -0.71177436  1.42229752 -2.26183737 -1.57074601 -0.37321775] to [1.1984998518205403, -0.852799233282656, 1.386877539753381, -2.1048785230836695, -1.5707960166056745, -0.37229643188047323] target: [-0.62361869 -0.61345939  0.19299736]
2025-03-18 21:46:20 - root - INFO - Planning and movingJ ur5e_2 from [ 1.19794499 -0.71177436  1.42229752 -2.26183737 -1.57074601 -0.37321775] to [1.1984998518205403, -0.852799233282656, 1.386877539753381, -2.1048785230836695, -1.5707960166056745, -0.37229643188047323]
2025-03-18 21:46:20 - root - INFO - MovingJ ur5e_2 from [ 1.19794499 -0.71177436  1.42229752 -2.26183737 -1.57074601 -0.37321775] to [1.1984998518205403, -0.852799233282656, 1.386877539753381, -2.1048785230836695, -1.5707960166056745, -0.37229643188047323]
2025-03-18 21:46:21 - root - WARNING - Movement for ur5e_2 timed out before reaching the target joints.
2025-03-18 21:46:21 - root - INFO - pick up block at (-0.805, -0.615) start_height 0.155
2025-03-18 21:46:21 - root - INFO - Planning and moving to xyz facing down ur5e_2 from [ 1.19849129 -0.8471967   1.3886736  -2.10491131 -1.57079507 -0.37229979] to [1.4460617274288523, -0.8293555889368793, 1.4591456026703753, -2.2005869574782575, -1.570796269121868, -0.12473459885819457] target: [-0.805, -0.615, 0.155]
2025-03-18 21:46:21 - root - INFO - Planning and movingJ ur5e_2 from [ 1.19849129 -0.8471967   1.3886736  -2.10491131 -1.57079507 -0.37229979] to [1.4460617274288523, -0.8293555889368793, 1.4591456026703753, -2.2005869574782575, -1.570796269121868, -0.12473459885819457]
2025-03-18 21:46:21 - root - INFO - MovingJ ur5e_2 from [ 1.19849129 -0.8471967   1.3886736  -2.10491131 -1.57079507 -0.37229979] to [1.4460617274288523, -0.8293555889368793, 1.4591456026703753, -2.2005869574782575, -1.570796269121868, -0.12473459885819457]
2025-03-18 21:46:22 - root - INFO - MovingL ur5e_2 from [-0.78427503 -0.61303475  0.15458069] to [-0.805 -0.615  0.055]
2025-03-18 21:46:24 - root - INFO - MovingJ ur5e_2 from [ 1.44400287 -0.67504457  1.47966827 -2.36608824 -1.57080636 -0.12673722] to [ 1.41730642 -0.82646967  1.45248296 -2.18888413 -1.5707865  -0.15362822]
2025-03-18 21:46:24 - root - INFO - Planning and moving to xyz facing down ur5e_2 from [ 1.43244004 -0.73623908  1.46906799 -2.28873067 -1.57079519 -0.13840835] to [1.4329975334791931, -0.8797638620935304, 1.4309482189392724, -2.121984557314846, -1.5707960180452387, -0.1377987499884599] target: [-0.79551803 -0.61346243  0.19467347]
2025-03-18 21:46:24 - root - INFO - Planning and movingJ ur5e_2 from [ 1.43244004 -0.73623908  1.46906799 -2.28873067 -1.57079519 -0.13840835] to [1.4329975334791931, -0.8797638620935304, 1.4309482189392724, -2.121984557314846, -1.5707960180452387, -0.1377987499884599]
2025-03-18 21:46:24 - root - INFO - MovingJ ur5e_2 from [ 1.43244004 -0.73623908  1.46906799 -2.28873067 -1.57079519 -0.13840835] to [1.4329975334791931, -0.8797638620935304, 1.4309482189392724, -2.121984557314846, -1.5707960180452387, -0.1377987499884599]
2025-03-18 21:46:26 - root - WARNING - Movement for ur5e_2 timed out before reaching the target joints.
2025-03-18 21:46:26 - root - INFO - put down block at (-0.615, -0.615) start_height 0.195
2025-03-18 21:46:26 - root - INFO - Planning and moving to xyz facing down ur5e_2 from [ 1.43298866 -0.87462261  1.43254685 -2.12211215 -1.57079613 -0.13780904] to [1.1865415403462725, -0.8548861223890343, 1.3847535559905682, -2.100664393473012, -1.5707962717064277, -0.38425479469598534] target: [-0.615, -0.615, 0.195]
2025-03-18 21:46:26 - root - INFO - Planning and movingJ ur5e_2 from [ 1.43298866 -0.87462261  1.43254685 -2.12211215 -1.57079613 -0.13780904] to [1.1865415403462725, -0.8548861223890343, 1.3847535559905682, -2.100664393473012, -1.5707962717064277, -0.38425479469598534]
2025-03-18 21:46:26 - root - INFO - MovingJ ur5e_2 from [ 1.43298866 -0.87462261  1.43254685 -2.12211215 -1.57079613 -0.13780904] to [1.1865415403462725, -0.8548861223890343, 1.3847535559905682, -2.100664393473012, -1.5707962717064277, -0.38425479469598534]
2025-03-18 21:46:27 - root - INFO - MovingL ur5e_2 from [-0.63636113 -0.61284493  0.19047664] to [-0.615      -0.615       0.08978449]
2025-03-18 21:46:29 - root - INFO - MovingJ ur5e_2 from [ 1.18855066 -0.71112503  1.42740404 -2.2850283  -1.57078994 -0.38228767] to [ 1.2154188  -0.85257045  1.39178393 -2.10275759 -1.57066859 -0.35549183]
2025-03-18 21:46:29 - root - INFO - Planning and moving to xyz facing down ur5e_2 from [ 1.20078702 -0.77186322  1.41209747 -2.20134081 -1.57080611 -0.37001614] to [1.201332349449853, -0.8976274970032134, 1.3475676099037868, -2.020740671669116, -1.570795988009961, -0.3694639313857932] target: [-0.62530128 -0.61217765  0.23428693]
2025-03-18 21:46:29 - root - INFO - Planning and movingJ ur5e_2 from [ 1.20078702 -0.77186322  1.41209747 -2.20134081 -1.57080611 -0.37001614] to [1.201332349449853, -0.8976274970032134, 1.3475676099037868, -2.020740671669116, -1.570795988009961, -0.3694639313857932]
2025-03-18 21:46:29 - root - INFO - MovingJ ur5e_2 from [ 1.20078702 -0.77186322  1.41209747 -2.20134081 -1.57080611 -0.37001614] to [1.201332349449853, -0.8976274970032134, 1.3475676099037868, -2.020740671669116, -1.570795988009961, -0.3694639313857932]
2025-03-18 21:46:31 - root - WARNING - Movement for ur5e_2 timed out before reaching the target joints.
2025-03-18 21:46:31 - root - INFO - pick up block at (-0.995, -0.615) start_height 0.195
2025-03-18 21:46:31 - root - INFO - Planning and moving to xyz facing down ur5e_2 from [ 1.20132573 -0.89231621  1.34947779 -2.02067214 -1.57079613 -0.36947192] to [1.709882561586567, -0.8053611860250612, 1.2937604542256282, -2.0591959226058996, -1.5707962975835335, 0.1390862311668941] target: [-0.995, -0.615, 0.195]
2025-03-18 21:46:31 - root - INFO - Planning and movingJ ur5e_2 from [ 1.20132573 -0.89231621  1.34947779 -2.02067214 -1.57079613 -0.36947192] to [1.709882561586567, -0.8053611860250612, 1.2937604542256282, -2.0591959226058996, -1.5707962975835335, 0.1390862311668941]
2025-03-18 21:46:31 - root - INFO - MovingJ ur5e_2 from [ 1.20132573 -0.89231621  1.34947779 -2.02067214 -1.57079613 -0.36947192] to [1.709882561586567, -0.8053611860250612, 1.2937604542256282, -2.0591959226058996, -1.5707962975835335, 0.1390862311668941]
2025-03-18 21:46:32 - root - INFO - MovingL ur5e_2 from [-0.9738587  -0.610124    0.19236304] to [-0.995 -0.615  0.095]
2025-03-18 21:46:34 - root - INFO - MovingJ ur5e_2 from [ 1.70798741 -0.67511141  1.33706119 -2.2305065  -1.57093163  0.13734029] to [ 1.68070687 -0.8051509   1.29871258 -2.05642329 -1.57078123  0.1096834 ]
2025-03-18 21:46:34 - root - INFO - Planning and moving to xyz facing down ur5e_2 from [ 1.69598467 -0.72919974  1.32091198 -2.15248249 -1.57083455  0.12497376] to [1.6965134139354843, -0.8480469445783546, 1.2537783433571383, -1.976527963408094, -1.5707963054521854, 0.1257170821303624] target: [-0.98550409 -0.611259    0.23651757]
2025-03-18 21:46:34 - root - INFO - Planning and movingJ ur5e_2 from [ 1.69598467 -0.72919974  1.32091198 -2.15248249 -1.57083455  0.12497376] to [1.6965134139354843, -0.8480469445783546, 1.2537783433571383, -1.976527963408094, -1.5707963054521854, 0.1257170821303624]
2025-03-18 21:46:34 - root - INFO - MovingJ ur5e_2 from [ 1.69598467 -0.72919974  1.32091198 -2.15248249 -1.57083455  0.12497376] to [1.6965134139354843, -0.8480469445783546, 1.2537783433571383, -1.976527963408094, -1.5707963054521854, 0.1257170821303624]
2025-03-18 21:46:36 - root - INFO - Planning and moving to xyz facing down ur5e_1 from [ 1.17077065 -0.66793798  1.81745107  3.73788927 -1.57080619  2.74153917] to [1.1707378836680749, -0.8008447008212105, 1.7898389652357465, 3.7233930374513347, -1.5707961330365243, 2.741534238266298] target: [-0.115, -0.615, 0.05]
2025-03-18 21:46:36 - root - INFO - Planning and movingJ ur5e_1 from [ 1.17077065 -0.66793798  1.81745107  3.73788927 -1.57080619  2.74153917] to [1.1707378836680749, -0.8008447008212105, 1.7898389652357465, 3.7233930374513347, -1.5707961330365243, 2.741534238266298]
2025-03-18 21:46:36 - root - INFO - MovingJ ur5e_1 from [ 1.17077065 -0.66793798  1.81745107  3.73788927 -1.57080619  2.74153917] to [1.1707378836680749, -0.8008447008212105, 1.7898389652357465, 3.7233930374513347, -1.5707961330365243, 2.741534238266298]
2025-03-18 21:46:38 - root - WARNING - Movement for ur5e_1 timed out before reaching the target joints.
2025-03-18 21:46:38 - root - INFO - put down block at (-0.805, -0.615) start_height 0.155
2025-03-18 21:46:38 - root - INFO - Planning and moving to xyz facing down ur5e_2 from [ 1.69649733 -0.84497658  1.25414695 -1.97793291 -1.57079871  0.12570095] to [1.4460612948902287, -0.8293573266569609, 1.4591496350417548, -2.200589481792426, -1.5707962470594012, -0.12473506807022575] target: [-0.805, -0.615, 0.155]
2025-03-18 21:46:38 - root - INFO - Planning and movingJ ur5e_2 from [ 1.69649733 -0.84497658  1.25414695 -1.97793291 -1.57079871  0.12570095] to [1.4460612948902287, -0.8293573266569609, 1.4591496350417548, -2.200589481792426, -1.5707962470594012, -0.12473506807022575]
2025-03-18 21:46:38 - root - INFO - MovingJ ur5e_2 from [ 1.69649733 -0.84497658  1.25414695 -1.97793291 -1.57079871  0.12570095] to [1.4460612948902287, -0.8293573266569609, 1.4591496350417548, -2.200589481792426, -1.5707962470594012, -0.12473506807022575]
2025-03-18 21:46:39 - root - INFO - MovingL ur5e_2 from [-0.82574176 -0.61137841  0.16280214] to [-0.805      -0.615       0.06973269]
2025-03-18 21:46:41 - root - INFO - MovingJ ur5e_2 from [ 1.44745038 -0.6930883   1.47931248 -2.34591275 -1.57071109 -0.12345656] to [ 1.47561791 -0.8299151   1.43603181 -2.17765039 -1.56944791 -0.09747772]
2025-03-18 21:46:41 - root - INFO - Planning and moving to xyz facing down ur5e_2 from [ 1.45931161 -0.74640742  1.46224172 -2.27429389 -1.57071297 -0.11247226] to [1.459879265917741, -0.8865138816841576, 1.4180411158065664, -2.102327507050043, -1.570796010927221, -0.1109170182670236] target: [-0.81457026 -0.61292999  0.20310251]
2025-03-18 21:46:41 - root - INFO - Planning and movingJ ur5e_2 from [ 1.45931161 -0.74640742  1.46224172 -2.27429389 -1.57071297 -0.11247226] to [1.459879265917741, -0.8865138816841576, 1.4180411158065664, -2.102327507050043, -1.570796010927221, -0.1109170182670236]
2025-03-18 21:46:41 - root - INFO - MovingJ ur5e_2 from [ 1.45931161 -0.74640742  1.46224172 -2.27429389 -1.57071297 -0.11247226] to [1.459879265917741, -0.8865138816841576, 1.4180411158065664, -2.102327507050043, -1.570796010927221, -0.1109170182670236]
2025-03-18 21:46:43 - root - WARNING - Movement for ur5e_2 timed out before reaching the target joints.
2025-03-18 21:46:43 - root - INFO - pick up block at (-0.615, -0.615) start_height 0.195
2025-03-18 21:46:43 - root - INFO - Planning and moving to xyz facing down ur5e_2 from [ 1.45987171 -0.88113676  1.41984414 -2.10230069 -1.57079467 -0.11092168] to [1.1865413144106534, -0.8548877485924669, 1.3847571751054875, -2.100666578374648, -1.5707962560311073, -0.3842550210218295] target: [-0.615, -0.615, 0.195]
2025-03-18 21:46:43 - root - INFO - Planning and movingJ ur5e_2 from [ 1.45987171 -0.88113676  1.41984414 -2.10230069 -1.57079467 -0.11092168] to [1.1865413144106534, -0.8548877485924669, 1.3847571751054875, -2.100666578374648, -1.5707962560311073, -0.3842550210218295]
2025-03-18 21:46:43 - root - INFO - MovingJ ur5e_2 from [ 1.45987171 -0.88113676  1.41984414 -2.10230069 -1.57079467 -0.11092168] to [1.1865413144106534, -0.8548877485924669, 1.3847571751054875, -2.100666578374648, -1.5707962560311073, -0.3842550210218295]
2025-03-18 21:46:44 - root - INFO - MovingL ur5e_2 from [-0.63595935 -0.6126105   0.19108173] to [-0.615 -0.615  0.095]
2025-03-18 21:46:45 - root - INFO - MovingJ ur5e_2 from [ 1.18857541 -0.71587049  1.42934934 -2.2733041  -1.57077606 -0.38221216] to [ 1.21502545 -0.85265857  1.39006755 -2.1006779  -1.5708051  -0.35562102]
2025-03-18 21:46:46 - root - INFO - Planning and moving to xyz facing down ur5e_2 from [ 1.19969173 -0.76924019  1.41399698 -2.19987833 -1.5707876  -0.37096897] to [1.2002404404002855, -0.8965898483141597, 1.3537188234135222, -2.0279294314384653, -1.5707959962296452, -0.37055584138953895] target: [-0.62484028 -0.61315607  0.23147684]
2025-03-18 21:46:46 - root - INFO - Planning and movingJ ur5e_2 from [ 1.19969173 -0.76924019  1.41399698 -2.19987833 -1.5707876  -0.37096897] to [1.2002404404002855, -0.8965898483141597, 1.3537188234135222, -2.0279294314384653, -1.5707959962296452, -0.37055584138953895]
2025-03-18 21:46:46 - root - INFO - MovingJ ur5e_2 from [ 1.19969173 -0.76924019  1.41399698 -2.19987833 -1.5707876  -0.37096897] to [1.2002404404002855, -0.8965898483141597, 1.3537188234135222, -2.0279294314384653, -1.5707959962296452, -0.37055584138953895]
2025-03-18 21:46:48 - root - WARNING - Movement for ur5e_2 timed out before reaching the target joints.
2025-03-18 21:46:48 - root - INFO - put down block at (-0.995, -0.615) start_height 0.195
2025-03-18 21:46:48 - root - INFO - Planning and moving to xyz facing down ur5e_2 from [ 1.20023203 -0.89151896  1.35545091 -2.02803853 -1.57079597 -0.37056245] to [1.7098825618216873, -0.8053611835268969, 1.2937604483173046, -2.059195918848964, -1.5707962976081926, 0.1390862313702858] target: [-0.995, -0.615, 0.195]
2025-03-18 21:46:48 - root - INFO - Planning and movingJ ur5e_2 from [ 1.20023203 -0.89151896  1.35545091 -2.02803853 -1.57079597 -0.37056245] to [1.7098825618216873, -0.8053611835268969, 1.2937604483173046, -2.059195918848964, -1.5707962976081926, 0.1390862313702858]
2025-03-18 21:46:48 - root - INFO - MovingJ ur5e_2 from [ 1.20023203 -0.89151896  1.35545091 -2.02803853 -1.57079597 -0.37056245] to [1.7098825618216873, -0.8053611835268969, 1.2937604483173046, -2.059195918848964, -1.5707962976081926, 0.1390862313702858]
2025-03-18 21:46:49 - root - INFO - MovingL ur5e_2 from [-0.97356523 -0.61000763  0.19265682] to [-0.995      -0.615       0.08978449]
2025-03-18 21:46:51 - root - INFO - MovingJ ur5e_2 from [ 1.707821   -0.66904757  1.33664394 -2.23800252 -1.57081485  0.13696264] to [ 1.68031857 -0.80551461  1.29879649 -2.05705201 -1.57095686  0.1096204 ]
2025-03-18 21:46:51 - root - INFO - Planning and moving to xyz facing down ur5e_2 from [ 1.69526733 -0.7273299   1.32037646 -2.15489975 -1.57079653  0.12444092] to [1.6958009599549484, -0.84635759355426, 1.253322404597354, -1.9777613763539095, -1.5707963053874876, 0.12500462814563224] target: [-0.98503521 -0.61075438  0.23559781]
2025-03-18 21:46:51 - root - INFO - Planning and movingJ ur5e_2 from [ 1.69526733 -0.7273299   1.32037646 -2.15489975 -1.57079653  0.12444092] to [1.6958009599549484, -0.84635759355426, 1.253322404597354, -1.9777613763539095, -1.5707963053874876, 0.12500462814563224]
2025-03-18 21:46:51 - root - INFO - MovingJ ur5e_2 from [ 1.69526733 -0.7273299   1.32037646 -2.15489975 -1.57079653  0.12444092] to [1.6958009599549484, -0.84635759355426, 1.253322404597354, -1.9777613763539095, -1.5707963053874876, 0.12500462814563224]
2025-03-18 21:46:53 - root - WARNING - Movement for ur5e_2 timed out before reaching the target joints.
2025-03-18 21:46:53 - root - INFO - pick up block at (-0.615, -0.615) start_height 0.155
2025-03-18 21:46:53 - root - INFO - Planning and moving to xyz facing down ur5e_2 from [ 1.69579436 -0.84083037  1.25527122 -1.97768378 -1.5707963   0.12499645] to [1.1865419267644526, -0.8034714746220587, 1.409695511051595, -2.1770206660327704, -1.5707962977079937, -0.3842544098016397] target: [-0.615, -0.615, 0.155]
2025-03-18 21:46:53 - root - INFO - Planning and movingJ ur5e_2 from [ 1.69579436 -0.84083037  1.25527122 -1.97768378 -1.5707963   0.12499645] to [1.1865419267644526, -0.8034714746220587, 1.409695511051595, -2.1770206660327704, -1.5707962977079937, -0.3842544098016397]
2025-03-18 21:46:53 - root - INFO - MovingJ ur5e_2 from [ 1.69579436 -0.84083037  1.25527122 -1.97768378 -1.5707963   0.12499645] to [1.1865419267644526, -0.8034714746220587, 1.409695511051595, -2.1770206660327704, -1.5707962977079937, -0.3842544098016397]
2025-03-18 21:46:54 - root - INFO - MovingL ur5e_2 from [-0.63555604 -0.61003782  0.15464438] to [-0.615 -0.615  0.055]
2025-03-18 21:46:56 - root - INFO - MovingJ ur5e_2 from [ 1.18829226 -0.6535593   1.42841832 -2.34404001 -1.57066422 -0.38283673] to [ 1.21574747 -0.80033883  1.4023695  -2.16494884 -1.5708107  -0.35481153]
2025-03-18 21:46:56 - root - INFO - Planning and moving to xyz facing down ur5e_2 from [ 1.20074875 -0.71633731  1.41760638 -2.26167601 -1.57070444 -0.37000206] to [1.2013076786177868, -0.8548217566770786, 1.3754567365881452, -2.0914353384410935, -1.5707960053601093, -0.369488603160169] target: [-0.62490662 -0.61120811  0.19811917]
2025-03-18 21:46:56 - root - INFO - Planning and movingJ ur5e_2 from [ 1.20074875 -0.71633731  1.41760638 -2.26167601 -1.57070444 -0.37000206] to [1.2013076786177868, -0.8548217566770786, 1.3754567365881452, -2.0914353384410935, -1.5707960053601093, -0.369488603160169]
2025-03-18 21:46:56 - root - INFO - MovingJ ur5e_2 from [ 1.20074875 -0.71633731  1.41760638 -2.26167601 -1.57070444 -0.37000206] to [1.2013076786177868, -0.8548217566770786, 1.3754567365881452, -2.0914353384410935, -1.5707960053601093, -0.369488603160169]
2025-03-18 21:46:58 - root - WARNING - Movement for ur5e_2 timed out before reaching the target joints.
2025-03-18 21:46:58 - root - INFO - Planning and moving to xyz facing down ur5e_1 from [ 1.17076676 -0.66252878  1.81835115  3.73844467 -1.57079653  2.74153437] to [1.1707375947544514, -0.8008460241030119, 1.7898419163398915, 3.723391248198888, -1.570796115818913, 2.741533952522535] target: [-0.115, -0.615, 0.05]
2025-03-18 21:46:58 - root - INFO - Planning and movingJ ur5e_1 from [ 1.17076676 -0.66252878  1.81835115  3.73844467 -1.57079653  2.74153437] to [1.1707375947544514, -0.8008460241030119, 1.7898419163398915, 3.723391248198888, -1.570796115818913, 2.741533952522535]
2025-03-18 21:46:58 - root - INFO - MovingJ ur5e_1 from [ 1.17076676 -0.66252878  1.81835115  3.73844467 -1.57079653  2.74153437] to [1.1707375947544514, -0.8008460241030119, 1.7898419163398915, 3.723391248198888, -1.570796115818913, 2.741533952522535]
2025-03-18 21:47:00 - root - WARNING - Movement for ur5e_1 timed out before reaching the target joints.
2025-03-18 21:47:00 - root - INFO - put down block at (-0.805, -0.615) start_height 0.195
2025-03-18 21:47:00 - root - INFO - Planning and moving to xyz facing down ur5e_2 from [ 1.20129769 -0.85037132  1.37656758 -2.09195949 -1.57079526 -0.36949681] to [1.4460617494981638, -0.8822074576948338, 1.4343817215277175, -2.122971193438936, -1.5707962716644521, -0.12473457936318423] target: [-0.805, -0.615, 0.195]
2025-03-18 21:47:00 - root - INFO - Planning and movingJ ur5e_2 from [ 1.20129769 -0.85037132  1.37656758 -2.09195949 -1.57079526 -0.36949681] to [1.4460617494981638, -0.8822074576948338, 1.4343817215277175, -2.122971193438936, -1.5707962716644521, -0.12473457936318423]
2025-03-18 21:47:00 - root - INFO - MovingJ ur5e_2 from [ 1.20129769 -0.85037132  1.37656758 -2.09195949 -1.57079526 -0.36949681] to [1.4460617494981638, -0.8822074576948338, 1.4343817215277175, -2.122971193438936, -1.5707962716644521, -0.12473457936318423]
2025-03-18 21:47:01 - root - INFO - MovingL ur5e_2 from [-0.78362436 -0.61234896  0.19216635] to [-0.805      -0.615       0.08978449]
2025-03-18 21:47:03 - root - INFO - MovingJ ur5e_2 from [ 1.44454843 -0.73841864  1.47363438 -2.31350519 -1.57087193 -0.12640442] to [ 1.41662081 -0.87494472  1.42832894 -2.11957166 -1.57133323 -0.15330093]
2025-03-18 21:47:03 - root - INFO - Planning and moving to xyz facing down ur5e_2 from [ 1.4305609  -0.80265257  1.4520589  -2.21583931 -1.57085796 -0.13990133] to [1.4311119510786316, -0.9283829072718707, 1.3814250153505356, -2.023838643233078, -1.570796307788719, -0.13968438103606773] target: [-0.7938484  -0.61115301  0.24117754]
2025-03-18 21:47:03 - root - INFO - Planning and movingJ ur5e_2 from [ 1.4305609  -0.80265257  1.4520589  -2.21583931 -1.57085796 -0.13990133] to [1.4311119510786316, -0.9283829072718707, 1.3814250153505356, -2.023838643233078, -1.570796307788719, -0.13968438103606773]
2025-03-18 21:47:03 - root - INFO - MovingJ ur5e_2 from [ 1.4305609  -0.80265257  1.4520589  -2.21583931 -1.57085796 -0.13990133] to [1.4311119510786316, -0.9283829072718707, 1.3814250153505356, -2.023838643233078, -1.570796307788719, -0.13968438103606773]
2025-03-18 21:47:05 - root - WARNING - Movement for ur5e_2 timed out before reaching the target joints.
2025-03-18 21:47:05 - root - INFO - pick up block at (-0.995, -0.615) start_height 0.195
2025-03-18 21:47:05 - root - INFO - Planning and moving to xyz facing down ur5e_2 from [ 1.43110616 -0.92325804  1.38331658 -2.02370891 -1.57079707 -0.13968709] to [1.7098816979561742, -0.8053682262074767, 1.2937758427129111, -2.0592050077575, -1.5707962316860735, 0.13908536244040665] target: [-0.995, -0.615, 0.195]
2025-03-18 21:47:05 - root - INFO - Planning and movingJ ur5e_2 from [ 1.43110616 -0.92325804  1.38331658 -2.02370891 -1.57079707 -0.13968709] to [1.7098816979561742, -0.8053682262074767, 1.2937758427129111, -2.0592050077575, -1.5707962316860735, 0.13908536244040665]
2025-03-18 21:47:05 - root - INFO - MovingJ ur5e_2 from [ 1.43110616 -0.92325804  1.38331658 -2.02370891 -1.57079707 -0.13968709] to [1.7098816979561742, -0.8053682262074767, 1.2937758427129111, -2.0592050077575, -1.5707962316860735, 0.13908536244040665]
2025-03-18 21:47:06 - root - INFO - MovingL ur5e_2 from [-0.97371006 -0.61220776  0.19498316] to [-0.995 -0.615  0.095]
2025-03-18 21:47:08 - root - INFO - MovingJ ur5e_2 from [ 1.70776517 -0.67307398  1.33952255 -2.22712053 -1.5708178   0.13699085] to [ 1.68081725 -0.81261557  1.30488124 -2.05494841 -1.57078643  0.10988157]
2025-03-18 21:47:08 - root - INFO - Planning and moving to xyz facing down ur5e_2 from [ 1.69639943 -0.72744233  1.3261871  -2.15388097 -1.57080668  0.12552859] to [1.6969331153521268, -0.8483643856264996, 1.2637868436559239, -1.9862190139970437, -1.5707963061826944, 0.12613678364286027] target: [-0.98560211 -0.61295934  0.2331214 ]
2025-03-18 21:47:08 - root - INFO - Planning and movingJ ur5e_2 from [ 1.69639943 -0.72744233  1.3261871  -2.15388097 -1.57080668  0.12552859] to [1.6969331153521268, -0.8483643856264996, 1.2637868436559239, -1.9862190139970437, -1.5707963061826944, 0.12613678364286027]
2025-03-18 21:47:08 - root - INFO - MovingJ ur5e_2 from [ 1.69639943 -0.72744233  1.3261871  -2.15388097 -1.57080668  0.12552859] to [1.6969331153521268, -0.8483643856264996, 1.2637868436559239, -1.9862190139970437, -1.5707963061826944, 0.12613678364286027]
2025-03-18 21:47:10 - root - WARNING - Movement for ur5e_2 timed out before reaching the target joints.
2025-03-18 21:47:10 - root - INFO - put down block at (-0.805, -0.615) start_height 0.235
2025-03-18 21:47:10 - root - INFO - Planning and moving to xyz facing down ur5e_2 from [ 1.69692437 -0.84307548  1.26556703 -1.98634972 -1.5707966   0.12612652] to [1.4460615966172539, -0.9288365829295844, 1.399803059390639, -2.04176346363149, -1.5707962683013978, -0.12473475138688318] target: [-0.805, -0.615, 0.235]
2025-03-18 21:47:10 - root - INFO - Planning and movingJ ur5e_2 from [ 1.69692437 -0.84307548  1.26556703 -1.98634972 -1.5707966   0.12612652] to [1.4460615966172539, -0.9288365829295844, 1.399803059390639, -2.04176346363149, -1.5707962683013978, -0.12473475138688318]
2025-03-18 21:47:10 - root - INFO - MovingJ ur5e_2 from [ 1.69692437 -0.84307548  1.26556703 -1.98634972 -1.5707966   0.12612652] to [1.4460615966172539, -0.9288365829295844, 1.399803059390639, -2.04176346363149, -1.5707962683013978, -0.12473475138688318]
2025-03-18 21:47:11 - root - INFO - MovingL ur5e_2 from [-0.82521353 -0.61254741  0.23045106] to [-0.805     -0.615      0.1293864]
2025-03-18 21:47:13 - root - INFO - MovingJ ur5e_2 from [ 1.44810357 -0.79420546  1.46515927 -2.23853694 -1.57078189 -0.12273713] to [ 1.47489    -0.91448614  1.38588091 -2.03503708 -1.57066931 -0.09601626]
2025-03-18 21:47:13 - root - INFO - Planning and moving to xyz facing down ur5e_2 from [ 1.46175592 -0.85166927  1.42573712 -2.13416915 -1.57079575 -0.10906902] to [1.4623149731488285, -0.9625323592723601, 1.3344378555008656, -1.9427020498173133, -1.5707963064611696, -0.10848135910041053] target: [-0.81615149 -0.6115764   0.27882168]
2025-03-18 21:47:13 - root - INFO - Planning and movingJ ur5e_2 from [ 1.46175592 -0.85166927  1.42573712 -2.13416915 -1.57079575 -0.10906902] to [1.4623149731488285, -0.9625323592723601, 1.3344378555008656, -1.9427020498173133, -1.5707963064611696, -0.10848135910041053]
2025-03-18 21:47:13 - root - INFO - MovingJ ur5e_2 from [ 1.46175592 -0.85166927  1.42573712 -2.13416915 -1.57079575 -0.10906902] to [1.4623149731488285, -0.9625323592723601, 1.3344378555008656, -1.9427020498173133, -1.5707963064611696, -0.10848135910041053]
2025-03-18 21:47:15 - root - WARNING - Movement for ur5e_2 timed out before reaching the target joints.
2025-03-18 21:47:15 - root - INFO - pick up block at (-0.995, -0.615) start_height 0.155
2025-03-18 21:47:15 - root - INFO - Planning and moving to xyz facing down ur5e_2 from [ 1.46230904 -0.95752448  1.33643301 -1.94257118 -1.57079629 -0.10848867] to [1.7098815193128634, -0.7564447363686377, 1.319235858984004, -2.1335886421580734, -1.5707962188964169, 0.13908518224180888] target: [-0.995, -0.615, 0.155]
2025-03-18 21:47:15 - root - INFO - Planning and movingJ ur5e_2 from [ 1.46230904 -0.95752448  1.33643301 -1.94257118 -1.57079629 -0.10848867] to [1.7098815193128634, -0.7564447363686377, 1.319235858984004, -2.1335886421580734, -1.5707962188964169, 0.13908518224180888]
2025-03-18 21:47:15 - root - INFO - MovingJ ur5e_2 from [ 1.46230904 -0.95752448  1.33643301 -1.94257118 -1.57079629 -0.10848867] to [1.7098815193128634, -0.7564447363686377, 1.319235858984004, -2.1335886421580734, -1.5707962188964169, 0.13908518224180888]
2025-03-18 21:47:16 - root - INFO - MovingL ur5e_2 from [-0.97397703 -0.61171995  0.16461698] to [-0.995 -0.615  0.055]
2025-03-18 21:47:21 - root - WARNING - Linear movement for ur5e_2 completed, but target not reached within tolerance after 400 attempts
2025-03-18 21:47:21 - root - INFO - MovingJ ur5e_2 from [ 1.70995996 -0.6125088   1.33469168 -2.30475511 -1.57084069  0.13908763] to [ 1.68110454 -0.77470709  1.32295432 -2.11074655 -1.57078709  0.11019055]
2025-03-18 21:47:22 - root - INFO - Planning and moving to xyz facing down ur5e_2 from [ 1.6957929  -0.68998549  1.33549794 -2.20738374 -1.57068002  0.12458376] to [1.6963434490671498, -0.8199255882077894, 1.286654978766218, -2.0375259365739273, -1.5707963068604032, 0.12554711741050872] target: [-0.98522453 -0.61246762  0.20680476]
2025-03-18 21:47:22 - root - INFO - Planning and movingJ ur5e_2 from [ 1.6957929  -0.68998549  1.33549794 -2.20738374 -1.57068002  0.12458376] to [1.6963434490671498, -0.8199255882077894, 1.286654978766218, -2.0375259365739273, -1.5707963068604032, 0.12554711741050872]
2025-03-18 21:47:22 - root - INFO - MovingJ ur5e_2 from [ 1.6957929  -0.68998549  1.33549794 -2.20738374 -1.57068002  0.12458376] to [1.6963434490671498, -0.8199255882077894, 1.286654978766218, -2.0375259365739273, -1.5707963068604032, 0.12554711741050872]
2025-03-18 21:47:23 - root - INFO - Planning and moving to xyz facing down ur5e_1 from [ 1.17101124 -0.59286648  1.82873122  3.74580261 -1.5707964   2.74153397] to [1.1707407142923925, -0.8008310126784216, 1.7898101659826289, 3.72340960916088, -1.5707963008256909, 2.7415370314346994] target: [-0.115, -0.615, 0.05]
2025-03-18 21:47:23 - root - INFO - Planning and movingJ ur5e_1 from [ 1.17101124 -0.59286648  1.82873122  3.74580261 -1.5707964   2.74153397] to [1.1707407142923925, -0.8008310126784216, 1.7898101659826289, 3.72340960916088, -1.5707963008256909, 2.7415370314346994]
