2025-03-18 20:28:18 - root - INFO - Logging setup complete for Hanoi_sim
2025-03-18 20:28:18 - root - INFO - pick up block at (-0.995, -0.615) start_height 0.275
2025-03-18 20:28:18 - root - INFO - Planning and moving to xyz facing down ur5e_2 from [-1.56417438e+00 -1.56694744e+00 -4.97276278e-04 -1.56588207e+00
  1.05265287e-05 -1.99549302e-06] to [-1.074783141708404, -2.2575570250807933, 5.071464182861853, -1.2431086925328925, 1.5707962928687846, 0.4960131157677284] target: [-0.995, -0.615, 0.275]
2025-03-18 20:28:18 - root - INFO - Planning and movingJ ur5e_2 from [-1.56417438e+00 -1.56694744e+00 -4.97276278e-04 -1.56588207e+00
  1.05265287e-05 -1.99549302e-06] to [-1.074783141708404, -2.2575570250807933, -1.2117211243177328, -1.2431086925328925, 1.5707962928687846, 0.4960131157677284]
2025-03-18 20:28:18 - root - INFO - MovingJ ur5e_2 from [-1.56417438e+00 -1.56694744e+00 -4.97276278e-04 -1.56588207e+00
  1.05265287e-05 -1.99549302e-06] to [-1.074783141708404, -2.2575570250807933, -1.2117211243177328, -1.2431086925328925, 1.5707962928687846, 0.4960131157677284]
2025-03-18 20:28:20 - root - INFO - MovingL ur5e_2 from [-0.98749985 -0.60892987  0.28951796] to [-0.995 -0.615  0.175]
2025-03-18 20:28:22 - root - INFO - MovingJ ur5e_2 from [-1.07567712 -2.36344715 -1.3036641  -1.05949544  1.57063192  0.49509813] to [-1.0836769  -2.25018794 -1.19131043 -1.24968601  1.54188745  0.48687293]
2025-03-18 20:28:22 - root - INFO - Planning and moving to xyz facing down ur5e_2 from [-1.07565988 -2.31237325 -1.24986571 -1.15351962  1.55649533  0.49509813] to [-1.0781114545576385, -2.2332957983868376, -1.1180840609746616, -1.3610087622144904, 1.5707962961758783, 0.49268487784940307] target: [-0.99461207 -0.61051166  0.32599728]
2025-03-18 20:28:22 - root - INFO - Planning and movingJ ur5e_2 from [-1.07565988 -2.31237325 -1.24986571 -1.15351962  1.55649533  0.49509813] to [-1.0781114545576385, -2.2332957983868376, -1.1180840609746616, -1.3610087622144904, 1.5707962961758783, 0.49268487784940307]
2025-03-18 20:28:22 - root - INFO - MovingJ ur5e_2 from [-1.07565988 -2.31237325 -1.24986571 -1.15351962  1.55649533  0.49509813] to [-1.0781114545576385, -2.2332957983868376, -1.1180840609746616, -1.3610087622144904, 1.5707962961758783, 0.49268487784940307]
2025-03-18 20:28:24 - root - WARNING - Movement for ur5e_2 timed out before reaching the target joints.
2025-03-18 20:28:24 - root - INFO - put down block at (-0.805, -0.615) start_height 0.11962103599774408
2025-03-18 20:28:24 - root - INFO - Planning and moving to xyz facing down ur5e_2 from [-1.07810706 -2.23819835 -1.11998752 -1.36107067  1.57077263  0.49268888] to [-1.3203509292083253, -2.3637054249428857, -1.4729998138015987, -0.8756805510193407, 1.570796095698172, 0.25044527058381894] target: [-0.805, -0.615, 0.11962103599774408]
2025-03-18 20:28:24 - root - INFO - Planning and movingJ ur5e_2 from [-1.07810706 -2.23819835 -1.11998752 -1.36107067  1.57077263  0.49268888] to [-1.3203509292083253, -2.3637054249428857, -1.4729998138015987, -0.8756805510193407, 1.570796095698172, 0.25044527058381894]
2025-03-18 20:28:24 - root - INFO - MovingJ ur5e_2 from [-1.07810706 -2.23819835 -1.11998752 -1.36107067  1.57077263  0.49268888] to [-1.3203509292083253, -2.3637054249428857, -1.4729998138015987, -0.8756805510193407, 1.570796095698172, 0.25044527058381894]
2025-03-18 20:28:26 - root - INFO - MovingL ur5e_2 from [-0.81650674 -0.61177701  0.12664366] to [-0.805      -0.615       0.06962104]
2025-03-18 20:28:27 - root - INFO - MovingJ ur5e_2 from [-1.31868249 -2.45042892 -1.48137993 -0.80302176  1.57080805  0.25210092] to [-1.30576791 -2.36098432 -1.45312373 -0.90500025  1.57088527  0.26493864]
2025-03-18 20:28:27 - root - INFO - Planning and moving to xyz facing down ur5e_2 from [-1.31867736 -2.45065382 -1.48135273 -0.80507264  1.57080805  0.25210092] to [-1.3192364767652434, -2.295710442232009, -1.4658600083984268, -0.9508148676047041, 1.5707960378102697, 0.2515598072641832] target: [-0.80506108 -0.61791052  0.16282497]
2025-03-18 20:28:27 - root - INFO - Planning and movingJ ur5e_2 from [-1.31867736 -2.45065382 -1.48135273 -0.80507264  1.57080805  0.25210092] to [-1.3192364767652434, -2.295710442232009, -1.4658600083984268, -0.9508148676047041, 1.5707960378102697, 0.2515598072641832]
2025-03-18 20:28:27 - root - INFO - MovingJ ur5e_2 from [-1.31867736 -2.45065382 -1.48135273 -0.80507264  1.57080805  0.25210092] to [-1.3192364767652434, -2.295710442232009, -1.4658600083984268, -0.9508148676047041, 1.5707960378102697, 0.2515598072641832]
2025-03-18 20:28:29 - root - WARNING - Movement for ur5e_2 timed out before reaching the target joints.
2025-03-18 20:28:29 - root - INFO - pick up block at (-0.995, -0.615) start_height 0.195
2025-03-18 20:28:29 - root - INFO - Planning and moving to xyz facing down ur5e_2 from [-1.31922747 -2.3013472  -1.46750217 -0.95078609  1.57079626  0.25157041] to [-1.074784087295542, -2.336225606557232, -1.2937732153037234, -1.0823892219430111, 1.5707962491679786, 0.4960122364530673] target: [-0.995, -0.615, 0.195]
2025-03-18 20:28:29 - root - INFO - Planning and movingJ ur5e_2 from [-1.31922747 -2.3013472  -1.46750217 -0.95078609  1.57079626  0.25157041] to [-1.074784087295542, -2.336225606557232, -1.2937732153037234, -1.0823892219430111, 1.5707962491679786, 0.4960122364530673]
2025-03-18 20:28:29 - root - INFO - MovingJ ur5e_2 from [-1.31922747 -2.3013472  -1.46750217 -0.95078609  1.57079626  0.25157041] to [-1.074784087295542, -2.336225606557232, -1.2937732153037234, -1.0823892219430111, 1.5707962491679786, 0.4960122364530673]
2025-03-18 20:28:30 - root - INFO - MovingL ur5e_2 from [-0.9724464  -0.61291758  0.18600155] to [-0.995 -0.615  0.095]
2025-03-18 20:28:34 - root - WARNING - Linear movement for ur5e_2 completed, but target not reached within tolerance after 400 attempts
2025-03-18 20:28:35 - root - INFO - MovingJ ur5e_2 from [-1.07504984 -2.43418577 -1.30138517 -0.92982424  1.5712552   0.49590489] to [-1.10316569 -2.33723871 -1.31569289 -1.06754819  1.57080465  0.46748315]
2025-03-18 20:28:35 - root - INFO - Planning and moving to xyz facing down ur5e_2 from [-1.08258238 -2.41114064 -1.30228765 -0.96777634  1.57132132  0.4881013 ] to [-1.0830404537207916, -2.3015796829167017, -1.209014308226115, -1.2017946871598875, 1.5707963002743872, 0.48775587855228597] target: [-0.99314894 -0.60543189  0.24758807]
2025-03-18 20:28:35 - root - INFO - Planning and movingJ ur5e_2 from [-1.08258238 -2.41114064 -1.30228765 -0.96777634  1.57132132  0.4881013 ] to [-1.0830404537207916, -2.3015796829167017, -1.209014308226115, -1.2017946871598875, 1.5707963002743872, 0.48775587855228597]
2025-03-18 20:28:35 - root - INFO - MovingJ ur5e_2 from [-1.08258238 -2.41114064 -1.30228765 -0.96777634  1.57132132  0.4881013 ] to [-1.0830404537207916, -2.3015796829167017, -1.209014308226115, -1.2017946871598875, 1.5707963002743872, 0.48775587855228597]
2025-03-18 20:28:37 - root - WARNING - Movement for ur5e_2 timed out before reaching the target joints.
2025-03-18 20:28:37 - root - INFO - put down block at (-0.615, -0.615) start_height 0.11966976325205425
2025-03-18 20:28:37 - root - INFO - Planning and moving to xyz facing down ur5e_2 from [-1.083034   -2.3057313  -1.21015195 -1.20150032  1.57080069  0.4877586 ] to [-1.5867092677668482, -2.3882466588292464, -1.423583613050306, -0.9005583236031166, 1.570796289798768, -0.015912935106088155] target: [-0.615, -0.615, 0.11966976325205425]
2025-03-18 20:28:37 - root - INFO - Planning and movingJ ur5e_2 from [-1.083034   -2.3057313  -1.21015195 -1.20150032  1.57080069  0.4877586 ] to [-1.5867092677668482, -2.3882466588292464, -1.423583613050306, -0.9005583236031166, 1.570796289798768, -0.015912935106088155]
2025-03-18 20:28:37 - root - INFO - MovingJ ur5e_2 from [-1.083034   -2.3057313  -1.21015195 -1.20150032  1.57080069  0.4877586 ] to [-1.5867092677668482, -2.3882466588292464, -1.423583613050306, -0.9005583236031166, 1.570796289798768, -0.015912935106088155]
2025-03-18 20:28:39 - root - INFO - MovingL ur5e_2 from [-0.63614334 -0.6086586   0.12363059] to [-0.615      -0.615       0.06966976]
2025-03-18 20:28:40 - root - INFO - MovingJ ur5e_2 from [-1.58386473 -2.47335048 -1.43206423 -0.82531057  1.57088693 -0.0132165 ] to [-1.55736871 -2.38707794 -1.4119649  -0.91687564  1.57152851  0.01225087]
2025-03-18 20:28:40 - root - INFO - Planning and moving to xyz facing down ur5e_2 from [-1.58386473 -2.4736196  -1.43213465 -0.82533721  1.57088693 -0.0132165 ] to [-1.58440173777972, -2.322463086468335, -1.4143270690024985, -0.9755950408316776, 1.5707960280283, -0.013605454945992093] target: [-0.61667974 -0.6170318   0.1631533 ]
2025-03-18 20:28:40 - root - INFO - Planning and movingJ ur5e_2 from [-1.58386473 -2.4736196  -1.43213465 -0.82533721  1.57088693 -0.0132165 ] to [-1.58440173777972, -2.322463086468335, -1.4143270690024985, -0.9755950408316776, 1.5707960280283, -0.013605454945992093]
2025-03-18 20:28:40 - root - INFO - MovingJ ur5e_2 from [-1.58386473 -2.4736196  -1.43213465 -0.82533721  1.57088693 -0.0132165 ] to [-1.58440173777972, -2.322463086468335, -1.4143270690024985, -0.9755950408316776, 1.5707960280283, -0.013605454945992093]
2025-03-18 20:28:42 - root - WARNING - Movement for ur5e_2 timed out before reaching the target joints.
2025-03-18 20:28:42 - root - INFO - pick up block at (-0.805, -0.615) start_height 0.034999999999999996
2025-03-18 20:28:42 - root - INFO - Planning and moving to xyz facing down ur5e_2 from [-1.58439263 -2.32825197 -1.41600769 -0.97550765  1.57079789 -0.01359744] to [-1.3203526609566403, -2.5024621700064174, -1.475373388927923, -0.7345523834936111, 1.5707962250484844, 0.2504436937985388] target: [-0.805, -0.615, 0.034999999999999996]
2025-03-18 20:28:42 - root - INFO - Planning and movingJ ur5e_2 from [-1.58439263 -2.32825197 -1.41600769 -0.97550765  1.57079789 -0.01359744] to [-1.3203526609566403, -2.5024621700064174, -1.475373388927923, -0.7345523834936111, 1.5707962250484844, 0.2504436937985388]
2025-03-18 20:28:42 - root - INFO - MovingJ ur5e_2 from [-1.58439263 -2.32825197 -1.41600769 -0.97550765  1.57079789 -0.01359744] to [-1.3203526609566403, -2.5024621700064174, -1.475373388927923, -0.7345523834936111, 1.5707962250484844, 0.2504436937985388]
2025-03-18 20:28:43 - root - INFO - MovingL ur5e_2 from [-0.78487101 -0.61095123  0.04833435] to [-0.805 -0.615 -0.065]
