2025-03-18 20:23:25 - root - INFO - Logging setup complete for Hanoi_sim
2025-03-18 20:23:26 - root - INFO - pick up block at (-0.995, -0.615) start_height 0.28500000000000003
2025-03-18 20:23:26 - root - INFO - Planning and moving to xyz facing down ur5e_2 from [-1.56417438e+00 -1.56694744e+00 -4.97276278e-04 -1.56588207e+00
  1.05265287e-05 -1.99549302e-06] to [-1.0747847314067571, -2.249718166422779, -1.198360875168569, -1.2643095470406644, 1.5707962936831796, -5.787173709995645] target: [-0.995, -0.615, 0.28500000000000003]
2025-03-18 20:23:26 - root - INFO - Planning and movingJ ur5e_2 from [-1.56417438e+00 -1.56694744e+00 -4.97276278e-04 -1.56588207e+00
  1.05265287e-05 -1.99549302e-06] to [-1.0747847314067571, -2.249718166422779, -1.198360875168569, -1.2643095470406644, 1.5707962936831796, 0.4960115971839416]
2025-03-18 20:23:26 - root - INFO - MovingJ ur5e_2 from [-1.56417438e+00 -1.56694744e+00 -4.97276278e-04 -1.56588207e+00
  1.05265287e-05 -1.99549302e-06] to [-1.0747847314067571, -2.249718166422779, -1.198360875168569, -1.2643095470406644, 1.5707962936831796, 0.4960115971839416]
2025-03-18 20:23:28 - root - INFO - MovingL ur5e_2 from [-0.98739196 -0.60912961  0.29940022] to [-0.995 -0.615  0.185]
2025-03-18 20:23:29 - root - INFO - MovingJ ur5e_2 from [-1.07572246 -2.3534582  -1.29751244 -1.0801055   1.57062138  0.49505414] to [-1.08367938 -2.24246836 -1.17820382 -1.27049528  1.54188738  0.48687144]
2025-03-18 20:23:30 - root - INFO - put down block at (-0.805, -0.615) start_height 0.11962102479785809
2025-03-18 20:23:30 - root - INFO - Planning and moving to xyz facing down ur5e_2 from [-1.07570528 -2.30348525 -1.24030293 -1.17422787  1.55648988  0.49505414] to [-1.320352840423525, -2.363719104991184, -1.4729674503542622, -0.8757011653229484, 1.570796234342779, 0.25044344051909084] target: [-0.805, -0.615, 0.11962102479785809]
2025-03-18 20:23:30 - root - INFO - Planning and movingJ ur5e_2 from [-1.07570528 -2.30348525 -1.24030293 -1.17422787  1.55648988  0.49505414] to [-1.320352840423525, -2.363719104991184, -1.4729674503542622, -0.8757011653229484, 1.570796234342779, 0.25044344051909084]
2025-03-18 20:23:30 - root - INFO - MovingJ ur5e_2 from [-1.07570528 -2.30348525 -1.24030293 -1.17422787  1.55648988  0.49505414] to [-1.320352840423525, -2.363719104991184, -1.4729674503542622, -0.8757011653229484, 1.570796234342779, 0.25044344051909084]
2025-03-18 20:23:31 - root - INFO - MovingL ur5e_2 from [-0.82294989 -0.61190193  0.12599846] to [-0.805      -0.615       0.06962102]
2025-03-18 20:23:32 - root - INFO - MovingJ ur5e_2 from [-1.3177206  -2.45082039 -1.48131411 -0.80269691  1.57074447  0.25306431] to [-1.29676341 -2.36266489 -1.45187565 -0.90461533  1.5695528   0.27390294]
2025-03-18 20:23:32 - root - INFO - pick up block at (-0.995, -0.615) start_height 0.21500000000000002
2025-03-18 20:23:32 - root - INFO - Planning and moving to xyz facing down ur5e_2 from [-1.31771558 -2.4510686  -1.4812648  -0.80474665  1.57074447  0.25306431] to [-1.074783091093431, -2.3140479400792127, -1.2772382722603235, -1.1211008881271067, 1.57079618138671, 0.49601321337182075] target: [-0.995, -0.615, 0.21500000000000002]
2025-03-18 20:23:32 - root - INFO - Planning and movingJ ur5e_2 from [-1.31771558 -2.4510686  -1.4812648  -0.80474665  1.57074447  0.25306431] to [-1.074783091093431, -2.3140479400792127, -1.2772382722603235, -1.1211008881271067, 1.57079618138671, 0.49601321337182075]
2025-03-18 20:23:32 - root - INFO - MovingJ ur5e_2 from [-1.31771558 -2.4510686  -1.4812648  -0.80474665  1.57074447  0.25306431] to [-1.074783091093431, -2.3140479400792127, -1.2772382722603235, -1.1211008881271067, 1.57079618138671, 0.49601321337182075]
2025-03-18 20:23:33 - root - INFO - MovingL ur5e_2 from [-0.97798402 -0.61190945  0.19552978] to [-0.995 -0.615  0.115]
2025-03-18 20:23:38 - root - WARNING - Linear movement for ur5e_2 completed, but target not reached within tolerance after 400 attempts
2025-03-18 20:23:38 - root - INFO - MovingJ ur5e_2 from [-1.07490353 -2.42288644 -1.32167855 -0.92628026  1.57101552  0.49601386] to [-1.09708833 -2.33180838 -1.29768434 -1.09238028  1.57078798  0.47356812]
2025-03-18 20:23:38 - root - INFO - put down block at (-0.615, -0.615) start_height 0.11966886320822327
2025-03-18 20:23:38 - root - INFO - Planning and moving to xyz facing down ur5e_2 from [-1.07487786 -2.38931995 -1.32265387 -0.99474041  1.57101413  0.49601395] to [-1.5867094204394327, -2.3882489300419203, -1.4235817908002912, -0.9005579810198294, 1.5707963009645118, -0.015913091713466356] target: [-0.615, -0.615, 0.11966886320822327]
2025-03-18 20:23:38 - root - INFO - Planning and movingJ ur5e_2 from [-1.07487786 -2.38931995 -1.32265387 -0.99474041  1.57101413  0.49601395] to [-1.5867094204394327, -2.3882489300419203, -1.4235817908002912, -0.9005579810198294, 1.5707963009645118, -0.015913091713466356]
2025-03-18 20:23:38 - root - INFO - MovingJ ur5e_2 from [-1.07487786 -2.38931995 -1.32265387 -0.99474041  1.57101413  0.49601395] to [-1.5867094204394327, -2.3882489300419203, -1.4235817908002912, -0.9005579810198294, 1.5707963009645118, -0.015913091713466356]
2025-03-18 20:23:40 - root - INFO - MovingL ur5e_2 from [-0.63599131 -0.61004067  0.11839776] to [-0.615      -0.615       0.06966886]
2025-03-18 20:23:41 - root - INFO - MovingJ ur5e_2 from [-1.58373241 -2.47340204 -1.43253818 -0.824807    1.57089506 -0.01308732] to [-1.55755238 -2.39221002 -1.41853516 -0.90540346  1.5715131   0.01222772]
2025-03-18 20:23:41 - root - INFO - pick up block at (-0.805, -0.615) start_height 0.07500000000000001
2025-03-18 20:23:41 - root - INFO - Planning and moving to xyz facing down ur5e_2 from [-1.5837324  -2.47367115 -1.43260857 -0.82483365  1.57089505 -0.01308732] to [-1.320353317467693, -2.434359386010526, -1.4796033068288963, -0.7984257167786087, 1.5707962731512037, 0.25044302662353346] target: [-0.805, -0.615, 0.07500000000000001]
2025-03-18 20:23:41 - root - INFO - Planning and movingJ ur5e_2 from [-1.5837324  -2.47367115 -1.43260857 -0.82483365  1.57089505 -0.01308732] to [-1.320353317467693, -2.434359386010526, -1.4796033068288963, -0.7984257167786087, 1.5707962731512037, 0.25044302662353346]
2025-03-18 20:23:41 - root - INFO - MovingJ ur5e_2 from [-1.5837324  -2.47367115 -1.43260857 -0.82483365  1.57089505 -0.01308732] to [-1.320353317467693, -2.434359386010526, -1.4796033068288963, -0.7984257167786087, 1.5707962731512037, 0.25044302662353346]
2025-03-18 20:23:42 - root - INFO - MovingL ur5e_2 from [-0.78398711 -0.61384079  0.06932052] to [-0.805 -0.615 -0.025]
2025-03-18 20:23:47 - root - WARNING - Linear movement for ur5e_2 completed, but target not reached within tolerance after 400 attempts
2025-03-18 20:23:47 - root - INFO - MovingJ ur5e_2 from [-1.32408562 -2.56226862 -1.41005815 -0.69853801  1.56976688  0.24791475] to [-1.34977161 -2.44405218 -1.47567607 -0.80191714  1.57083988  0.22084766]
2025-03-18 20:23:47 - root - INFO - put down block at (-0.615, -0.615) start_height 0.14500000000000002
2025-03-18 20:23:47 - root - INFO - Planning and moving to xyz facing down ur5e_2 from [-1.32891038 -2.54449053 -1.42324974 -0.71820403  1.56974588  0.24279736] to [-1.5867084304811636, -2.351870954753224, -1.4144142473952241, -0.9461027047129087, 1.5707962366678938, -0.015912117404667064] target: [-0.615, -0.615, 0.14500000000000002]
2025-03-18 20:23:47 - root - INFO - Planning and movingJ ur5e_2 from [-1.32891038 -2.54449053 -1.42324974 -0.71820403  1.56974588  0.24279736] to [-1.5867084304811636, -2.351870954753224, -1.4144142473952241, -0.9461027047129087, 1.5707962366678938, -0.015912117404667064]
2025-03-18 20:23:47 - root - INFO - MovingJ ur5e_2 from [-1.32891038 -2.54449053 -1.42324974 -0.71820403  1.56974588  0.24279736] to [-1.5867084304811636, -2.351870954753224, -1.4144142473952241, -0.9461027047129087, 1.5707962366678938, -0.015912117404667064]
2025-03-18 20:23:48 - root - INFO - MovingL ur5e_2 from [-0.63600645 -0.61029907  0.12705831] to [-0.615      -0.615       0.08978449]
2025-03-18 20:23:49 - root - INFO - MovingJ ur5e_2 from [-1.58285938 -2.44359914 -1.43269537 -0.86003091  1.57075758 -0.01198763] to [-1.55737509 -2.37902091 -1.41684049 -0.92052675  1.57042101  0.01370486]
2025-03-18 20:23:49 - root - INFO - pick up block at (-0.995, -0.615) start_height 0.14500000000000002
2025-03-18 20:23:49 - root - INFO - Planning and moving to xyz facing down ur5e_2 from [-1.58285938 -2.44386522 -1.43276749 -0.86005751  1.57075758 -0.01198763] to [-1.074784768532766, -2.3982937875617245, -1.3240091337639097, -0.9900857528547485, 1.570796298013765, 0.49601156454915823] target: [-0.995, -0.615, 0.14500000000000002]
2025-03-18 20:23:49 - root - INFO - Planning and movingJ ur5e_2 from [-1.58285938 -2.44386522 -1.43276749 -0.86005751  1.57075758 -0.01198763] to [-1.074784768532766, -2.3982937875617245, -1.3240091337639097, -0.9900857528547485, 1.570796298013765, 0.49601156454915823]
2025-03-18 20:23:49 - root - INFO - MovingJ ur5e_2 from [-1.58285938 -2.44386522 -1.43276749 -0.86005751  1.57075758 -0.01198763] to [-1.074784768532766, -2.3982937875617245, -1.3240091337639097, -0.9900857528547485, 1.570796298013765, 0.49601156454915823]
2025-03-18 20:23:50 - root - INFO - MovingL ur5e_2 from [-0.97316018 -0.61029132  0.13640224] to [-0.995 -0.615  0.045]
