2025-03-18 21:33:27 - root - INFO - Logging setup complete for Hanoi_sim
2025-03-18 21:33:27 - root - INFO - Planning and moving to xyz facing down ur5e_1 from [-1.56417438e+00 -1.56694744e+00 -4.97276278e-04 -1.56588207e+00
  1.05265287e-05 -1.99549302e-06] to [1.1707394145223764, -0.4606271650865945, 1.0301272787840021, 1.0012954246520747, 1.5707962230678967, -0.4000569242787898] target: [-0.115, -0.615, 0.05]
2025-03-18 21:33:27 - root - INFO - Planning and movingJ ur5e_1 from [-1.56417438e+00 -1.56694744e+00 -4.97276278e-04 -1.56588207e+00
  1.05265287e-05 -1.99549302e-06] to [1.1707394145223764, -0.4606271650865945, 1.0301272787840021, 1.0012954246520747, 1.5707962230678967, -0.4000569242787898]
2025-03-18 21:33:27 - root - INFO - MovingJ ur5e_1 from [-1.56417438e+00 -1.56694744e+00 -4.97276278e-04 -1.56588207e+00
  1.05265287e-05 -1.99549302e-06] to [1.1707394145223764, -0.4606271650865945, 1.0301272787840021, 1.0012954246520747, 1.5707962230678967, -0.4000569242787898]
2025-03-18 21:33:37 - root - WARNING - Movement for ur5e_1 timed out before reaching the target joints.
2025-03-18 21:33:37 - root - INFO - pick up block at (-0.995, -0.615) start_height 0.275
2025-03-18 21:33:37 - root - INFO - Planning and moving to xyz facing down ur5e_2 from [-1.56417434e+00 -1.56694666e+00 -4.97095821e-04 -1.56588194e+00
  1.04850672e-05 -1.99568861e-06] to [-1.0747838403003052, -2.257566004550883, 5.071484366385666, -1.2431209205013178, 1.5707962292113269, 0.4960124954896951] target: [-0.995, -0.615, 0.275]
2025-03-18 21:33:37 - root - INFO - Planning and movingJ ur5e_2 from [-1.56417434e+00 -1.56694666e+00 -4.97095821e-04 -1.56588194e+00
  1.04850672e-05 -1.99568861e-06] to [-1.0747838403003052, -2.257566004550883, -1.2117009407939205, -1.2431209205013178, 1.5707962292113269, 0.4960124954896951]
2025-03-18 21:33:37 - root - INFO - MovingJ ur5e_2 from [-1.56417434e+00 -1.56694666e+00 -4.97095821e-04 -1.56588194e+00
  1.04850672e-05 -1.99568861e-06] to [-1.0747838403003052, -2.257566004550883, -1.2117009407939205, -1.2431209205013178, 1.5707962292113269, 0.4960124954896951]
2025-03-18 21:33:39 - root - INFO - MovingL ur5e_2 from [-0.98750026 -0.60892582  0.28951875] to [-0.995 -0.615  0.175]
2025-03-18 21:33:41 - root - INFO - MovingJ ur5e_2 from [-1.07567727 -2.36344771 -1.3036627  -1.05949657  1.5706319   0.49509796] to [-1.08367896 -2.25019768 -1.19129079 -1.24969909  1.5418874   0.48687232]
2025-03-18 21:33:41 - root - INFO - Planning and moving to xyz facing down ur5e_2 from [-1.07566004 -2.31237834 -1.24985533 -1.15352663  1.5564953   0.49509796] to [-1.0781116119024543, -2.2333014600661087, -1.11807385711131, -1.361013304393486, 1.5707962961754625, 0.49268472050454337] target: [-0.99461303 -0.61050963  0.32599754]
2025-03-18 21:33:41 - root - INFO - Planning and movingJ ur5e_2 from [-1.07566004 -2.31237834 -1.24985533 -1.15352663  1.5564953   0.49509796] to [-1.0781116119024543, -2.2333014600661087, -1.11807385711131, -1.361013304393486, 1.5707962961754625, 0.49268472050454337]
2025-03-18 21:33:41 - root - INFO - MovingJ ur5e_2 from [-1.07566004 -2.31237834 -1.24985533 -1.15352663  1.5564953   0.49509796] to [-1.0781116119024543, -2.2333014600661087, -1.11807385711131, -1.361013304393486, 1.5707962961754625, 0.49268472050454337]
2025-03-18 21:33:43 - root - WARNING - Movement for ur5e_2 timed out before reaching the target joints.
2025-03-18 21:33:43 - root - INFO - put down block at (-0.805, -0.615) start_height 0.155
2025-03-18 21:33:43 - root - INFO - Planning and moving to xyz facing down ur5e_2 from [-1.07810722 -2.23820404 -1.11997731 -1.36107522  1.57077263  0.49268872] to [-1.3203518591681638, -2.3122251286392554, -1.4591740285236723, -0.94098747091277, 1.5707961584501389, 0.25044437145774184] target: [-0.805, -0.615, 0.155]
2025-03-18 21:33:43 - root - INFO - Planning and movingJ ur5e_2 from [-1.07810722 -2.23820404 -1.11997731 -1.36107522  1.57077263  0.49268872] to [-1.3203518591681638, -2.3122251286392554, -1.4591740285236723, -0.94098747091277, 1.5707961584501389, 0.25044437145774184]
2025-03-18 21:33:43 - root - INFO - MovingJ ur5e_2 from [-1.07810722 -2.23820404 -1.11997731 -1.36107522  1.57077263  0.49268872] to [-1.3203518591681638, -2.3122251286392554, -1.4591740285236723, -0.94098747091277, 1.5707961584501389, 0.25044437145774184]
2025-03-18 21:33:44 - root - INFO - MovingL ur5e_2 from [-0.8181019  -0.61172084  0.16160744] to [-0.805      -0.615       0.06962104]
2025-03-18 21:33:46 - root - INFO - MovingJ ur5e_2 from [-1.31900454 -2.44967814 -1.4819582  -0.80317941  1.57080349  0.25177766] to [-1.30361644 -2.3118163  -1.43717386 -0.9701179   1.57089446  0.26707972]
2025-03-18 21:33:46 - root - INFO - Planning and moving to xyz facing down ur5e_2 from [-1.31898509 -2.39745743 -1.464751   -0.87232021  1.5708035   0.25177766] to [-1.3195413349799143, -2.255600651492167, -1.4262477873922537, -1.0305367228801416, 1.5707960225090973, 0.251254949046823] target: [-0.80587638 -0.61387408  0.20001825]
2025-03-18 21:33:46 - root - INFO - Planning and movingJ ur5e_2 from [-1.31898509 -2.39745743 -1.464751   -0.87232021  1.5708035   0.25177766] to [-1.3195413349799143, -2.255600651492167, -1.4262477873922537, -1.0305367228801416, 1.5707960225090973, 0.251254949046823]
2025-03-18 21:33:46 - root - INFO - MovingJ ur5e_2 from [-1.31898509 -2.39745743 -1.464751   -0.87232021  1.5708035   0.25177766] to [-1.3195413349799143, -2.255600651492167, -1.4262477873922537, -1.0305367228801416, 1.5707960225090973, 0.251254949046823]
2025-03-18 21:33:48 - root - WARNING - Movement for ur5e_2 timed out before reaching the target joints.
2025-03-18 21:33:48 - root - INFO - pick up block at (-0.995, -0.615) start_height 0.235
2025-03-18 21:33:48 - root - INFO - Planning and moving to xyz facing down ur5e_2 from [-1.31953275 -2.26107036 -1.42804971 -1.03049935  1.57079615  0.25126469] to [-1.0747840319725694, -2.2935092083560704, -1.2580608467449912, -1.1608179196491304, 1.5707962452353694, 0.4960122933196521] target: [-0.995, -0.615, 0.235]
2025-03-18 21:33:48 - root - INFO - Planning and movingJ ur5e_2 from [-1.31953275 -2.26107036 -1.42804971 -1.03049935  1.57079615  0.25126469] to [-1.0747840319725694, -2.2935092083560704, -1.2580608467449912, -1.1608179196491304, 1.5707962452353694, 0.4960122933196521]
2025-03-18 21:33:48 - root - INFO - MovingJ ur5e_2 from [-1.31953275 -2.26107036 -1.42804971 -1.03049935  1.57079615  0.25126469] to [-1.0747840319725694, -2.2935092083560704, -1.2580608467449912, -1.1608179196491304, 1.5707962452353694, 0.4960122933196521]
2025-03-18 21:33:49 - root - INFO - MovingL ur5e_2 from [-0.9727509  -0.61225072  0.22571129] to [-0.995 -0.615  0.135]
2025-03-18 21:33:50 - root - INFO - MovingJ ur5e_2 from [-1.07701042 -2.41121698 -1.32719669 -0.98241095  1.57076955  0.49382892] to [-1.10320479 -2.29471775 -1.27960951 -1.14612654  1.57080469  0.46744752]
2025-03-18 21:33:51 - root - INFO - Planning and moving to xyz facing down ur5e_2 from [-1.08764346 -2.36750941 -1.3087887  -1.05005339  1.57081744  0.48297687] to [-1.0881755679668146, -2.260601825914438, -1.222763233543476, -1.2290236592690527, 1.5707963039587725, 0.48262076381742675] target: [-0.98502221 -0.61264768  0.26895604]
2025-03-18 21:33:51 - root - INFO - Planning and movingJ ur5e_2 from [-1.08764346 -2.36750941 -1.3087887  -1.05005339  1.57081744  0.48297687] to [-1.0881755679668146, -2.260601825914438, -1.222763233543476, -1.2290236592690527, 1.5707963039587725, 0.48262076381742675]
2025-03-18 21:33:51 - root - INFO - MovingJ ur5e_2 from [-1.08764346 -2.36750941 -1.3087887  -1.05005339  1.57081744  0.48297687] to [-1.0881755679668146, -2.260601825914438, -1.222763233543476, -1.2290236592690527, 1.5707963039587725, 0.48262076381742675]
2025-03-18 21:33:53 - root - WARNING - Movement for ur5e_2 timed out before reaching the target joints.
2025-03-18 21:33:53 - root - INFO - put down block at (-0.615, -0.615) start_height 0.155
2025-03-18 21:33:53 - root - INFO - Planning and moving to xyz facing down ur5e_2 from [-1.088165   -2.26479663 -1.22403853 -1.22854707  1.57079701  0.48262591] to [-1.5867093336535976, -2.33812076705246, -1.4096964139146329, -0.9645714463719945, 1.5707962945228502, -0.015913003449247645] target: [-0.615, -0.615, 0.155]
2025-03-18 21:33:53 - root - INFO - Planning and movingJ ur5e_2 from [-1.088165   -2.26479663 -1.22403853 -1.22854707  1.57079701  0.48262591] to [-1.5867093336535976, -2.33812076705246, -1.4096964139146329, -0.9645714463719945, 1.5707962945228502, -0.015913003449247645]
2025-03-18 21:33:53 - root - INFO - MovingJ ur5e_2 from [-1.088165   -2.26479663 -1.22403853 -1.22854707  1.57079701  0.48262591] to [-1.5867093336535976, -2.33812076705246, -1.4096964139146329, -0.9645714463719945, 1.5707962945228502, -0.015913003449247645]
2025-03-18 21:33:54 - root - INFO - MovingL ur5e_2 from [-0.63590755 -0.60930083  0.15830906] to [-0.615      -0.615       0.06966975]
2025-03-18 21:33:56 - root - INFO - MovingJ ur5e_2 from [-1.58471149 -2.47244147 -1.43235517 -0.82590348  1.57084699 -0.01400878] to [-1.55768236 -2.33741187 -1.39971393 -0.97886459  1.57151201  0.0119638 ]
2025-03-18 21:33:56 - root - INFO - Planning and moving to xyz facing down ur5e_2 from [-1.57527562 -2.42964791 -1.42214256 -0.8798448   1.57084486 -0.00492712] to [-1.5758166513990794, -2.288700294351402, -1.386530629839082, -1.0371541592118974, 1.5707960173638598, -0.0050203689235622405] target: [-0.62279434 -0.61355869  0.19317199]
2025-03-18 21:33:56 - root - INFO - Planning and movingJ ur5e_2 from [-1.57527562 -2.42964791 -1.42214256 -0.8798448   1.57084486 -0.00492712] to [-1.5758166513990794, -2.288700294351402, -1.386530629839082, -1.0371541592118974, 1.5707960173638598, -0.0050203689235622405]
2025-03-18 21:33:56 - root - INFO - MovingJ ur5e_2 from [-1.57527562 -2.42964791 -1.42214256 -0.8798448   1.57084486 -0.00492712] to [-1.5758166513990794, -2.288700294351402, -1.386530629839082, -1.0371541592118974, 1.5707960173638598, -0.0050203689235622405]
2025-03-18 21:33:58 - root - WARNING - Movement for ur5e_2 timed out before reaching the target joints.
2025-03-18 21:33:58 - root - INFO - pick up block at (-0.805, -0.615) start_height 0.155
2025-03-18 21:33:58 - root - INFO - Planning and moving to xyz facing down ur5e_2 from [-1.57580826 -2.29430258 -1.38832779 -1.03712008  1.57079692 -0.00501861] to [-1.3203533287177367, -2.31223710005073, -1.4591455072768722, -0.9410057613283893, 1.5707962711680639, 0.2504430150080974] target: [-0.805, -0.615, 0.155]
2025-03-18 21:33:58 - root - INFO - Planning and movingJ ur5e_2 from [-1.57580826 -2.29430258 -1.38832779 -1.03712008  1.57079692 -0.00501861] to [-1.3203533287177367, -2.31223710005073, -1.4591455072768722, -0.9410057613283893, 1.5707962711680639, 0.2504430150080974]
2025-03-18 21:33:58 - root - INFO - MovingJ ur5e_2 from [-1.57580826 -2.29430258 -1.38832779 -1.03712008  1.57079692 -0.00501861] to [-1.3203533287177367, -2.31223710005073, -1.4591455072768722, -0.9410057613283893, 1.5707962711680639, 0.2504430150080974]
2025-03-18 21:33:59 - root - INFO - MovingL ur5e_2 from [-0.78438832 -0.61305804  0.15449681] to [-0.805 -0.615  0.055]
2025-03-18 21:34:00 - root - INFO - MovingJ ur5e_2 from [-1.32232955 -2.46676378 -1.47953152 -0.77484434  1.57077312  0.24851834] to [-1.34945484 -2.31520322 -1.45258794 -0.95254252  1.57080558  0.22119785]
2025-03-18 21:34:01 - root - INFO - Planning and moving to xyz facing down ur5e_2 from [-1.33468998 -2.40192184 -1.46839675 -0.8566725   1.57078414  0.23600645] to [-1.3352489308498614, -2.259218131039911, -1.428779398322363, -1.0243875612444189, 1.5707960170223667, 0.23554735218927986] target: [-0.79460907 -0.61329781  0.19697901]
2025-03-18 21:34:01 - root - INFO - Planning and movingJ ur5e_2 from [-1.33468998 -2.40192184 -1.46839675 -0.8566725   1.57078414  0.23600645] to [-1.3352489308498614, -2.259218131039911, -1.428779398322363, -1.0243875612444189, 1.5707960170223667, 0.23554735218927986]
2025-03-18 21:34:01 - root - INFO - MovingJ ur5e_2 from [-1.33468998 -2.40192184 -1.46839675 -0.8566725   1.57078414  0.23600645] to [-1.3352489308498614, -2.259218131039911, -1.428779398322363, -1.0243875612444189, 1.5707960170223667, 0.23554735218927986]
2025-03-18 21:34:03 - root - WARNING - Movement for ur5e_2 timed out before reaching the target joints.
2025-03-18 21:34:03 - root - INFO - put down block at (-0.615, -0.615) start_height 0.195
2025-03-18 21:34:03 - root - INFO - Planning and moving to xyz facing down ur5e_2 from [-1.3352401  -2.26435073 -1.43038695 -1.02425686  1.57079594  0.23555507] to [-1.586708993405729, -2.286706459739823, -1.384753726783752, -1.0409281461350235, 1.5707962675927671, -0.01591266036970401] target: [-0.615, -0.615, 0.195]
2025-03-18 21:34:03 - root - INFO - Planning and movingJ ur5e_2 from [-1.3352401  -2.26435073 -1.43038695 -1.02425686  1.57079594  0.23555507] to [-1.586708993405729, -2.286706459739823, -1.384753726783752, -1.0409281461350235, 1.5707962675927671, -0.01591266036970401]
2025-03-18 21:34:03 - root - INFO - MovingJ ur5e_2 from [-1.3352401  -2.26435073 -1.43038695 -1.02425686  1.57079594  0.23555507] to [-1.586708993405729, -2.286706459739823, -1.384753726783752, -1.0409281461350235, 1.5707962675927671, -0.01591266036970401]
2025-03-18 21:34:04 - root - INFO - MovingL ur5e_2 from [-0.63571581 -0.6129069   0.19079966] to [-0.615      -0.615       0.08978449]
2025-03-18 21:34:05 - root - INFO - MovingJ ur5e_2 from [-1.58466562 -2.43014589 -1.42746897 -0.85731733  1.57081046 -0.01382881] to [-1.5578026  -2.28872667 -1.39140369 -1.03938086  1.57092544  0.01287528]
2025-03-18 21:34:06 - root - INFO - Planning and moving to xyz facing down ur5e_2 from [-1.57239650e+00 -2.36942808e+00 -1.41197336e+00 -9.40921822e-01
  1.57079321e+00 -1.59925743e-03] to [-1.5729436421804548, -2.243723172565059, -1.3474211537719305, -1.121240420486905, 1.5707959881480238, -0.0021473615029589965] target: [-0.62485103 -0.61227648  0.23448826]
2025-03-18 21:34:06 - root - INFO - Planning and movingJ ur5e_2 from [-1.57239650e+00 -2.36942808e+00 -1.41197336e+00 -9.40921822e-01
  1.57079321e+00 -1.59925743e-03] to [-1.5729436421804548, -2.243723172565059, -1.3474211537719305, -1.121240420486905, 1.5707959881480238, -0.0021473615029589965]
2025-03-18 21:34:06 - root - INFO - MovingJ ur5e_2 from [-1.57239650e+00 -2.36942808e+00 -1.41197336e+00 -9.40921822e-01
  1.57079321e+00 -1.59925743e-03] to [-1.5729436421804548, -2.243723172565059, -1.3474211537719305, -1.121240420486905, 1.5707959881480238, -0.0021473615029589965]
2025-03-18 21:34:08 - root - WARNING - Movement for ur5e_2 timed out before reaching the target joints.
2025-03-18 21:34:08 - root - INFO - pick up block at (-0.995, -0.615) start_height 0.195
2025-03-18 21:34:08 - root - INFO - Planning and moving to xyz facing down ur5e_2 from [-1.57293695e+00 -2.24903364e+00 -1.34933170e+00 -1.12130969e+00
  1.57079594e+00 -2.13941279e-03] to [-1.0747847657152354, -2.336231534285069, -1.2937603086643434, -1.0823968133515018, 1.5707962977635244, 0.4960115671191201] target: [-0.995, -0.615, 0.195]
2025-03-18 21:34:08 - root - INFO - Planning and movingJ ur5e_2 from [-1.57293695e+00 -2.24903364e+00 -1.34933170e+00 -1.12130969e+00
  1.57079594e+00 -2.13941279e-03] to [-1.0747847657152354, -2.336231534285069, -1.2937603086643434, -1.0823968133515018, 1.5707962977635244, 0.4960115671191201]
2025-03-18 21:34:08 - root - INFO - MovingJ ur5e_2 from [-1.57293695e+00 -2.24903364e+00 -1.34933170e+00 -1.12130969e+00
  1.57079594e+00 -2.13941279e-03] to [-1.0747847657152354, -2.336231534285069, -1.2937603086643434, -1.0823968133515018, 1.5707962977635244, 0.4960115671191201]
2025-03-18 21:34:09 - root - INFO - MovingL ur5e_2 from [-0.97336414 -0.60999257  0.19236907] to [-0.995 -0.615  0.095]
2025-03-18 21:34:10 - root - INFO - MovingJ ur5e_2 from [-1.07672069 -2.46668744 -1.33693633 -0.91015385  1.5706676   0.49443138] to [-1.10384215 -2.33640903 -1.29874102 -1.08522511  1.57081016  0.46671464]
2025-03-18 21:34:11 - root - INFO - Planning and moving to xyz facing down ur5e_2 from [-1.08861984 -2.41249379 -1.320824   -0.98858567  1.57076113  0.48203807] to [-1.0891584341000546, -2.293710670986249, -1.2534445197580817, -1.1652335476984472, 1.5707963054093828, 0.4816378975250119] target: [-0.98504511 -0.61103398  0.23653206]
2025-03-18 21:34:11 - root - INFO - Planning and movingJ ur5e_2 from [-1.08861984 -2.41249379 -1.320824   -0.98858567  1.57076113  0.48203807] to [-1.0891584341000546, -2.293710670986249, -1.2534445197580817, -1.1652335476984472, 1.5707963054093828, 0.4816378975250119]
2025-03-18 21:34:11 - root - INFO - MovingJ ur5e_2 from [-1.08861984 -2.41249379 -1.320824   -0.98858567  1.57076113  0.48203807] to [-1.0891584341000546, -2.293710670986249, -1.2534445197580817, -1.1652335476984472, 1.5707963054093828, 0.4816378975250119]
2025-03-18 21:34:13 - root - INFO - put down block at (-0.805, -0.615) start_height 0.155
2025-03-18 21:34:13 - root - INFO - Planning and moving to xyz facing down ur5e_2 from [-1.0891411  -2.29670747 -1.25381926 -1.16386737  1.57079661  0.48164655] to [-1.3203532294809885, -2.3122355516342874, -1.4591491817247122, -0.9410034123400588, 1.5707962562141342, 0.2504430803839505] target: [-0.805, -0.615, 0.155]
2025-03-18 21:34:13 - root - INFO - Planning and movingJ ur5e_2 from [-1.0891411  -2.29670747 -1.25381926 -1.16386737  1.57079661  0.48164655] to [-1.3203532294809885, -2.3122355516342874, -1.4591491817247122, -0.9410034123400588, 1.5707962562141342, 0.2504430803839505]
2025-03-18 21:34:13 - root - INFO - MovingJ ur5e_2 from [-1.0891411  -2.29670747 -1.25381926 -1.16386737  1.57079661  0.48164655] to [-1.3203532294809885, -2.3122355516342874, -1.4591491817247122, -0.9410034123400588, 1.5707962562141342, 0.2504430803839505]
2025-03-18 21:34:14 - root - INFO - MovingL ur5e_2 from [-0.8281589  -0.61100448  0.16390856] to [-0.805      -0.615       0.06973269]
2025-03-18 21:34:15 - root - INFO - MovingJ ur5e_2 from [-1.31899284 -2.44891071 -1.47930551 -0.79526151  1.57087424  0.25164975] to [-1.29040418 -2.31140204 -1.43346472 -0.9656831   1.57211856  0.27795492]
2025-03-18 21:34:16 - root - INFO - Planning and moving to xyz facing down ur5e_2 from [-1.30691654 -2.39529952 -1.46115575 -0.86779461  1.57087235  0.26277203] to [-1.3074613830707205, -2.2553915859014286, -1.4165962560417922, -1.0403971803022023, 1.5707960120754232, 0.2633348982057741] target: [-0.81501935 -0.61264116  0.20340138]
2025-03-18 21:34:16 - root - INFO - Planning and movingJ ur5e_2 from [-1.30691654 -2.39529952 -1.46115575 -0.86779461  1.57087235  0.26277203] to [-1.3074613830707205, -2.2553915859014286, -1.4165962560417922, -1.0403971803022023, 1.5707960120754232, 0.2633348982057741]
2025-03-18 21:34:16 - root - INFO - MovingJ ur5e_2 from [-1.30691654 -2.39529952 -1.46115575 -0.86779461  1.57087235  0.26277203] to [-1.3074613830707205, -2.2553915859014286, -1.4165962560417922, -1.0403971803022023, 1.5707960120754232, 0.2633348982057741]
2025-03-18 21:34:18 - root - WARNING - Movement for ur5e_2 timed out before reaching the target joints.
2025-03-18 21:34:18 - root - INFO - pick up block at (-0.615, -0.615) start_height 0.195
2025-03-18 21:34:18 - root - INFO - Planning and moving to xyz facing down ur5e_2 from [-1.30745448 -2.26074373 -1.41839322 -1.04045551  1.57079717  0.26332634] to [-1.5867087784446938, -2.2867046781080433, -1.3847576993095028, -1.040925742952916, 1.5707962514497191, -0.015912453403890713] target: [-0.615, -0.615, 0.195]
2025-03-18 21:34:18 - root - INFO - Planning and movingJ ur5e_2 from [-1.30745448 -2.26074373 -1.41839322 -1.04045551  1.57079717  0.26332634] to [-1.5867087784446938, -2.2867046781080433, -1.3847576993095028, -1.040925742952916, 1.5707962514497191, -0.015912453403890713]
2025-03-18 21:34:18 - root - INFO - MovingJ ur5e_2 from [-1.30745448 -2.26074373 -1.41839322 -1.04045551  1.57079717  0.26332634] to [-1.5867087784446938, -2.2867046781080433, -1.3847576993095028, -1.040925742952916, 1.5707962514497191, -0.015912453403890713]
2025-03-18 21:34:19 - root - INFO - MovingL ur5e_2 from [-0.63585037 -0.61262674  0.19111704] to [-0.615 -0.615  0.095]
2025-03-18 21:34:20 - root - INFO - MovingJ ur5e_2 from [-1.58450036 -2.42548567 -1.42942952 -0.86894866  1.57080792 -0.01371827] to [-1.55760036 -2.28891516 -1.38992937 -1.04130327  1.57078643  0.01334019]
2025-03-18 21:34:21 - root - INFO - Planning and moving to xyz facing down ur5e_2 from [-1.57315337e+00 -2.37220073e+00 -1.41399101e+00 -9.42263834e-01
  1.57079597e+00 -2.27749719e-03] to [-1.5737009550782044, -2.2448390056309036, -1.3538436083513772, -1.1137022382024677, 1.5707959964134257, -0.002904673120723686] target: [-0.6243103  -0.61330388  0.23153402]
2025-03-18 21:34:21 - root - INFO - Planning and movingJ ur5e_2 from [-1.57315337e+00 -2.37220073e+00 -1.41399101e+00 -9.42263834e-01
  1.57079597e+00 -2.27749719e-03] to [-1.5737009550782044, -2.2448390056309036, -1.3538436083513772, -1.1137022382024677, 1.5707959964134257, -0.002904673120723686]
2025-03-18 21:34:21 - root - INFO - MovingJ ur5e_2 from [-1.57315337e+00 -2.37220073e+00 -1.41399101e+00 -9.42263834e-01
  1.57079597e+00 -2.27749719e-03] to [-1.5737009550782044, -2.2448390056309036, -1.3538436083513772, -1.1137022382024677, 1.5707959964134257, -0.002904673120723686]
2025-03-18 21:34:23 - root - WARNING - Movement for ur5e_2 timed out before reaching the target joints.
2025-03-18 21:34:23 - root - INFO - put down block at (-0.995, -0.615) start_height 0.195
2025-03-18 21:34:23 - root - INFO - Planning and moving to xyz facing down ur5e_2 from [-1.5736925  -2.24990933 -1.35557532 -1.11359467  1.57079611 -0.00289461] to [-1.074784765988338, -2.3362315351500316, -1.293760306412466, -1.0823968148931635, 1.5707962977818966, 0.4960115667885222] target: [-0.995, -0.615, 0.195]
2025-03-18 21:34:23 - root - INFO - Planning and movingJ ur5e_2 from [-1.5736925  -2.24990933 -1.35557532 -1.11359467  1.57079611 -0.00289461] to [-1.074784765988338, -2.3362315351500316, -1.293760306412466, -1.0823968148931635, 1.5707962977818966, 0.4960115667885222]
2025-03-18 21:34:23 - root - INFO - MovingJ ur5e_2 from [-1.5736925  -2.24990933 -1.35557532 -1.11359467  1.57079611 -0.00289461] to [-1.074784765988338, -2.3362315351500316, -1.293760306412466, -1.0823968148931635, 1.5707962977818966, 0.4960115667885222]
2025-03-18 21:34:24 - root - INFO - MovingL ur5e_2 from [-0.97308485 -0.60989805  0.1926271 ] to [-0.995      -0.615       0.08978449]
2025-03-18 21:34:25 - root - INFO - MovingJ ur5e_2 from [-1.07686345 -2.47277317 -1.33658354 -0.90299487  1.57079047  0.4939969 ] to [-1.10421399 -2.33604742 -1.29889382 -1.0846322   1.57063778  0.46667029]
2025-03-18 21:34:26 - root - INFO - Planning and moving to xyz facing down ur5e_2 from [-1.08931606 -2.41436932 -1.32037674 -0.98640286  1.57080766  0.48148236] to [-1.0898481633045338, -2.295341289475423, -1.2532730415474171, -1.1637744071127427, 1.5707963053748486, 0.4809481683268456] target: [-0.98468476 -0.61061907  0.2355474 ]
2025-03-18 21:34:26 - root - INFO - Planning and movingJ ur5e_2 from [-1.08931606 -2.41436932 -1.32037674 -0.98640286  1.57080766  0.48148236] to [-1.0898481633045338, -2.295341289475423, -1.2532730415474171, -1.1637744071127427, 1.5707963053748486, 0.4809481683268456]
2025-03-18 21:34:26 - root - INFO - MovingJ ur5e_2 from [-1.08931606 -2.41436932 -1.32037674 -0.98640286  1.57080766  0.48148236] to [-1.0898481633045338, -2.295341289475423, -1.2532730415474171, -1.1637744071127427, 1.5707963053748486, 0.4809481683268456]
2025-03-18 21:34:28 - root - WARNING - Movement for ur5e_2 timed out before reaching the target joints.
2025-03-18 21:34:28 - root - INFO - pick up block at (-0.615, -0.615) start_height 0.155
2025-03-18 21:34:28 - root - INFO - Planning and moving to xyz facing down ur5e_2 from [-1.08984164 -2.30086888 -1.25522195 -1.16385139  1.57079646  0.48095589] to [-1.586709395647856, -2.338121166026953, -1.409695541526816, -0.9645719643265687, 1.570796298836353, -0.0159130668176202] target: [-0.615, -0.615, 0.155]
2025-03-18 21:34:28 - root - INFO - Planning and movingJ ur5e_2 from [-1.08984164 -2.30086888 -1.25522195 -1.16385139  1.57079646  0.48095589] to [-1.586709395647856, -2.338121166026953, -1.409695541526816, -0.9645719643265687, 1.570796298836353, -0.0159130668176202]
2025-03-18 21:34:28 - root - INFO - MovingJ ur5e_2 from [-1.08984164 -2.30086888 -1.25522195 -1.16385139  1.57079646  0.48095589] to [-1.586709395647856, -2.338121166026953, -1.409695541526816, -0.9645719643265687, 1.570796298836353, -0.0159130668176202]
2025-03-18 21:34:29 - root - INFO - MovingL ur5e_2 from [-0.63579747 -0.60997051  0.15475301] to [-0.615 -0.615  0.055]
2025-03-18 21:34:31 - root - INFO - MovingJ ur5e_2 from [-1.58508557 -2.4879227  -1.4285013  -0.7980112   1.57093571 -0.01442854] to [-1.55772205 -2.3411543  -1.40223454 -0.97684427  1.57078122  0.01330846]
2025-03-18 21:34:31 - root - INFO - Planning and moving to xyz facing down ur5e_2 from [-1.57263725e+00 -2.42514650e+00 -1.41760521e+00 -8.80271089e-01
  1.57089446e+00 -1.72586242e-03] to [-1.573169768313674, -2.286654775837957, -1.3755397583310525, -1.0501904138627907, 1.5707960056989856, -0.0023734864091728555] target: [-0.62468648 -0.61128033  0.19816282]
2025-03-18 21:34:31 - root - INFO - Planning and movingJ ur5e_2 from [-1.57263725e+00 -2.42514650e+00 -1.41760521e+00 -8.80271089e-01
  1.57089446e+00 -1.72586242e-03] to [-1.573169768313674, -2.286654775837957, -1.3755397583310525, -1.0501904138627907, 1.5707960056989856, -0.0023734864091728555]
2025-03-18 21:34:31 - root - INFO - MovingJ ur5e_2 from [-1.57263725e+00 -2.42514650e+00 -1.41760521e+00 -8.80271089e-01
  1.57089446e+00 -1.72586242e-03] to [-1.573169768313674, -2.286654775837957, -1.3755397583310525, -1.0501904138627907, 1.5707960056989856, -0.0023734864091728555]
2025-03-18 21:34:33 - root - WARNING - Movement for ur5e_2 timed out before reaching the target joints.
2025-03-18 21:34:33 - root - INFO - put down block at (-0.805, -0.615) start_height 0.195
2025-03-18 21:34:33 - root - INFO - Planning and moving to xyz facing down ur5e_2 from [-1.57315864 -2.29099319 -1.37663034 -1.04967717  1.57079807 -0.0023631 ] to [-1.3203533745004907, -2.2593852986760474, -1.4343814841245612, -1.0186216064079554, 1.5707962736652297, 0.2504429677388753] target: [-0.805, -0.615, 0.195]
2025-03-18 21:34:33 - root - INFO - Planning and movingJ ur5e_2 from [-1.57315864 -2.29099319 -1.37663034 -1.04967717  1.57079807 -0.0023631 ] to [-1.3203533745004907, -2.2593852986760474, -1.4343814841245612, -1.0186216064079554, 1.5707962736652297, 0.2504429677388753]
2025-03-18 21:34:33 - root - INFO - MovingJ ur5e_2 from [-1.57315864 -2.29099319 -1.37663034 -1.04967717  1.57079807 -0.0023631 ] to [-1.3203533745004907, -2.2593852986760474, -1.4343814841245612, -1.0186216064079554, 1.5707962736652297, 0.2504429677388753]
2025-03-18 21:34:34 - root - INFO - MovingL ur5e_2 from [-0.7839607  -0.61244463  0.19204851] to [-0.805      -0.615       0.08978449]
2025-03-18 21:34:36 - root - INFO - MovingJ ur5e_2 from [-1.32231856 -2.40314406 -1.47366215 -0.82800696  1.57080782  0.24877097] to [-1.35015899 -2.26661189 -1.42862643 -1.0221665   1.57025137  0.22150196]
2025-03-18 21:34:36 - root - INFO - Planning and moving to xyz facing down ur5e_2 from [-1.33623327 -2.3389145  -1.45221777 -0.92578346  1.57082081  0.23508713] to [-1.33678493964763, -2.2131070781113205, -1.381760689006214, -1.117516968336249, 1.5707959864775596, 0.23401134163697712] target: [-0.79399211 -0.61121401  0.24112722]
2025-03-18 21:34:36 - root - INFO - Planning and movingJ ur5e_2 from [-1.33623327 -2.3389145  -1.45221777 -0.92578346  1.57082081  0.23508713] to [-1.33678493964763, -2.2131070781113205, -1.381760689006214, -1.117516968336249, 1.5707959864775596, 0.23401134163697712]
2025-03-18 21:34:36 - root - INFO - MovingJ ur5e_2 from [-1.33623327 -2.3389145  -1.45221777 -0.92578346  1.57082081  0.23508713] to [-1.33678493964763, -2.2131070781113205, -1.381760689006214, -1.117516968336249, 1.5707959864775596, 0.23401134163697712]
2025-03-18 21:34:38 - root - WARNING - Movement for ur5e_2 timed out before reaching the target joints.
2025-03-18 21:34:38 - root - INFO - pick up block at (-0.995, -0.615) start_height 0.195
2025-03-18 21:34:38 - root - INFO - Planning and moving to xyz facing down ur5e_2 from [-1.33677918 -2.21823151 -1.38365169 -1.11764728  1.57079629  0.23401366] to [-1.0747839738191773, -2.3362246664070287, -1.2937752995596745, -1.0823879750129077, 1.570796240401178, 0.4960123493699182] target: [-0.995, -0.615, 0.195]
2025-03-18 21:34:38 - root - INFO - Planning and movingJ ur5e_2 from [-1.33677918 -2.21823151 -1.38365169 -1.11764728  1.57079629  0.23401366] to [-1.0747839738191773, -2.3362246664070287, -1.2937752995596745, -1.0823879750129077, 1.570796240401178, 0.4960123493699182]
2025-03-18 21:34:38 - root - INFO - MovingJ ur5e_2 from [-1.33677918 -2.21823151 -1.38365169 -1.11764728  1.57079629  0.23401366] to [-1.0747839738191773, -2.3362246664070287, -1.2937752995596745, -1.0823879750129077, 1.570796240401178, 0.4960123493699182]
2025-03-18 21:34:39 - root - INFO - MovingL ur5e_2 from [-0.97217947 -0.61200347  0.19529285] to [-0.995 -0.615  0.095]
2025-03-18 21:34:41 - root - INFO - MovingJ ur5e_2 from [-1.07685182 -2.46858404 -1.33954429 -0.91412642  1.57076709  0.49396032] to [-1.10404864 -2.32810425 -1.3055783  -1.08688082  1.57080527  0.46658899]
2025-03-18 21:34:41 - root - INFO - Planning and moving to xyz facing down ur5e_2 from [-1.08828041 -2.41382571 -1.32648902 -0.98760808  1.57077802  0.48238726] to [-1.088818022231491, -2.292940204841621, -1.263958243528758, -1.1554902991705465, 1.570796306178091, 0.48197830929651403] target: [-0.98446912 -0.61267952  0.23324421]
2025-03-18 21:34:41 - root - INFO - Planning and movingJ ur5e_2 from [-1.08828041 -2.41382571 -1.32648902 -0.98760808  1.57077802  0.48238726] to [-1.088818022231491, -2.292940204841621, -1.263958243528758, -1.1554902991705465, 1.570796306178091, 0.48197830929651403]
2025-03-18 21:34:41 - root - INFO - MovingJ ur5e_2 from [-1.08828041 -2.41382571 -1.32648902 -0.98760808  1.57077802  0.48238726] to [-1.088818022231491, -2.292940204841621, -1.263958243528758, -1.1554902991705465, 1.570796306178091, 0.48197830929651403]
2025-03-18 21:34:43 - root - WARNING - Movement for ur5e_2 timed out before reaching the target joints.
2025-03-18 21:34:43 - root - INFO - put down block at (-0.805, -0.615) start_height 0.235
2025-03-18 21:34:43 - root - INFO - Planning and moving to xyz facing down ur5e_2 from [-1.08880929 -2.29822799 -1.26573893 -1.15535889  1.57079611  0.48198518] to [-1.320353387417054, -2.2127561483739893, -1.3998029098858389, -1.0998292625198467, 1.5707962678347522, 0.2504429401599521] target: [-0.805, -0.615, 0.235]
2025-03-18 21:34:43 - root - INFO - Planning and movingJ ur5e_2 from [-1.08880929 -2.29822799 -1.26573893 -1.15535889  1.57079611  0.48198518] to [-1.320353387417054, -2.2127561483739893, -1.3998029098858389, -1.0998292625198467, 1.5707962678347522, 0.2504429401599521]
2025-03-18 21:34:43 - root - INFO - MovingJ ur5e_2 from [-1.08880929 -2.29822799 -1.26573893 -1.15535889  1.57079611  0.48198518] to [-1.320353387417054, -2.2127561483739893, -1.3998029098858389, -1.0998292625198467, 1.5707962678347522, 0.2504429401599521]
2025-03-18 21:34:44 - root - INFO - MovingL ur5e_2 from [-0.82701904 -0.61232882  0.23046705] to [-0.805     -0.615      0.1293864]
2025-03-18 21:34:46 - root - INFO - MovingJ ur5e_2 from [-1.31831381 -2.34738566 -1.46504969 -0.90330333  1.57082339  0.25248992] to [-1.29126477 -2.22792328 -1.38443364 -1.10710995  1.57092004  0.27942254]
2025-03-18 21:34:46 - root - INFO - Planning and moving to xyz facing down ur5e_2 from [-1.30450607 -2.29033693 -1.42494946 -1.00783365  1.57080939  0.26626635] to [-1.3050630312510976, -2.1795258224651146, -1.3336524958371019, -1.1992104314994065, 1.5707963064468768, 0.2657333008156402] target: [-0.81710442 -0.61144657  0.27882547]
2025-03-18 21:34:46 - root - INFO - Planning and movingJ ur5e_2 from [-1.30450607 -2.29033693 -1.42494946 -1.00783365  1.57080939  0.26626635] to [-1.3050630312510976, -2.1795258224651146, -1.3336524958371019, -1.1992104314994065, 1.5707963064468768, 0.2657333008156402]
2025-03-18 21:34:46 - root - INFO - MovingJ ur5e_2 from [-1.30450607 -2.29033693 -1.42494946 -1.00783365  1.57080939  0.26626635] to [-1.3050630312510976, -2.1795258224651146, -1.3336524958371019, -1.1992104314994065, 1.5707963064468768, 0.2657333008156402]
2025-03-18 21:34:48 - root - WARNING - Movement for ur5e_2 timed out before reaching the target joints.
2025-03-18 21:34:48 - root - INFO - pick up block at (-0.995, -0.615) start_height 0.155
2025-03-18 21:34:48 - root - INFO - Planning and moving to xyz facing down ur5e_2 from [-1.30505709 -2.18453577 -1.33564785 -1.19934149  1.57079646  0.26573994] to [-1.0747838184445293, -2.385148289324475, -1.3192350259040109, -1.0080045102118431, 1.5707962284844375, 0.496012504429949] target: [-0.995, -0.615, 0.155]
2025-03-18 21:34:48 - root - INFO - Planning and movingJ ur5e_2 from [-1.30505709 -2.18453577 -1.33564785 -1.19934149  1.57079646  0.26573994] to [-1.0747838184445293, -2.385148289324475, -1.3192350259040109, -1.0080045102118431, 1.5707962284844375, 0.496012504429949]
2025-03-18 21:34:48 - root - INFO - MovingJ ur5e_2 from [-1.30505709 -2.18453577 -1.33564785 -1.19934149  1.57079646  0.26573994] to [-1.0747838184445293, -2.385148289324475, -1.3192350259040109, -1.0080045102118431, 1.5707962284844375, 0.496012504429949]
2025-03-18 21:34:49 - root - INFO - MovingL ur5e_2 from [-0.9724571  -0.6114944   0.16594856] to [-0.995 -0.615  0.055]
2025-03-18 21:34:54 - root - WARNING - Linear movement for ur5e_2 completed, but target not reached within tolerance after 400 attempts
2025-03-18 21:34:54 - root - INFO - MovingJ ur5e_2 from [-1.07487256 -2.52908547 -1.33468255 -0.83683033  1.57083118  0.4960152 ] to [-1.10402294 -2.36475404 -1.32302387 -1.03296684  1.5708044   0.46662335]
2025-03-18 21:34:55 - root - INFO - Planning and moving to xyz facing down ur5e_2 from [-1.08914256 -2.45053136 -1.33543484 -0.93521284  1.5709879   0.48126312] to [-1.0896515069719332, -2.320838659900059, -1.286106391552386, -1.1054437056763255, 1.5707963068362363, 0.48114482449515916] target: [-0.98406567 -0.61212014  0.20752738]
2025-03-18 21:34:55 - root - INFO - Planning and movingJ ur5e_2 from [-1.08914256 -2.45053136 -1.33543484 -0.93521284  1.5709879   0.48126312] to [-1.0896515069719332, -2.320838659900059, -1.286106391552386, -1.1054437056763255, 1.5707963068362363, 0.48114482449515916]
2025-03-18 21:34:55 - root - INFO - MovingJ ur5e_2 from [-1.08914256 -2.45053136 -1.33543484 -0.93521284  1.5709879   0.48126312] to [-1.0896515069719332, -2.320838659900059, -1.286106391552386, -1.1054437056763255, 1.5707963068362363, 0.48114482449515916]
2025-03-18 21:34:56 - root - INFO - Planning and moving to xyz facing down ur5e_2 from [-1.08962148 -2.32275428 -1.28554584 -1.10249383  1.57080863  0.48115014] to [-1.96818960612236, -2.5325236438236765, -0.39256712814912853, -1.7872960748519806, 1.5707961316922845, -0.39739327788644224] target: [-0.315, -0.615, 0.4]
2025-03-18 21:34:56 - root - INFO - Planning and movingJ ur5e_2 from [-1.08962148 -2.32275428 -1.28554584 -1.10249383  1.57080863  0.48115014] to [-1.96818960612236, -2.5325236438236765, -0.39256712814912853, -1.7872960748519806, 1.5707961316922845, -0.39739327788644224]
2025-03-18 21:34:56 - root - INFO - MovingJ ur5e_2 from [-1.08962148 -2.32275428 -1.28554584 -1.10249383  1.57080863  0.48115014] to [-1.96818960612236, -2.5325236438236765, -0.39256712814912853, -1.7872960748519806, 1.5707961316922845, -0.39739327788644224]
2025-03-18 21:35:00 - root - INFO - Planning and moving to xyz facing down ur5e_1 from [ 1.20259215  0.05942925  1.06998593  0.93584008  1.57079708 -0.40005689] to [0.9028566664416272, -0.3836860605113936, 0.5934683847444068, 1.361012660827563, 1.5707961239417163, -0.6679396682805745] target: [-0.315, -0.615, 0.15000000000000002]
2025-03-18 21:35:00 - root - INFO - Planning and movingJ ur5e_1 from [ 1.20259215  0.05942925  1.06998593  0.93584008  1.57079708 -0.40005689] to [0.9028566664416272, -0.3836860605113936, 0.5934683847444068, 1.361012660827563, 1.5707961239417163, -0.6679396682805745]
