2025-03-18 19:20:45 - root - INFO - Logging setup complete for Hanoi_sim
2025-03-18 19:20:46 - root - INFO - pick up block at (-0.7, -0.6) start_height 0.15
2025-03-18 19:20:46 - root - INFO - Planning and moving to xyz facing down ur5e_2 from [-1.56417438e+00 -1.56694744e+00 -4.97276278e-04 -1.56588207e+00
  1.05265287e-05 -1.99549302e-06] to [1.305355943401073, -0.7908764101460218, 1.401016946624992, -2.180938336847466, -1.5707963087210863, -0.26544045296417357] target: [-0.7, -0.6, 0.15]
2025-03-18 19:20:46 - root - INFO - Planning and movingJ ur5e_2 from [-1.56417438e+00 -1.56694744e+00 -4.97276278e-04 -1.56588207e+00
  1.05265287e-05 -1.99549302e-06] to [1.305355943401073, -0.7908764101460218, 1.401016946624992, -2.180938336847466, -1.5707963087210863, -0.26544045296417357]
2025-03-18 19:20:46 - root - INFO - MovingJ ur5e_2 from [-1.56417438e+00 -1.56694744e+00 -4.97276278e-04 -1.56588207e+00
  1.05265287e-05 -1.99549302e-06] to [1.305355943401073, -0.7908764101460218, 1.401016946624992, -2.180938336847466, -1.5707963087210863, -0.26544045296417357]
2025-03-18 19:20:49 - root - INFO - MovingL ur5e_2 from [-0.67874658 -0.59825764  0.15681793] to [-0.7  -0.6   0.05]
2025-03-18 19:20:50 - root - INFO - MovingJ ur5e_2 from [ 1.30328892 -0.63524342  1.4207064  -2.33730184 -1.57067751 -0.26728975] to [ 1.27545472 -0.79363128  1.38796846 -2.1738625  -1.55425966 -0.26264749]
2025-03-18 19:20:51 - root - INFO - put down block at (-0.6, -0.6) start_height 0.06
2025-03-18 19:20:51 - root - INFO - Planning and moving to xyz facing down ur5e_2 from [ 1.29176815 -0.69496283  1.40866907 -2.26915885 -1.57067963 -0.26728971] to [1.1752849330738067, -0.6282131516366203, 1.3608911491864146, -2.303476931877456, -1.5707962487133271, -0.395511363730231] target: [-0.6, -0.6, 0.06]
2025-03-18 19:20:51 - root - INFO - Planning and movingJ ur5e_2 from [ 1.29176815 -0.69496283  1.40866907 -2.26915885 -1.57067963 -0.26728971] to [1.1752849330738067, -0.6282131516366203, 1.3608911491864146, -2.303476931877456, -1.5707962487133271, -0.395511363730231]
2025-03-18 19:20:51 - root - INFO - MovingJ ur5e_2 from [ 1.29176815 -0.69496283  1.40866907 -2.26915885 -1.57067963 -0.26728971] to [1.1752849330738067, -0.6282131516366203, 1.3608911491864146, -2.303476931877456, -1.5707962487133271, -0.395511363730231]
2025-03-18 19:20:51 - root - INFO - MovingL ur5e_2 from [-0.62124357 -0.59989064  0.0618995 ] to [-0.6        -0.6        -0.69520723]
2025-03-18 19:20:56 - root - WARNING - Linear movement for ur5e_2 completed, but target not reached within tolerance after 400 attempts
2025-03-18 19:20:56 - root - INFO - MovingJ ur5e_2 from [ 1.2152958  -0.4049361   1.01200933 -2.21270922 -1.57083927 -0.3572639 ] to [ 1.2022227  -0.63857403  1.37332728 -2.29502352 -1.57073851 -0.36579214]
2025-03-18 19:20:57 - root - INFO - pick up block at (-0.7, -0.7) start_height 0.15
2025-03-18 19:20:57 - root - INFO - Planning and moving to xyz facing down ur5e_2 from [ 1.21529979 -0.56897541  1.27564109 -2.27204581 -1.57082324 -0.35725861] to [1.2631285884348527, -0.9751107893237494, 1.7498442706006707, -2.345530309031075, -1.57079626704675, -0.3076677418686222] target: [-0.7, -0.7, 0.15]
2025-03-18 19:20:57 - root - INFO - Planning and movingJ ur5e_2 from [ 1.21529979 -0.56897541  1.27564109 -2.27204581 -1.57082324 -0.35725861] to [1.2631285884348527, -0.9751107893237494, 1.7498442706006707, -2.345530309031075, -1.57079626704675, -0.3076677418686222]
2025-03-18 19:20:57 - root - INFO - MovingJ ur5e_2 from [ 1.21529979 -0.56897541  1.27564109 -2.27204581 -1.57082324 -0.35725861] to [1.2631285884348527, -0.9751107893237494, 1.7498442706006707, -2.345530309031075, -1.57079626704675, -0.3076677418686222]
2025-03-18 19:20:58 - root - INFO - MovingL ur5e_2 from [-0.69543603 -0.69155523  0.14173096] to [-0.7  -0.7   0.05]
2025-03-18 19:21:02 - root - WARNING - Linear movement for ur5e_2 completed, but target not reached within tolerance after 400 attempts
2025-03-18 19:21:02 - root - INFO - MovingJ ur5e_2 from [ 1.26317174 -0.7932158   1.7622448  -2.55244168 -1.57080176 -0.3076669 ] to [ 1.26027567 -0.94585103  1.72228144 -2.34052467 -1.57080175 -0.31068643]
2025-03-18 19:21:03 - root - INFO - put down block at (-0.6, -0.6) start_height 0.18
2025-03-18 19:21:03 - root - INFO - Planning and moving to xyz facing down ur5e_2 from [ 1.263159   -0.87191278  1.74162581 -2.43694584 -1.57080211 -0.3076669 ] to [1.1752875390253799, -0.7990731951560074, 1.3258146312683283, -2.097538538269191, -1.570796262809061, -0.39550878632020947] target: [-0.6, -0.6, 0.18]
2025-03-18 19:21:03 - root - INFO - Planning and movingJ ur5e_2 from [ 1.263159   -0.87191278  1.74162581 -2.43694584 -1.57080211 -0.3076669 ] to [1.1752875390253799, -0.7990731951560074, 1.3258146312683283, -2.097538538269191, -1.570796262809061, -0.39550878632020947]
2025-03-18 19:21:03 - root - INFO - MovingJ ur5e_2 from [ 1.263159   -0.87191278  1.74162581 -2.43694584 -1.57080211 -0.3076669 ] to [1.1752875390253799, -0.7990731951560074, 1.3258146312683283, -2.097538538269191, -1.570796262809061, -0.39550878632020947]
2025-03-18 19:21:04 - root - INFO - MovingL ur5e_2 from [-0.60667466 -0.60510474  0.1695873 ] to [-0.6        -0.6        -0.69520723]
