2025-03-18 21:11:59 - root - INFO - Logging setup complete for Hanoi_sim
2025-03-18 21:11:59 - root - INFO - pick up block at (-0.995, -0.615) start_height 0.275
2025-03-18 21:11:59 - root - INFO - Planning and moving to xyz facing down ur5e_2 from [-1.56417438e+00 -1.56694744e+00 -4.97276278e-04 -1.56588207e+00
  1.05265287e-05 -1.99549302e-06] to [5.208400935455772, -2.2575709708498963, 5.071494547285119, -1.2431265343645428, -4.712389027356108, 0.49601196425580657] target: [-0.995, -0.615, 0.275]
2025-03-18 21:11:59 - root - INFO - Planning and movingJ ur5e_2 from [-1.56417438e+00 -1.56694744e+00 -4.97276278e-04 -1.56588207e+00
  1.05265287e-05 -1.99549302e-06] to [-1.0747843717238146, -2.2575709708498963, -1.2116907598944673, -1.2431265343645428, 1.5707962798234778, 0.49601196425580657]
2025-03-18 21:11:59 - root - INFO - MovingJ ur5e_2 from [-1.56417438e+00 -1.56694744e+00 -4.97276278e-04 -1.56588207e+00
  1.05265287e-05 -1.99549302e-06] to [-1.0747843717238146, -2.2575709708498963, -1.2116907598944673, -1.2431265343645428, 1.5707962798234778, 0.49601196425580657]
2025-03-18 21:12:01 - root - INFO - MovingL ur5e_2 from [-0.98750191 -0.60892407  0.28952015] to [-0.995 -0.615  0.175]
2025-03-18 21:12:03 - root - INFO - MovingJ ur5e_2 from [-1.07567728 -2.36344792 -1.3036618  -1.05949778  1.57063192  0.49509797] to [-1.0836781  -2.25020169 -1.19128064 -1.24970353  1.54188744  0.4868718 ]
2025-03-18 21:12:03 - root - INFO - Planning and moving to xyz facing down ur5e_2 from [-1.07566004 -2.31238042 -1.24984988 -1.15352943  1.55649532  0.49509797] to [-1.078111608186981, -2.233304293227607, -1.1180673660644724, -1.36101696227318, 1.570796296175003, 0.4926847242200346] target: [-0.99461362 -0.61050853  0.3259982 ]
2025-03-18 21:12:03 - root - INFO - Planning and movingJ ur5e_2 from [-1.07566004 -2.31238042 -1.24984988 -1.15352943  1.55649532  0.49509797] to [-1.078111608186981, -2.233304293227607, -1.1180673660644724, -1.36101696227318, 1.570796296175003, 0.4926847242200346]
2025-03-18 21:12:03 - root - INFO - MovingJ ur5e_2 from [-1.07566004 -2.31238042 -1.24984988 -1.15352943  1.55649532  0.49509797] to [-1.078111608186981, -2.233304293227607, -1.1180673660644724, -1.36101696227318, 1.570796296175003, 0.4926847242200346]
2025-03-18 21:12:05 - root - WARNING - Movement for ur5e_2 timed out before reaching the target joints.
2025-03-18 21:12:05 - root - INFO - Planning and moving to xyz facing down ur5e_2 from [-1.07810721 -2.23820688 -1.11997082 -1.36107888  1.57077263  0.49268873] to [-1.968189433995172, -2.5325173945245267, -0.39258017069842677, -1.787289126422447, 1.5707961176157172, -0.3973931060681363] target: [-0.315, -0.615, 0.4]
2025-03-18 21:12:05 - root - INFO - Planning and movingJ ur5e_2 from [-1.07810721 -2.23820688 -1.11997082 -1.36107888  1.57077263  0.49268873] to [-1.968189433995172, -2.5325173945245267, -0.39258017069842677, -1.787289126422447, 1.5707961176157172, -0.3973931060681363]
2025-03-18 21:12:05 - root - INFO - MovingJ ur5e_2 from [-1.07810721 -2.23820688 -1.11997082 -1.36107888  1.57077263  0.49268873] to [-1.968189433995172, -2.5325173945245267, -0.39258017069842677, -1.787289126422447, 1.5707961176157172, -0.3973931060681363]
2025-03-18 21:12:11 - root - WARNING - Movement for ur5e_2 timed out before reaching the target joints.
2025-03-18 21:12:11 - root - INFO - Planning and moving to xyz facing down ur5e_1 from [-1.56417416e+00 -1.56676339e+00 -4.47897860e-04 -1.56585172e+00
  1.26057180e-06 -1.99653069e-06] to [0.9028581192685798, -0.38366477333028703, 0.5934240524685082, 1.3610363519609203, 1.5707962192908744, -0.6679382132280247] target: [-0.315, -0.615, 0.15000000000000002]
2025-03-18 21:12:11 - root - INFO - Planning and movingJ ur5e_1 from [-1.56417416e+00 -1.56676339e+00 -4.47897860e-04 -1.56585172e+00
  1.26057180e-06 -1.99653069e-06] to [0.9028581192685798, -0.38366477333028703, 0.5934240524685082, 1.3610363519609203, 1.5707962192908744, -0.6679382132280247]
2025-03-18 21:12:11 - root - INFO - MovingJ ur5e_1 from [-1.56417416e+00 -1.56676339e+00 -4.47897860e-04 -1.56585172e+00
  1.26057180e-06 -1.99653069e-06] to [0.9028581192685798, -0.38366477333028703, 0.5934240524685082, 1.3610363519609203, 1.5707962192908744, -0.6679382132280247]
2025-03-18 21:12:22 - root - WARNING - Movement for ur5e_1 timed out before reaching the target joints.
2025-03-18 21:12:22 - root - INFO - MovingJ ur5e_1 from [ 0.90285812 -0.37730597  0.59498158  1.26048831  1.57079622 -0.66793821] to [ 0.90285812 -0.37730597  0.59498158  1.26048831  1.57079622 -0.66793821]
2025-03-18 21:12:22 - root - WARNING - Movement for ur5e_1 timed out before reaching the target joints.
2025-03-18 21:12:22 - root - INFO - MovingJ ur5e_1 from [ 0.90286161 -0.37678427  0.59510736  1.35149514  1.57079622 -0.66793821] to [ 0.90285812 -0.37730597  0.59498158  1.36048831  4.71238887 -0.66793821]
2025-03-18 21:12:33 - root - WARNING - Movement for ur5e_1 timed out before reaching the target joints.
2025-03-18 21:12:33 - root - INFO - Planning and moving to xyz facing down ur5e_2 from [-1.96819701 -2.53880332 -0.39439216 -1.78771305  1.57079645 -0.39739293] to [-1.968671303768731, -2.509291050985866, -0.5290302149172158, -1.6740667273343948, 1.5707962308029841, -0.397875002559755] target: [-0.31414545 -0.61399802  0.36420388]
2025-03-18 21:12:33 - root - INFO - Planning and movingJ ur5e_2 from [-1.96819701 -2.53880332 -0.39439216 -1.78771305  1.57079645 -0.39739293] to [-1.968671303768731, -2.509291050985866, -0.5290302149172158, -1.6740667273343948, 1.5707962308029841, -0.397875002559755]
2025-03-18 21:12:33 - root - INFO - MovingJ ur5e_2 from [-1.96819701 -2.53880332 -0.39439216 -1.78771305  1.57079645 -0.39739293] to [-1.968671303768731, -2.509291050985866, -0.5290302149172158, -1.6740667273343948, 1.5707962308029841, -0.397875002559755]
2025-03-18 21:12:35 - root - WARNING - Movement for ur5e_2 timed out before reaching the target joints.
2025-03-18 21:12:35 - root - INFO - Planning and moving to xyz facing down ur5e_2 from [-1.96865871 -2.51520257 -0.52999348 -1.67509209  1.57079643 -0.39786284] to [-1.9691327644658394, -2.532691905511129, -0.42063782712562614, -1.7590584289042015, 1.570796251925271, -0.3983364354862157] target: [-0.31345053 -0.61333693  0.3890874 ]
2025-03-18 21:12:35 - root - INFO - Planning and movingJ ur5e_2 from [-1.96865871 -2.51520257 -0.52999348 -1.67509209  1.57079643 -0.39786284] to [-1.9691327644658394, -2.532691905511129, -0.42063782712562614, -1.7590584289042015, 1.570796251925271, -0.3983364354862157]
2025-03-18 21:12:35 - root - INFO - MovingJ ur5e_2 from [-1.96865871 -2.51520257 -0.52999348 -1.67509209  1.57079643 -0.39786284] to [-1.9691327644658394, -2.532691905511129, -0.42063782712562614, -1.7590584289042015, 1.570796251925271, -0.3983364354862157]
