2025-03-18 21:10:55 - root - INFO - Logging setup complete for Hanoi_sim
2025-03-18 21:10:55 - root - INFO - pick up block at (-0.995, -0.615) start_height 0.275
2025-03-18 21:10:55 - root - INFO - Planning and moving to xyz facing down ur5e_2 from [-1.56417438e+00 -1.56694744e+00 -4.97276278e-04 -1.56588207e+00
  1.05265287e-05 -1.99549302e-06] to [1.7098799975279002, -0.8840401498439299, 1.2117296064656684, 4.384697176763654, -1.5707961127056314, -6.144101704878686] target: [-0.995, -0.615, 0.275]
2025-03-18 21:10:55 - root - INFO - Planning and movingJ ur5e_2 from [-1.56417438e+00 -1.56694744e+00 -4.97276278e-04 -1.56588207e+00
  1.05265287e-05 -1.99549302e-06] to [1.7098799975279002, -0.8840401498439299, 1.2117296064656684, 4.384697176763654, -1.5707961127056314, 0.1390836023009001]
2025-03-18 21:10:55 - root - INFO - MovingJ ur5e_2 from [-1.56417438e+00 -1.56694744e+00 -4.97276278e-04 -1.56588207e+00
  1.05265287e-05 -1.99549302e-06] to [1.7098799975279002, -0.8840401498439299, 1.2117296064656684, 4.384697176763654, -1.5707961127056314, 0.1390836023009001]
2025-03-18 21:10:59 - root - INFO - MovingL ur5e_2 from [-0.984677   -0.60746556  0.27857943] to [-0.995 -0.615  0.175]
2025-03-18 21:11:01 - root - INFO - MovingJ ur5e_2 from [ 1.7086544  -0.77812658  1.30349468  4.20123918 -1.57072341  0.13799858] to [ 1.69372511 -0.88224196  1.20756787  4.3556232  -1.56295442  0.13838979]
2025-03-18 21:11:01 - root - INFO - Planning and moving to xyz facing down ur5e_2 from [ 1.70863687 -0.81024977  1.27127849  4.25565397 -1.57072328  0.13799858] to [1.709178840064719, -0.8994329565199285, 1.1553090997064164, 4.456512519703027, -1.5707962992676925, 0.13838250768338697] target: [-0.99491062 -0.61186324  0.30607788]
2025-03-18 21:11:01 - root - INFO - Planning and movingJ ur5e_2 from [ 1.70863687 -0.81024977  1.27127849  4.25565397 -1.57072328  0.13799858] to [1.709178840064719, -0.8994329565199285, 1.1553090997064164, 4.456512519703027, -1.5707962992676925, 0.13838250768338697]
2025-03-18 21:11:01 - root - INFO - MovingJ ur5e_2 from [ 1.70863687 -0.81024977  1.27127849  4.25565397 -1.57072328  0.13799858] to [1.709178840064719, -0.8994329565199285, 1.1553090997064164, 4.456512519703027, -1.5707962992676925, 0.13838250768338697]
2025-03-18 21:11:03 - root - WARNING - Movement for ur5e_2 timed out before reaching the target joints.
2025-03-18 21:11:03 - root - INFO - Planning and moving to xyz facing down ur5e_2 from [ 1.7091725  -0.89447523  1.15719553  4.45653887 -1.57079555  0.13837819] to [0.8547669443119746, -0.60906851986162, 0.3925661057131537, 4.9288892767339085, -1.5707961327923499, -0.7160293841447023] target: [-0.315, -0.615, 0.4]
2025-03-18 21:11:03 - root - INFO - Planning and movingJ ur5e_2 from [ 1.7091725  -0.89447523  1.15719553  4.45653887 -1.57079555  0.13837819] to [0.8547669443119746, -0.60906851986162, 0.3925661057131537, -1.3542960304456777, -1.5707961327923499, -0.7160293841447023]
2025-03-18 21:11:03 - root - INFO - MovingJ ur5e_2 from [ 1.7091725  -0.89447523  1.15719553  4.45653887 -1.57079555  0.13837819] to [0.8547669443119746, -0.60906851986162, 0.3925661057131537, -1.3542960304456777, -1.5707961327923499, -0.7160293841447023]
2025-03-18 21:11:21 - root - WARNING - Movement for ur5e_2 timed out before reaching the target joints.
2025-03-18 21:11:21 - root - INFO - Planning and moving to xyz facing down ur5e_1 from [-1.56417416e+00 -1.56677596e+00 -4.51296745e-04 -1.56585378e+00
  1.88733739e-06 -1.99652851e-06] to [-5.380330650215344, -0.332908488138246, -5.662107259267829, 1.282624367823442, 1.570795993349852, 5.615243637864397] target: [-0.315, -0.615, 0.10000000000000003]
2025-03-18 21:11:21 - root - INFO - Planning and movingJ ur5e_1 from [-1.56417416e+00 -1.56677596e+00 -4.51296745e-04 -1.56585378e+00
  1.88733739e-06 -1.99652851e-06] to [0.9028546569642426, -0.332908488138246, 0.621078047911757, 1.282624367823442, 1.570795993349852, -0.667941669315189]
2025-03-18 21:11:21 - root - INFO - MovingJ ur5e_1 from [-1.56417416e+00 -1.56677596e+00 -4.51296745e-04 -1.56585378e+00
  1.88733739e-06 -1.99652851e-06] to [0.9028546569642426, -0.332908488138246, 0.621078047911757, 1.282624367823442, 1.570795993349852, -0.667941669315189]
2025-03-18 21:11:31 - root - WARNING - Movement for ur5e_1 timed out before reaching the target joints.
2025-03-18 21:11:31 - root - INFO - MovingJ ur5e_1 from [ 0.90285466 -0.32649438  0.62260044  1.13207633  1.57079599 -0.66794167] to [ 0.90285466 -0.32649438  0.62260044  1.13207633  1.57079599 -0.66794167]
2025-03-18 21:11:31 - root - WARNING - Movement for ur5e_1 timed out before reaching the target joints.
2025-03-18 21:11:31 - root - INFO - MovingJ ur5e_1 from [ 0.9028584  -0.32597626  0.62272246  1.26916669  1.57079599 -0.66794167] to [ 0.90285466 -0.32649438  0.62260044  1.28207633  4.71238865 -0.66794167]
