2025-03-18 19:34:26 - root - INFO - Logging setup complete for Hanoi_sim
2025-03-18 19:34:26 - root - INFO - pick up block at (-0.59, -0.8) start_height 0.27
2025-03-18 19:34:26 - root - INFO - Planning and moving to xyz facing down ur5e_2 from [-1.56417438e+00 -1.56694744e+00 -4.97276278e-04 -1.56588207e+00
  1.05265287e-05 -1.99549302e-06] to [-1.6387732971187743, -1.8350492047006135, -1.8800952724769466, 5.285944108449655, 1.570795998169418, -0.06797699419454763] target: [-0.59, -0.8, 0.27]
2025-03-18 19:34:26 - root - INFO - Planning and movingJ ur5e_2 from [-1.56417438e+00 -1.56694744e+00 -4.97276278e-04 -1.56588207e+00
  1.05265287e-05 -1.99549302e-06] to [-1.6387732971187743, -1.8350492047006135, -1.8800952724769466, -0.997241198729931, 1.570795998169418, -0.06797699419454763]
2025-03-18 19:34:26 - root - INFO - MovingJ ur5e_2 from [-1.56417438e+00 -1.56694744e+00 -4.97276278e-04 -1.56588207e+00
  1.05265287e-05 -1.99549302e-06] to [-1.6387732971187743, -1.8350492047006135, -1.8800952724769466, -0.997241198729931, 1.570795998169418, -0.06797699419454763]
2025-03-18 19:34:28 - root - INFO - MovingL ur5e_2 from [-0.58752949 -0.79200331  0.28260814] to [-0.59 -0.8   0.17]
2025-03-18 19:34:30 - root - INFO - MovingJ ur5e_2 from [-1.63890647 -1.99463637 -1.97049035 -0.74813229  1.5707284  -0.06809729] to [-1.63751189 -1.83378542 -1.85030873 -1.00739124  1.54451284 -0.06683861]
2025-03-18 19:34:31 - root - INFO - put down block at (-0.6, -0.6) start_height 0.1196209906794992
2025-03-18 19:34:31 - root - INFO - Planning and moving to xyz facing down ur5e_2 from [-1.63889346 -1.89861631 -1.89777325 -0.90832835  1.554583   -0.0680973 ] to [-1.6068182459181077, -2.4226432703006373, -1.3545741939573517, -0.9351696669314695, 1.570796137258058, -0.03602194388299845] target: [-0.6, -0.6, 0.1196209906794992]
2025-03-18 19:34:31 - root - INFO - Planning and movingJ ur5e_2 from [-1.63889346 -1.89861631 -1.89777325 -0.90832835  1.554583   -0.0680973 ] to [-1.6068182459181077, -2.4226432703006373, -1.3545741939573517, -0.9351696669314695, 1.570796137258058, -0.03602194388299845]
2025-03-18 19:34:31 - root - INFO - MovingJ ur5e_2 from [-1.63889346 -1.89861631 -1.89777325 -0.90832835  1.554583   -0.0680973 ] to [-1.6068182459181077, -2.4226432703006373, -1.3545741939573517, -0.9351696669314695, 1.570796137258058, -0.03602194388299845]
2025-03-18 19:34:32 - root - INFO - MovingL ur5e_2 from [-0.59906198 -0.60874121  0.12358592] to [-0.6        -0.6         0.06962099]
2025-03-18 19:34:33 - root - INFO - MovingJ ur5e_2 from [-1.60700086 -2.50366928 -1.36894549 -0.86316739  1.57074329 -0.03622206] to [-1.60842982 -2.40094243 -1.38352104 -0.93422981  1.56996289 -0.03764261]
2025-03-18 19:34:33 - root - INFO - pick up block at (-0.59, -0.8) start_height 0.22999999999999998
2025-03-18 19:34:33 - root - INFO - Planning and moving to xyz facing down ur5e_2 from [-1.6069897  -2.50069061 -1.36967041 -0.86735456  1.57074329 -0.03622206] to [-1.638776025968319, -1.893323271512884, -1.9250972535610738, -0.8939674426890496, 1.570796141143463, -0.06797971905755709] target: [-0.59, -0.8, 0.22999999999999998]
2025-03-18 19:34:33 - root - INFO - Planning and movingJ ur5e_2 from [-1.6069897  -2.50069061 -1.36967041 -0.86735456  1.57074329 -0.03622206] to [-1.638776025968319, -1.893323271512884, -1.9250972535610738, -0.8939674426890496, 1.570796141143463, -0.06797971905755709]
2025-03-18 19:34:33 - root - INFO - MovingJ ur5e_2 from [-1.6069897  -2.50069061 -1.36967041 -0.86735456  1.57074329 -0.03622206] to [-1.638776025968319, -1.893323271512884, -1.9250972535610738, -0.8939674426890496, 1.570796141143463, -0.06797971905755709]
2025-03-18 19:34:35 - root - INFO - MovingL ur5e_2 from [-0.59006271 -0.79039984  0.22305817] to [-0.59 -0.8   0.13]
2025-03-18 19:34:39 - root - WARNING - Linear movement for ur5e_2 completed, but target not reached within tolerance after 400 attempts
2025-03-18 19:34:40 - root - INFO - MovingJ ur5e_2 from [-1.63885506 -2.0717618  -1.9892934  -0.63423558  1.57081229 -0.06798292] to [-1.63747736 -1.92275254 -1.90274828 -0.89336272  1.5707843  -0.06662249]
2025-03-18 19:34:40 - root - INFO - put down block at (-0.6, -0.6) start_height 0.18
2025-03-18 19:34:40 - root - INFO - Planning and moving to xyz facing down ur5e_2 from [-1.63885467 -1.98304329 -1.93707076 -0.79424819  1.57081345 -0.06798294] to [-1.6068196888251645, -2.342517412854995, -1.3258185435777117, -1.044052113959419, 1.5707962442957977, -0.036023361261431595] target: [-0.6, -0.6, 0.18]
2025-03-18 19:34:40 - root - INFO - Planning and movingJ ur5e_2 from [-1.63885467 -1.98304329 -1.93707076 -0.79424819  1.57081345 -0.06798294] to [-1.6068196888251645, -2.342517412854995, -1.3258185435777117, -1.044052113959419, 1.5707962442957977, -0.036023361261431595]
2025-03-18 19:34:40 - root - INFO - MovingJ ur5e_2 from [-1.63885467 -1.98304329 -1.93707076 -0.79424819  1.57081345 -0.06798294] to [-1.6068196888251645, -2.342517412854995, -1.3258185435777117, -1.044052113959419, 1.5707962442957977, -0.036023361261431595]
2025-03-18 19:34:42 - root - INFO - MovingL ur5e_2 from [-0.59910461 -0.60808548  0.17769279] to [-0.6        -0.6         0.08978449]
2025-03-18 19:34:43 - root - INFO - MovingJ ur5e_2 from [-1.60694649 -2.4639502  -1.35981944 -0.89062747  1.57079204 -0.03613338] to [-1.60844499 -2.32953324 -1.35542969 -1.032634    1.57074937 -0.03750987]
2025-03-18 19:34:44 - root - INFO - pick up block at (-0.59, -0.8) start_height 0.19
2025-03-18 19:34:44 - root - INFO - Planning and moving to xyz facing down ur5e_2 from [-1.60692033 -2.4272242  -1.36060601 -0.93318235  1.57078982 -0.03613339] to [-1.6387780776866394, -1.9605773672156646, -1.9604753639691197, -0.7913357991348919, 1.5707962513525513, -0.06798175019063919] target: [-0.59, -0.8, 0.19]
2025-03-18 19:34:44 - root - INFO - Planning and movingJ ur5e_2 from [-1.60692033 -2.4272242  -1.36060601 -0.93318235  1.57078982 -0.03613339] to [-1.6387780776866394, -1.9605773672156646, -1.9604753639691197, -0.7913357991348919, 1.5707962513525513, -0.06798175019063919]
2025-03-18 19:34:44 - root - INFO - MovingJ ur5e_2 from [-1.60692033 -2.4272242  -1.36060601 -0.93318235  1.57078982 -0.03613339] to [-1.6387780776866394, -1.9605773672156646, -1.9604753639691197, -0.7913357991348919, 1.5707962513525513, -0.06798175019063919]
2025-03-18 19:34:45 - root - INFO - MovingL ur5e_2 from [-0.5901237  -0.78940587  0.18537209] to [-0.59 -0.8   0.09]
2025-03-18 19:34:50 - root - WARNING - Linear movement for ur5e_2 completed, but target not reached within tolerance after 400 attempts
2025-03-18 19:34:50 - root - INFO - MovingJ ur5e_2 from [-1.63889135 -2.15458363 -1.99781077 -0.53691328  1.5708168  -0.06798081] to [-1.63724831 -1.98746909 -1.93196641 -0.79893183  1.57079388 -0.06639816]
2025-03-18 19:34:51 - root - INFO - put down block at (-0.6, -0.6) start_height 0.30000000000000004
2025-03-18 19:34:51 - root - INFO - Planning and moving to xyz facing down ur5e_2 from [-1.63890579 -2.05342053 -1.95765327 -0.700489    1.57082112 -0.06798095] to [-1.6068170931279058, -2.2256560821276876, -1.199325956896955, -1.28740313755208, 1.5707960611028577, -0.03602083000412741] target: [-0.6, -0.6, 0.30000000000000004]
2025-03-18 19:34:51 - root - INFO - Planning and movingJ ur5e_2 from [-1.63890579 -2.05342053 -1.95765327 -0.700489    1.57082112 -0.06798095] to [-1.6068170931279058, -2.2256560821276876, -1.199325956896955, -1.28740313755208, 1.5707960611028577, -0.03602083000412741]
2025-03-18 19:34:51 - root - INFO - MovingJ ur5e_2 from [-1.63890579 -2.05342053 -1.95765327 -0.700489    1.57082112 -0.06798095] to [-1.6068170931279058, -2.2256560821276876, -1.199325956896955, -1.28740313755208, 1.5707960611028577, -0.03602083000412741]
2025-03-18 19:34:52 - root - INFO - MovingL ur5e_2 from [-0.59916644 -0.60463361  0.2910348 ] to [-0.6        -0.6         0.12826379]
2025-03-18 19:34:55 - root - INFO - MovingJ ur5e_2 from [-1.60686155 -2.41020442 -1.34774809 -0.95357183  1.57078902 -0.0360613 ] to [-1.60818153 -2.22228301 -1.2278837  -1.26604233  1.57074085 -0.03718492]
2025-03-18 19:34:55 - root - INFO - pick up block at (-0.59, -0.8) start_height 0.15
2025-03-18 19:34:55 - root - INFO - Planning and moving to xyz facing down ur5e_2 from [-1.606855   -2.28649224 -1.26726984 -1.16774569  1.57078888 -0.0360613 ] to [-1.638778131169383, -2.036072774724126, -1.9858789497872287, -0.6904362328271672, 1.5707962529858115, -0.06798181324871505] target: [-0.59, -0.8, 0.15]
2025-03-18 19:34:55 - root - INFO - Planning and movingJ ur5e_2 from [-1.606855   -2.28649224 -1.26726984 -1.16774569  1.57078888 -0.0360613 ] to [-1.638778131169383, -2.036072774724126, -1.9858789497872287, -0.6904362328271672, 1.5707962529858115, -0.06798181324871505]
2025-03-18 19:34:55 - root - INFO - MovingJ ur5e_2 from [-1.606855   -2.28649224 -1.26726984 -1.16774569  1.57078888 -0.0360613 ] to [-1.638778131169383, -2.036072774724126, -1.9858789497872287, -0.6904362328271672, 1.5707962529858115, -0.06798181324871505]
2025-03-18 19:34:57 - root - INFO - MovingL ur5e_2 from [-0.5900793  -0.7905495   0.15027745] to [-0.59 -0.8   0.05]
2025-03-18 19:35:02 - root - WARNING - Linear movement for ur5e_2 completed, but target not reached within tolerance after 400 attempts
2025-03-18 19:35:02 - root - INFO - MovingJ ur5e_2 from [-1.63892894 -2.24283471 -1.99632863 -0.44494391  1.57085285 -0.06797376] to [-1.6374671  -2.05052622 -1.95681313 -0.71115784  1.57079382 -0.06663358]
2025-03-18 19:35:03 - root - INFO - put down block at (-0.6, -0.6) start_height 0.42000000000000004
2025-03-18 19:35:03 - root - INFO - Planning and moving to xyz facing down ur5e_2 from [-1.63895802 -2.12235606 -1.97168148 -0.61585986  1.57086235 -0.0679744 ] to [-1.6068182745109831, -2.1800475273743585, -0.9644195346512283, -1.5679196108454398, 1.5707961430512534, -0.03602194551086567] target: [-0.6, -0.6, 0.42000000000000004]
2025-03-18 19:35:03 - root - INFO - Planning and movingJ ur5e_2 from [-1.63895802 -2.12235606 -1.97168148 -0.61585986  1.57086235 -0.0679744 ] to [-1.6068182745109831, -2.1800475273743585, -0.9644195346512283, -1.5679196108454398, 1.5707961430512534, -0.03602194551086567]
2025-03-18 19:35:03 - root - INFO - MovingJ ur5e_2 from [-1.63895802 -2.12235606 -1.97168148 -0.61585986  1.57086235 -0.0679744 ] to [-1.6068182745109831, -2.1800475273743585, -0.9644195346512283, -1.5679196108454398, 1.5707961430512534, -0.03602194551086567]
2025-03-18 19:35:04 - root - INFO - MovingL ur5e_2 from [-0.59923619 -0.60033766  0.40759265] to [-0.6        -0.6         0.06975717]
2025-03-18 19:35:09 - root - WARNING - Linear movement for ur5e_2 completed, but target not reached within tolerance after 400 attempts
2025-03-18 19:35:09 - root - INFO - MovingJ ur5e_2 from [-1.60822683 -2.48002352 -1.35098869 -0.85825147  1.57088181 -0.03607818] to [-1.60786833 -2.18100858 -0.99377317 -1.54040659  1.57074102 -0.03693261]
