2025-03-18 19:18:14 - root - INFO - Logging setup complete for Hanoi_sim
2025-03-18 19:18:14 - root - INFO - pick up block at (-0.7, -0.6) start_height 0.15
2025-03-18 19:18:14 - root - INFO - Planning and moving to xyz facing down ur5e_2 from [-1.56417438e+00 -1.56694744e+00 -4.97276278e-04 -1.56588207e+00
  1.05265287e-05 -1.99549302e-06] to [-1.469372261427993, -2.3507242763391125, 4.882186772110828, -0.9606657813842187, 1.570796280412332, 0.10142406889576729] target: [-0.7, -0.6, 0.15]
2025-03-18 19:18:14 - root - INFO - Planning and movingJ ur5e_2 from [-1.56417438e+00 -1.56694744e+00 -4.97276278e-04 -1.56588207e+00
  1.05265287e-05 -1.99549302e-06] to [-1.469372261427993, -2.3507242763391125, -1.4009985350687586, -0.9606657813842187, 1.570796280412332, 0.10142406889576729]
2025-03-18 19:18:14 - root - INFO - MovingJ ur5e_2 from [-1.56417438e+00 -1.56694744e+00 -4.97276278e-04 -1.56588207e+00
  1.05265287e-05 -1.99549302e-06] to [-1.469372261427993, -2.3507242763391125, -1.4009985350687586, -0.9606657813842187, 1.570796280412332, 0.10142406889576729]
2025-03-18 19:18:16 - root - INFO - MovingL ur5e_2 from [-0.69656173 -0.5932356   0.16553905] to [-0.7  -0.6   0.05]
2025-03-18 19:18:21 - root - WARNING - Linear movement for ur5e_2 completed, but target not reached within tolerance after 400 attempts
2025-03-18 19:18:21 - root - INFO - MovingJ ur5e_2 from [-1.4694446  -2.50211118 -1.4132395  -0.78563349  1.57083294  0.10142317] to [-1.47106129 -2.34182613 -1.37693832 -0.97245987  1.54188258  0.09955495]
2025-03-18 19:18:22 - root - INFO - put down block at (-0.6, -0.6) start_height 0.11978448915956762
2025-03-18 19:18:22 - root - INFO - Planning and moving to xyz facing down ur5e_2 from [-1.46942446 -2.43177555 -1.397501   -0.8736388   1.55727116  0.10142316] to [-1.606815904583086, -2.422395903503844, -1.3545593134181753, -0.9354300626290698, 1.5707961226335019, -0.03601940102475827] target: [-0.6, -0.6, 0.11978448915956762]
2025-03-18 19:18:22 - root - INFO - Planning and movingJ ur5e_2 from [-1.46942446 -2.43177555 -1.397501   -0.8736388   1.55727116  0.10142316] to [-1.606815904583086, -2.422395903503844, -1.3545593134181753, -0.9354300626290698, 1.5707961226335019, -0.03601940102475827]
2025-03-18 19:18:22 - root - INFO - MovingJ ur5e_2 from [-1.46942446 -2.43177555 -1.397501   -0.8736388   1.55727116  0.10142316] to [-1.606815904583086, -2.422395903503844, -1.3545593134181753, -0.9354300626290698, 1.5707961226335019, -0.03601940102475827]
2025-03-18 19:18:22 - root - INFO - MovingL ur5e_2 from [-0.62110132 -0.59824321  0.1118666 ] to [-0.6        -0.6         0.06978449]
2025-03-18 19:18:24 - root - INFO - MovingJ ur5e_2 from [-1.60333239 -2.50665508 -1.36641309 -0.86255486  1.5706021  -0.03253896] to [-1.5776521  -2.4290801  -1.36489339 -0.92277183  1.56803744 -0.0069691 ]
2025-03-18 19:18:24 - root - INFO - pick up block at (-0.7, -0.7) start_height 0.15
2025-03-18 19:18:24 - root - INFO - Planning and moving to xyz facing down ur5e_2 from [-1.60333239 -2.50693121 -1.36648539 -0.86258146  1.5706021  -0.03253896] to [-1.453032057857157, -2.1664829937070706, -1.7498426217652236, -0.7960628977648581, 1.5707962793811923, 0.11776429192979901] target: [-0.7, -0.7, 0.15]
2025-03-18 19:18:24 - root - INFO - Planning and movingJ ur5e_2 from [-1.60333239 -2.50693121 -1.36648539 -0.86258146  1.5706021  -0.03253896] to [-1.453032057857157, -2.1664829937070706, -1.7498426217652236, -0.7960628977648581, 1.5707962793811923, 0.11776429192979901]
2025-03-18 19:18:24 - root - INFO - MovingJ ur5e_2 from [-1.60333239 -2.50693121 -1.36648539 -0.86258146  1.5706021  -0.03253896] to [-1.453032057857157, -2.1664829937070706, -1.7498426217652236, -0.7960628977648581, 1.5707962793811923, 0.11776429192979901]
2025-03-18 19:18:25 - root - INFO - MovingL ur5e_2 from [-0.69407828 -0.69212138  0.14133041] to [-0.7  -0.7   0.05]
2025-03-18 19:18:29 - root - WARNING - Linear movement for ur5e_2 completed, but target not reached within tolerance after 400 attempts
2025-03-18 19:18:30 - root - INFO - MovingJ ur5e_2 from [-1.45312295 -2.34836614 -1.76225067 -0.58911477  1.57084839  0.11776269] to [-1.46388998 -2.19567698 -1.72335687 -0.80140861  1.57074791  0.10687369]
2025-03-18 19:18:30 - root - INFO - put down block at (-0.6, -0.6) start_height 0.18
2025-03-18 19:18:30 - root - INFO - Planning and moving to xyz facing down ur5e_2 from [-1.45311016 -2.26963855 -1.74221136 -0.70481437  1.57084866  0.11776269] to [-1.606819670027249, -2.3425184270393085, -1.3258168302131221, -1.044052846511752, 1.5707962413377712, -0.03602331169237234] target: [-0.6, -0.6, 0.18]
2025-03-18 19:18:30 - root - INFO - Planning and movingJ ur5e_2 from [-1.45311016 -2.26963855 -1.74221136 -0.70481437  1.57084866  0.11776269] to [-1.606819670027249, -2.3425184270393085, -1.3258168302131221, -1.044052846511752, 1.5707962413377712, -0.03602331169237234]
2025-03-18 19:18:30 - root - INFO - MovingJ ur5e_2 from [-1.45311016 -2.26963855 -1.74221136 -0.70481437  1.57084866  0.11776269] to [-1.606819670027249, -2.3425184270393085, -1.3258168302131221, -1.044052846511752, 1.5707962413377712, -0.03602331169237234]
2025-03-18 19:18:31 - root - INFO - MovingL ur5e_2 from [-0.60752985 -0.60493453  0.1695914 ] to [-0.6        -0.6         0.08978449]
2025-03-18 19:18:33 - root - INFO - MovingJ ur5e_2 from [-1.60599249 -2.46387782 -1.36083539 -0.89316746  1.57079457 -0.03511811] to [-1.59675643 -2.34258868 -1.35454231 -1.02235495  1.57085546 -0.02598228]
2025-03-18 19:18:33 - root - INFO - pick up block at (-0.7, -0.8) start_height 0.15
2025-03-18 19:18:33 - root - INFO - Planning and moving to xyz facing down ur5e_2 from [-1.605968   -2.43659848 -1.36128008 -0.92497866  1.57080048 -0.03511792] to [-1.4303410939632142, -1.9969431057147629, -2.054219784663341, -0.6612253841714831, 1.570796160050993, 0.14045546256395086] target: [-0.7, -0.8, 0.15]
2025-03-18 19:18:33 - root - INFO - Planning and movingJ ur5e_2 from [-1.605968   -2.43659848 -1.36128008 -0.92497866  1.57080048 -0.03511792] to [-1.4303410939632142, -1.9969431057147629, -2.054219784663341, -0.6612253841714831, 1.570796160050993, 0.14045546256395086]
2025-03-18 19:18:33 - root - INFO - MovingJ ur5e_2 from [-1.605968   -2.43659848 -1.36128008 -0.92497866  1.57080048 -0.03511792] to [-1.4303410939632142, -1.9969431057147629, -2.054219784663341, -0.6612253841714831, 1.570796160050993, 0.14045546256395086]
2025-03-18 19:18:34 - root - INFO - MovingL ur5e_2 from [-0.69732479 -0.79061001  0.14679916] to [-0.7  -0.8   0.05]
2025-03-18 19:18:38 - root - WARNING - Linear movement for ur5e_2 completed, but target not reached within tolerance after 400 attempts
2025-03-18 19:18:39 - root - INFO - MovingJ ur5e_2 from [-1.43043114 -2.22402234 -2.06872982 -0.40574036  1.57084022  0.14045101] to [-1.43788318 -2.01951096 -2.02566653 -0.67308999  1.57080099  0.13292149]
2025-03-18 19:18:39 - root - INFO - put down block at (-0.6, -0.6) start_height 0.30000000000000004
2025-03-18 19:18:39 - root - INFO - Planning and moving to xyz facing down ur5e_2 from [-1.43042293 -2.09633268 -2.04201276 -0.57775121  1.57084085  0.140451  ] to [-1.6068202142405856, -2.2256877695162336, -1.1992565199007008, -1.2874441793692544, 1.5707962818490098, -0.03602387543502958] target: [-0.6, -0.6, 0.30000000000000004]
2025-03-18 19:18:39 - root - INFO - Planning and movingJ ur5e_2 from [-1.43042293 -2.09633268 -2.04201276 -0.57775121  1.57084085  0.140451  ] to [-1.6068202142405856, -2.2256877695162336, -1.1992565199007008, -1.2874441793692544, 1.5707962818490098, -0.03602387543502958]
2025-03-18 19:18:39 - root - INFO - MovingJ ur5e_2 from [-1.43042293 -2.09633268 -2.04201276 -0.57775121  1.57084085  0.140451  ] to [-1.6068202142405856, -2.2256877695162336, -1.1992565199007008, -1.2874441793692544, 1.5707962818490098, -0.03602387543502958]
2025-03-18 19:18:41 - root - INFO - MovingL ur5e_2 from [-0.60432884 -0.6030648   0.28811164] to [-0.6        -0.6         0.12916659]
2025-03-18 19:18:43 - root - INFO - MovingJ ur5e_2 from [-1.60657819 -2.40978657 -1.34960085 -0.96265155  1.5707751  -0.03572271] to [-1.60106349 -2.22607339 -1.22847043 -1.2647799   1.57082693 -0.03027444]
2025-03-18 19:18:43 - root - INFO - pick up block at (-0.7, -0.9) start_height 0.15
2025-03-18 19:18:43 - root - INFO - Planning and moving to xyz facing down ur5e_2 from [-1.60657187 -2.28998717 -1.26894004 -1.16791312  1.57077605 -0.03572273] to [-1.396612567213104, -1.8260215631263916, -2.3335599252439083, -0.5528040669859902, 1.5707955329218295, 0.17418498487640263] target: [-0.7, -0.9, 0.15]
2025-03-18 19:18:43 - root - INFO - Planning and movingJ ur5e_2 from [-1.60657187 -2.28998717 -1.26894004 -1.16791312  1.57077605 -0.03572273] to [-1.396612567213104, -1.8260215631263916, -2.3335599252439083, -0.5528040669859902, 1.5707955329218295, 0.17418498487640263]
2025-03-18 19:18:43 - root - INFO - MovingJ ur5e_2 from [-1.60657187 -2.28998717 -1.26894004 -1.16791312  1.57077605 -0.03572273] to [-1.396612567213104, -1.8260215631263916, -2.3335599252439083, -0.5528040669859902, 1.5707955329218295, 0.17418498487640263]
2025-03-18 19:18:45 - root - INFO - MovingL ur5e_2 from [-0.69917125 -0.88995129  0.15053419] to [-0.7  -0.9   0.05]
2025-03-18 19:18:46 - root - INFO - MovingJ ur5e_2 from [-1.39681687 -2.12565398 -2.35334874 -0.22329065  1.57079307  0.17405874] to [-1.40267616 -1.84210641 -2.30404549 -0.57104476  1.57079455  0.16815147]
2025-03-18 19:18:47 - root - INFO - put down block at (-0.6, -0.6) start_height 0.42000000000000004
2025-03-18 19:18:47 - root - INFO - Planning and moving to xyz facing down ur5e_2 from [-1.3968175  -1.92546476 -2.31879382 -0.47269503  1.57079442  0.17405873] to [-1.6068199792260802, -2.1800687699277597, -0.9643750277744149, -1.567944423184871, 1.570796265450012, -0.03602364713768756] target: [-0.6, -0.6, 0.42000000000000004]
2025-03-18 19:18:47 - root - INFO - Planning and movingJ ur5e_2 from [-1.3968175  -1.92546476 -2.31879382 -0.47269503  1.57079442  0.17405873] to [-1.6068199792260802, -2.1800687699277597, -0.9643750277744149, -1.567944423184871, 1.570796265450012, -0.03602364713768756]
2025-03-18 19:18:47 - root - INFO - MovingJ ur5e_2 from [-1.3968175  -1.92546476 -2.31879382 -0.47269503  1.57079442  0.17405873] to [-1.6068199792260802, -2.1800687699277597, -0.9643750277744149, -1.567944423184871, 1.570796265450012, -0.03602364713768756]
2025-03-18 19:18:49 - root - INFO - MovingL ur5e_2 from [-0.60322115 -0.60047055  0.40806928] to [-0.6        -0.6         0.16824773]
2025-03-18 19:18:52 - root - INFO - MovingJ ur5e_2 from [-1.60668963 -2.36107079 -1.32905071 -1.03547943  1.57076018 -0.0358595 ] to [-1.6024629  -2.17930231 -0.99427723 -1.54573335  1.57081227 -0.03167761]
