2025-03-25 15:17:15 - root - INFO - Logging setup complete for Hanoi_sim
2025-03-25 15:17:15 - root - INFO - pick up block at (-0.805, -0.615) start_height 0.19
2025-03-25 15:17:15 - root - INFO - Planning and moving to xyz facing down ur5e_2 from [-1.56417438e+00 -1.56694744e+00 -4.97276278e-04 -1.56588207e+00
  1.05265287e-05 -1.99549302e-06] to [1.446061295924882, -0.25195533166349615, 0.22273833453469494, 1.6000128874548856, 1.5707962442402954, 3.016857621524421] target: [-0.805, -0.615, 0.19]
2025-03-25 15:17:15 - root - INFO - Planning and movingJ ur5e_2 from [-1.56417438e+00 -1.56694744e+00 -4.97276278e-04 -1.56588207e+00
  1.05265287e-05 -1.99549302e-06] to [1.446061295924882, -0.25195533166349615, 0.22273833453469494, 1.6000128874548856, 1.5707962442402954, 3.016857621524421]
2025-03-25 15:17:15 - root - INFO - MovingJ ur5e_2 from [-1.56417438e+00 -1.56694744e+00 -4.97276278e-04 -1.56588207e+00
  1.05265287e-05 -1.99549302e-06] to [1.446061295924882, -0.25195533166349615, 0.22273833453469494, 1.6000128874548856, 1.5707962442402954, 3.016857621524421]
2025-03-25 15:17:18 - root - INFO - MovingL ur5e_2 from [-0.78705127 -0.61103995  0.19078002] to [-0.805 -0.615  0.09 ]
2025-03-25 15:17:20 - root - INFO - MovingJ ur5e_2 from [ 1.44522245 -0.19464457  0.35782171  1.41366858  1.57082884  3.0161666 ] to [ 1.41964551 -0.25692254  0.2224358   1.57125682  1.55676604  2.98993048]
2025-03-25 15:17:20 - root - INFO - Planning and moving to xyz facing down ur5e_2 from [ 1.43571077 -0.21260874  0.308329    1.47227665  1.57081737  3.00633926] to [1.4362648479771296, -0.9638819668009667, 1.34736054442041, -1.9542783462139752, 4.712389288401664, -0.13453145249241508] target: [-0.79770778 -0.61246837  0.27493489]
2025-03-25 15:17:20 - root - INFO - Planning and movingJ ur5e_2 from [ 1.43571077 -0.21260874  0.308329    1.47227665  1.57081737  3.00633926] to [1.4362648479771296, -0.9638819668009667, 1.34736054442041, -1.9542783462139752, -1.570796018777922, -0.13453145249241508]
2025-03-25 15:17:20 - root - INFO - MovingJ ur5e_2 from [ 1.43571077 -0.21260874  0.308329    1.47227665  1.57081737  3.00633926] to [1.4362648479771296, -0.9638819668009667, 1.34736054442041, -1.9542783462139752, -1.570796018777922, -0.13453145249241508]
2025-03-25 15:17:32 - root - WARNING - Movement for ur5e_2 timed out before reaching the target joints.
2025-03-25 15:17:32 - root - INFO - put down block at (-0.995, -0.615) start_height 0.11969326886211563
2025-03-25 15:17:32 - root - INFO - Planning and moving to xyz facing down ur5e_2 from [ 1.43626412 -0.95941937  1.34895973 -1.9538741  -1.57079603 -0.13453145] to [1.709880818747578, -0.7085390337983839, 1.333383701728411, -2.19564277039259, -1.5707961676305828, 0.13908448684834537] target: [-0.995, -0.615, 0.11969326886211563]
2025-03-25 15:17:32 - root - INFO - Planning and movingJ ur5e_2 from [ 1.43626412 -0.95941937  1.34895973 -1.9538741  -1.57079603 -0.13453145] to [1.709880818747578, -0.7085390337983839, 1.333383701728411, -2.19564277039259, -1.5707961676305828, 0.13908448684834537]
2025-03-25 15:17:32 - root - INFO - MovingJ ur5e_2 from [ 1.43626412 -0.95941937  1.34895973 -1.9538741  -1.57079603 -0.13453145] to [1.709880818747578, -0.7085390337983839, 1.333383701728411, -2.19564277039259, -1.5707961676305828, 0.13908448684834537]
2025-03-25 15:17:33 - root - INFO - MovingL ur5e_2 from [-0.97398849 -0.61104338  0.13179648] to [-0.995      -0.615       0.06969327]
2025-03-25 15:17:34 - root - INFO - MovingJ ur5e_2 from [ 1.7070284  -0.62576533  1.34508074 -2.26649551 -1.57081541  0.13624229] to [ 1.68104135 -0.73004017  1.33635401 -2.17003025 -1.57095228  0.11042084]
2025-03-25 15:17:34 - root - INFO - Planning and moving to xyz facing down ur5e_2 from [ 1.70526451 -0.63005001  1.34585996 -2.25958822 -1.57081367  0.13446963] to [1.7057992018458072, -0.8350616522634731, 1.2951258710763358, -2.0308610743988624, -1.570796279221348, 0.13500286604705308] target: [-0.9915195  -0.61816286  0.21349703]
2025-03-25 15:17:34 - root - INFO - Planning and movingJ ur5e_2 from [ 1.70526451 -0.63005001  1.34585996 -2.25958822 -1.57081367  0.13446963] to [1.7057992018458072, -0.8350616522634731, 1.2951258710763358, -2.0308610743988624, -1.570796279221348, 0.13500286604705308]
2025-03-25 15:17:34 - root - INFO - MovingJ ur5e_2 from [ 1.70526451 -0.63005001  1.34585996 -2.25958822 -1.57081367  0.13446963] to [1.7057992018458072, -0.8350616522634731, 1.2951258710763358, -2.0308610743988624, -1.570796279221348, 0.13500286604705308]
2025-03-25 15:17:37 - root - WARNING - Movement for ur5e_2 timed out before reaching the target joints.
2025-03-25 15:17:37 - root - INFO - pick up block at (-0.615, -0.615) start_height 0.19
2025-03-25 15:17:37 - root - INFO - Planning and moving to xyz facing down ur5e_2 from [ 1.70579583 -0.82958014  1.29692359 -2.03060907 -1.57079642  0.13499843] to [1.186541941570407, -0.8487844705535883, 1.3884054587662895, -2.1104176129413728, -1.5707962987745647, -0.3842543946881626] target: [-0.615, -0.615, 0.19]
2025-03-25 15:17:37 - root - INFO - Planning and movingJ ur5e_2 from [ 1.70579583 -0.82958014  1.29692359 -2.03060907 -1.57079642  0.13499843] to [1.186541941570407, -0.8487844705535883, 1.3884054587662895, -2.1104176129413728, -1.5707962987745647, -0.3842543946881626]
2025-03-25 15:17:37 - root - INFO - MovingJ ur5e_2 from [ 1.70579583 -0.82958014  1.29692359 -2.03060907 -1.57079642  0.13499843] to [1.186541941570407, -0.8487844705535883, 1.3884054587662895, -2.1104176129413728, -1.5707962987745647, -0.3842543946881626]
