2025-03-25 15:13:54 - root - INFO - Logging setup complete for Hanoi_sim
2025-03-25 15:13:54 - root - INFO - pick up block at (-0.995, -0.615) start_height 0.195
2025-03-25 15:13:54 - root - INFO - Planning and moving to xyz facing down ur5e_2 from [-1.56417438e+00 -1.56694744e+00 -4.97276278e-04 -1.56588207e+00
  1.05265287e-05 -1.99549302e-06] to [1.7098822196922827, -0.8053638001021703, 1.2937663818161185, 4.22398575472386, -1.5707962924407917, 0.13908587839950018] target: [-0.995, -0.615, 0.195]
2025-03-25 15:13:54 - root - INFO - Planning and movingJ ur5e_2 from [-1.56417438e+00 -1.56694744e+00 -4.97276278e-04 -1.56588207e+00
  1.05265287e-05 -1.99549302e-06] to [1.7098822196922827, -0.8053638001021703, 1.2937663818161185, 4.22398575472386, -1.5707962924407917, 0.13908587839950018]
2025-03-25 15:13:54 - root - INFO - MovingJ ur5e_2 from [-1.56417438e+00 -1.56694744e+00 -4.97276278e-04 -1.56588207e+00
  1.05265287e-05 -1.99549302e-06] to [1.7098822196922827, -0.8053638001021703, 1.2937663818161185, 4.22398575472386, -1.5707962924407917, 0.13908587839950018]
2025-03-25 15:13:58 - root - INFO - MovingL ur5e_2 from [-0.98444824 -0.60710295  0.19898347] to [-0.995 -0.615  0.095]
2025-03-25 15:14:00 - root - INFO - MovingJ ur5e_2 from [ 1.70866378 -0.67215063  1.33742989  4.05834513 -1.57073128  0.13801458] to [ 1.69333408 -0.80384637  1.28893062  4.19498438 -1.56275572  0.13837449]
2025-03-25 15:14:00 - root - INFO - Planning and moving to xyz facing down ur5e_2 from [ 1.70864249 -0.70559606  1.32473957  4.09781087 -1.57073121  0.13801458] to [1.7091844328556274, -0.8297241286732003, 1.265211768813323, 4.276901107197148, -1.5707963057504508, 0.13838810108095584] target: [-0.99473461 -0.61315667  0.22065932]
2025-03-25 15:14:00 - root - INFO - Planning and movingJ ur5e_2 from [ 1.70864249 -0.70559606  1.32473957  4.09781087 -1.57073121  0.13801458] to [1.7091844328556274, -0.8297241286732003, 1.265211768813323, 4.276901107197148, -1.5707963057504508, 0.13838810108095584]
2025-03-25 15:14:00 - root - INFO - MovingJ ur5e_2 from [ 1.70864249 -0.70559606  1.32473957  4.09781087 -1.57073121  0.13801458] to [1.7091844328556274, -0.8297241286732003, 1.265211768813323, 4.276901107197148, -1.5707963057504508, 0.13838810108095584]
2025-03-25 15:14:02 - root - WARNING - Movement for ur5e_2 timed out before reaching the target joints.
2025-03-25 15:14:02 - root - INFO - put down block at (-0.805, -0.615) start_height 0.155
2025-03-25 15:14:02 - root - INFO - Planning and moving to xyz facing down ur5e_2 from [ 1.70917672 -0.82444223  1.26693437  4.27683703 -1.57079547  0.13838269] to [1.4460612834225315, -0.8293573721836386, 1.4591496895241074, 4.082595817416525, -1.5707962476964197, -0.12473508133509112] target: [-0.805, -0.615, 0.155]
2025-03-25 15:14:02 - root - INFO - Planning and movingJ ur5e_2 from [ 1.70917672 -0.82444223  1.26693437  4.27683703 -1.57079547  0.13838269] to [1.4460612834225315, -0.8293573721836386, 1.4591496895241074, 4.082595817416525, -1.5707962476964197, -0.12473508133509112]
2025-03-25 15:14:02 - root - INFO - MovingJ ur5e_2 from [ 1.70917672 -0.82444223  1.26693437  4.27683703 -1.57079547  0.13838269] to [1.4460612834225315, -0.8293573721836386, 1.4591496895241074, 4.082595817416525, -1.5707962476964197, -0.12473508133509112]
2025-03-25 15:14:03 - root - INFO - MovingL ur5e_2 from [-0.82579793 -0.61232881  0.15673654] to [-0.805      -0.615       0.08978449]
2025-03-25 15:14:04 - root - INFO - MovingJ ur5e_2 from [ 1.44892323 -0.73474125  1.47424418  3.97301174 -1.57078238 -0.12193666] to [ 1.47573808 -0.82293948  1.43888157  4.10476288 -1.57064817 -0.0951861 ]
2025-03-25 15:14:05 - root - INFO - Planning and moving to xyz facing down ur5e_2 from [ 1.45580457 -0.75495551  1.46551734  4.00734447 -1.57082922 -0.11495066] to [1.4563559934529415, -0.893282679623418, 1.4157126379403437, 4.189954977570076, -1.5707960036791122, -0.11444028846183495] target: [-0.81209383 -0.61317939  0.20799789]
2025-03-25 15:14:05 - root - INFO - Planning and movingJ ur5e_2 from [ 1.45580457 -0.75495551  1.46551734  4.00734447 -1.57082922 -0.11495066] to [1.4563559934529415, -0.893282679623418, 1.4157126379403437, 4.189954977570076, -1.5707960036791122, -0.11444028846183495]
2025-03-25 15:14:05 - root - INFO - MovingJ ur5e_2 from [ 1.45580457 -0.75495551  1.46551734  4.00734447 -1.57082922 -0.11495066] to [1.4563559934529415, -0.893282679623418, 1.4157126379403437, 4.189954977570076, -1.5707960036791122, -0.11444028846183495]
2025-03-25 15:14:07 - root - WARNING - Movement for ur5e_2 timed out before reaching the target joints.
2025-03-25 15:14:07 - root - INFO - pick up block at (-0.615, -0.615) start_height 0.155
2025-03-25 15:14:07 - root - INFO - Planning and moving to xyz facing down ur5e_2 from [ 1.4563497  -0.88800383  1.41751504  4.1900491  -1.57079645 -0.11444731] to [1.1865412896018006, -0.8034759570800276, 1.4097054975623633, 4.10615861325189, -1.5707962541304787, -0.38425504578744046] target: [-0.615, -0.615, 0.155]
2025-03-25 15:14:07 - root - INFO - Planning and movingJ ur5e_2 from [ 1.4563497  -0.88800383  1.41751504  4.1900491  -1.57079645 -0.11444731] to [1.1865412896018006, -0.8034759570800276, 1.4097054975623633, 4.10615861325189, -1.5707962541304787, -0.38425504578744046]
2025-03-25 15:14:07 - root - INFO - MovingJ ur5e_2 from [ 1.4563497  -0.88800383  1.41751504  4.1900491  -1.57079645 -0.11444731] to [1.1865412896018006, -0.8034759570800276, 1.4097054975623633, 4.10615861325189, -1.5707962541304787, -0.38425504578744046]
2025-03-25 15:14:08 - root - INFO - MovingL ur5e_2 from [-0.6361253  -0.61270835  0.1558458 ] to [-0.615 -0.615  0.055]
2025-03-25 15:14:09 - root - INFO - MovingJ ur5e_2 from [ 1.18825644 -0.65381592  1.42895868  3.93891738 -1.57067865 -0.38287411] to [ 1.2151953  -0.80740754  1.41213755  4.11565224 -1.57080563 -0.3554459 ]
2025-03-25 15:14:10 - root - INFO - Planning and moving to xyz facing down ur5e_2 from [ 1.19980639 -0.71612663  1.43003348  4.0159303  -1.57072788 -0.37096968] to [1.2003652201383155, -0.8573716653989639, 1.3934697582123354, 4.176286984640641, -1.57079601593852, -0.3704310629091045] target: [-0.62563267 -0.61494978  0.19359097]
2025-03-25 15:14:10 - root - INFO - Planning and movingJ ur5e_2 from [ 1.19980639 -0.71612663  1.43003348  4.0159303  -1.57072788 -0.37096968] to [1.2003652201383155, -0.8573716653989639, 1.3934697582123354, 4.176286984640641, -1.57079601593852, -0.3704310629091045]
2025-03-25 15:14:10 - root - INFO - MovingJ ur5e_2 from [ 1.19980639 -0.71612663  1.43003348  4.0159303  -1.57072788 -0.37096968] to [1.2003652201383155, -0.8573716653989639, 1.3934697582123354, 4.176286984640641, -1.57079601593852, -0.3704310629091045]
2025-03-25 15:14:12 - root - WARNING - Movement for ur5e_2 timed out before reaching the target joints.
2025-03-25 15:14:12 - root - INFO - put down block at (-0.995, -0.615) start_height 0.225
2025-03-25 15:14:12 - root - INFO - Planning and moving to xyz facing down ur5e_2 from [ 1.20035287 -0.85297629  1.39455304  4.17573642 -1.57079534 -0.37044059] to [1.7098825489886895, -0.8380104569490784, 1.267954919705568, 4.282444174468121, -1.5707962966967572, 0.13908621838293792] target: [-0.995, -0.615, 0.225]
2025-03-25 15:14:12 - root - INFO - Planning and movingJ ur5e_2 from [ 1.20035287 -0.85297629  1.39455304  4.17573642 -1.57079534 -0.37044059] to [1.7098825489886895, -0.8380104569490784, 1.267954919705568, 4.282444174468121, -1.5707962966967572, 0.13908621838293792]
2025-03-25 15:14:12 - root - INFO - MovingJ ur5e_2 from [ 1.20035287 -0.85297629  1.39455304  4.17573642 -1.57079534 -0.37044059] to [1.7098825489886895, -0.8380104569490784, 1.267954919705568, 4.282444174468121, -1.5707962966967572, 0.13908621838293792]
2025-03-25 15:14:13 - root - INFO - MovingL ur5e_2 from [-0.97400403 -0.60980557  0.21990634] to [-0.995      -0.615       0.08978449]
2025-03-25 15:14:15 - root - INFO - MovingJ ur5e_2 from [ 1.70861707 -0.67169026  1.33448557  4.04238576 -1.57088552  0.13767325] to [ 1.68093943 -0.83511205  1.27574944  4.27641814 -1.57140815  0.11107726]
2025-03-25 15:14:15 - root - INFO - Planning and moving to xyz facing down ur5e_2 from [ 1.69255373 -0.7618191   1.30171502  4.17872712 -1.57087774  0.12222531] to [1.6930753122058666, -0.869066697218416, 1.2148575839052844, 4.366597827628024, -1.5707963032454002, 0.1222789801832333] target: [-0.98325923 -0.60863628  0.26422375]
2025-03-25 15:14:15 - root - INFO - Planning and movingJ ur5e_2 from [ 1.69255373 -0.7618191   1.30171502  4.17872712 -1.57087774  0.12222531] to [1.6930753122058666, -0.869066697218416, 1.2148575839052844, 4.366597827628024, -1.5707963032454002, 0.1222789801832333]
2025-03-25 15:14:15 - root - INFO - MovingJ ur5e_2 from [ 1.69255373 -0.7618191   1.30171502  4.17872712 -1.57087774  0.12222531] to [1.6930753122058666, -0.869066697218416, 1.2148575839052844, 4.366597827628024, -1.5707963032454002, 0.1222789801832333]
2025-03-25 15:14:17 - root - WARNING - Movement for ur5e_2 timed out before reaching the target joints.
2025-03-25 15:14:17 - root - INFO - pick up block at (-0.805, -0.615) start_height 0.225
2025-03-25 15:14:17 - root - INFO - Planning and moving to xyz facing down ur5e_2 from [ 1.69306944 -0.86365311  1.21687187  4.36670867 -1.57079736  0.12227827] to [1.4460615261314873, -0.9177927234698794, 1.409378172387067, 4.220802826044201, -1.570796264159668, -0.12473482666340949] target: [-0.805, -0.615, 0.225]
2025-03-25 15:14:17 - root - INFO - Planning and movingJ ur5e_2 from [ 1.69306944 -0.86365311  1.21687187  4.36670867 -1.57079736  0.12227827] to [1.4460615261314873, -0.9177927234698794, 1.409378172387067, 4.220802826044201, -1.570796264159668, -0.12473482666340949]
2025-03-25 15:14:17 - root - INFO - MovingJ ur5e_2 from [ 1.69306944 -0.86365311  1.21687187  4.36670867 -1.57079736  0.12227827] to [1.4460615261314873, -0.9177927234698794, 1.409378172387067, 4.220802826044201, -1.570796264159668, -0.12473482666340949]
2025-03-25 15:14:18 - root - INFO - MovingL ur5e_2 from [-0.82503999 -0.6118751   0.2246233 ] to [-0.805 -0.615  0.125]
2025-03-25 15:14:20 - root - INFO - MovingJ ur5e_2 from [ 1.44812874 -0.78162937  1.47106254  4.04133715 -1.57079831 -0.12263547] to [ 1.47475627 -0.90658277  1.38856037  4.23836607 -1.57080591 -0.09590564]
2025-03-25 15:14:20 - root - INFO - Planning and moving to xyz facing down ur5e_2 from [ 1.46159653 -0.83897076  1.4312557   4.14127927 -1.57079608 -0.10917325] to [1.4621517186028374, -0.9551513372631151, 1.3511903539972456, 4.3163457949524044, -1.5707959912903278, -0.10864456455705357] target: [-0.81614147 -0.61252091  0.26824902]
2025-03-25 15:14:20 - root - INFO - Planning and movingJ ur5e_2 from [ 1.46159653 -0.83897076  1.4312557   4.14127927 -1.57079608 -0.10917325] to [1.4621517186028374, -0.9551513372631151, 1.3511903539972456, 4.3163457949524044, -1.5707959912903278, -0.10864456455705357]
2025-03-25 15:14:20 - root - INFO - MovingJ ur5e_2 from [ 1.46159653 -0.83897076  1.4312557   4.14127927 -1.57079608 -0.10917325] to [1.4621517186028374, -0.9551513372631151, 1.3511903539972456, 4.3163457949524044, -1.5707959912903278, -0.10864456455705357]
2025-03-25 15:14:22 - root - WARNING - Movement for ur5e_2 timed out before reaching the target joints.
2025-03-25 15:14:22 - root - INFO - put down block at (-0.995, -0.615) start_height 0.29500000000000004
2025-03-25 15:14:22 - root - INFO - Planning and moving to xyz facing down ur5e_2 from [ 1.46214454 -0.95004202  1.35319593  4.31639707 -1.57079598 -0.10865262] to [1.7098818003323266, -0.899264722186685, 1.1843347794182684, 4.427317903371617, -1.5707962398337447, 0.13908546300811422] target: [-0.995, -0.615, 0.29500000000000004]
2025-03-25 15:14:22 - root - INFO - Planning and movingJ ur5e_2 from [ 1.46214454 -0.95004202  1.35319593  4.31639707 -1.57079598 -0.10865262] to [1.7098818003323266, -0.899264722186685, 1.1843347794182684, 4.427317903371617, -1.5707962398337447, 0.13908546300811422]
2025-03-25 15:14:22 - root - INFO - MovingJ ur5e_2 from [ 1.46214454 -0.95004202  1.35319593  4.31639707 -1.57079598 -0.10865262] to [1.7098818003323266, -0.899264722186685, 1.1843347794182684, 4.427317903371617, -1.5707962398337447, 0.13908546300811422]
2025-03-25 15:14:23 - root - INFO - MovingL ur5e_2 from [-0.97393554 -0.61201194  0.2868332 ] to [-0.995      -0.615       0.12938652]
2025-03-25 15:14:25 - root - INFO - MovingJ ur5e_2 from [ 1.70830837 -0.71395237  1.33263385  4.11868206 -1.57079493  0.13750393] to [ 1.68109219 -0.90036809  1.20585519  4.41489533 -1.57078705  0.11017167]
2025-03-25 15:14:26 - root - INFO - Planning and moving to xyz facing down ur5e_2 from [ 1.69030067 -0.83220539  1.25036507  4.31511054 -1.57079468  0.11942619] to [1.6908340081319193, -0.914858464652738, 1.1290839923449858, 4.498163126485561, -1.5707962987299349, 0.12003767580600741] target: [-0.98153492 -0.60902482  0.32600333]
2025-03-25 15:14:26 - root - INFO - Planning and movingJ ur5e_2 from [ 1.69030067 -0.83220539  1.25036507  4.31511054 -1.57079468  0.11942619] to [1.6908340081319193, -0.914858464652738, 1.1290839923449858, 4.498163126485561, -1.5707962987299349, 0.12003767580600741]
2025-03-25 15:14:26 - root - INFO - MovingJ ur5e_2 from [ 1.69030067 -0.83220539  1.25036507  4.31511054 -1.57079468  0.11942619] to [1.6908340081319193, -0.914858464652738, 1.1290839923449858, 4.498163126485561, -1.5707962987299349, 0.12003767580600741]
2025-03-25 15:14:28 - root - WARNING - Movement for ur5e_2 timed out before reaching the target joints.
2025-03-25 15:14:28 - root - INFO - pick up block at (-0.805, -0.615) start_height 0.255
2025-03-25 15:14:28 - root - INFO - Planning and moving to xyz facing down ur5e_2 from [ 1.69082752 -0.90960755  1.1312637   4.49825609 -1.57079627  0.12002925] to [1.446061261365519, -0.9496516584667788, 1.378777618315031, 4.283262092708807, -1.570796246196937, -0.12473510051370874] target: [-0.805, -0.615, 0.255]
2025-03-25 15:14:28 - root - INFO - Planning and movingJ ur5e_2 from [ 1.69082752 -0.90960755  1.1312637   4.49825609 -1.57079627  0.12002925] to [1.446061261365519, -0.9496516584667788, 1.378777618315031, 4.283262092708807, -1.570796246196937, -0.12473510051370874]
2025-03-25 15:14:28 - root - INFO - MovingJ ur5e_2 from [ 1.69082752 -0.90960755  1.1312637   4.49825609 -1.57079627  0.12002925] to [1.446061261365519, -0.9496516584667788, 1.378777618315031, 4.283262092708807, -1.570796246196937, -0.12473510051370874]
2025-03-25 15:14:29 - root - INFO - MovingL ur5e_2 from [-0.82479979 -0.61128946  0.25816867] to [-0.805 -0.615  0.155]
2025-03-25 15:14:30 - root - INFO - MovingJ ur5e_2 from [ 1.44814806 -0.8247587   1.45730486  4.09812544 -1.5707983  -0.12261815] to [ 1.47449826 -0.94014319  1.35159648  4.30889408 -1.57080545 -0.09616837]
2025-03-25 15:14:31 - root - INFO - Planning and moving to xyz facing down ur5e_2 from [ 1.46231502 -0.88101199  1.40255095  4.21173395 -1.57079601 -0.10845464] to [1.4628738843867621, -0.9823656028284087, 1.3003518718430789, 4.394402476173962, -1.5707963059418006, -0.1079224478376507] target: [-0.81653295 -0.6114227   0.30347114]
2025-03-25 15:14:31 - root - INFO - Planning and movingJ ur5e_2 from [ 1.46231502 -0.88101199  1.40255095  4.21173395 -1.57079601 -0.10845464] to [1.4628738843867621, -0.9823656028284087, 1.3003518718430789, 4.394402476173962, -1.5707963059418006, -0.1079224478376507]
2025-03-25 15:14:31 - root - INFO - MovingJ ur5e_2 from [ 1.46231502 -0.88101199  1.40255095  4.21173395 -1.57079601 -0.10845464] to [1.4628738843867621, -0.9823656028284087, 1.3003518718430789, 4.394402476173962, -1.5707963059418006, -0.1079224478376507]
