2025-03-25 15:16:39 - root - INFO - Logging setup complete for Hanoi_sim
2025-03-25 15:16:40 - root - INFO - pick up block at (-0.995, -0.615) start_height 0.19
2025-03-25 15:16:40 - root - INFO - Planning and moving to xyz facing down ur5e_2 from [-1.56417438e+00 -1.56694744e+00 -4.97276278e-04 -1.56588207e+00
  1.05265287e-05 -1.99549302e-06] to [-1.0747818946464387, -2.341992856113322, 4.985634042949421, -1.072842330873343, 1.5707960883255256, 0.4960144028762285] target: [-0.995, -0.615, 0.19]
2025-03-25 15:16:40 - root - INFO - Planning and movingJ ur5e_2 from [-1.56417438e+00 -1.56694744e+00 -4.97276278e-04 -1.56588207e+00
  1.05265287e-05 -1.99549302e-06] to [-1.0747818946464387, -2.341992856113322, -1.2975512642301652, -1.072842330873343, 1.5707960883255256, 0.4960144028762285]
2025-03-25 15:16:40 - root - INFO - MovingJ ur5e_2 from [-1.56417438e+00 -1.56694744e+00 -4.97276278e-04 -1.56588207e+00
  1.05265287e-05 -1.99549302e-06] to [-1.0747818946464387, -2.341992856113322, -1.2975512642301652, -1.072842330873343, 1.5707960883255256, 0.4960144028762285]
2025-03-25 15:16:42 - root - INFO - MovingL ur5e_2 from [-0.98843694 -0.60717755  0.20539828] to [-0.995 -0.615  0.09 ]
2025-03-25 15:16:43 - root - INFO - MovingJ ur5e_2 from [-1.07515857 -2.47588903 -1.33584479 -0.89660434  1.57073699  0.4957452 ] to [-1.08366642 -2.33332193 -1.27547888 -1.0825648   1.54188789  0.48687419]
2025-03-25 15:16:44 - root - INFO - Planning and moving to xyz facing down ur5e_2 from [-1.07513906 -2.41389434 -1.30891975 -0.98420322  1.55722289  0.49574519] to [-1.0774882288763947, -2.228172742329028, -1.0876853539446638, -1.3965289263425957, 1.5707961700868933, 0.49330810613765463] target: [-0.99550739 -0.60982399  0.341012  ]
2025-03-25 15:16:44 - root - INFO - Planning and movingJ ur5e_2 from [-1.07513906 -2.41389434 -1.30891975 -0.98420322  1.55722289  0.49574519] to [-1.0774882288763947, -2.228172742329028, -1.0876853539446638, -1.3965289263425957, 1.5707961700868933, 0.49330810613765463]
2025-03-25 15:16:44 - root - INFO - MovingJ ur5e_2 from [-1.07513906 -2.41389434 -1.30891975 -0.98420322  1.55722289  0.49574519] to [-1.0774882288763947, -2.228172742329028, -1.0876853539446638, -1.3965289263425957, 1.5707961700868933, 0.49330810613765463]
2025-03-25 15:16:47 - root - WARNING - Movement for ur5e_2 timed out before reaching the target joints.
2025-03-25 15:16:47 - root - INFO - put down block at (-0.805, -0.615) start_height 0.19
2025-03-25 15:16:47 - root - INFO - Planning and moving to xyz facing down ur5e_2 from [-1.07748724 -2.23296229 -1.08941346 -1.39686982  1.57079409  0.49330848] to [-1.320352124054312, -2.2656518935031182, -1.4380360882941106, -1.0086988766324168, 1.5707961764230434, 0.2504441156001588] target: [-0.805, -0.615, 0.19]
2025-03-25 15:16:47 - root - INFO - Planning and movingJ ur5e_2 from [-1.07748724 -2.23296229 -1.08941346 -1.39686982  1.57079409  0.49330848] to [-1.320352124054312, -2.2656518935031182, -1.4380360882941106, -1.0086988766324168, 1.5707961764230434, 0.2504441156001588]
2025-03-25 15:16:47 - root - INFO - MovingJ ur5e_2 from [-1.07748724 -2.23296229 -1.08941346 -1.39686982  1.57079409  0.49330848] to [-1.320352124054312, -2.2656518935031182, -1.4380360882941106, -1.0086988766324168, 1.5707961764230434, 0.2504441156001588]
2025-03-25 15:16:48 - root - INFO - MovingL ur5e_2 from [-0.81931523 -0.61145267  0.1963122 ] to [-0.805      -0.615       0.12933941]
2025-03-25 15:16:49 - root - INFO - MovingJ ur5e_2 from [-1.31857787 -2.34693243 -1.46408895 -0.90313108  1.57082196  0.25224906] to [-1.30206652 -2.26778202 -1.41327924 -1.03803728  1.57090642  0.26862234]
2025-03-25 15:16:50 - root - INFO - Planning and moving to xyz facing down ur5e_2 from [-1.31857081 -2.32903702 -1.45139144 -0.93832474  1.57082217  0.25224905] to [-1.319126073162241, -2.125865323824128, -1.2382951433580847, -1.3482270030328216, 1.5707962070847075, 0.2516702657984725] target: [-0.80650749 -0.61260292  0.34720114]
2025-03-25 15:16:50 - root - INFO - Planning and movingJ ur5e_2 from [-1.31857081 -2.32903702 -1.45139144 -0.93832474  1.57082217  0.25224905] to [-1.319126073162241, -2.125865323824128, -1.2382951433580847, -1.3482270030328216, 1.5707962070847075, 0.2516702657984725]
2025-03-25 15:16:50 - root - INFO - MovingJ ur5e_2 from [-1.31857081 -2.32903702 -1.45139144 -0.93832474  1.57082217  0.25224905] to [-1.319126073162241, -2.125865323824128, -1.2382951433580847, -1.3482270030328216, 1.5707962070847075, 0.2516702657984725]
2025-03-25 15:16:53 - root - WARNING - Movement for ur5e_2 timed out before reaching the target joints.
2025-03-25 15:16:53 - root - INFO - pick up block at (-0.995, -0.615) start_height 0.15
2025-03-25 15:16:53 - root - INFO - Planning and moving to xyz facing down ur5e_2 from [-1.31912542 -2.13051883 -1.24020861 -1.34870899  1.57079625  0.25167118] to [-1.074782342398642, -2.3916608140782185, -1.3217370436064777, -0.9989885528401733, 1.570796120838553, 0.4960139516022635] target: [-0.995, -0.615, 0.15]
2025-03-25 15:16:53 - root - INFO - Planning and movingJ ur5e_2 from [-1.31912542 -2.13051883 -1.24020861 -1.34870899  1.57079625  0.25167118] to [-1.074782342398642, -2.3916608140782185, -1.3217370436064777, -0.9989885528401733, 1.570796120838553, 0.4960139516022635]
2025-03-25 15:16:53 - root - INFO - MovingJ ur5e_2 from [-1.31912542 -2.13051883 -1.24020861 -1.34870899  1.57079625  0.25167118] to [-1.074782342398642, -2.3916608140782185, -1.3217370436064777, -0.9989885528401733, 1.570796120838553, 0.4960139516022635]
2025-03-25 15:16:54 - root - INFO - MovingL ur5e_2 from [-0.98001637 -0.61143254  0.16129071] to [-0.995 -0.615  0.05 ]
