2025-03-18 20:22:25 - root - INFO - Logging setup complete for Hanoi_sim
2025-03-18 20:22:25 - root - INFO - pick up block at (-0.995, -0.615) start_height 0.28500000000000003
2025-03-18 20:22:25 - root - INFO - Planning and moving to xyz facing down ur5e_2 from [-1.56417438e+00 -1.56694744e+00 -4.97276278e-04 -1.56588207e+00
  1.05265287e-05 -1.99549302e-06] to [-1.0747824920251259, -2.249692113457871, 5.084767722775583, -1.2642760394148085, 1.570795586415202, 0.49601366981736766] target: [-0.995, -0.615, 0.28500000000000003]
2025-03-18 20:22:25 - root - INFO - Planning and movingJ ur5e_2 from [-1.56417438e+00 -1.56694744e+00 -4.97276278e-04 -1.56588207e+00
  1.05265287e-05 -1.99549302e-06] to [-1.0747824920251259, -2.249692113457871, -1.1984175844040035, -1.2642760394148085, 1.570795586415202, 0.49601366981736766]
2025-03-18 20:22:25 - root - INFO - MovingJ ur5e_2 from [-1.56417438e+00 -1.56694744e+00 -4.97276278e-04 -1.56588207e+00
  1.05265287e-05 -1.99549302e-06] to [-1.0747824920251259, -2.249692113457871, -1.1984175844040035, -1.2642760394148085, 1.570795586415202, 0.49601366981736766]
2025-03-18 20:22:27 - root - INFO - MovingL ur5e_2 from [-0.9873881  -0.60914024  0.29939602] to [-0.995 -0.615  0.185]
2025-03-18 20:22:29 - root - INFO - MovingJ ur5e_2 from [-1.07572215 -2.35345746 -1.29751745 -1.08010117  1.57062138  0.49505446] to [-1.08367718 -2.24244267 -1.17825947 -1.27046239  1.54188669  0.48687348]
2025-03-18 20:22:29 - root - INFO - put down block at (-0.805, -0.615) start_height 0.11962102479785809
2025-03-18 20:22:29 - root - INFO - Planning and moving to xyz facing down ur5e_2 from [-1.07570496 -2.30347221 -1.24033286 -1.17420949  1.55648954  0.49505445] to [-1.3203528405097456, -2.3637191057462923, -1.4729674485473967, -0.8757011664842242, 1.5707962343494015, 0.2504434404427996] target: [-0.805, -0.615, 0.11962102479785809]
2025-03-18 20:22:29 - root - INFO - Planning and movingJ ur5e_2 from [-1.07570496 -2.30347221 -1.24033286 -1.17420949  1.55648954  0.49505445] to [-1.3203528405097456, -2.3637191057462923, -1.4729674485473967, -0.8757011664842242, 1.5707962343494015, 0.2504434404427996]
2025-03-18 20:22:29 - root - INFO - MovingJ ur5e_2 from [-1.07570496 -2.30347221 -1.24033286 -1.17420949  1.55648954  0.49505445] to [-1.3203528405097456, -2.3637191057462923, -1.4729674485473967, -0.8757011664842242, 1.5707962343494015, 0.2504434404427996]
2025-03-18 20:22:30 - root - INFO - MovingL ur5e_2 from [-0.8229497  -0.61190266  0.12599836] to [-0.805      -0.615       0.06962102]
2025-03-18 20:22:31 - root - INFO - MovingJ ur5e_2 from [-1.31772061 -2.45082029 -1.48131443 -0.80269668  1.57074447  0.2530643 ] to [-1.29676337 -2.36266363 -1.45187853 -0.90461357  1.56955276  0.27390297]
2025-03-18 20:22:32 - root - INFO - pick up block at (-0.995, -0.615) start_height 0.21500000000000002
2025-03-18 20:22:32 - root - INFO - Planning and moving to xyz facing down ur5e_2 from [-1.31771559 -2.45106848 -1.48126517 -0.80474638  1.57074447  0.2530643 ] to [-1.0747830910922977, -2.314047940065655, -1.2772382722907816, -1.1211008881086626, 1.5707961813866276, 0.49601321337281523] target: [-0.995, -0.615, 0.21500000000000002]
2025-03-18 20:22:32 - root - INFO - Planning and movingJ ur5e_2 from [-1.31771559 -2.45106848 -1.48126517 -0.80474638  1.57074447  0.2530643 ] to [-1.0747830910922977, -2.314047940065655, -1.2772382722907816, -1.1211008881086626, 1.5707961813866276, 0.49601321337281523]
2025-03-18 20:22:32 - root - INFO - MovingJ ur5e_2 from [-1.31771559 -2.45106848 -1.48126517 -0.80474638  1.57074447  0.2530643 ] to [-1.0747830910922977, -2.314047940065655, -1.2772382722907816, -1.1211008881086626, 1.5707961813866276, 0.49601321337281523]
2025-03-18 20:22:33 - root - INFO - MovingL ur5e_2 from [-0.97798402 -0.61190946  0.19552977] to [-0.995 -0.615  0.115]
2025-03-18 20:22:37 - root - WARNING - Linear movement for ur5e_2 completed, but target not reached within tolerance after 400 attempts
2025-03-18 20:22:38 - root - INFO - MovingJ ur5e_2 from [-1.07490353 -2.42288644 -1.32167855 -0.92628026  1.57101552  0.49601386] to [-1.09708833 -2.33180837 -1.29768438 -1.09238026  1.57078798  0.47356812]
2025-03-18 20:22:38 - root - INFO - put down block at (-0.615, -0.615) start_height 0.1196688632082266
2025-03-18 20:22:38 - root - INFO - Planning and moving to xyz facing down ur5e_2 from [-1.07487786 -2.38931994 -1.32265387 -0.9947404   1.57101413  0.49601395] to [-1.586709420439433, -2.3882489300419167, -1.4235817908002815, -0.9005579810198441, 1.5707963009645123, -0.015913091713466672] target: [-0.615, -0.615, 0.1196688632082266]
2025-03-18 20:22:38 - root - INFO - Planning and movingJ ur5e_2 from [-1.07487786 -2.38931994 -1.32265387 -0.9947404   1.57101413  0.49601395] to [-1.586709420439433, -2.3882489300419167, -1.4235817908002815, -0.9005579810198441, 1.5707963009645123, -0.015913091713466672]
2025-03-18 20:22:38 - root - INFO - MovingJ ur5e_2 from [-1.07487786 -2.38931994 -1.32265387 -0.9947404   1.57101413  0.49601395] to [-1.586709420439433, -2.3882489300419167, -1.4235817908002815, -0.9005579810198441, 1.5707963009645123, -0.015913091713466672]
2025-03-18 20:22:39 - root - INFO - MovingL ur5e_2 from [-0.63599131 -0.61004067  0.11839777] to [-0.615      -0.615       0.06966886]
2025-03-18 20:22:41 - root - INFO - MovingJ ur5e_2 from [-1.58373241 -2.47340204 -1.43253818 -0.824807    1.57089506 -0.01308732] to [-1.55755238 -2.39221002 -1.41853516 -0.90540346  1.5715131   0.01222772]
2025-03-18 20:22:41 - root - INFO - pick up block at (-0.805, -0.615) start_height 0.07500000000000001
2025-03-18 20:22:41 - root - INFO - Planning and moving to xyz facing down ur5e_2 from [-1.5837324  -2.47367114 -1.43260857 -0.82483365  1.57089505 -0.01308732] to [-1.3203533174676934, -2.4343593860105304, -1.479603306828887, -0.7984257167786143, 1.5707962731512037, 0.25044302662353285] target: [-0.805, -0.615, 0.07500000000000001]
2025-03-18 20:22:41 - root - INFO - Planning and movingJ ur5e_2 from [-1.5837324  -2.47367114 -1.43260857 -0.82483365  1.57089505 -0.01308732] to [-1.3203533174676934, -2.4343593860105304, -1.479603306828887, -0.7984257167786143, 1.5707962731512037, 0.25044302662353285]
2025-03-18 20:22:41 - root - INFO - MovingJ ur5e_2 from [-1.5837324  -2.47367114 -1.43260857 -0.82483365  1.57089505 -0.01308732] to [-1.3203533174676934, -2.4343593860105304, -1.479603306828887, -0.7984257167786143, 1.5707962731512037, 0.25044302662353285]
2025-03-18 20:22:41 - root - INFO - MovingL ur5e_2 from [-0.78398711 -0.61384079  0.06932052] to [-0.805 -0.615 -0.025]
2025-03-18 20:22:46 - root - WARNING - Linear movement for ur5e_2 completed, but target not reached within tolerance after 400 attempts
2025-03-18 20:22:47 - root - INFO - MovingJ ur5e_2 from [-1.3240857  -2.56226862 -1.41005815 -0.69853801  1.56976687  0.24791469] to [-1.34977161 -2.44405218 -1.47567607 -0.80191714  1.57083988  0.22084766]
2025-03-18 20:22:47 - root - INFO - put down block at (-0.615, -0.615) start_height 0.14500000000000002
2025-03-18 20:22:47 - root - INFO - Planning and moving to xyz facing down ur5e_2 from [-1.32891044 -2.54449053 -1.42324974 -0.71820403  1.56974587  0.24279731] to [-1.5867084304817334, -2.351870954758222, -1.4144142473846126, -0.9461027047190157, 1.5707962366679369, -0.015912117405206608] target: [-0.615, -0.615, 0.14500000000000002]
2025-03-18 20:22:47 - root - INFO - Planning and movingJ ur5e_2 from [-1.32891044 -2.54449053 -1.42324974 -0.71820403  1.56974587  0.24279731] to [-1.5867084304817334, -2.351870954758222, -1.4144142473846126, -0.9461027047190157, 1.5707962366679369, -0.015912117405206608]
2025-03-18 20:22:47 - root - INFO - MovingJ ur5e_2 from [-1.32891044 -2.54449053 -1.42324974 -0.71820403  1.56974587  0.24279731] to [-1.5867084304817334, -2.351870954758222, -1.4144142473846126, -0.9461027047190157, 1.5707962366679369, -0.015912117405206608]
2025-03-18 20:22:48 - root - INFO - MovingL ur5e_2 from [-0.63600644 -0.61029908  0.12705831] to [-0.615      -0.615       0.08978449]
2025-03-18 20:22:49 - root - INFO - MovingJ ur5e_2 from [-1.58285938 -2.44359914 -1.43269537 -0.86003091  1.57075758 -0.01198763] to [-1.5573751  -2.37902091 -1.41684049 -0.92052675  1.570421    0.01370485]
2025-03-18 20:22:49 - root - INFO - pick up block at (-0.995, -0.615) start_height 0.14500000000000002
2025-03-18 20:22:49 - root - INFO - Planning and moving to xyz facing down ur5e_2 from [-1.58285938 -2.44386522 -1.43276749 -0.86005751  1.57075758 -0.01198763] to [-1.0747847685327627, -2.3982937875616988, -1.324009133763966, -0.9900857528547155, 1.5707962980137649, 0.4960115645491616] target: [-0.995, -0.615, 0.14500000000000002]
2025-03-18 20:22:49 - root - INFO - Planning and movingJ ur5e_2 from [-1.58285938 -2.44386522 -1.43276749 -0.86005751  1.57075758 -0.01198763] to [-1.0747847685327627, -2.3982937875616988, -1.324009133763966, -0.9900857528547155, 1.5707962980137649, 0.4960115645491616]
2025-03-18 20:22:49 - root - INFO - MovingJ ur5e_2 from [-1.58285938 -2.44386522 -1.43276749 -0.86005751  1.57075758 -0.01198763] to [-1.0747847685327627, -2.3982937875616988, -1.324009133763966, -0.9900857528547155, 1.5707962980137649, 0.4960115645491616]
2025-03-18 20:22:50 - root - INFO - MovingL ur5e_2 from [-0.97316018 -0.61029132  0.13640224] to [-0.995 -0.615  0.045]
2025-03-18 20:22:55 - root - WARNING - Linear movement for ur5e_2 completed, but target not reached within tolerance after 400 attempts
2025-03-18 20:22:55 - root - INFO - MovingJ ur5e_2 from [-1.07549026 -2.49803742 -1.28572275 -0.88525262  1.57096213  0.49553058] to [-1.10390531 -2.40634092 -1.33185747 -0.98309375  1.57080034  0.46664105]
2025-03-18 20:22:55 - root - INFO - put down block at (-0.805, -0.615) start_height 0.11968236606644862
2025-03-18 20:22:55 - root - INFO - Planning and moving to xyz facing down ur5e_2 from [-1.0754919  -2.49816942 -1.2857221  -0.88521559  1.57096214  0.49553058] to [-1.320353275829423, -2.3636292231278055, -1.4729421370637124, -0.8758169158211795, 1.5707962708562697, 0.2504430333475187] target: [-0.805, -0.615, 0.11968236606644862]
2025-03-18 20:22:55 - root - INFO - Planning and movingJ ur5e_2 from [-1.0754919  -2.49816942 -1.2857221  -0.88521559  1.57096214  0.49553058] to [-1.320353275829423, -2.3636292231278055, -1.4729421370637124, -0.8758169158211795, 1.5707962708562697, 0.2504430333475187]
2025-03-18 20:22:55 - root - INFO - MovingJ ur5e_2 from [-1.0754919  -2.49816942 -1.2857221  -0.88521559  1.57096214  0.49553058] to [-1.320353275829423, -2.3636292231278055, -1.4729421370637124, -0.8758169158211795, 1.5707962708562697, 0.2504430333475187]
2025-03-18 20:22:56 - root - INFO - MovingL ur5e_2 from [-0.82779383 -0.61037198  0.11607665] to [-0.805      -0.615       0.06968237]
2025-03-18 20:22:58 - root - INFO - MovingJ ur5e_2 from [-1.31997976 -2.45022385 -1.47822071 -0.78960078  1.57076251  0.25142044] to [-1.29112621 -2.38086202 -1.45163118 -0.87564707  1.57198843  0.27763752]
2025-03-18 20:22:58 - root - INFO - pick up block at (-0.615, -0.615) start_height 0.14500000000000002
2025-03-18 20:22:58 - root - INFO - Planning and moving to xyz facing down ur5e_2 from [-1.31997975 -2.45048793 -1.47828976 -0.78962754  1.57076251  0.25142044] to [-1.5867086836944775, -2.3518732412862993, -1.4144095901571618, -0.9461052693962821, 1.5707962459149114, -0.015912357774984117] target: [-0.615, -0.615, 0.14500000000000002]
2025-03-18 20:22:58 - root - INFO - Planning and movingJ ur5e_2 from [-1.31997975 -2.45048793 -1.47828976 -0.78962754  1.57076251  0.25142044] to [-1.5867086836944775, -2.3518732412862993, -1.4144095901571618, -0.9461052693962821, 1.5707962459149114, -0.015912357774984117]
2025-03-18 20:22:58 - root - INFO - MovingJ ur5e_2 from [-1.31997975 -2.45048793 -1.47828976 -0.78962754  1.57076251  0.25142044] to [-1.5867086836944775, -2.3518732412862993, -1.4144095901571618, -0.9461052693962821, 1.5707962459149114, -0.015912357774984117]
2025-03-18 20:22:59 - root - INFO - MovingL ur5e_2 from [-0.63527911 -0.61285513  0.13199174] to [-0.615 -0.615  0.045]
2025-03-18 20:23:03 - root - WARNING - Linear movement for ur5e_2 completed, but target not reached within tolerance after 400 attempts
2025-03-18 20:23:04 - root - INFO - MovingJ ur5e_2 from [-1.58680705 -2.49685097 -1.41930177 -0.76851346  1.57082436 -0.01591182] to [-1.55839294 -2.36747562 -1.42270201 -0.92991583  1.57077538  0.01263252]
2025-03-18 20:23:04 - root - INFO - put down block at (-0.995, -0.615) start_height 0.14500000000000002
2025-03-18 20:23:04 - root - INFO - Planning and moving to xyz facing down ur5e_2 from [-1.5759537  -2.45096422 -1.42031559 -0.83119934  1.57076075 -0.00487537] to [-1.074784781976881, -2.3982938930717688, -1.3240089035695324, -0.9900858884147793, 1.5707962988370914, 0.4960115511028656] target: [-0.995, -0.615, 0.14500000000000002]
2025-03-18 20:23:04 - root - INFO - Planning and movingJ ur5e_2 from [-1.5759537  -2.45096422 -1.42031559 -0.83119934  1.57076075 -0.00487537] to [-1.074784781976881, -2.3982938930717688, -1.3240089035695324, -0.9900858884147793, 1.5707962988370914, 0.4960115511028656]
2025-03-18 20:23:04 - root - INFO - MovingJ ur5e_2 from [-1.5759537  -2.45096422 -1.42031559 -0.83119934  1.57076075 -0.00487537] to [-1.074784781976881, -2.3982938930717688, -1.3240089035695324, -0.9900858884147793, 1.5707962988370914, 0.4960115511028656]
2025-03-18 20:23:05 - root - INFO - MovingL ur5e_2 from [-0.97358612 -0.60968589  0.13796738] to [-0.995      -0.615       0.08978449]
2025-03-18 20:23:07 - root - INFO - MovingJ ur5e_2 from [-1.07799266 -2.46962174 -1.33465598 -0.89873811  1.57073358  0.49324027] to [-1.10368074 -2.40533649 -1.33033768 -0.98129229  1.57021577  0.46800418]
2025-03-18 20:23:07 - root - INFO - pick up block at (-0.615, -0.615) start_height 0.07500000000000001
2025-03-18 20:23:07 - root - INFO - Planning and moving to xyz facing down ur5e_2 from [-1.07799607 -2.4695913  -1.33457503 -0.89864554  1.57073443  0.49324025] to [-1.58670943791111, -2.4573370149530422, -1.430281247513809, -0.8247704629358643, 1.570796302307944, -0.015913109459258314] target: [-0.615, -0.615, 0.07500000000000001]
2025-03-18 20:23:07 - root - INFO - Planning and movingJ ur5e_2 from [-1.07799607 -2.4695913  -1.33457503 -0.89864554  1.57073443  0.49324025] to [-1.58670943791111, -2.4573370149530422, -1.430281247513809, -0.8247704629358643, 1.570796302307944, -0.015913109459258314]
2025-03-18 20:23:07 - root - INFO - MovingJ ur5e_2 from [-1.07799607 -2.4695913  -1.33457503 -0.89864554  1.57073443  0.49324025] to [-1.58670943791111, -2.4573370149530422, -1.430281247513809, -0.8247704629358643, 1.570796302307944, -0.015913109459258314]
2025-03-18 20:23:08 - root - INFO - MovingL ur5e_2 from [-0.63611467 -0.61045829  0.07218494] to [-0.615 -0.615 -0.025]
2025-03-18 20:23:13 - root - WARNING - Linear movement for ur5e_2 completed, but target not reached within tolerance after 400 attempts
2025-03-18 20:23:13 - root - INFO - MovingJ ur5e_2 from [-1.58480298 -2.58344804 -1.36041    -0.72767129  1.57129837 -0.01446773] to [-1.55729427 -2.46298692 -1.42590786 -0.82934712  1.57094667  0.01352503]
2025-03-18 20:23:13 - root - INFO - put down block at (-0.805, -0.615) start_height 0.14500000000000002
2025-03-18 20:23:13 - root - INFO - Planning and moving to xyz facing down ur5e_2 from [-1.578989   -2.56275575 -1.37521574 -0.74943199  1.57127387 -0.00854487] to [-1.3203526537379653, -2.3263534875133676, -1.4638255195580898, -0.9222089890245431, 1.5707962154976816, 0.2504437102893708] target: [-0.805, -0.615, 0.14500000000000002]
2025-03-18 20:23:13 - root - INFO - Planning and movingJ ur5e_2 from [-1.578989   -2.56275575 -1.37521574 -0.74943199  1.57127387 -0.00854487] to [-1.3203526537379653, -2.3263534875133676, -1.4638255195580898, -0.9222089890245431, 1.5707962154976816, 0.2504437102893708]
2025-03-18 20:23:13 - root - INFO - MovingJ ur5e_2 from [-1.578989   -2.56275575 -1.37521574 -0.74943199  1.57127387 -0.00854487] to [-1.3203526537379653, -2.3263534875133676, -1.4638255195580898, -0.9222089890245431, 1.5707962154976816, 0.2504437102893708]
2025-03-18 20:23:14 - root - INFO - MovingL ur5e_2 from [-0.78671315 -0.61080257  0.12906693] to [-0.805      -0.615       0.08972228]
2025-03-18 20:23:15 - root - INFO - MovingJ ur5e_2 from [-1.32389267 -2.41980023 -1.48054967 -0.83559009  1.57081466  0.24683543] to [-1.34696955 -2.35591023 -1.45603424 -0.90484154  1.57095591  0.22364125]
2025-03-18 20:23:15 - root - INFO - pick up block at (-0.995, -0.615) start_height 0.14500000000000002
2025-03-18 20:23:15 - root - INFO - Planning and moving to xyz facing down ur5e_2 from [-1.32389267 -2.42006097 -1.48062037 -0.83561669  1.57081466  0.24683543] to [-1.074784020548716, -2.398287454219763, -1.3240229552092833, -0.9900776153263392, 1.570796248456225, 0.4960123013136116] target: [-0.995, -0.615, 0.14500000000000002]
2025-03-18 20:23:15 - root - INFO - Planning and movingJ ur5e_2 from [-1.32389267 -2.42006097 -1.48062037 -0.83561669  1.57081466  0.24683543] to [-1.074784020548716, -2.398287454219763, -1.3240229552092833, -0.9900776153263392, 1.570796248456225, 0.4960123013136116]
2025-03-18 20:23:15 - root - INFO - MovingJ ur5e_2 from [-1.32389267 -2.42006097 -1.48062037 -0.83561669  1.57081466  0.24683543] to [-1.074784020548716, -2.398287454219763, -1.3240229552092833, -0.9900776153263392, 1.570796248456225, 0.4960123013136116]
2025-03-18 20:23:16 - root - INFO - MovingL ur5e_2 from [-0.97252207 -0.61021974  0.1421015 ] to [-0.995 -0.615  0.045]
