2025-03-25 16:02:52 - root - INFO - Logging setup complete for Hanoi_sim
2025-03-25 16:02:52 - root - INFO - pick up block at (-0.995, -0.615) start_height 0.15
2025-03-25 16:02:52 - root - INFO - Planning and moving to xyz facing down ur5e_2 from [-1.56417438e+00 -1.56694744e+00 -4.97276278e-04 -1.56588207e+00
  1.05265287e-05 -1.99549302e-06] to [1.7098816107444823, -0.7499192366123321, 1.321708068742676, -2.1425861953054923, -1.5707962274031906, 0.13908527624409292] target: [-0.995, -0.615, 0.15]
2025-03-25 16:02:52 - root - INFO - Planning and movingJ ur5e_2 from [-1.56417438e+00 -1.56694744e+00 -4.97276278e-04 -1.56588207e+00
  1.05265287e-05 -1.99549302e-06] to [1.7098816107444823, -0.7499192366123321, 1.321708068742676, -2.1425861953054923, -1.5707962274031906, 0.13908527624409292]
2025-03-25 16:02:52 - root - INFO - MovingJ ur5e_2 from [-1.56417438e+00 -1.56694744e+00 -4.97276278e-04 -1.56588207e+00
  1.05265287e-05 -1.99549302e-06] to [1.7098816107444823, -0.7499192366123321, 1.321708068742676, -2.1425861953054923, -1.5707962274031906, 0.13908527624409292]
2025-03-25 16:02:55 - root - INFO - MovingL ur5e_2 from [-0.97523297 -0.60577193  0.15539685] to [-0.995 -0.615  0.05 ]
2025-03-25 16:03:00 - root - WARNING - Linear movement for ur5e_2 completed, but target not reached within tolerance after 400 attempts
2025-03-25 16:03:00 - root - INFO - MovingJ ur5e_2 from [ 1.70990078 -0.60360177  1.33418977 -2.3124959  -1.57077862  0.13908622] to [ 1.67995872 -0.751881    1.31121706 -2.13665827 -1.55627007  0.13779946]
2025-03-25 16:03:01 - root - INFO - Planning and moving to xyz facing down ur5e_2 from [ 1.69655124 -0.66513554  1.33545953 -2.2334326  -1.57076393  0.13908612] to [1.6970882163662275, -0.9022723221484752, 1.1761894665451331, -1.8447151829343482, -1.5707961860875606, 0.12629187927008606] target: [-0.9858604 -0.6118456  0.3      ]
2025-03-25 16:03:01 - root - INFO - Planning and movingJ ur5e_2 from [ 1.69655124 -0.66513554  1.33545953 -2.2334326  -1.57076393  0.13908612] to [1.6970882163662275, -0.9022723221484752, 1.1761894665451331, -1.8447151829343482, -1.5707961860875606, 0.12629187927008606]
2025-03-25 16:03:01 - root - INFO - MovingJ ur5e_2 from [ 1.69655124 -0.66513554  1.33545953 -2.2334326  -1.57076393  0.13908612] to [1.6970882163662275, -0.9022723221484752, 1.1761894665451331, -1.8447151829343482, -1.5707961860875606, 0.12629187927008606]
2025-03-25 16:03:04 - root - WARNING - Movement for ur5e_2 timed out before reaching the target joints.
2025-03-25 16:03:04 - root - INFO - Planning and moving to xyz facing down ur5e_2 from [ 1.69708663 -0.89745687  1.17787828 -1.84438772 -1.57079615  0.12629442] to [1.446061491548771, -0.9899628584070973, 1.322084131255056, -1.9029183736699922, -1.570796261112998, -0.12473485712821937] target: [-0.805 -0.615  0.3  ]
2025-03-25 16:03:04 - root - INFO - Planning and movingJ ur5e_2 from [ 1.69708663 -0.89745687  1.17787828 -1.84438772 -1.57079615  0.12629442] to [1.446061491548771, -0.9899628584070973, 1.322084131255056, -1.9029183736699922, -1.570796261112998, -0.12473485712821937]
2025-03-25 16:03:04 - root - INFO - MovingJ ur5e_2 from [ 1.69708663 -0.89745687  1.17787828 -1.84438772 -1.57079615  0.12629442] to [1.446061491548771, -0.9899628584070973, 1.322084131255056, -1.9029183736699922, -1.570796261112998, -0.12473485712821937]
2025-03-25 16:03:06 - root - WARNING - Movement for ur5e_2 timed out before reaching the target joints.
2025-03-25 16:03:06 - root - INFO - put down block at (-0.805, -0.615) start_height 0.19
2025-03-25 16:03:06 - root - INFO - Planning and moving to xyz facing down ur5e_2 from [ 1.44629424 -0.98549017  1.32357781 -1.90246003 -1.5707928  -0.12450334] to [1.4460578388672622, -0.875961769785984, 1.438073145449625, -2.1329105877622223, -1.5707960117615085, -0.12473842152004928] target: [-0.805, -0.615, 0.19]
2025-03-25 16:03:06 - root - INFO - Planning and movingJ ur5e_2 from [ 1.44629424 -0.98549017  1.32357781 -1.90246003 -1.5707928  -0.12450334] to [1.4460578388672622, -0.875961769785984, 1.438073145449625, -2.1329105877622223, -1.5707960117615085, -0.12473842152004928]
2025-03-25 16:03:06 - root - INFO - MovingJ ur5e_2 from [ 1.44629424 -0.98549017  1.32357781 -1.90246003 -1.5707928  -0.12450334] to [1.4460578388672622, -0.875961769785984, 1.438073145449625, -2.1329105877622223, -1.5707960117615085, -0.12473842152004928]
2025-03-25 16:03:07 - root - INFO - MovingL ur5e_2 from [-0.80494958 -0.6141965   0.19930446] to [-0.805      -0.615       0.12938653]
2025-03-25 16:03:08 - root - INFO - MovingJ ur5e_2 from [ 1.44610729 -0.7947457   1.46589609 -2.23819984 -1.57079497 -0.12472589] to [ 1.44613311 -0.88531461  1.4251137  -2.10375157 -1.57079465 -0.12465241]
2025-03-25 16:03:09 - root - INFO - Planning and moving to xyz facing down ur5e_2 from [ 1.44609414 -0.81559592  1.45582761 -2.20312884 -1.57079447 -0.1247259 ] to [1.4466554096650097, -0.9874059932825973, 1.3179158645928863, -1.9013068263386514, -1.570796273176636, -0.1241409276118751] target: [-0.80528671 -0.61392279  0.3       ]
2025-03-25 16:03:09 - root - INFO - Planning and movingJ ur5e_2 from [ 1.44609414 -0.81559592  1.45582761 -2.20312884 -1.57079447 -0.1247259 ] to [1.4466554096650097, -0.9874059932825973, 1.3179158645928863, -1.9013068263386514, -1.570796273176636, -0.1241409276118751]
2025-03-25 16:03:09 - root - INFO - MovingJ ur5e_2 from [ 1.44609414 -0.81559592  1.45582761 -2.20312884 -1.57079447 -0.1247259 ] to [1.4466554096650097, -0.9874059932825973, 1.3179158645928863, -1.9013068263386514, -1.570796273176636, -0.1241409276118751]
2025-03-25 16:03:11 - root - WARNING - Movement for ur5e_2 timed out before reaching the target joints.
2025-03-25 16:03:11 - root - INFO - Planning and moving to xyz facing down ur5e_2 from [ 1.4466536  -0.98262633  1.31981328 -1.90091764 -1.57079626 -0.12414333] to [1.4460633268404333, -0.9899509510014167, 1.322061216464483, -1.9029062573538817, -1.5707964249550517, -0.12473293312065623] target: [-0.805 -0.615  0.3  ]
2025-03-25 16:03:11 - root - INFO - Planning and movingJ ur5e_2 from [ 1.4466536  -0.98262633  1.31981328 -1.90091764 -1.57079626 -0.12414333] to [1.4460633268404333, -0.9899509510014167, 1.322061216464483, -1.9029062573538817, -1.5707964249550517, -0.12473293312065623]
2025-03-25 16:03:11 - root - INFO - MovingJ ur5e_2 from [ 1.4466536  -0.98262633  1.31981328 -1.90091764 -1.57079626 -0.12414333] to [1.4460633268404333, -0.9899509510014167, 1.322061216464483, -1.9029062573538817, -1.5707964249550517, -0.12473293312065623]
2025-03-25 16:03:12 - root - WARNING - Movement for ur5e_2 timed out before reaching the target joints.
2025-03-25 16:03:12 - root - INFO - pick up block at (-0.615, -0.615) start_height 0.15
2025-03-25 16:03:12 - root - INFO - Planning and moving to xyz facing down ur5e_2 from [ 1.44631483 -0.98404085  1.3229244  -1.90189817 -1.57079634 -0.12448184] to [1.1865405210226447, -0.7966462362934295, 1.4121456310148703, -2.186297255460826, -1.5707961996580775, -0.38425581079362203] target: [-0.615, -0.615, 0.15]
2025-03-25 16:03:12 - root - INFO - Planning and movingJ ur5e_2 from [ 1.44631483 -0.98404085  1.3229244  -1.90189817 -1.57079634 -0.12448184] to [1.1865405210226447, -0.7966462362934295, 1.4121456310148703, -2.186297255460826, -1.5707961996580775, -0.38425581079362203]
2025-03-25 16:03:12 - root - INFO - MovingJ ur5e_2 from [ 1.44631483 -0.98404085  1.3229244  -1.90189817 -1.57079634 -0.12448184] to [1.1865405210226447, -0.7966462362934295, 1.4121456310148703, -2.186297255460826, -1.5707961996580775, -0.38425581079362203]
2025-03-25 16:03:13 - root - INFO - MovingL ur5e_2 from [-0.63414169 -0.61170324  0.1603229 ] to [-0.615 -0.615  0.05 ]
2025-03-25 16:03:17 - root - WARNING - Linear movement for ur5e_2 completed, but target not reached within tolerance after 400 attempts
2025-03-25 16:03:18 - root - INFO - MovingJ ur5e_2 from [ 1.18663975 -0.65060217  1.42152001 -2.36377619 -1.57081495 -0.3842477 ] to [ 1.21308994 -0.81075352  1.40463704 -2.15651072 -1.57080517 -0.35755366]
2025-03-25 16:03:18 - root - INFO - Planning and moving to xyz facing down ur5e_2 from [ 1.20035765 -0.73233699  1.42220366 -2.25323565 -1.57100414 -0.36999625] to [1.2008790582727271, -0.9577827825997438, 1.2692475430883097, -1.8822622979838033, -1.5707962263688044, -0.36991728097179016] target: [-0.62508365 -0.61252346  0.3       ]
2025-03-25 16:03:18 - root - INFO - Planning and movingJ ur5e_2 from [ 1.20035765 -0.73233699  1.42220366 -2.25323565 -1.57100414 -0.36999625] to [1.2008790582727271, -0.9577827825997438, 1.2692475430883097, -1.8822622979838033, -1.5707962263688044, -0.36991728097179016]
2025-03-25 16:03:18 - root - INFO - MovingJ ur5e_2 from [ 1.20035765 -0.73233699  1.42220366 -2.25323565 -1.57100414 -0.36999625] to [1.2008790582727271, -0.9577827825997438, 1.2692475430883097, -1.8822622979838033, -1.5707962263688044, -0.36991728097179016]
2025-03-25 16:03:20 - root - INFO - Planning and moving to xyz facing down ur5e_2 from [ 1.20084736 -0.95638697  1.26882985 -1.88526589 -1.57080696 -0.36992015] to [1.4460616441892662, -0.9899624176564332, 1.322083229169045, -1.90291787141514, -1.5707962661192187, -0.12473468466748296] target: [-0.805 -0.615  0.3  ]
2025-03-25 16:03:20 - root - INFO - Planning and movingJ ur5e_2 from [ 1.20084736 -0.95638697  1.26882985 -1.88526589 -1.57080696 -0.36992015] to [1.4460616441892662, -0.9899624176564332, 1.322083229169045, -1.90291787141514, -1.5707962661192187, -0.12473468466748296]
2025-03-25 16:03:20 - root - INFO - MovingJ ur5e_2 from [ 1.20084736 -0.95638697  1.26882985 -1.88526589 -1.57080696 -0.36992015] to [1.4460616441892662, -0.9899624176564332, 1.322083229169045, -1.90291787141514, -1.5707962661192187, -0.12473468466748296]
2025-03-25 16:03:22 - root - INFO - put down block at (-0.995, -0.615) start_height 0.11967112128931674
2025-03-25 16:03:22 - root - INFO - Planning and moving to xyz facing down ur5e_2 from [ 1.44309206 -0.98977133  1.32015418 -1.90459542 -1.57121627 -0.12695519] to [1.7098803263646838, -0.708511550334663, 1.3333988711912728, -2.1956858567010817, -1.570796134724504, 0.13908399367660498] target: [-0.995, -0.615, 0.11967112128931674]
2025-03-25 16:03:22 - root - INFO - Planning and movingJ ur5e_2 from [ 1.44309206 -0.98977133  1.32015418 -1.90459542 -1.57121627 -0.12695519] to [1.7098803263646838, -0.708511550334663, 1.3333988711912728, -2.1956858567010817, -1.570796134724504, 0.13908399367660498]
2025-03-25 16:03:22 - root - INFO - MovingJ ur5e_2 from [ 1.44309206 -0.98977133  1.32015418 -1.90459542 -1.57121627 -0.12695519] to [1.7098803263646838, -0.708511550334663, 1.3333988711912728, -2.1956858567010817, -1.570796134724504, 0.13908399367660498]
2025-03-25 16:03:23 - root - INFO - MovingL ur5e_2 from [-0.97480574 -0.60794932  0.14127161] to [-0.995      -0.615       0.06967112]
2025-03-25 16:03:25 - root - INFO - MovingJ ur5e_2 from [ 1.70908742 -0.62874474  1.33875876 -2.27760148 -1.57090058  0.13846956] to [ 1.6819946  -0.73760017  1.32812147 -2.17392557 -1.5733108   0.1155861 ]
2025-03-25 16:03:25 - root - INFO - Planning and moving to xyz facing down ur5e_2 from [ 1.70589536 -0.63834455  1.33967291 -2.26495291 -1.57089825  0.13846951] to [1.70641425095847, -0.9040934000861937, 1.1792816975611782, -1.8459867649472559, -1.570796151949413, 0.13561791562481393] target: [-0.99244818 -0.61471736  0.3       ]
2025-03-25 16:03:25 - root - INFO - Planning and movingJ ur5e_2 from [ 1.70589536 -0.63834455  1.33967291 -2.26495291 -1.57089825  0.13846951] to [1.70641425095847, -0.9040934000861937, 1.1792816975611782, -1.8459867649472559, -1.570796151949413, 0.13561791562481393]
2025-03-25 16:03:25 - root - INFO - MovingJ ur5e_2 from [ 1.70589536 -0.63834455  1.33967291 -2.26495291 -1.57089825  0.13846951] to [1.70641425095847, -0.9040934000861937, 1.1792816975611782, -1.8459867649472559, -1.570796151949413, 0.13561791562481393]
2025-03-25 16:03:28 - root - WARNING - Movement for ur5e_2 timed out before reaching the target joints.
2025-03-25 16:03:28 - root - INFO - Planning and moving to xyz facing down ur5e_2 from [ 1.70641372 -0.89898421  1.18116155 -1.84550233 -1.5707963   0.13561833] to [1.4460613865406464, -0.9899635629737913, 1.3220856704377075, -1.9029192884604973, -1.5707962541474483, -0.12473496600396493] target: [-0.805 -0.615  0.3  ]
2025-03-25 16:03:28 - root - INFO - Planning and movingJ ur5e_2 from [ 1.70641372 -0.89898421  1.18116155 -1.84550233 -1.5707963   0.13561833] to [1.4460613865406464, -0.9899635629737913, 1.3220856704377075, -1.9029192884604973, -1.5707962541474483, -0.12473496600396493]
2025-03-25 16:03:28 - root - INFO - MovingJ ur5e_2 from [ 1.70641372 -0.89898421  1.18116155 -1.84550233 -1.5707963   0.13561833] to [1.4460613865406464, -0.9899635629737913, 1.3220856704377075, -1.9029192884604973, -1.5707962541474483, -0.12473496600396493]
2025-03-25 16:03:31 - root - WARNING - Movement for ur5e_2 timed out before reaching the target joints.
2025-03-25 16:03:31 - root - INFO - pick up block at (-0.805, -0.615) start_height 0.22999999999999998
2025-03-25 16:03:31 - root - INFO - Planning and moving to xyz facing down ur5e_2 from [ 1.44626784 -0.98520597  1.32379679 -1.9023272  -1.57079662 -0.12452403] to [1.4460610549202235, -0.9233735760802682, 1.404677593911375, -2.052100886706923, -1.570796230217462, -0.12473525032617923] target: [-0.805, -0.615, 0.22999999999999998]
2025-03-25 16:03:31 - root - INFO - Planning and movingJ ur5e_2 from [ 1.44626784 -0.98520597  1.32379679 -1.9023272  -1.57079662 -0.12452403] to [1.4460610549202235, -0.9233735760802682, 1.404677593911375, -2.052100886706923, -1.570796230217462, -0.12473525032617923]
2025-03-25 16:03:31 - root - INFO - MovingJ ur5e_2 from [ 1.44626784 -0.98520597  1.32379679 -1.9023272  -1.57079662 -0.12452403] to [1.4460610549202235, -0.9233735760802682, 1.404677593911375, -2.052100886706923, -1.570796230217462, -0.12473525032617923]
2025-03-25 16:03:32 - root - INFO - MovingL ur5e_2 from [-0.80500481 -0.61452784  0.23881209] to [-0.805 -0.615  0.13 ]
2025-03-25 16:03:33 - root - INFO - MovingJ ur5e_2 from [ 1.44609512 -0.79469739  1.46664593 -2.24198181 -1.57079566 -0.12472948] to [ 1.44615267 -0.93102803  1.39041429 -2.02210049 -1.57079641 -0.12463581]
2025-03-25 16:03:34 - root - INFO - Planning and moving to xyz facing down ur5e_2 from [ 1.44608201 -0.86706369  1.42504756 -2.11745903 -1.57079564 -0.12472948] to [1.4466422819042808, -0.9838950059981804, 1.312182832740013, -1.8990844584470272, -1.5707962999428455, -0.12415405153845574] target: [-0.80508826 -0.6124095   0.3       ]
2025-03-25 16:03:34 - root - INFO - Planning and movingJ ur5e_2 from [ 1.44608201 -0.86706369  1.42504756 -2.11745903 -1.57079564 -0.12472948] to [1.4466422819042808, -0.9838950059981804, 1.312182832740013, -1.8990844584470272, -1.5707962999428455, -0.12415405153845574]
2025-03-25 16:03:34 - root - INFO - MovingJ ur5e_2 from [ 1.44608201 -0.86706369  1.42504756 -2.11745903 -1.57079564 -0.12472948] to [1.4466422819042808, -0.9838950059981804, 1.312182832740013, -1.8990844584470272, -1.5707962999428455, -0.12415405153845574]
2025-03-25 16:03:36 - root - WARNING - Movement for ur5e_2 timed out before reaching the target joints.
2025-03-25 16:03:36 - root - INFO - Planning and moving to xyz facing down ur5e_2 from [ 1.44663699 -0.97931022  1.31397933 -1.89899602 -1.57079636 -0.12415934] to [1.4460640913473515, -0.9899448536411498, 1.322049620344075, -1.9029003263608846, -1.570796472755419, -0.12473216657403127] target: [-0.805 -0.615  0.3  ]
2025-03-25 16:03:36 - root - INFO - Planning and movingJ ur5e_2 from [ 1.44663699 -0.97931022  1.31397933 -1.89899602 -1.57079636 -0.12415934] to [1.4460640913473515, -0.9899448536411498, 1.322049620344075, -1.9029003263608846, -1.570796472755419, -0.12473216657403127]
2025-03-25 16:03:36 - root - INFO - MovingJ ur5e_2 from [ 1.44663699 -0.97931022  1.31397933 -1.89899602 -1.57079636 -0.12415934] to [1.4460640913473515, -0.9899448536411498, 1.322049620344075, -1.9029003263608846, -1.570796472755419, -0.12473216657403127]
2025-03-25 16:03:36 - root - WARNING - Movement for ur5e_2 timed out before reaching the target joints.
2025-03-25 16:03:36 - root - INFO - put down block at (-0.995, -0.615) start_height 0.15
2025-03-25 16:03:36 - root - INFO - Planning and moving to xyz facing down ur5e_2 from [ 1.44627361 -0.98372331  1.32163384 -1.90166859 -1.57079593 -0.12452249] to [1.7098809871049274, -0.7499239415326326, 1.3217192399352662, -2.1425932882275456, -1.5707961800744756, 0.13908465112595322] target: [-0.995, -0.615, 0.15]
2025-03-25 16:03:36 - root - INFO - Planning and movingJ ur5e_2 from [ 1.44627361 -0.98372331  1.32163384 -1.90166859 -1.57079593 -0.12452249] to [1.7098809871049274, -0.7499239415326326, 1.3217192399352662, -2.1425932882275456, -1.5707961800744756, 0.13908465112595322]
2025-03-25 16:03:36 - root - INFO - MovingJ ur5e_2 from [ 1.44627361 -0.98372331  1.32163384 -1.90166859 -1.57079593 -0.12452249] to [1.7098809871049274, -0.7499239415326326, 1.3217192399352662, -2.1425932882275456, -1.5707961800744756, 0.13908465112595322]
2025-03-25 16:03:37 - root - INFO - MovingL ur5e_2 from [-0.97327673 -0.61111293  0.16265707] to [-0.995      -0.615       0.08978449]
2025-03-25 16:03:39 - root - INFO - MovingJ ur5e_2 from [ 1.70723416 -0.66906925  1.33713697 -2.23888542 -1.57082017  0.13637304] to [ 1.6800931  -0.77150917  1.32306274 -2.11525008 -1.5709528   0.10948059]
2025-03-25 16:03:39 - root - INFO - Planning and moving to xyz facing down ur5e_2 from [ 1.70191362 -0.68707056  1.33751397 -2.21429799 -1.57075944  0.13098111] to [1.7024522195017446, -0.9046657676711825, 1.1802490683308087, -1.8463810559285594, -1.5707962087047906, 0.13165588180595747] target: [-0.98958074 -0.61403662  0.3       ]
2025-03-25 16:03:39 - root - INFO - Planning and movingJ ur5e_2 from [ 1.70191362 -0.68707056  1.33751397 -2.21429799 -1.57075944  0.13098111] to [1.7024522195017446, -0.9046657676711825, 1.1802490683308087, -1.8463810559285594, -1.5707962087047906, 0.13165588180595747]
2025-03-25 16:03:39 - root - INFO - MovingJ ur5e_2 from [ 1.70191362 -0.68707056  1.33751397 -2.21429799 -1.57075944  0.13098111] to [1.7024522195017446, -0.9046657676711825, 1.1802490683308087, -1.8463810559285594, -1.5707962087047906, 0.13165588180595747]
2025-03-25 16:03:42 - root - WARNING - Movement for ur5e_2 timed out before reaching the target joints.
2025-03-25 16:03:42 - root - INFO - Planning and moving to xyz facing down ur5e_2 from [ 1.70245133 -0.89954583  1.18214299 -1.84592433 -1.57079612  0.13165437] to [1.4460614366906164, -0.9899632286067038, 1.3220849423594405, -1.90291885711363, -1.5707962575232028, -0.12473491393773567] target: [-0.805 -0.615  0.3  ]
2025-03-25 16:03:42 - root - INFO - Planning and movingJ ur5e_2 from [ 1.70245133 -0.89954583  1.18214299 -1.84592433 -1.57079612  0.13165437] to [1.4460614366906164, -0.9899632286067038, 1.3220849423594405, -1.90291885711363, -1.5707962575232028, -0.12473491393773567]
2025-03-25 16:03:42 - root - INFO - MovingJ ur5e_2 from [ 1.70245133 -0.89954583  1.18214299 -1.84592433 -1.57079612  0.13165437] to [1.4460614366906164, -0.9899632286067038, 1.3220849423594405, -1.90291885711363, -1.5707962575232028, -0.12473491393773567]
2025-03-25 16:03:44 - root - WARNING - Movement for ur5e_2 timed out before reaching the target joints.
2025-03-25 16:03:44 - root - INFO - pick up block at (-0.805, -0.615) start_height 0.19
2025-03-25 16:03:44 - root - INFO - Planning and moving to xyz facing down ur5e_2 from [ 1.44627839 -0.98520107  1.32378919 -1.90232403 -1.57079663 -0.1245133 ] to [1.4460578676264138, -0.8759615575501614, 1.4380726652681255, -2.1329102949315693, -1.5707960137207284, -0.12473839320217393] target: [-0.805, -0.615, 0.19]
2025-03-25 16:03:44 - root - INFO - Planning and movingJ ur5e_2 from [ 1.44627839 -0.98520107  1.32378919 -1.90232403 -1.57079663 -0.1245133 ] to [1.4460578676264138, -0.8759615575501614, 1.4380726652681255, -2.1329102949315693, -1.5707960137207284, -0.12473839320217393]
2025-03-25 16:03:44 - root - INFO - MovingJ ur5e_2 from [ 1.44627839 -0.98520107  1.32378919 -1.90232403 -1.57079663 -0.1245133 ] to [1.4460578676264138, -0.8759615575501614, 1.4380726652681255, -2.1329102949315693, -1.5707960137207284, -0.12473839320217393]
2025-03-25 16:03:45 - root - INFO - MovingL ur5e_2 from [-0.80495983 -0.61430691  0.19876779] to [-0.805 -0.615  0.09 ]
2025-03-25 16:03:50 - root - WARNING - Linear movement for ur5e_2 completed, but target not reached within tolerance after 400 attempts
2025-03-25 16:03:50 - root - INFO - MovingJ ur5e_2 from [ 1.44612786 -0.73546401  1.47315744 -2.32412385 -1.57083398 -0.12473379] to [ 1.44612829 -0.88479373  1.42544706 -2.10350443 -1.57079625 -0.12465603]
2025-03-25 16:03:51 - root - INFO - Planning and moving to xyz facing down ur5e_2 from [ 1.44611619 -0.81520923  1.44750708 -2.19925467 -1.57083406 -0.12473379] to [1.4466699928174553, -0.9819369471566453, 1.308983540691941, -1.8978435336040458, -1.5707962744252468, -0.12412634420688556] target: [-0.8050031  -0.61156676  0.3       ]
2025-03-25 16:03:51 - root - INFO - Planning and movingJ ur5e_2 from [ 1.44611619 -0.81520923  1.44750708 -2.19925467 -1.57083406 -0.12473379] to [1.4466699928174553, -0.9819369471566453, 1.308983540691941, -1.8978435336040458, -1.5707962744252468, -0.12412634420688556]
2025-03-25 16:03:51 - root - INFO - MovingJ ur5e_2 from [ 1.44611619 -0.81520923  1.44750708 -2.19925467 -1.57083406 -0.12473379] to [1.4466699928174553, -0.9819369471566453, 1.308983540691941, -1.8978435336040458, -1.5707962744252468, -0.12412634420688556]
2025-03-25 16:03:53 - root - WARNING - Movement for ur5e_2 timed out before reaching the target joints.
2025-03-25 16:03:53 - root - INFO - Planning and moving to xyz facing down ur5e_2 from [ 1.44666493 -0.97831832  1.31009376 -1.89801663 -1.57079664 -0.12412883] to [1.4460645553123799, -0.9899413642403085, 1.3220425289892717, -1.9028964578113436, -1.5707964953585185, -0.12473169830981314] target: [-0.805 -0.615  0.3  ]
2025-03-25 16:03:53 - root - INFO - Planning and movingJ ur5e_2 from [ 1.44666493 -0.97831832  1.31009376 -1.89801663 -1.57079664 -0.12412883] to [1.4460645553123799, -0.9899413642403085, 1.3220425289892717, -1.9028964578113436, -1.5707964953585185, -0.12473169830981314]
2025-03-25 16:03:53 - root - INFO - MovingJ ur5e_2 from [ 1.44666493 -0.97831832  1.31009376 -1.89801663 -1.57079664 -0.12412883] to [1.4460645553123799, -0.9899413642403085, 1.3220425289892717, -1.9028964578113436, -1.5707964953585185, -0.12473169830981314]
2025-03-25 16:03:54 - root - WARNING - Movement for ur5e_2 timed out before reaching the target joints.
2025-03-25 16:03:54 - root - INFO - put down block at (-0.615, -0.615) start_height 0.11977142924774407
2025-03-25 16:03:54 - root - INFO - Planning and moving to xyz facing down ur5e_2 from [ 1.44627018 -0.98440551  1.32042849 -1.90190323 -1.57079456 -0.12452188] to [1.1865399821847629, -0.7535087740631039, 1.4235836163496132, -2.240873155863917, -1.5707961610093242, -0.384256346107017] target: [-0.615, -0.615, 0.11977142924774407]
2025-03-25 16:03:54 - root - INFO - Planning and movingJ ur5e_2 from [ 1.44627018 -0.98440551  1.32042849 -1.90190323 -1.57079456 -0.12452188] to [1.1865399821847629, -0.7535087740631039, 1.4235836163496132, -2.240873155863917, -1.5707961610093242, -0.384256346107017]
2025-03-25 16:03:54 - root - INFO - MovingJ ur5e_2 from [ 1.44627018 -0.98440551  1.32042849 -1.90190323 -1.57079456 -0.12452188] to [1.1865399821847629, -0.7535087740631039, 1.4235836163496132, -2.240873155863917, -1.5707961610093242, -0.384256346107017]
2025-03-25 16:03:55 - root - INFO - MovingL ur5e_2 from [-0.63197895 -0.61094362  0.13300487] to [-0.615      -0.615       0.06977143]
2025-03-25 16:03:56 - root - INFO - MovingJ ur5e_2 from [ 1.18865545 -0.66919131  1.43258208 -2.31582496 -1.57073129 -0.38220868] to [ 1.21056051 -0.77104756  1.41476613 -2.2110744  -1.57023525 -0.36113129]
2025-03-25 16:03:56 - root - INFO - Planning and moving to xyz facing down ur5e_2 from [ 1.18864512 -0.67115101  1.43323815 -2.31104593 -1.5707313  -0.38220868] to [1.1892063834618853, -0.9658879237300675, 1.2826381401717195, -1.8875485189902397, -1.570796165055158, -0.38158995477689867] target: [-0.61800819 -0.6173604   0.3       ]
2025-03-25 16:03:56 - root - INFO - Planning and movingJ ur5e_2 from [ 1.18864512 -0.67115101  1.43323815 -2.31104593 -1.5707313  -0.38220868] to [1.1892063834618853, -0.9658879237300675, 1.2826381401717195, -1.8875485189902397, -1.570796165055158, -0.38158995477689867]
2025-03-25 16:03:56 - root - INFO - MovingJ ur5e_2 from [ 1.18864512 -0.67115101  1.43323815 -2.31104593 -1.5707313  -0.38220868] to [1.1892063834618853, -0.9658879237300675, 1.2826381401717195, -1.8875485189902397, -1.570796165055158, -0.38158995477689867]
2025-03-25 16:04:00 - root - WARNING - Movement for ur5e_2 timed out before reaching the target joints.
2025-03-25 16:04:00 - root - INFO - Planning and moving to xyz facing down ur5e_2 from [ 1.18920585 -0.96105556  1.28449353 -1.88706095 -1.57079607 -0.38159083] to [1.4460615640832017, -0.9899631389460354, 1.322084845888874, -1.9029188568198852, -1.570796258287621, -0.1247347611410722] target: [-0.805 -0.615  0.3  ]
2025-03-25 16:04:00 - root - INFO - Planning and movingJ ur5e_2 from [ 1.18920585 -0.96105556  1.28449353 -1.88706095 -1.57079607 -0.38159083] to [1.4460615640832017, -0.9899631389460354, 1.322084845888874, -1.9029188568198852, -1.570796258287621, -0.1247347611410722]
2025-03-25 16:04:00 - root - INFO - MovingJ ur5e_2 from [ 1.18920585 -0.96105556  1.28449353 -1.88706095 -1.57079607 -0.38159083] to [1.4460615640832017, -0.9899631389460354, 1.322084845888874, -1.9029188568198852, -1.570796258287621, -0.1247347611410722]
2025-03-25 16:04:02 - root - WARNING - Movement for ur5e_2 timed out before reaching the target joints.
2025-03-25 16:04:02 - root - INFO - pick up block at (-0.995, -0.615) start_height 0.19
2025-03-25 16:04:02 - root - INFO - Planning and moving to xyz facing down ur5e_2 from [ 1.44584479 -0.98525782  1.32387902 -1.90235949 -1.57079588 -0.12495678] to [1.7098814402661102, -0.799582944699789, 1.2975173666210271, -2.0687320375781764, -1.5707962131860727, 0.1390851022649936] target: [-0.995, -0.615, 0.19]
2025-03-25 16:04:02 - root - INFO - Planning and movingJ ur5e_2 from [ 1.44584479 -0.98525782  1.32387902 -1.90235949 -1.57079588 -0.12495678] to [1.7098814402661102, -0.799582944699789, 1.2975173666210271, -2.0687320375781764, -1.5707962131860727, 0.1390851022649936]
2025-03-25 16:04:02 - root - INFO - MovingJ ur5e_2 from [ 1.44584479 -0.98525782  1.32387902 -1.90235949 -1.57079588 -0.12495678] to [1.7098814402661102, -0.799582944699789, 1.2975173666210271, -2.0687320375781764, -1.5707962131860727, 0.1390851022649936]
2025-03-25 16:04:03 - root - INFO - MovingL ur5e_2 from [-0.97339039 -0.61196744  0.1976152 ] to [-0.995 -0.615  0.09 ]
2025-03-25 16:04:08 - root - WARNING - Linear movement for ur5e_2 completed, but target not reached within tolerance after 400 attempts
2025-03-25 16:04:08 - root - INFO - MovingJ ur5e_2 from [ 1.70995021 -0.66571772  1.33514467 -2.25006589 -1.57084819  0.13908716] to [ 1.6803504  -0.81532061  1.30223552 -2.04950078 -1.5707865   0.10943231]
2025-03-25 16:04:08 - root - INFO - Planning and moving to xyz facing down ur5e_2 from [ 1.69512228 -0.73596016  1.32000461 -2.1489542  -1.57083683  0.12420559] to [1.6956499181513722, -0.9007339786460118, 1.1735730554292156, -1.843636256413175, -1.5707962549966485, 0.12485358145711296] target: [-0.98490412 -0.61090336  0.3       ]
2025-03-25 16:04:08 - root - INFO - Planning and movingJ ur5e_2 from [ 1.69512228 -0.73596016  1.32000461 -2.1489542  -1.57083683  0.12420559] to [1.6956499181513722, -0.9007339786460118, 1.1735730554292156, -1.843636256413175, -1.5707962549966485, 0.12485358145711296]
2025-03-25 16:04:08 - root - INFO - MovingJ ur5e_2 from [ 1.69512228 -0.73596016  1.32000461 -2.1489542  -1.57083683  0.12420559] to [1.6956499181513722, -0.9007339786460118, 1.1735730554292156, -1.843636256413175, -1.5707962549966485, 0.12485358145711296]
2025-03-25 16:04:11 - root - WARNING - Movement for ur5e_2 timed out before reaching the target joints.
2025-03-25 16:04:11 - root - INFO - Planning and moving to xyz facing down ur5e_2 from [ 1.69564741 -0.89587879  1.1753021  -1.84337887 -1.57079645  0.12485105] to [1.4460615028628854, -0.9899627809951814, 1.3220839605330712, -1.9029182713076533, -1.5707962619075635, -0.12473484544093616] target: [-0.805 -0.615  0.3  ]
2025-03-25 16:04:11 - root - INFO - Planning and movingJ ur5e_2 from [ 1.69564741 -0.89587879  1.1753021  -1.84337887 -1.57079645  0.12485105] to [1.4460615028628854, -0.9899627809951814, 1.3220839605330712, -1.9029182713076533, -1.5707962619075635, -0.12473484544093616]
2025-03-25 16:04:11 - root - INFO - MovingJ ur5e_2 from [ 1.69564741 -0.89587879  1.1753021  -1.84337887 -1.57079645  0.12485105] to [1.4460615028628854, -0.9899627809951814, 1.3220839605330712, -1.9029182713076533, -1.5707962619075635, -0.12473484544093616]
2025-03-25 16:04:13 - root - WARNING - Movement for ur5e_2 timed out before reaching the target joints.
2025-03-25 16:04:13 - root - INFO - put down block at (-0.615, -0.615) start_height 0.15
2025-03-25 16:04:13 - root - INFO - Planning and moving to xyz facing down ur5e_2 from [ 1.44630847 -0.98548261  1.32356604 -1.90245532 -1.57079262 -0.12448923] to [1.1865405129394377, -0.7966463055223775, 1.4121457905062773, -2.1862973546866873, -1.5707961987175532, -0.3842558183386339] target: [-0.615, -0.615, 0.15]
2025-03-25 16:04:13 - root - INFO - Planning and movingJ ur5e_2 from [ 1.44630847 -0.98548261  1.32356604 -1.90245532 -1.57079262 -0.12448923] to [1.1865405129394377, -0.7966463055223775, 1.4121457905062773, -2.1862973546866873, -1.5707961987175532, -0.3842558183386339]
2025-03-25 16:04:13 - root - INFO - MovingJ ur5e_2 from [ 1.44630847 -0.98548261  1.32356604 -1.90245532 -1.57079262 -0.12448923] to [1.1865405129394377, -0.7966463055223775, 1.4121457905062773, -2.1862973546866873, -1.5707961987175532, -0.3842558183386339]
2025-03-25 16:04:14 - root - INFO - MovingL ur5e_2 from [-0.63432023 -0.61155824  0.16094569] to [-0.615      -0.615       0.08978449]
2025-03-25 16:04:16 - root - INFO - MovingJ ur5e_2 from [ 1.18899198 -0.71086572  1.4269159  -2.28500048 -1.5707909  -0.38183985] to [ 1.21337249 -0.81144424  1.40440015 -2.15678399 -1.57065026 -0.35755442]
2025-03-25 16:04:16 - root - INFO - Planning and moving to xyz facing down ur5e_2 from [ 1.18897034 -0.7308266   1.4272805  -2.25654493 -1.57078712 -0.3818399 ] to [1.1895231496453, -0.9614084133426058, 1.275242448653979, -1.8846316012761184, -1.5707962240648135, -0.38127318975219865] target: [-0.61752084 -0.61553831  0.3       ]
2025-03-25 16:04:16 - root - INFO - Planning and movingJ ur5e_2 from [ 1.18897034 -0.7308266   1.4272805  -2.25654493 -1.57078712 -0.3818399 ] to [1.1895231496453, -0.9614084133426058, 1.275242448653979, -1.8846316012761184, -1.5707962240648135, -0.38127318975219865]
2025-03-25 16:04:16 - root - INFO - MovingJ ur5e_2 from [ 1.18897034 -0.7308266   1.4272805  -2.25654493 -1.57078712 -0.3818399 ] to [1.1895231496453, -0.9614084133426058, 1.275242448653979, -1.8846316012761184, -1.5707962240648135, -0.38127318975219865]
2025-03-25 16:04:19 - root - WARNING - Movement for ur5e_2 timed out before reaching the target joints.
2025-03-25 16:04:19 - root - INFO - Planning and moving to xyz facing down ur5e_2 from [ 1.18952225 -0.95654064  1.27711518 -1.88417579 -1.5707962  -0.38127446] to [1.4460615589699204, -0.9899631989637793, 1.3220849739227165, -1.9029189312296457, -1.5707962578401236, -0.12473476569079822] target: [-0.805 -0.615  0.3  ]
2025-03-25 16:04:19 - root - INFO - Planning and movingJ ur5e_2 from [ 1.18952225 -0.95654064  1.27711518 -1.88417579 -1.5707962  -0.38127446] to [1.4460615589699204, -0.9899631989637793, 1.3220849739227165, -1.9029189312296457, -1.5707962578401236, -0.12473476569079822]
2025-03-25 16:04:19 - root - INFO - MovingJ ur5e_2 from [ 1.18952225 -0.95654064  1.27711518 -1.88417579 -1.5707962  -0.38127446] to [1.4460615589699204, -0.9899631989637793, 1.3220849739227165, -1.9029189312296457, -1.5707962578401236, -0.12473476569079822]
2025-03-25 16:04:21 - root - WARNING - Movement for ur5e_2 timed out before reaching the target joints.
2025-03-25 16:04:21 - root - INFO - pick up block at (-0.805, -0.615) start_height 0.15
2025-03-25 16:04:21 - root - INFO - Planning and moving to xyz facing down ur5e_2 from [ 1.44584508 -0.98525388  1.32387269 -1.90235707 -1.57079588 -0.12495651] to [1.446061934675216, -0.8223373501362088, 1.4615532808192093, -2.2100126575022707, -1.5707962880817354, -0.12473440125425643] target: [-0.805, -0.615, 0.15]
2025-03-25 16:04:21 - root - INFO - Planning and movingJ ur5e_2 from [ 1.44584508 -0.98525388  1.32387269 -1.90235707 -1.57079588 -0.12495651] to [1.446061934675216, -0.8223373501362088, 1.4615532808192093, -2.2100126575022707, -1.5707962880817354, -0.12473440125425643]
2025-03-25 16:04:21 - root - INFO - MovingJ ur5e_2 from [ 1.44584508 -0.98525388  1.32387269 -1.90235707 -1.57079588 -0.12495651] to [1.446061934675216, -0.8223373501362088, 1.4615532808192093, -2.2100126575022707, -1.5707962880817354, -0.12473440125425643]
2025-03-25 16:04:22 - root - INFO - MovingL ur5e_2 from [-0.80482066 -0.61403588  0.15902122] to [-0.805 -0.615  0.05 ]
2025-03-25 16:04:27 - root - WARNING - Linear movement for ur5e_2 completed, but target not reached within tolerance after 400 attempts
2025-03-25 16:04:28 - root - INFO - MovingJ ur5e_2 from [ 1.44614672 -0.67156557  1.4714094  -2.39079136 -1.57083357 -0.12473679] to [ 1.44598017 -0.83261988  1.45024211 -2.18049647 -1.57079616 -0.12480426]
2025-03-25 16:04:28 - root - INFO - Planning and moving to xyz facing down ur5e_2 from [ 1.44612101 -0.75335113  1.47236366 -2.27836864 -1.57083345 -0.1247368 ] to [1.4466769767123508, -0.9898844521960377, 1.3219583066918483, -1.9028713428164565, -1.5707962302515224, -0.12411936345163033] target: [-0.80543593 -0.61499249  0.3       ]
2025-03-25 16:04:28 - root - INFO - Planning and movingJ ur5e_2 from [ 1.44612101 -0.75335113  1.47236366 -2.27836864 -1.57083345 -0.1247368 ] to [1.4466769767123508, -0.9898844521960377, 1.3219583066918483, -1.9028713428164565, -1.5707962302515224, -0.12411936345163033]
2025-03-25 16:04:28 - root - INFO - MovingJ ur5e_2 from [ 1.44612101 -0.75335113  1.47236366 -2.27836864 -1.57083345 -0.1247368 ] to [1.4466769767123508, -0.9898844521960377, 1.3219583066918483, -1.9028713428164565, -1.5707962302515224, -0.12411936345163033]
2025-03-25 16:04:30 - root - INFO - Planning and moving to xyz facing down ur5e_2 from [ 1.44665146 -0.986895    1.32261637 -1.90474199 -1.57079893 -0.12413842] to [1.446062756375122, -0.9899550980890955, 1.3220697981508351, -1.9029112697449124, -1.5707963557995348, -0.12473351033150377] target: [-0.805 -0.615  0.3  ]
2025-03-25 16:04:30 - root - INFO - Planning and movingJ ur5e_2 from [ 1.44665146 -0.986895    1.32261637 -1.90474199 -1.57079893 -0.12413842] to [1.446062756375122, -0.9899550980890955, 1.3220697981508351, -1.9029112697449124, -1.5707963557995348, -0.12473351033150377]
2025-03-25 16:04:30 - root - INFO - MovingJ ur5e_2 from [ 1.44665146 -0.986895    1.32261637 -1.90474199 -1.57079893 -0.12413842] to [1.446062756375122, -0.9899550980890955, 1.3220697981508351, -1.9029112697449124, -1.5707963557995348, -0.12473351033150377]
2025-03-25 16:04:30 - root - INFO - put down block at (-0.995, -0.615) start_height 0.15
2025-03-25 16:04:30 - root - INFO - Planning and moving to xyz facing down ur5e_2 from [ 1.44655049 -0.98698081  1.32253609 -1.90444146 -1.57079515 -0.12424506] to [1.7098809614964716, -0.749924128526612, 1.321719650905355, -2.142593531675653, -1.5707961795693652, 0.1390846246645724] target: [-0.995, -0.615, 0.15]
2025-03-25 16:04:30 - root - INFO - Planning and movingJ ur5e_2 from [ 1.44655049 -0.98698081  1.32253609 -1.90444146 -1.57079515 -0.12424506] to [1.7098809614964716, -0.749924128526612, 1.321719650905355, -2.142593531675653, -1.5707961795693652, 0.1390846246645724]
2025-03-25 16:04:30 - root - INFO - MovingJ ur5e_2 from [ 1.44655049 -0.98698081  1.32253609 -1.90444146 -1.57079515 -0.12424506] to [1.7098809614964716, -0.749924128526612, 1.321719650905355, -2.142593531675653, -1.5707961795693652, 0.1390846246645724]
2025-03-25 16:04:31 - root - INFO - MovingL ur5e_2 from [-0.97369118 -0.60995214  0.16593732] to [-0.995      -0.615       0.08978449]
2025-03-25 16:04:33 - root - INFO - MovingJ ur5e_2 from [ 1.70851758 -0.67207305  1.33381264 -2.24478209 -1.57101159  0.13762036] to [ 1.68064916 -0.7738157   1.32057567 -2.12023946 -1.57221452  0.11235191]
2025-03-25 16:04:33 - root - INFO - Planning and moving to xyz facing down ur5e_2 from [ 1.70303516 -0.68932612  1.33451595 -2.21973303 -1.57096157  0.13255747] to [1.703545291889637, -0.9004937366555138, 1.1731675477831045, -1.8434715456844821, -1.5707962104062072, 0.1327489543100598] target: [-0.99058828 -0.61260232  0.3       ]
2025-03-25 16:04:33 - root - INFO - Planning and movingJ ur5e_2 from [ 1.70303516 -0.68932612  1.33451595 -2.21973303 -1.57096157  0.13255747] to [1.703545291889637, -0.9004937366555138, 1.1731675477831045, -1.8434715456844821, -1.5707962104062072, 0.1327489543100598]
2025-03-25 16:04:33 - root - INFO - MovingJ ur5e_2 from [ 1.70303516 -0.68932612  1.33451595 -2.21973303 -1.57096157  0.13255747] to [1.703545291889637, -0.9004937366555138, 1.1731675477831045, -1.8434715456844821, -1.5707962104062072, 0.1327489543100598]
2025-03-25 16:04:36 - root - WARNING - Movement for ur5e_2 timed out before reaching the target joints.
2025-03-25 16:04:36 - root - INFO - Planning and moving to xyz facing down ur5e_2 from [ 1.70354449 -0.89536004  1.1750616  -1.84301125 -1.57079656  0.13274855] to [1.4460614084224366, -0.9899634094997413, 1.3220853301957418, -1.9029190834732257, -1.5707962556961321, -0.12473494351311795] target: [-0.805 -0.615  0.3  ]
2025-03-25 16:04:36 - root - INFO - Planning and movingJ ur5e_2 from [ 1.70354449 -0.89536004  1.1750616  -1.84301125 -1.57079656  0.13274855] to [1.4460614084224366, -0.9899634094997413, 1.3220853301957418, -1.9029190834732257, -1.5707962556961321, -0.12473494351311795]
2025-03-25 16:04:36 - root - INFO - MovingJ ur5e_2 from [ 1.70354449 -0.89536004  1.1750616  -1.84301125 -1.57079656  0.13274855] to [1.4460614084224366, -0.9899634094997413, 1.3220853301957418, -1.9029190834732257, -1.5707962556961321, -0.12473494351311795]
2025-03-25 16:04:39 - root - WARNING - Movement for ur5e_2 timed out before reaching the target joints.
2025-03-25 16:04:39 - root - INFO - pick up block at (-0.615, -0.615) start_height 0.19
2025-03-25 16:04:39 - root - INFO - Planning and moving to xyz facing down ur5e_2 from [ 1.44627931 -0.98519754  1.32378338 -1.90232173 -1.57079664 -0.12451238] to [1.1865409760927745, -0.8487914364620537, 1.3884211522125447, -2.1104271911247814, -1.5707962316594315, -0.38425535746154527] target: [-0.615, -0.615, 0.19]
2025-03-25 16:04:39 - root - INFO - Planning and movingJ ur5e_2 from [ 1.44627931 -0.98519754  1.32378338 -1.90232173 -1.57079664 -0.12451238] to [1.1865409760927745, -0.8487914364620537, 1.3884211522125447, -2.1104271911247814, -1.5707962316594315, -0.38425535746154527]
2025-03-25 16:04:39 - root - INFO - MovingJ ur5e_2 from [ 1.44627931 -0.98519754  1.32378338 -1.90232173 -1.57079664 -0.12451238] to [1.1865409760927745, -0.8487914364620537, 1.3884211522125447, -2.1104271911247814, -1.5707962316594315, -0.38425535746154527]
2025-03-25 16:04:39 - root - INFO - MovingL ur5e_2 from [-0.63654922 -0.61193115  0.1976853 ] to [-0.615 -0.615  0.09 ]
2025-03-25 16:04:41 - root - INFO - MovingJ ur5e_2 from [ 1.18743617 -0.70942437  1.42666071 -2.29170446 -1.57071833 -0.38352977] to [ 1.21612797 -0.85941338  1.38271683 -2.08605917 -1.57080541 -0.35452009]
2025-03-25 16:04:42 - root - INFO - Planning and moving to xyz facing down ur5e_2 from [ 1.20205685 -0.78145169  1.40551651 -2.18605087 -1.57072902 -0.36869088] to [1.2026161393226826, -0.9547634154165294, 1.2642449299387992, -1.8802785705597094, -1.5707962650569063, -0.3681801979729749] target: [-0.62586768 -0.61109239  0.3       ]
2025-03-25 16:04:42 - root - INFO - Planning and movingJ ur5e_2 from [ 1.20205685 -0.78145169  1.40551651 -2.18605087 -1.57072902 -0.36869088] to [1.2026161393226826, -0.9547634154165294, 1.2642449299387992, -1.8802785705597094, -1.5707962650569063, -0.3681801979729749]
2025-03-25 16:04:42 - root - INFO - MovingJ ur5e_2 from [ 1.20205685 -0.78145169  1.40551651 -2.18605087 -1.57072902 -0.36869088] to [1.2026161393226826, -0.9547634154165294, 1.2642449299387992, -1.8802785705597094, -1.5707962650569063, -0.3681801979729749]
2025-03-25 16:04:44 - root - WARNING - Movement for ur5e_2 timed out before reaching the target joints.
2025-03-25 16:04:44 - root - INFO - Planning and moving to xyz facing down ur5e_2 from [ 1.20261356 -0.95013673  1.26595426 -1.88002135 -1.57079605 -0.36818219] to [1.4460616487455784, -0.98996236892443, 1.3220831367998096, -1.9029178255265715, -1.5707962644562883, -0.12473468042437284] target: [-0.805 -0.615  0.3  ]
2025-03-25 16:04:44 - root - INFO - Planning and movingJ ur5e_2 from [ 1.20261356 -0.95013673  1.26595426 -1.88002135 -1.57079605 -0.36818219] to [1.4460616487455784, -0.98996236892443, 1.3220831367998096, -1.9029178255265715, -1.5707962644562883, -0.12473468042437284]
2025-03-25 16:04:44 - root - INFO - MovingJ ur5e_2 from [ 1.20261356 -0.95013673  1.26595426 -1.88002135 -1.57079605 -0.36818219] to [1.4460616487455784, -0.98996236892443, 1.3220831367998096, -1.9029178255265715, -1.5707962644562883, -0.12473468042437284]
2025-03-25 16:04:47 - root - WARNING - Movement for ur5e_2 timed out before reaching the target joints.
2025-03-25 16:04:47 - root - INFO - put down block at (-0.805, -0.615) start_height 0.11966974700240536
2025-03-25 16:04:47 - root - INFO - Planning and moving to xyz facing down ur5e_2 from [ 1.44580349 -0.98553661  1.32365138 -1.90249053 -1.57080008 -0.12499034] to [1.4460615721176298, -0.7779433447498548, 1.4729442349068216, -2.265797911988643, -1.5707962627371952, -0.12473476708492363] target: [-0.805, -0.615, 0.11966974700240536]
2025-03-25 16:04:47 - root - INFO - Planning and movingJ ur5e_2 from [ 1.44580349 -0.98553661  1.32365138 -1.90249053 -1.57080008 -0.12499034] to [1.4460615721176298, -0.7779433447498548, 1.4729442349068216, -2.265797911988643, -1.5707962627371952, -0.12473476708492363]
2025-03-25 16:04:47 - root - INFO - MovingJ ur5e_2 from [ 1.44580349 -0.98553661  1.32365138 -1.90249053 -1.57080008 -0.12499034] to [1.4460615721176298, -0.7779433447498548, 1.4729442349068216, -2.265797911988643, -1.5707962627371952, -0.12473476708492363]
2025-03-25 16:04:48 - root - INFO - MovingL ur5e_2 from [-0.80475909 -0.61363068  0.1297493 ] to [-0.805      -0.615       0.06966975]
2025-03-25 16:04:49 - root - INFO - MovingJ ur5e_2 from [ 1.44603693 -0.69232683  1.48247125 -2.33849859 -1.57079619 -0.12474372] to [ 1.44596527 -0.79023593  1.46204497 -2.23584192 -1.5707976  -0.1248112 ]
2025-03-25 16:04:49 - root - INFO - Planning and moving to xyz facing down ur5e_2 from [ 1.44602942 -0.6926681   1.48301332 -2.33579406 -1.57079619 -0.12474372] to [1.4465926685999944, -0.9979157403612616, 1.3350178433216602, -1.9079002914631271, -1.570796173888783, -0.12420367131519174] target: [-0.80581049 -0.61846701  0.3       ]
2025-03-25 16:04:49 - root - INFO - Planning and movingJ ur5e_2 from [ 1.44602942 -0.6926681   1.48301332 -2.33579406 -1.57079619 -0.12474372] to [1.4465926685999944, -0.9979157403612616, 1.3350178433216602, -1.9079002914631271, -1.570796173888783, -0.12420367131519174]
2025-03-25 16:04:49 - root - INFO - MovingJ ur5e_2 from [ 1.44602942 -0.6926681   1.48301332 -2.33579406 -1.57079619 -0.12474372] to [1.4465926685999944, -0.9979157403612616, 1.3350178433216602, -1.9079002914631271, -1.570796173888783, -0.12420367131519174]
2025-03-25 16:04:52 - root - WARNING - Movement for ur5e_2 timed out before reaching the target joints.
2025-03-25 16:04:52 - root - INFO - Planning and moving to xyz facing down ur5e_2 from [ 1.44659215 -0.99323125  1.3368612  -1.9074133  -1.57079617 -0.12420444] to [1.4460607792643219, -0.9899714342323102, 1.3221015778855838, -1.9029278036474193, -1.5707962477158035, -0.12473548557299602] target: [-0.805 -0.615  0.3  ]
2025-03-25 16:04:52 - root - INFO - Planning and movingJ ur5e_2 from [ 1.44659215 -0.99323125  1.3368612  -1.9074133  -1.57079617 -0.12420444] to [1.4460607792643219, -0.9899714342323102, 1.3221015778855838, -1.9029278036474193, -1.5707962477158035, -0.12473548557299602]
2025-03-25 16:04:52 - root - INFO - MovingJ ur5e_2 from [ 1.44659215 -0.99323125  1.3368612  -1.9074133  -1.57079617 -0.12420444] to [1.4460607792643219, -0.9899714342323102, 1.3221015778855838, -1.9029278036474193, -1.5707962477158035, -0.12473548557299602]
2025-03-25 16:04:53 - root - WARNING - Movement for ur5e_2 timed out before reaching the target joints.
2025-03-25 16:04:53 - root - INFO - pick up block at (-0.615, -0.615) start_height 0.15
2025-03-25 16:04:53 - root - INFO - Planning and moving to xyz facing down ur5e_2 from [ 1.44621841 -0.9862672   1.32626006 -1.90318843 -1.57079624 -0.12457664] to [1.186540525793449, -0.7966462318323084, 1.412145615770736, -2.18629724338115, -1.5707961998720665, -0.38425580496855993] target: [-0.615, -0.615, 0.15]
2025-03-25 16:04:53 - root - INFO - Planning and movingJ ur5e_2 from [ 1.44621841 -0.9862672   1.32626006 -1.90318843 -1.57079624 -0.12457664] to [1.186540525793449, -0.7966462318323084, 1.412145615770736, -2.18629724338115, -1.5707961998720665, -0.38425580496855993]
2025-03-25 16:04:53 - root - INFO - MovingJ ur5e_2 from [ 1.44621841 -0.9862672   1.32626006 -1.90318843 -1.57079624 -0.12457664] to [1.186540525793449, -0.7966462318323084, 1.412145615770736, -2.18629724338115, -1.5707961998720665, -0.38425580496855993]
2025-03-25 16:04:54 - root - INFO - MovingL ur5e_2 from [-0.6341675  -0.61179234  0.16035606] to [-0.615 -0.615  0.05 ]
2025-03-25 16:04:59 - root - WARNING - Linear movement for ur5e_2 completed, but target not reached within tolerance after 400 attempts
2025-03-25 16:04:59 - root - INFO - MovingJ ur5e_2 from [ 1.18661867 -0.64790327  1.42274378 -2.36312108 -1.57082708 -0.38425475] to [ 1.21308013 -0.81098459  1.40498039 -2.15664323 -1.57080512 -0.35756339]
2025-03-25 16:04:59 - root - INFO - Planning and moving to xyz facing down ur5e_2 from [ 1.2006166  -0.73035397  1.42390337 -2.2525697  -1.57087552 -0.37000839] to [1.2011565032778733, -0.9596452495153769, 1.272328427030752, -1.8834807357402614, -1.5707962246730267, -0.36963983605728423] target: [-0.62556977 -0.61322688  0.3       ]
2025-03-25 16:04:59 - root - INFO - Planning and movingJ ur5e_2 from [ 1.2006166  -0.73035397  1.42390337 -2.2525697  -1.57087552 -0.37000839] to [1.2011565032778733, -0.9596452495153769, 1.272328427030752, -1.8834807357402614, -1.5707962246730267, -0.36963983605728423]
2025-03-25 16:04:59 - root - INFO - MovingJ ur5e_2 from [ 1.2006166  -0.73035397  1.42390337 -2.2525697  -1.57087552 -0.37000839] to [1.2011565032778733, -0.9596452495153769, 1.272328427030752, -1.8834807357402614, -1.5707962246730267, -0.36963983605728423]
2025-03-25 16:05:02 - root - WARNING - Movement for ur5e_2 timed out before reaching the target joints.
2025-03-25 16:05:02 - root - INFO - Planning and moving to xyz facing down ur5e_2 from [ 1.20115249 -0.95597558  1.2734054  -1.88358929 -1.57079656 -0.36964066] to [1.4460616474152725, -0.9899623767337025, 1.3220831544962846, -1.9029178361417725, -1.570796264866187, -0.12473468177028693] target: [-0.805 -0.615  0.3  ]
2025-03-25 16:05:02 - root - INFO - Planning and movingJ ur5e_2 from [ 1.20115249 -0.95597558  1.2734054  -1.88358929 -1.57079656 -0.36964066] to [1.4460616474152725, -0.9899623767337025, 1.3220831544962846, -1.9029178361417725, -1.570796264866187, -0.12473468177028693]
2025-03-25 16:05:02 - root - INFO - MovingJ ur5e_2 from [ 1.20115249 -0.95597558  1.2734054  -1.88358929 -1.57079656 -0.36964066] to [1.4460616474152725, -0.9899623767337025, 1.3220831544962846, -1.9029178361417725, -1.570796264866187, -0.12473468177028693]
2025-03-25 16:05:05 - root - WARNING - Movement for ur5e_2 timed out before reaching the target joints.
2025-03-25 16:05:05 - root - INFO - put down block at (-0.995, -0.615) start_height 0.19
2025-03-25 16:05:05 - root - INFO - Planning and moving to xyz facing down ur5e_2 from [ 1.44577549 -0.98644054  1.32305634 -1.90292595 -1.57081356 -0.12499186] to [1.709881428291006, -0.7995830419248291, 1.2975175818246383, -2.0687321660854834, -1.5707962129685407, 0.13908509019192727] target: [-0.995, -0.615, 0.19]
2025-03-25 16:05:05 - root - INFO - Planning and movingJ ur5e_2 from [ 1.44577549 -0.98644054  1.32305634 -1.90292595 -1.57081356 -0.12499186] to [1.709881428291006, -0.7995830419248291, 1.2975175818246383, -2.0687321660854834, -1.5707962129685407, 0.13908509019192727]
2025-03-25 16:05:05 - root - INFO - MovingJ ur5e_2 from [ 1.44577549 -0.98644054  1.32305634 -1.90292595 -1.57081356 -0.12499186] to [1.709881428291006, -0.7995830419248291, 1.2975175818246383, -2.0687321660854834, -1.5707962129685407, 0.13908509019192727]
2025-03-25 16:05:06 - root - INFO - MovingL ur5e_2 from [-0.97359201 -0.61143709  0.19928147] to [-0.995      -0.615       0.12933948]
2025-03-25 16:05:07 - root - INFO - MovingJ ur5e_2 from [ 1.70767374 -0.72794335  1.32511175 -2.17489461 -1.57090069  0.13682707] to [ 1.68063094 -0.81641786  1.30074105 -2.05142024 -1.57143444  0.11088774]
2025-03-25 16:05:07 - root - INFO - Planning and moving to xyz facing down ur5e_2 from [ 1.70237612 -0.74290525  1.32567773 -2.15020333 -1.57083654  0.13162714] to [1.7029048863453122, -0.9043175911651907, 1.1796556769212696, -1.8461352252766752, -1.5707962582715125, 0.1321085497500755] target: [-0.9899227  -0.61400214  0.3       ]
2025-03-25 16:05:07 - root - INFO - Planning and movingJ ur5e_2 from [ 1.70237612 -0.74290525  1.32567773 -2.15020333 -1.57083654  0.13162714] to [1.7029048863453122, -0.9043175911651907, 1.1796556769212696, -1.8461352252766752, -1.5707962582715125, 0.1321085497500755]
2025-03-25 16:05:07 - root - INFO - MovingJ ur5e_2 from [ 1.70237612 -0.74290525  1.32567773 -2.15020333 -1.57083654  0.13162714] to [1.7029048863453122, -0.9043175911651907, 1.1796556769212696, -1.8461352252766752, -1.5707962582715125, 0.1321085497500755]
2025-03-25 16:05:10 - root - WARNING - Movement for ur5e_2 timed out before reaching the target joints.
2025-03-25 16:05:10 - root - INFO - Planning and moving to xyz facing down ur5e_2 from [ 1.70290325 -0.89917114  1.1815822  -1.84573749 -1.57079641  0.13210667] to [1.4460614300671815, -0.989963272250788, 1.3220850369334778, -1.9029189128854207, -1.5707962570821838, -0.12473492082892063] target: [-0.805 -0.615  0.3  ]
2025-03-25 16:05:10 - root - INFO - Planning and movingJ ur5e_2 from [ 1.70290325 -0.89917114  1.1815822  -1.84573749 -1.57079641  0.13210667] to [1.4460614300671815, -0.989963272250788, 1.3220850369334778, -1.9029189128854207, -1.5707962570821838, -0.12473492082892063]
2025-03-25 16:05:10 - root - INFO - MovingJ ur5e_2 from [ 1.70290325 -0.89917114  1.1815822  -1.84573749 -1.57079641  0.13210667] to [1.4460614300671815, -0.989963272250788, 1.3220850369334778, -1.9029189128854207, -1.5707962570821838, -0.12473492082892063]
2025-03-25 16:05:12 - root - WARNING - Movement for ur5e_2 timed out before reaching the target joints.
2025-03-25 16:05:12 - root - INFO - pick up block at (-0.805, -0.615) start_height 0.15
2025-03-25 16:05:12 - root - INFO - Planning and moving to xyz facing down ur5e_2 from [ 1.44627877 -0.98520078  1.32378879 -1.90232392 -1.57079664 -0.12451291] to [1.4460619346584151, -0.8223373502381528, 1.4615532810238088, -2.2100126576128334, -1.5707962880859434, -0.12473440126984654] target: [-0.805, -0.615, 0.15]
2025-03-25 16:05:12 - root - INFO - Planning and movingJ ur5e_2 from [ 1.44627877 -0.98520078  1.32378879 -1.90232392 -1.57079664 -0.12451291] to [1.4460619346584151, -0.8223373502381528, 1.4615532810238088, -2.2100126576128334, -1.5707962880859434, -0.12473440126984654]
2025-03-25 16:05:12 - root - INFO - MovingJ ur5e_2 from [ 1.44627877 -0.98520078  1.32378879 -1.90232392 -1.57079664 -0.12451291] to [1.4460619346584151, -0.8223373502381528, 1.4615532810238088, -2.2100126576128334, -1.5707962880859434, -0.12473440126984654]
2025-03-25 16:05:13 - root - INFO - MovingL ur5e_2 from [-0.80491794 -0.6140398   0.15902065] to [-0.805 -0.615  0.05 ]
2025-03-25 16:05:18 - root - WARNING - Linear movement for ur5e_2 completed, but target not reached within tolerance after 400 attempts
2025-03-25 16:05:18 - root - INFO - MovingJ ur5e_2 from [ 1.44609476 -0.66661537  1.47368923 -2.38925336 -1.57080656 -0.12473387] to [ 1.44611646 -0.83261481  1.45023419 -2.18049335 -1.57079641 -0.12466474]
2025-03-25 16:05:19 - root - INFO - Planning and moving to xyz facing down ur5e_2 from [ 1.44607583 -0.75049932  1.47494081 -2.27737248 -1.57080665 -0.12473387] to [1.4466365483925465, -0.9927037314251398, 1.3265476936624556, -1.9046414792361492, -1.5707962278819452, -0.12415979193494141] target: [-0.8055593  -0.61621057  0.3       ]
2025-03-25 16:05:19 - root - INFO - Planning and movingJ ur5e_2 from [ 1.44607583 -0.75049932  1.47494081 -2.27737248 -1.57080665 -0.12473387] to [1.4466365483925465, -0.9927037314251398, 1.3265476936624556, -1.9046414792361492, -1.5707962278819452, -0.12415979193494141]
2025-03-25 16:05:19 - root - INFO - MovingJ ur5e_2 from [ 1.44607583 -0.75049932  1.47494081 -2.27737248 -1.57080665 -0.12473387] to [1.4466365483925465, -0.9927037314251398, 1.3265476936624556, -1.9046414792361492, -1.5707962278819452, -0.12415979193494141]
2025-03-25 16:05:22 - root - WARNING - Movement for ur5e_2 timed out before reaching the target joints.
2025-03-25 16:05:22 - root - INFO - Planning and moving to xyz facing down ur5e_2 from [ 1.44663488 -0.98827593  1.32820918 -1.90432067 -1.57079628 -0.12416101] to [1.4460620956264147, -0.989960700857486, 1.3220801919861418, -1.9029162716660124, -1.5707963363472384, -0.1247341696213954] target: [-0.805 -0.615  0.3  ]
2025-03-25 16:05:22 - root - INFO - Planning and movingJ ur5e_2 from [ 1.44663488 -0.98827593  1.32820918 -1.90432067 -1.57079628 -0.12416101] to [1.4460620956264147, -0.989960700857486, 1.3220801919861418, -1.9029162716660124, -1.5707963363472384, -0.1247341696213954]
2025-03-25 16:05:22 - root - INFO - MovingJ ur5e_2 from [ 1.44663488 -0.98827593  1.32820918 -1.90432067 -1.57079628 -0.12416101] to [1.4460620956264147, -0.989960700857486, 1.3220801919861418, -1.9029162716660124, -1.5707963363472384, -0.1247341696213954]
2025-03-25 16:05:22 - root - WARNING - Movement for ur5e_2 timed out before reaching the target joints.
2025-03-25 16:05:22 - root - INFO - put down block at (-0.995, -0.615) start_height 0.22999999999999998
2025-03-25 16:05:22 - root - INFO - Planning and moving to xyz facing down ur5e_2 from [ 1.4463328  -0.98599555  1.32535316 -1.90305775 -1.57079569 -0.12446416] to [1.709881696844266, -0.8431031743249666, 1.2630989854342476, -1.9907932187377817, -1.5707962320110176, 0.13908535851925027] target: [-0.995, -0.615, 0.22999999999999998]
2025-03-25 16:05:22 - root - INFO - Planning and movingJ ur5e_2 from [ 1.4463328  -0.98599555  1.32535316 -1.90305775 -1.57079569 -0.12446416] to [1.709881696844266, -0.8431031743249666, 1.2630989854342476, -1.9907932187377817, -1.5707962320110176, 0.13908535851925027]
2025-03-25 16:05:22 - root - INFO - MovingJ ur5e_2 from [ 1.4463328  -0.98599555  1.32535316 -1.90305775 -1.57079569 -0.12446416] to [1.709881696844266, -0.8431031743249666, 1.2630989854342476, -1.9907932187377817, -1.5707962320110176, 0.13908535851925027]
2025-03-25 16:05:23 - root - INFO - MovingL ur5e_2 from [-0.9731734  -0.61221058  0.23357674] to [-0.995      -0.615       0.16885251]
2025-03-25 16:05:24 - root - INFO - MovingJ ur5e_2 from [ 1.70701092 -0.77536448  1.30779515 -2.10016536 -1.57081923  0.13619073] to [ 1.68011537 -0.85458828  1.27160079 -1.98060292 -1.57094662  0.10948775]
2025-03-25 16:05:25 - root - INFO - Planning and moving to xyz facing down ur5e_2 from [ 1.70210208 -0.78791004  1.30139157 -2.07801501 -1.57076256  0.1311985 ] to [1.702640820523996, -0.9028173712044708, 1.1771086012581977, -1.845087992479443, -1.570796289258764, 0.13184448666698761] target: [-0.98981358 -0.61333615  0.3       ]
2025-03-25 16:05:25 - root - INFO - Planning and movingJ ur5e_2 from [ 1.70210208 -0.78791004  1.30139157 -2.07801501 -1.57076256  0.1311985 ] to [1.702640820523996, -0.9028173712044708, 1.1771086012581977, -1.845087992479443, -1.570796289258764, 0.13184448666698761]
2025-03-25 16:05:25 - root - INFO - MovingJ ur5e_2 from [ 1.70210208 -0.78791004  1.30139157 -2.07801501 -1.57076256  0.1311985 ] to [1.702640820523996, -0.9028173712044708, 1.1771086012581977, -1.845087992479443, -1.570796289258764, 0.13184448666698761]
2025-03-25 16:05:27 - root - WARNING - Movement for ur5e_2 timed out before reaching the target joints.
2025-03-25 16:05:27 - root - INFO - Planning and moving to xyz facing down ur5e_2 from [ 1.7026372  -0.8976069   1.17911269 -1.84482215 -1.57079602  0.13183938] to [1.4460614279634028, -0.9899632835345072, 1.322085059173307, -1.9029189247494294, -1.5707962569701392, -0.1247349230949608] target: [-0.805 -0.615  0.3  ]
2025-03-25 16:05:27 - root - INFO - Planning and movingJ ur5e_2 from [ 1.7026372  -0.8976069   1.17911269 -1.84482215 -1.57079602  0.13183938] to [1.4460614279634028, -0.9899632835345072, 1.322085059173307, -1.9029189247494294, -1.5707962569701392, -0.1247349230949608]
2025-03-25 16:05:27 - root - INFO - MovingJ ur5e_2 from [ 1.7026372  -0.8976069   1.17911269 -1.84482215 -1.57079602  0.13183938] to [1.4460614279634028, -0.9899632835345072, 1.322085059173307, -1.9029189247494294, -1.5707962569701392, -0.1247349230949608]
2025-03-25 16:05:29 - root - WARNING - Movement for ur5e_2 timed out before reaching the target joints.
