2025-03-18 20:14:06 - root - INFO - Logging setup complete for Hanoi_sim
2025-03-18 20:14:06 - root - INFO - pick up block at (-0.995, -0.615) start_height 0.034999999999999996
2025-03-18 20:14:06 - root - INFO - Planning and moving to xyz facing down ur5e_2 from [-1.56417438e+00 -1.56694744e+00 -4.97276278e-04 -1.56588207e+00
  1.05265287e-05 -1.99549302e-06] to [-1.0747839294287465, -2.563856876169541, -1.3358530001756794, -0.8126781694862847, 1.5707962359691738, 0.496012412107164] target: [-0.995, -0.615, 0.034999999999999996]
2025-03-18 20:14:06 - root - INFO - Planning and movingJ ur5e_2 from [-1.56417438e+00 -1.56694744e+00 -4.97276278e-04 -1.56588207e+00
  1.05265287e-05 -1.99549302e-06] to [-1.0747839294287465, -2.563856876169541, -1.3358530001756794, -0.8126781694862847, 1.5707962359691738, 0.496012412107164]
2025-03-18 20:14:06 - root - INFO - MovingJ ur5e_2 from [-1.56417438e+00 -1.56694744e+00 -4.97276278e-04 -1.56588207e+00
  1.05265287e-05 -1.99549302e-06] to [-1.0747839294287465, -2.563856876169541, -1.3358530001756794, -0.8126781694862847, 1.5707962359691738, 0.496012412107164]
2025-03-18 20:14:09 - root - WARNING - Movement for ur5e_2 timed out before reaching the target joints.
2025-03-18 20:14:09 - root - INFO - MovingL ur5e_2 from [-1.00241468 -0.5976368   0.09036531] to [-0.995 -0.615 -0.065]
2025-03-18 20:14:14 - root - WARNING - Linear movement for ur5e_2 completed, but target not reached within tolerance after 400 attempts
2025-03-18 20:14:15 - root - INFO - MovingJ ur5e_2 from [-1.0762422  -2.55776761 -1.15938513 -0.95093406  1.57117089  0.49475962] to [-1.07702302 -2.51012024 -1.30483772 -0.78798141  1.57036986  0.49596893]
2025-03-18 20:14:15 - root - INFO - put down block at (-0.805, -0.615) start_height 0.11930069183787169
2025-03-18 20:14:15 - root - INFO - Planning and moving to xyz facing down ur5e_2 from [-1.07573479 -2.53710321 -1.21195603 -0.88376071  1.57102589  0.49469009] to [-1.3203531297688271, -2.364205709205697, -1.473053265212024, -0.8751291714230627, 1.5707962691835888, 0.25044315899885905] target: [-0.805, -0.615, 0.11930069183787169]
2025-03-18 20:14:15 - root - INFO - Planning and movingJ ur5e_2 from [-1.07573479 -2.53710321 -1.21195603 -0.88376071  1.57102589  0.49469009] to [-1.3203531297688271, -2.364205709205697, -1.473053265212024, -0.8751291714230627, 1.5707962691835888, 0.25044315899885905]
2025-03-18 20:14:15 - root - INFO - MovingJ ur5e_2 from [-1.07573479 -2.53710321 -1.21195603 -0.88376071  1.57102589  0.49469009] to [-1.3203531297688271, -2.364205709205697, -1.473053265212024, -0.8751291714230627, 1.5707962691835888, 0.25044315899885905]
2025-03-18 20:14:16 - root - INFO - MovingL ur5e_2 from [-0.82798887 -0.60817258  0.11295053] to [-0.805      -0.615       0.06930069]
2025-03-18 20:14:17 - root - INFO - MovingJ ur5e_2 from [-1.31688423 -2.45435293 -1.47995698 -0.80130448  1.57080081  0.25396119] to [-1.29156365 -2.38970418 -1.44352795 -0.87659887  1.57090429  0.27929807]
2025-03-18 20:14:17 - root - INFO - pick up block at (-0.995, -0.615) start_height 0.07500000000000001
2025-03-18 20:14:17 - root - INFO - Planning and moving to xyz facing down ur5e_2 from [-1.31688423 -2.45461727 -1.48002562 -0.80133108  1.57080081  0.25396119] to [-1.074784242783598, -2.4994814352825205, -1.3401859294760492, -0.8727209051494155, 1.5707962641660413, 0.49601208432037436] target: [-0.995, -0.615, 0.07500000000000001]
2025-03-18 20:14:17 - root - INFO - Planning and movingJ ur5e_2 from [-1.31688423 -2.45461727 -1.48002562 -0.80133108  1.57080081  0.25396119] to [-1.074784242783598, -2.4994814352825205, -1.3401859294760492, -0.8727209051494155, 1.5707962641660413, 0.49601208432037436]
2025-03-18 20:14:17 - root - INFO - MovingJ ur5e_2 from [-1.31688423 -2.45461727 -1.48002562 -0.80133108  1.57080081  0.25396119] to [-1.074784242783598, -2.4994814352825205, -1.3401859294760492, -0.8727209051494155, 1.5707962641660413, 0.49601208432037436]
