2025-03-18 20:49:32 - root - INFO - Logging setup complete for Hanoi_sim
2025-03-18 20:49:32 - root - INFO - pick up block at (-0.995, -0.615) start_height 0.275
2025-03-18 20:49:32 - root - INFO - Planning and moving to xyz facing down ur5e_2 from [-1.56417438e+00 -1.56694744e+00 -4.97276278e-04 -1.56588207e+00
  1.05265287e-05 -1.99549302e-06] to [1.7098824748268449, -0.8840187940945156, 1.2116843185129107, -1.898462238380047, -1.5707962862384983, 0.13908613460412128] target: [-0.995, -0.615, 0.275]
2025-03-18 20:49:32 - root - INFO - Planning and movingJ ur5e_2 from [-1.56417438e+00 -1.56694744e+00 -4.97276278e-04 -1.56588207e+00
  1.05265287e-05 -1.99549302e-06] to [1.7098824748268449, -0.8840187940945156, 1.2116843185129107, -1.898462238380047, -1.5707962862384983, 0.13908613460412128]
2025-03-18 20:49:32 - root - INFO - MovingJ ur5e_2 from [-1.56417438e+00 -1.56694744e+00 -4.97276278e-04 -1.56588207e+00
  1.05265287e-05 -1.99549302e-06] to [1.7098824748268449, -0.8840187940945156, 1.2116843185129107, -1.898462238380047, -1.5707962862384983, 0.13908613460412128]
2025-03-18 20:49:36 - root - INFO - MovingL ur5e_2 from [-0.97507886 -0.60684246  0.27984354] to [-0.995 -0.615  0.175]
2025-03-18 20:49:37 - root - INFO - MovingJ ur5e_2 from [ 1.70772965 -0.77835272  1.30431011 -2.08276166 -1.57068088  0.13715433] to [ 1.67990956 -0.88509998  1.20236762 -1.89479514 -1.55627086  0.13780032]
2025-03-18 20:49:38 - root - INFO - Planning and moving to xyz facing down ur5e_2 from [ 1.69472241 -0.82378907  1.25798731 -1.99423327 -1.57067053  0.13715427] to [1.6952716799610166, -0.9080811411959274, 1.1363747078109325, -1.799090222072165, -1.5707962985845174, 0.12447534782332362] target: [-0.98486449 -0.6089576   0.31885524]
2025-03-18 20:49:38 - root - INFO - Planning and movingJ ur5e_2 from [ 1.69472241 -0.82378907  1.25798731 -1.99423327 -1.57067053  0.13715427] to [1.6952716799610166, -0.9080811411959274, 1.1363747078109325, -1.799090222072165, -1.5707962985845174, 0.12447534782332362]
2025-03-18 20:49:38 - root - INFO - MovingJ ur5e_2 from [ 1.69472241 -0.82378907  1.25798731 -1.99423327 -1.57067053  0.13715427] to [1.6952716799610166, -0.9080811411959274, 1.1363747078109325, -1.799090222072165, -1.5707962985845174, 0.12447534782332362]
2025-03-18 20:49:40 - root - WARNING - Movement for ur5e_2 timed out before reaching the target joints.
2025-03-18 20:49:40 - root - INFO - Planning and moving to xyz facing down ur5e_1 from [-1.56417420e+00 -1.56677259e+00 -4.50357499e-04 -1.56585323e+00
  1.72110236e-06 -1.99632411e-06] to [0.6272859939857576, -0.36402720721378706, 0.8811062709876325, -2.087875687019293, -1.5707962849971762, 2.1980823134391723] target: (-0.6, -0.6, 0.03)
2025-03-18 20:49:40 - root - INFO - Planning and movingJ ur5e_1 from [-1.56417420e+00 -1.56677259e+00 -4.50357499e-04 -1.56585323e+00
  1.72110236e-06 -1.99632411e-06] to [0.6272859939857576, -0.36402720721378706, 0.8811062709876325, -2.087875687019293, -1.5707962849971762, 2.1980823134391723]
2025-03-18 20:49:40 - root - INFO - MovingJ ur5e_1 from [-1.56417420e+00 -1.56677259e+00 -4.50357499e-04 -1.56585323e+00
  1.72110236e-06 -1.99632411e-06] to [0.6272859939857576, -0.36402720721378706, 0.8811062709876325, -2.087875687019293, -1.5707962849971762, 2.1980823134391723]
2025-03-18 20:49:49 - root - WARNING - Movement for ur5e_1 timed out before reaching the target joints.
2025-03-18 20:49:49 - root - INFO - MovingJ ur5e_1 from [ 0.62728599 -0.3574998   0.88279566 -2.18733035 -1.57079628  2.19808231] to [ 0.62728599 -0.3574998   0.88279566 -2.18733035 -1.57079628  2.19808231]
2025-03-18 20:49:49 - root - WARNING - Movement for ur5e_1 timed out before reaching the target joints.
2025-03-18 20:49:49 - root - INFO - MovingJ ur5e_1 from [ 0.62728861 -0.35691142  0.88295631 -2.09623678 -1.57079628  2.19808231] to [ 6.27285994e-01 -3.57499801e-01  8.82795656e-01 -2.08733035e+00
  4.19866069e-08  2.19808231e+00]
2025-03-18 20:49:56 - root - WARNING - Movement for ur5e_1 timed out before reaching the target joints.
2025-03-18 20:49:56 - root - INFO - put down block at (-0.805, -0.615) start_height 0.155
2025-03-18 20:49:56 - root - INFO - Planning and moving to xyz facing down ur5e_2 from [ 1.69527316 -0.90272121  1.13844303 -1.79905603 -1.57079519  0.12450097] to [1.446059882203858, -0.8293655515547301, 1.4591691294962206, -2.2006019231841276, -1.5707961518316396, -0.12473651747911983] target: [-0.805, -0.615, 0.155]
2025-03-18 20:49:56 - root - INFO - Planning and movingJ ur5e_2 from [ 1.69527316 -0.90272121  1.13844303 -1.79905603 -1.57079519  0.12450097] to [1.446059882203858, -0.8293655515547301, 1.4591691294962206, -2.2006019231841276, -1.5707961518316396, -0.12473651747911983]
2025-03-18 20:49:56 - root - INFO - MovingJ ur5e_2 from [ 1.69527316 -0.90272121  1.13844303 -1.79905603 -1.57079519  0.12450097] to [1.446059882203858, -0.8293655515547301, 1.4591691294962206, -2.2006019231841276, -1.5707961518316396, -0.12473651747911983]
2025-03-18 20:49:57 - root - INFO - MovingL ur5e_2 from [-0.81770384 -0.61166621  0.16185128] to [-0.805      -0.615       0.06962104]
2025-03-18 20:49:59 - root - INFO - MovingJ ur5e_2 from [ 1.44745308 -0.69148557  1.48202698 -2.33889916 -1.57078815 -0.12332795] to [ 1.46446548 -0.83005977  1.43690256 -2.17075711 -1.57068459 -0.10641201]
2025-03-18 20:49:59 - root - INFO - Planning and moving to xyz facing down ur5e_2 from [ 1.44743423 -0.74554475  1.46417488 -2.26733157 -1.57078816 -0.12332795] to [1.4479925587199265, -0.887021517073675, 1.4250386162032567, -2.1088172459389014, -1.570796022025492, -0.12280372546128118] target: [-0.80622238 -0.61378624  0.20104843]
2025-03-18 20:49:59 - root - INFO - Planning and movingJ ur5e_2 from [ 1.44743423 -0.74554475  1.46417488 -2.26733157 -1.57078816 -0.12332795] to [1.4479925587199265, -0.887021517073675, 1.4250386162032567, -2.1088172459389014, -1.570796022025492, -0.12280372546128118]
2025-03-18 20:49:59 - root - INFO - MovingJ ur5e_2 from [ 1.44743423 -0.74554475  1.46417488 -2.26733157 -1.57078816 -0.12332795] to [1.4479925587199265, -0.887021517073675, 1.4250386162032567, -2.1088172459389014, -1.570796022025492, -0.12280372546128118]
2025-03-18 20:50:01 - root - WARNING - Movement for ur5e_2 timed out before reaching the target joints.
2025-03-18 20:50:01 - root - INFO - pick up block at (-0.995, -0.615) start_height 0.235
2025-03-18 20:50:01 - root - INFO - Planning and moving to xyz facing down ur5e_2 from [ 1.44798393 -0.88155528  1.42684493 -2.10885571 -1.57079587 -0.1228135 ] to [1.7098817685346315, -0.8480835714373578, 1.2580611346211727, -1.9807749074453755, -1.570796237342188, 0.1390854306685059] target: [-0.995, -0.615, 0.235]
2025-03-18 20:50:01 - root - INFO - Planning and movingJ ur5e_2 from [ 1.44798393 -0.88155528  1.42684493 -2.10885571 -1.57079587 -0.1228135 ] to [1.7098817685346315, -0.8480835714373578, 1.2580611346211727, -1.9807749074453755, -1.570796237342188, 0.1390854306685059]
2025-03-18 20:50:01 - root - INFO - MovingJ ur5e_2 from [ 1.44798393 -0.88155528  1.42684493 -2.10885571 -1.57079587 -0.1228135 ] to [1.7098817685346315, -0.8480835714373578, 1.2580611346211727, -1.9807749074453755, -1.570796237342188, 0.1390854306685059]
2025-03-18 20:50:02 - root - INFO - MovingL ur5e_2 from [-0.97354081 -0.61233484  0.22602706] to [-0.995 -0.615  0.135]
2025-03-18 20:50:03 - root - INFO - MovingJ ur5e_2 from [ 1.70759799 -0.73036519  1.32714633 -2.15907639 -1.57082157  0.13682856] to [ 1.68060788 -0.84687871  1.27874122 -1.99463542 -1.57078661  0.10967327]
2025-03-18 20:50:04 - root - INFO - Planning and moving to xyz facing down ur5e_2 from [ 1.69659788 -0.77408193  1.30842044 -2.091116   -1.57077159  0.12565817] to [1.6971361335265367, -0.8809274004583361, 1.222334584540535, -1.912203769118379, -1.5707963039411545, 0.12633980155653599] target: [-0.98577218 -0.6128124   0.26907387]
2025-03-18 20:50:04 - root - INFO - Planning and movingJ ur5e_2 from [ 1.69659788 -0.77408193  1.30842044 -2.091116   -1.57077159  0.12565817] to [1.6971361335265367, -0.8809274004583361, 1.222334584540535, -1.912203769118379, -1.5707963039411545, 0.12633980155653599]
2025-03-18 20:50:04 - root - INFO - MovingJ ur5e_2 from [ 1.69659788 -0.77408193  1.30842044 -2.091116   -1.57077159  0.12565817] to [1.6971361335265367, -0.8809274004583361, 1.222334584540535, -1.912203769118379, -1.5707963039411545, 0.12633980155653599]
2025-03-18 20:50:06 - root - WARNING - Movement for ur5e_2 timed out before reaching the target joints.
2025-03-18 20:50:06 - root - INFO - Planning and moving to xyz facing down ur5e_1 from [ 6.27297129e-01 -2.73318917e-01  9.03137719e-01 -2.08148164e+00
 -1.14716224e-03  2.19817062e+00] to [0.6272849752563254, -0.3640412928366954, 0.8811364244097116, -2.0878925698376203, -1.570796045553757, 2.1980812625957866] target: (-0.6, -0.6, 0.03)
2025-03-18 20:50:06 - root - INFO - Planning and movingJ ur5e_1 from [ 6.27297129e-01 -2.73318917e-01  9.03137719e-01 -2.08148164e+00
 -1.14716224e-03  2.19817062e+00] to [0.6272849752563254, -0.3640412928366954, 0.8811364244097116, -2.0878925698376203, -1.570796045553757, 2.1980812625957866]
2025-03-18 20:50:07 - root - INFO - MovingJ path ur5e_1 [[0.6272971290976627, -0.2733189173510707, 0.9031377192937389, -2.0814816363763677, -0.0011471622386285654, 2.198170618635722], [-0.07792244567331519, -0.4064104474289394, 0.6736680707451708, -2.9011315240918285, -1.1229211475028986, 2.2743318874421634], [0.6272849752563254, -0.3640412928366954, 0.8811364244097116, -2.0878925698376203, -1.570796045553757, 2.1980812625957866]]
