2025-03-18 20:25:16 - root - INFO - Logging setup complete for Hanoi_sim
2025-03-18 20:25:17 - root - INFO - pick up block at (-0.995, -0.615) start_height 0.275
2025-03-18 20:25:17 - root - INFO - Planning and moving to xyz facing down ur5e_2 from [-1.56417438e+00 -1.56694744e+00 -4.97276278e-04 -1.56588207e+00
  1.05265287e-05 -1.99549302e-06] to [-1.0747819798930995, -2.257546055002384, -1.2117426754496359, 5.040087893531767, 1.5707961243121018, -5.787171021809896] target: [-0.995, -0.615, 0.275]
2025-03-18 20:25:17 - root - INFO - Planning and movingJ ur5e_2 from [-1.56417438e+00 -1.56694744e+00 -4.97276278e-04 -1.56588207e+00
  1.05265287e-05 -1.99549302e-06] to [-1.0747819798930995, -2.257546055002384, -1.2117426754496359, -1.2430974136478197, 1.5707961243121018, 0.4960142853696903]
2025-03-18 20:25:17 - root - INFO - MovingJ ur5e_2 from [-1.56417438e+00 -1.56694744e+00 -4.97276278e-04 -1.56588207e+00
  1.05265287e-05 -1.99549302e-06] to [-1.0747819798930995, -2.257546055002384, -1.2117426754496359, -1.2430974136478197, 1.5707961243121018, 0.4960142853696903]
2025-03-18 20:25:19 - root - INFO - MovingL ur5e_2 from [-0.98749846 -0.60893428  0.28951706] to [-0.995 -0.615  0.175]
2025-03-18 20:25:20 - root - INFO - MovingJ ur5e_2 from [-1.075677   -2.36344648 -1.30366569 -1.0594942   1.57063192  0.49509825] to [-1.08367576 -2.25017712 -1.19133158 -1.24967494  1.54188729  0.48687408]
2025-03-18 20:25:21 - root - INFO - put down block at (-0.805, -0.615) start_height 0.11962090825614412
2025-03-18 20:25:21 - root - INFO - Planning and moving to xyz facing down ur5e_2 from [-1.07565976 -2.31236758 -1.24987693 -1.15351354  1.55649525  0.49509825] to [-1.320352932865657, -2.363719957818261, -1.4729658294950425, -0.8757020367910215, 1.5707962414879308, 0.25044335369066223] target: [-0.805, -0.615, 0.11962090825614412]
2025-03-18 20:25:21 - root - INFO - Planning and movingJ ur5e_2 from [-1.07565976 -2.31236758 -1.24987693 -1.15351354  1.55649525  0.49509825] to [-1.320352932865657, -2.363719957818261, -1.4729658294950425, -0.8757020367910215, 1.5707962414879308, 0.25044335369066223]
2025-03-18 20:25:21 - root - INFO - MovingJ ur5e_2 from [-1.07565976 -2.31236758 -1.24987693 -1.15351354  1.55649525  0.49509825] to [-1.320352932865657, -2.363719957818261, -1.4729658294950425, -0.8757020367910215, 1.5707962414879308, 0.25044335369066223]
2025-03-18 20:25:22 - root - INFO - MovingL ur5e_2 from [-0.82458607 -0.6117467   0.12611416] to [-0.805      -0.615       0.06962091]
2025-03-18 20:25:23 - root - INFO - MovingJ ur5e_2 from [-1.31756646 -2.45115763 -1.48128968 -0.8023745   1.57074266  0.253219  ] to [-1.29458361 -2.36304623 -1.45080995 -0.90508723  1.56943343  0.27607301]
2025-03-18 20:25:23 - root - INFO - pick up block at (-0.995, -0.615) start_height 0.195
2025-03-18 20:25:23 - root - INFO - Planning and moving to xyz facing down ur5e_2 from [-1.31756072 -2.45105903 -1.48108532 -0.80508232  1.57074266  0.253219  ] to [-1.0747834339255409, -2.336219782675425, -1.2937859000121377, -1.0823817617590572, 1.5707962061793102, 0.4960128769082137] target: [-0.995, -0.615, 0.195]
2025-03-18 20:25:23 - root - INFO - Planning and movingJ ur5e_2 from [-1.31756072 -2.45105903 -1.48108532 -0.80508232  1.57074266  0.253219  ] to [-1.0747834339255409, -2.336219782675425, -1.2937859000121377, -1.0823817617590572, 1.5707962061793102, 0.4960128769082137]
2025-03-18 20:25:23 - root - INFO - MovingJ ur5e_2 from [-1.31756072 -2.45105903 -1.48108532 -0.80508232  1.57074266  0.253219  ] to [-1.0747834339255409, -2.336219782675425, -1.2937859000121377, -1.0823817617590572, 1.5707962061793102, 0.4960128769082137]
2025-03-18 20:25:24 - root - INFO - MovingL ur5e_2 from [-0.97544877 -0.6120334   0.1757899 ] to [-0.995 -0.615  0.095]
2025-03-18 20:25:29 - root - WARNING - Linear movement for ur5e_2 completed, but target not reached within tolerance after 400 attempts
2025-03-18 20:25:29 - root - INFO - MovingJ ur5e_2 from [-1.07504331 -2.43416964 -1.30136723 -0.92987495  1.57125006  0.49590999] to [-1.10007102 -2.3533738  -1.31496618 -1.05383807  1.57078676  0.47057815]
2025-03-18 20:25:29 - root - INFO - put down block at (-0.615, -0.615) start_height 0.1196651503618305
2025-03-18 20:25:29 - root - INFO - Planning and moving to xyz facing down ur5e_2 from [-1.07991516 -2.42111739 -1.3021292  -0.95481334  1.57129944  0.49083051] to [-1.5867094225822822, -2.388254420326405, -1.4235828210986672, -0.9005514644023771, 1.5707963021166427, -0.015913093968761546] target: [-0.615, -0.615, 0.1196651503618305]
2025-03-18 20:25:29 - root - INFO - Planning and movingJ ur5e_2 from [-1.07991516 -2.42111739 -1.3021292  -0.95481334  1.57129944  0.49083051] to [-1.5867094225822822, -2.388254420326405, -1.4235828210986672, -0.9005514644023771, 1.5707963021166427, -0.015913093968761546]
2025-03-18 20:25:29 - root - INFO - MovingJ ur5e_2 from [-1.07991516 -2.42111739 -1.3021292  -0.95481334  1.57129944  0.49083051] to [-1.5867094225822822, -2.388254420326405, -1.4235828210986672, -0.9005514644023771, 1.5707963021166427, -0.015913093968761546]
2025-03-18 20:25:31 - root - INFO - MovingL ur5e_2 from [-0.63578571 -0.60956099  0.1179358 ] to [-0.615      -0.615       0.06966515]
2025-03-18 20:25:32 - root - INFO - MovingJ ur5e_2 from [-1.58365304 -2.47327833 -1.43234518 -0.82501814  1.5709007  -0.01301062] to [-1.55785508 -2.39379022 -1.41741667 -0.90321279  1.57156959  0.0119422 ]
2025-03-18 20:25:32 - root - INFO - pick up block at (-0.805, -0.615) start_height 0.034999999999999996
2025-03-18 20:25:32 - root - INFO - Planning and moving to xyz facing down ur5e_2 from [-1.58365304 -2.47354743 -1.43241558 -0.82504479  1.5709007  -0.01301062] to [-1.3203532873103399, -2.5024657645861677, -1.4753649117707124, -0.7345577288049571, 1.5707962711645211, 0.2504430573866619] target: [-0.805, -0.615, 0.034999999999999996]
2025-03-18 20:25:32 - root - INFO - Planning and movingJ ur5e_2 from [-1.58365304 -2.47354743 -1.43241558 -0.82504479  1.5709007  -0.01301062] to [-1.3203532873103399, -2.5024657645861677, -1.4753649117707124, -0.7345577288049571, 1.5707962711645211, 0.2504430573866619]
2025-03-18 20:25:32 - root - INFO - MovingJ ur5e_2 from [-1.58365304 -2.47354743 -1.43241558 -0.82504479  1.5709007  -0.01301062] to [-1.3203532873103399, -2.5024657645861677, -1.4753649117707124, -0.7345577288049571, 1.5707962711645211, 0.2504430573866619]
2025-03-18 20:25:33 - root - INFO - MovingL ur5e_2 from [-0.78459634 -0.61269275  0.03706956] to [-0.805 -0.615 -0.065]
