2025-03-18 21:08:29 - root - INFO - Logging setup complete for Hanoi_sim
2025-03-18 21:08:29 - root - INFO - pick up block at (-0.995, -0.615) start_height 0.275
2025-03-18 21:08:29 - root - INFO - Planning and moving to xyz facing down ur5e_2 from [-1.56417438e+00 -1.56694744e+00 -4.97276278e-04 -1.56588207e+00
  1.05265287e-05 -1.99549302e-06] to [1.7098818367000426, -0.8840227864289862, 1.211692503521423, -1.8984667690437835, -1.5707958461857716, 0.13908541222704987] target: [-0.995, -0.615, 0.275]
2025-03-18 21:08:29 - root - INFO - Planning and movingJ ur5e_2 from [-1.56417438e+00 -1.56694744e+00 -4.97276278e-04 -1.56588207e+00
  1.05265287e-05 -1.99549302e-06] to [1.7098818367000426, -0.8840227864289862, 1.211692503521423, -1.8984667690437835, -1.5707958461857716, 0.13908541222704987]
2025-03-18 21:08:29 - root - INFO - MovingJ ur5e_2 from [-1.56417438e+00 -1.56694744e+00 -4.97276278e-04 -1.56588207e+00
  1.05265287e-05 -1.99549302e-06] to [1.7098818367000426, -0.8840227864289862, 1.211692503521423, -1.8984667690437835, -1.5707958461857716, 0.13908541222704987]
2025-03-18 21:08:32 - root - INFO - MovingL ur5e_2 from [-0.97507825 -0.6068441   0.27984311] to [-0.995 -0.615  0.175]
2025-03-18 21:08:34 - root - INFO - MovingJ ur5e_2 from [ 1.70772963 -0.77835298  1.30431074 -2.08276217 -1.57068087  0.13715432] to [ 1.67990893 -0.88510396  1.20237573 -1.89479963 -1.55627042  0.1377996 ]
2025-03-18 21:08:34 - root - INFO - Planning and moving to xyz facing down ur5e_2 from [ 1.69472211 -0.82379108  1.25799145 -1.99423564 -1.57067052  0.13715426] to [1.695271377576466, -0.9080834519487542, 1.1363790039762607, -1.799092207482221, -1.5707962985847184, 0.12447504543877463] target: [-0.98486415 -0.60895848  0.31885509]
2025-03-18 21:08:34 - root - INFO - Planning and movingJ ur5e_2 from [ 1.69472211 -0.82379108  1.25799145 -1.99423564 -1.57067052  0.13715426] to [1.695271377576466, -0.9080834519487542, 1.1363790039762607, -1.799092207482221, -1.5707962985847184, 0.12447504543877463]
2025-03-18 21:08:34 - root - INFO - MovingJ ur5e_2 from [ 1.69472211 -0.82379108  1.25799145 -1.99423564 -1.57067052  0.13715426] to [1.695271377576466, -0.9080834519487542, 1.1363790039762607, -1.799092207482221, -1.5707962985847184, 0.12447504543877463]
2025-03-18 21:08:37 - root - WARNING - Movement for ur5e_2 timed out before reaching the target joints.
2025-03-18 21:08:37 - root - INFO - Planning and moving to xyz facing down ur5e_2 from [ 1.69526461 -0.90314697  1.13830309 -1.79908006 -1.57079489  0.12450067] to [0.9521353042600577, -0.8141323305825791, 0.8948323361419351, -1.6514967540262089, -1.5707962907179467, -0.6186610274462025] target: [-0.415, -0.615, 0.35]
2025-03-18 21:08:37 - root - INFO - Planning and movingJ ur5e_2 from [ 1.69526461 -0.90314697  1.13830309 -1.79908006 -1.57079489  0.12450067] to [0.9521353042600577, -0.8141323305825791, 0.8948323361419351, -1.6514967540262089, -1.5707962907179467, -0.6186610274462025]
2025-03-18 21:08:37 - root - INFO - MovingJ ur5e_2 from [ 1.69526461 -0.90314697  1.13830309 -1.79908006 -1.57079489  0.12450067] to [0.9521353042600577, -0.8141323305825791, 0.8948323361419351, -1.6514967540262089, -1.5707962907179467, -0.6186610274462025]
2025-03-18 21:08:42 - root - WARNING - Movement for ur5e_2 timed out before reaching the target joints.
2025-03-18 21:08:43 - root - INFO - Planning and moving to xyz facing down ur5e_1 from [-1.56417416e+00 -1.56677177e+00 -4.50165310e-04 -1.56585310e+00
  1.67856281e-06 -1.99652924e-06] to [0.7961193350307239, -0.7718716386638973, 1.3642833902454738, -2.163209270311467, -1.5707961370651444, 2.3669156730164023] target: [-0.415, -0.615, 0.14999999999999997]
2025-03-18 21:08:43 - root - INFO - Planning and movingJ ur5e_1 from [-1.56417416e+00 -1.56677177e+00 -4.50165310e-04 -1.56585310e+00
  1.67856281e-06 -1.99652924e-06] to [0.7961193350307239, -0.7718716386638973, 1.3642833902454738, -2.163209270311467, -1.5707961370651444, 2.3669156730164023]
2025-03-18 21:08:43 - root - INFO - MovingJ ur5e_1 from [-1.56417416e+00 -1.56677177e+00 -4.50165310e-04 -1.56585310e+00
  1.67856281e-06 -1.99652924e-06] to [0.7961193350307239, -0.7718716386638973, 1.3642833902454738, -2.163209270311467, -1.5707961370651444, 2.3669156730164023]
2025-03-18 21:08:52 - root - WARNING - Movement for ur5e_1 timed out before reaching the target joints.
2025-03-18 21:08:52 - root - INFO - MovingJ ur5e_1 from [ 0.79612516 -0.76511346  1.3667313  -2.26202298 -1.57079604  2.36691567] to [ 0.79612516 -0.76511346  1.3667313  -2.26202298 -1.57079604  2.36691567]
2025-03-18 21:08:52 - root - WARNING - Movement for ur5e_1 timed out before reaching the target joints.
2025-03-18 21:08:52 - root - INFO - MovingJ ur5e_1 from [ 0.79612712 -0.76443204  1.36699939 -2.17083023 -1.57079611  2.36691567] to [ 0.79612516 -0.76511346  1.3667313  -2.16202298  1.57079662  2.36691567]
