2025-03-18 21:09:20 - root - INFO - Logging setup complete for Hanoi_sim
2025-03-18 21:09:21 - root - INFO - pick up block at (-0.995, -0.615) start_height 0.275
2025-03-18 21:09:21 - root - INFO - Planning and moving to xyz facing down ur5e_2 from [-1.56417438e+00 -1.56694744e+00 -4.97276278e-04 -1.56588207e+00
  1.05265287e-05 -1.99549302e-06] to [-1.0747847904473695, -2.257574824410781, 5.071503119150313, -1.2431316790931157, 1.5707962724399172, 0.4960115433325183] target: [-0.995, -0.615, 0.275]
2025-03-18 21:09:21 - root - INFO - Planning and movingJ ur5e_2 from [-1.56417438e+00 -1.56694744e+00 -4.97276278e-04 -1.56588207e+00
  1.05265287e-05 -1.99549302e-06] to [-1.0747847904473695, -2.257574824410781, -1.2116821880292736, -1.2431316790931157, 1.5707962724399172, 0.4960115433325183]
2025-03-18 21:09:21 - root - INFO - MovingJ ur5e_2 from [-1.56417438e+00 -1.56694744e+00 -4.97276278e-04 -1.56588207e+00
  1.05265287e-05 -1.99549302e-06] to [-1.0747847904473695, -2.257574824410781, -1.2116821880292736, -1.2431316790931157, 1.5707962724399172, 0.4960115433325183]
2025-03-18 21:09:22 - root - INFO - MovingL ur5e_2 from [-0.98750243 -0.60892243  0.28952082] to [-0.995 -0.615  0.175]
2025-03-18 21:09:24 - root - INFO - MovingJ ur5e_2 from [-1.07567733 -2.36344812 -1.30366115 -1.05949848  1.57063192  0.49509792] to [-1.08367851 -2.25020549 -1.19127223 -1.24970858  1.54188743  0.48687139]
2025-03-18 21:09:24 - root - INFO - Planning and moving to xyz facing down ur5e_2 from [-1.07566009 -2.3123824  -1.24984541 -1.15353227  1.55649532  0.49509792] to [-1.0781116587666806, -2.233306653262979, -1.118062644549835, -1.3610193237494208, 1.5707962961747564, 0.4926846736403272] target: [-0.99461405 -0.61050765  0.32599849]
2025-03-18 21:09:24 - root - INFO - Planning and movingJ ur5e_2 from [-1.07566009 -2.3123824  -1.24984541 -1.15353227  1.55649532  0.49509792] to [-1.0781116587666806, -2.233306653262979, -1.118062644549835, -1.3610193237494208, 1.5707962961747564, 0.4926846736403272]
2025-03-18 21:09:24 - root - INFO - MovingJ ur5e_2 from [-1.07566009 -2.3123824  -1.24984541 -1.15353227  1.55649532  0.49509792] to [-1.0781116587666806, -2.233306653262979, -1.118062644549835, -1.3610193237494208, 1.5707962961747564, 0.4926846736403272]
2025-03-18 21:09:27 - root - WARNING - Movement for ur5e_2 timed out before reaching the target joints.
2025-03-18 21:09:27 - root - INFO - Planning and moving to xyz facing down ur5e_2 from [-1.07810727 -2.23820925 -1.1199661  -1.36108124  1.57077263  0.49268868] to [-1.9681914598041486, -2.4983911781910164, -0.5857784286702143, -1.6282188869098664, 1.5707962834769018, -0.3973951302492642] target: [-0.315, -0.615, 0.35]
2025-03-18 21:09:27 - root - INFO - Planning and movingJ ur5e_2 from [-1.07810727 -2.23820925 -1.1199661  -1.36108124  1.57077263  0.49268868] to [-1.9681914598041486, -2.4983911781910164, -0.5857784286702143, -1.6282188869098664, 1.5707962834769018, -0.3973951302492642]
2025-03-18 21:09:27 - root - INFO - MovingJ ur5e_2 from [-1.07810727 -2.23820925 -1.1199661  -1.36108124  1.57077263  0.49268868] to [-1.9681914598041486, -2.4983911781910164, -0.5857784286702143, -1.6282188869098664, 1.5707962834769018, -0.3973951302492642]
2025-03-18 21:09:32 - root - WARNING - Movement for ur5e_2 timed out before reaching the target joints.
2025-03-18 21:09:32 - root - INFO - Planning and moving to xyz facing down ur5e_1 from [-1.56417416e+00 -1.56676339e+00 -4.47897860e-04 -1.56585172e+00
  1.26057180e-06 -1.99653069e-06] to [0.9028585953150011, -0.7059619908070429, 1.5700797485616507, -2.4349150196333156, -1.570796517130734, 2.4736548727591035] target: [-0.315, -0.615, 0.04999999999999999]
2025-03-18 21:09:32 - root - INFO - Planning and movingJ ur5e_1 from [-1.56417416e+00 -1.56676339e+00 -4.47897860e-04 -1.56585172e+00
  1.26057180e-06 -1.99653069e-06] to [0.9028585953150011, -0.7059619908070429, 1.5700797485616507, -2.4349150196333156, -1.570796517130734, 2.4736548727591035]
2025-03-18 21:09:32 - root - INFO - MovingJ ur5e_1 from [-1.56417416e+00 -1.56676339e+00 -4.47897860e-04 -1.56585172e+00
  1.26057180e-06 -1.99653069e-06] to [0.9028585953150011, -0.7059619908070429, 1.5700797485616507, -2.4349150196333156, -1.570796517130734, 2.4736548727591035]
2025-03-18 21:09:42 - root - WARNING - Movement for ur5e_1 timed out before reaching the target joints.
2025-03-18 21:09:42 - root - INFO - MovingJ ur5e_1 from [ 0.9028586  -0.70071432  1.57137973 -2.53436939 -1.57079652  2.47365487] to [ 0.9028586  -0.70071432  1.57137973 -2.53436939 -1.57079652  2.47365487]
2025-03-18 21:09:42 - root - WARNING - Movement for ur5e_1 timed out before reaching the target joints.
2025-03-18 21:09:42 - root - INFO - MovingJ ur5e_1 from [ 0.90286215 -0.70022653  1.57151229 -2.44327271 -1.57079651  2.47365487] to [ 0.9028586  -0.70071432  1.57137973 -2.43436939  1.57079614  2.47365487]
2025-03-18 21:09:53 - root - WARNING - Movement for ur5e_1 timed out before reaching the target joints.
2025-03-18 21:09:53 - root - INFO - Planning and moving to xyz facing down ur5e_2 from [-1.96819852 -2.50460801 -0.58762842 -1.62864189  1.5707966  -0.39739496] to [-1.9686743755470717, -2.5000735640549223, -0.6737152729169464, -1.5386070206225888, 1.570796403089365, -0.3978787088206671] target: [-0.31431288 -0.61440013  0.31427347]
2025-03-18 21:09:53 - root - INFO - Planning and movingJ ur5e_2 from [-1.96819852 -2.50460801 -0.58762842 -1.62864189  1.5707966  -0.39739496] to [-1.9686743755470717, -2.5000735640549223, -0.6737152729169464, -1.5386070206225888, 1.570796403089365, -0.3978787088206671]
2025-03-18 21:09:53 - root - INFO - MovingJ ur5e_2 from [-1.96819852 -2.50460801 -0.58762842 -1.62864189  1.5707966  -0.39739496] to [-1.9686743755470717, -2.5000735640549223, -0.6737152729169464, -1.5386070206225888, 1.570796403089365, -0.3978787088206671]
2025-03-18 21:09:55 - root - WARNING - Movement for ur5e_2 timed out before reaching the target joints.
2025-03-18 21:09:55 - root - INFO - Planning and moving to xyz facing down ur5e_2 from [-1.96865027 -2.50584909 -0.67427513 -1.54020062  1.57079669 -0.39785519] to [-1.969123210448677, -2.5023577010521554, -0.6052640351154733, -1.6047649180855699, 1.5707961256749892, -0.39832688586078085] target: [-0.31377438 -0.61408927  0.33946373]
2025-03-18 21:09:55 - root - INFO - Planning and movingJ ur5e_2 from [-1.96865027 -2.50584909 -0.67427513 -1.54020062  1.57079669 -0.39785519] to [-1.969123210448677, -2.5023577010521554, -0.6052640351154733, -1.6047649180855699, 1.5707961256749892, -0.39832688586078085]
2025-03-18 21:09:55 - root - INFO - MovingJ ur5e_2 from [-1.96865027 -2.50584909 -0.67427513 -1.54020062  1.57079669 -0.39785519] to [-1.969123210448677, -2.5023577010521554, -0.6052640351154733, -1.6047649180855699, 1.5707961256749892, -0.39832688586078085]
2025-03-18 21:09:56 - root - WARNING - Movement for ur5e_2 timed out before reaching the target joints.
2025-03-18 21:09:56 - root - INFO - MovingJ ur5e_2 from [-1.9690878  -2.50815204 -0.60858029 -1.60368335  1.57079637 -0.39829254] to (0, 0, 0.04)
