2025-03-18 20:55:40 - root - INFO - Logging setup complete for Hanoi_sim
2025-03-18 20:55:40 - root - INFO - pick up block at (-0.995, -0.615) start_height 0.275
2025-03-18 20:55:40 - root - INFO - Planning and moving to xyz facing down ur5e_2 from [-1.56417438e+00 -1.56694744e+00 -4.97276278e-04 -1.56588207e+00
  1.05265287e-05 -1.99549302e-06] to [-1.0747810503170288, -2.257542143456773, 5.071434997109066, -1.2430935074243576, 1.5707960734367492, 0.49601538003584544] target: [-0.995, -0.615, 0.275]
2025-03-18 20:55:40 - root - INFO - Planning and movingJ ur5e_2 from [-1.56417438e+00 -1.56694744e+00 -4.97276278e-04 -1.56588207e+00
  1.05265287e-05 -1.99549302e-06] to [-1.0747810503170288, -2.257542143456773, -1.2117503100705198, -1.2430935074243576, 1.5707960734367492, 0.49601538003584544]
2025-03-18 20:55:40 - root - INFO - MovingJ ur5e_2 from [-1.56417438e+00 -1.56694744e+00 -4.97276278e-04 -1.56588207e+00
  1.05265287e-05 -1.99549302e-06] to [-1.0747810503170288, -2.257542143456773, -1.2117503100705198, -1.2430935074243576, 1.5707960734367492, 0.49601538003584544]
2025-03-18 20:55:42 - root - INFO - MovingL ur5e_2 from [-0.98749832 -0.60893597  0.28951674] to [-0.995 -0.615  0.175]
2025-03-18 20:55:43 - root - INFO - MovingJ ur5e_2 from [-1.07567692 -2.36344624 -1.30366626 -1.05949375  1.57063192  0.49509833] to [-1.08367485 -2.25017326 -1.19133907 -1.24967111  1.54188724  0.48687515]
2025-03-18 20:55:44 - root - INFO - Planning and moving to xyz facing down ur5e_2 from [-1.07565968 -2.31236556 -1.2498809  -1.15351143  1.55649522  0.49509833] to [-1.0781112858307549, -2.2332869663065087, -1.118099966298842, -1.36100168898103, 1.5707962961767301, 0.4926850465763072] target: [-0.99461052 -0.61051482  0.32599687]
2025-03-18 20:55:44 - root - INFO - Planning and movingJ ur5e_2 from [-1.07565968 -2.31236556 -1.2498809  -1.15351143  1.55649522  0.49509833] to [-1.0781112858307549, -2.2332869663065087, -1.118099966298842, -1.36100168898103, 1.5707962961767301, 0.4926850465763072]
2025-03-18 20:55:44 - root - INFO - MovingJ ur5e_2 from [-1.07565968 -2.31236556 -1.2498809  -1.15351143  1.55649522  0.49509833] to [-1.0781112858307549, -2.2332869663065087, -1.118099966298842, -1.36100168898103, 1.5707962961767301, 0.4926850465763072]
2025-03-18 20:55:46 - root - WARNING - Movement for ur5e_2 timed out before reaching the target joints.
2025-03-18 20:55:46 - root - INFO - Planning and moving to xyz facing down ur5e_1 from [-1.56417420e+00 -1.56676421e+00 -4.48090613e-04 -1.56585186e+00
  1.30316306e-06 -1.99632510e-06] to [0.2573290044856946, -0.11211047458771078, -0.36423956786576434, 2.0471460628282285, 1.5707961054956654, -1.3134673432786619] target: (-0.615, -0.3, 0.3)
2025-03-18 20:55:46 - root - INFO - Planning and movingJ ur5e_1 from [-1.56417420e+00 -1.56676421e+00 -4.48090613e-04 -1.56585186e+00
  1.30316306e-06 -1.99632510e-06] to [0.2573290044856946, -0.11211047458771078, -0.36423956786576434, 2.0471460628282285, 1.5707961054956654, -1.3134673432786619]
2025-03-18 20:55:46 - root - INFO - MovingJ ur5e_1 from [-1.56417420e+00 -1.56676421e+00 -4.48090613e-04 -1.56585186e+00
  1.30316306e-06 -1.99632510e-06] to [0.2573290044856946, -0.11211047458771078, -0.36423956786576434, 2.0471460628282285, 1.5707961054956654, -1.3134673432786619]
2025-03-18 20:55:58 - root - WARNING - Movement for ur5e_1 timed out before reaching the target joints.
2025-03-18 20:55:58 - root - INFO - MovingJ ur5e_1 from [ 0.257329   -0.10556548 -0.36283037  1.94659802  1.57079611 -1.31346734] to [ 0.257329   -0.10556548 -0.36283037  1.94659802  1.57079611 -1.31346734]
2025-03-18 20:55:58 - root - WARNING - Movement for ur5e_1 timed out before reaching the target joints.
2025-03-18 20:55:58 - root - INFO - MovingJ ur5e_1 from [ 0.25733236 -0.10503131 -0.36272148  2.03760534  1.5707961  -1.31346734] to [ 0.257329   -0.10556548 -0.36283037  2.04659802  3.14159243 -1.31346734]
2025-03-18 20:56:06 - root - WARNING - Movement for ur5e_1 timed out before reaching the target joints.
2025-03-18 20:56:06 - root - INFO - put down block at (-0.805, -0.615) start_height 0.155
2025-03-18 20:56:06 - root - INFO - Planning and moving to xyz facing down ur5e_2 from [-1.07811523 -2.23861271 -1.12014807 -1.3610857   1.57077294  0.49268905] to [-1.320351866127292, -2.312225178216742, -1.4591739139673459, -0.9409875424679301, 1.570796158751127, 0.2504443646818673] target: [-0.805, -0.615, 0.155]
2025-03-18 20:56:06 - root - INFO - Planning and movingJ ur5e_2 from [-1.07811523 -2.23861271 -1.12014807 -1.3610857   1.57077294  0.49268905] to [-1.320351866127292, -2.312225178216742, -1.4591739139673459, -0.9409875424679301, 1.570796158751127, 0.2504443646818673]
2025-03-18 20:56:06 - root - INFO - MovingJ ur5e_2 from [-1.07811523 -2.23861271 -1.12014807 -1.3610857   1.57077294  0.49268905] to [-1.320351866127292, -2.312225178216742, -1.4591739139673459, -0.9409875424679301, 1.570796158751127, 0.2504443646818673]
2025-03-18 20:56:07 - root - INFO - MovingL ur5e_2 from [-0.81810046 -0.61172459  0.16158397] to [-0.805      -0.615       0.06962104]
2025-03-18 20:56:08 - root - INFO - MovingJ ur5e_2 from [-1.31900567 -2.44968831 -1.48196062 -0.80316734  1.57080349  0.25177655] to [-1.30361701 -2.31184279 -1.43718487 -0.97011867  1.57089453  0.26707974]
2025-03-18 20:56:09 - root - INFO - Planning and moving to xyz facing down ur5e_2 from [-1.31898622 -2.3974743  -1.46475693 -0.87231342  1.5708035   0.25177655] to [-1.3195424681989805, -2.2556117740955104, -1.4262680705064126, -1.0305053174013301, 1.5707960225290016, 0.2512538158297264] target: [-0.8058749  -0.61387662  0.2000047 ]
2025-03-18 20:56:09 - root - INFO - Planning and movingJ ur5e_2 from [-1.31898622 -2.3974743  -1.46475693 -0.87231342  1.5708035   0.25177655] to [-1.3195424681989805, -2.2556117740955104, -1.4262680705064126, -1.0305053174013301, 1.5707960225290016, 0.2512538158297264]
2025-03-18 20:56:09 - root - INFO - MovingJ ur5e_2 from [-1.31898622 -2.3974743  -1.46475693 -0.87231342  1.5708035   0.25177655] to [-1.3195424681989805, -2.2556117740955104, -1.4262680705064126, -1.0305053174013301, 1.5707960225290016, 0.2512538158297264]
2025-03-18 20:56:11 - root - WARNING - Movement for ur5e_2 timed out before reaching the target joints.
2025-03-18 20:56:11 - root - INFO - pick up block at (-0.995, -0.615) start_height 0.235
2025-03-18 20:56:11 - root - INFO - Planning and moving to xyz facing down ur5e_2 from [-1.31953389 -2.26108152 -1.42806991 -1.03046803  1.57079615  0.25126356] to [-1.0747840318967834, -2.2935092076159873, -1.2580608483626312, -1.1608179186942573, 1.570796245229898, 0.49601229339277186] target: [-0.995, -0.615, 0.235]
2025-03-18 20:56:11 - root - INFO - Planning and movingJ ur5e_2 from [-1.31953389 -2.26108152 -1.42806991 -1.03046803  1.57079615  0.25126356] to [-1.0747840318967834, -2.2935092076159873, -1.2580608483626312, -1.1608179186942573, 1.570796245229898, 0.49601229339277186]
2025-03-18 20:56:11 - root - INFO - MovingJ ur5e_2 from [-1.31953389 -2.26108152 -1.42806991 -1.03046803  1.57079615  0.25126356] to [-1.0747840318967834, -2.2935092076159873, -1.2580608483626312, -1.1608179186942573, 1.570796245229898, 0.49601229339277186]
2025-03-18 20:56:11 - root - INFO - MovingL ur5e_2 from [-0.97275073 -0.61225085  0.22570963] to [-0.995 -0.615  0.135]
2025-03-18 20:56:13 - root - INFO - MovingJ ur5e_2 from [-1.07701032 -2.41121715 -1.3271967  -0.98241002  1.57076954  0.49382902] to [-1.10320492 -2.29471905 -1.27961186 -1.14612288  1.57080469  0.46744739]
2025-03-18 20:56:13 - root - INFO - Planning and moving to xyz facing down ur5e_2 from [-1.08764345 -2.36751003 -1.30878966 -1.05005133  1.57081743  0.48297688] to [-1.088175557093553, -2.2606021940229, -1.2227644211373787, -1.2290221035670157, 1.5707963039587942, 0.48262077469069065] target: [-0.98502218 -0.61264776  0.26895537]
2025-03-18 20:56:13 - root - INFO - Planning and movingJ ur5e_2 from [-1.08764345 -2.36751003 -1.30878966 -1.05005133  1.57081743  0.48297688] to [-1.088175557093553, -2.2606021940229, -1.2227644211373787, -1.2290221035670157, 1.5707963039587942, 0.48262077469069065]
2025-03-18 20:56:13 - root - INFO - MovingJ ur5e_2 from [-1.08764345 -2.36751003 -1.30878966 -1.05005133  1.57081743  0.48297688] to [-1.088175557093553, -2.2606021940229, -1.2227644211373787, -1.2290221035670157, 1.5707963039587942, 0.48262077469069065]
2025-03-18 20:56:15 - root - WARNING - Movement for ur5e_2 timed out before reaching the target joints.
2025-03-18 20:56:15 - root - INFO - Planning and moving to xyz facing down ur5e_1 from [ 0.25733515 -0.01681482 -0.34338926  1.97155844  2.19943135 -1.31548075] to [0.25733175747214126, -0.1121484707281071, -0.3641727393637237, 2.0471186803380674, 1.5707970209911855, -1.3134648155655806] target: (-0.615, -0.3, 0.3)
2025-03-18 20:56:15 - root - INFO - Planning and movingJ ur5e_1 from [ 0.25733515 -0.01681482 -0.34338926  1.97155844  2.19943135 -1.31548075] to [0.25733175747214126, -0.1121484707281071, -0.3641727393637237, 2.0471186803380674, 1.5707970209911855, -1.3134648155655806]
2025-03-18 20:56:15 - root - INFO - MovingJ ur5e_1 from [ 0.25733515 -0.01681482 -0.34338926  1.97155844  2.19943135 -1.31548075] to [0.25733175747214126, -0.1121484707281071, -0.3641727393637237, 2.0471186803380674, 1.5707970209911855, -1.3134648155655806]
2025-03-18 20:56:20 - root - WARNING - Movement for ur5e_1 timed out before reaching the target joints.
2025-03-18 20:56:20 - root - INFO - MovingJ ur5e_1 from [ 0.25733176 -0.10560339 -0.3627635   1.94657057  1.57079762 -1.31346482] to [ 0.25733176 -0.10560339 -0.3627635   1.94657057  1.57079762 -1.31346482]
2025-03-18 20:56:20 - root - WARNING - Movement for ur5e_1 timed out before reaching the target joints.
2025-03-18 20:56:20 - root - INFO - MovingJ ur5e_1 from [ 0.25733512 -0.10506922 -0.36265461  2.03757789  1.57079761 -1.31346482] to [ 0.25733176 -0.10560339 -0.3627635   2.04657057  3.14159394 -1.31346482]
2025-03-18 20:56:28 - root - WARNING - Movement for ur5e_1 timed out before reaching the target joints.
2025-03-18 20:56:28 - root - INFO - put down block at (-0.615, -0.615) start_height 0.155
2025-03-18 20:56:28 - root - INFO - Planning and moving to xyz facing down ur5e_2 from [-1.08817019 -2.26512665 -1.22410646 -1.22851663  1.57079776  0.48262591] to [-1.586709333962338, -2.33812076908477, -1.4096964096394824, -0.9645714488131971, 1.5707962945319769, -0.015913003766505368] target: [-0.615, -0.615, 0.155]
2025-03-18 20:56:28 - root - INFO - Planning and movingJ ur5e_2 from [-1.08817019 -2.26512665 -1.22410646 -1.22851663  1.57079776  0.48262591] to [-1.586709333962338, -2.33812076908477, -1.4096964096394824, -0.9645714488131971, 1.5707962945319769, -0.015913003766505368]
2025-03-18 20:56:28 - root - INFO - MovingJ ur5e_2 from [-1.08817019 -2.26512665 -1.22410646 -1.22851663  1.57079776  0.48262591] to [-1.586709333962338, -2.33812076908477, -1.4096964096394824, -0.9645714488131971, 1.5707962945319769, -0.015913003766505368]
2025-03-18 20:56:29 - root - INFO - MovingL ur5e_2 from [-0.63590709 -0.60930232  0.1582944 ] to [-0.615      -0.615       0.06966975]
2025-03-18 20:56:31 - root - INFO - MovingJ ur5e_2 from [-1.58471253 -2.47244696 -1.43235608 -0.82589754  1.57084697 -0.01400979] to [-1.55768297 -2.33743008 -1.39971792 -0.97886336  1.57151204  0.0119638 ]
2025-03-18 20:56:31 - root - INFO - Planning and moving to xyz facing down ur5e_2 from [-1.57527652 -2.42965784 -1.42214454 -0.8798405   1.57084485 -0.00492778] to [-1.575817546947785, -2.288707217791754, -1.3865401219342048, -1.0371377437998188, 1.5707960173740678, -0.0050212644709352145] target: [-0.6227937  -0.61355987  0.19316451]
2025-03-18 20:56:31 - root - INFO - Planning and movingJ ur5e_2 from [-1.57527652 -2.42965784 -1.42214454 -0.8798405   1.57084485 -0.00492778] to [-1.575817546947785, -2.288707217791754, -1.3865401219342048, -1.0371377437998188, 1.5707960173740678, -0.0050212644709352145]
2025-03-18 20:56:31 - root - INFO - MovingJ ur5e_2 from [-1.57527652 -2.42965784 -1.42214454 -0.8798405   1.57084485 -0.00492778] to [-1.575817546947785, -2.288707217791754, -1.3865401219342048, -1.0371377437998188, 1.5707960173740678, -0.0050212644709352145]
2025-03-18 20:56:33 - root - WARNING - Movement for ur5e_2 timed out before reaching the target joints.
2025-03-18 20:56:33 - root - INFO - pick up block at (-0.805, -0.615) start_height 0.155
2025-03-18 20:56:33 - root - INFO - Planning and moving to xyz facing down ur5e_2 from [-1.57580915 -2.29430953 -1.38833724 -1.03710371  1.57079692 -0.0050195 ] to [-1.3203533287334996, -2.3122371001300017, -1.4591455070854862, -0.9410057614521776, 1.5707962711690815, 0.2504430149916262] target: [-0.805, -0.615, 0.155]
2025-03-18 20:56:33 - root - INFO - Planning and movingJ ur5e_2 from [-1.57580915 -2.29430953 -1.38833724 -1.03710371  1.57079692 -0.0050195 ] to [-1.3203533287334996, -2.3122371001300017, -1.4591455070854862, -0.9410057614521776, 1.5707962711690815, 0.2504430149916262]
2025-03-18 20:56:33 - root - INFO - MovingJ ur5e_2 from [-1.57580915 -2.29430953 -1.38833724 -1.03710371  1.57079692 -0.0050195 ] to [-1.3203533287334996, -2.3122371001300017, -1.4591455070854862, -0.9410057614521776, 1.5707962711690815, 0.2504430149916262]
2025-03-18 20:56:34 - root - INFO - MovingL ur5e_2 from [-0.78438821 -0.61305822  0.15449599] to [-0.805 -0.615  0.055]
2025-03-18 20:56:35 - root - INFO - MovingJ ur5e_2 from [-1.3223295  -2.4667639  -1.47953147 -0.77484392  1.57077311  0.24851838] to [-1.34945495 -2.31520401 -1.45258902 -0.95254065  1.57080558  0.22119775]
2025-03-18 20:56:36 - root - INFO - Planning and moving to xyz facing down ur5e_2 from [-1.33469    -2.40192227 -1.46839721 -0.85667142  1.57078414  0.23600643] to [-1.3352489517532409, -2.259218409794113, -1.4287800156374704, -1.0243866651748923, 1.5707960170223674, 0.23554733128587496] target: [-0.79460904 -0.61329789  0.19697864]
2025-03-18 20:56:36 - root - INFO - Planning and movingJ ur5e_2 from [-1.33469    -2.40192227 -1.46839721 -0.85667142  1.57078414  0.23600643] to [-1.3352489517532409, -2.259218409794113, -1.4287800156374704, -1.0243866651748923, 1.5707960170223674, 0.23554733128587496]
2025-03-18 20:56:36 - root - INFO - MovingJ ur5e_2 from [-1.33469    -2.40192227 -1.46839721 -0.85667142  1.57078414  0.23600643] to [-1.3352489517532409, -2.259218409794113, -1.4287800156374704, -1.0243866651748923, 1.5707960170223674, 0.23554733128587496]
2025-03-18 20:56:37 - root - WARNING - Movement for ur5e_2 timed out before reaching the target joints.
2025-03-18 20:56:37 - root - INFO - Planning and moving to xyz facing down ur5e_1 from [ 0.25733776 -0.01228896 -0.34230196  1.97114107  2.19938113 -1.31547779] to [0.25732975334525005, -0.1121133013041286, -0.364245924180535, 2.047156439773811, 1.5707968393905845, -1.313467011272106] target: (-0.615, -0.3, 0.3)
2025-03-18 20:56:37 - root - INFO - Planning and movingJ ur5e_1 from [ 0.25733776 -0.01228896 -0.34230196  1.97114107  2.19938113 -1.31547779] to [0.25732975334525005, -0.1121133013041286, -0.364245924180535, 2.047156439773811, 1.5707968393905845, -1.313467011272106]
2025-03-18 20:56:37 - root - INFO - MovingJ ur5e_1 from [ 0.25733776 -0.01228896 -0.34230196  1.97114107  2.19938113 -1.31547779] to [0.25732975334525005, -0.1121133013041286, -0.364245924180535, 2.047156439773811, 1.5707968393905845, -1.313467011272106]
