2025-03-18 20:19:31 - root - INFO - Logging setup complete for Hanoi_sim
2025-03-18 20:19:32 - root - INFO - pick up block at (-0.995, -0.615) start_height 0.25
2025-03-18 20:19:32 - root - INFO - Planning and moving to xyz facing down ur5e_2 from [-1.56417438e+00 -1.56694744e+00 -4.97276278e-04 -1.56588207e+00
  1.05265287e-05 -1.99549302e-06] to [1.7098789722196142, -0.8624110174820073, 1.2420034914953872, -1.9503924133284707, -1.5707960424580931, 0.13908262254577966] target: [-0.995, -0.615, 0.25]
2025-03-18 20:19:32 - root - INFO - Planning and movingJ ur5e_2 from [-1.56417438e+00 -1.56694744e+00 -4.97276278e-04 -1.56588207e+00
  1.05265287e-05 -1.99549302e-06] to [1.7098789722196142, -0.8624110174820073, 1.2420034914953872, -1.9503924133284707, -1.5707960424580931, 0.13908262254577966]
2025-03-18 20:19:32 - root - INFO - MovingJ ur5e_2 from [-1.56417438e+00 -1.56694744e+00 -4.97276278e-04 -1.56588207e+00
  1.05265287e-05 -1.99549302e-06] to [1.7098789722196142, -0.8624110174820073, 1.2420034914953872, -1.9503924133284707, -1.5707960424580931, 0.13908262254577966]
2025-03-18 20:19:35 - root - INFO - MovingL ur5e_2 from [-0.97510505 -0.60663933  0.2549719 ] to [-0.995 -0.615  0.15 ]
2025-03-18 20:19:40 - root - WARNING - Linear movement for ur5e_2 completed, but target not reached within tolerance after 400 attempts
2025-03-18 20:19:40 - root - INFO - MovingJ ur5e_2 from [ 1.70907373 -0.75687217  1.31382874 -2.14969658 -1.56952132  0.13909836] to [ 1.67991478 -0.86363072  1.23238019 -1.94624441 -1.55627047  0.13779684]
2025-03-18 20:19:41 - root - INFO - put down block at (-0.805, -0.615) start_height 0.11960602716989434
2025-03-18 20:19:41 - root - INFO - Planning and moving to xyz facing down ur5e_2 from [ 1.69406895 -0.80667245  1.27339359 -2.04489554 -1.56945673  0.13910037] to [1.4460612937126713, -0.7778480408204855, 1.4729648431232871, -2.26591394829947, -1.5707962446782684, -0.12473506972274091] target: [-0.805, -0.615, 0.11960602716989434]
2025-03-18 20:19:41 - root - INFO - Planning and movingJ ur5e_2 from [ 1.69406895 -0.80667245  1.27339359 -2.04489554 -1.56945673  0.13910037] to [1.4460612937126713, -0.7778480408204855, 1.4729648431232871, -2.26591394829947, -1.5707962446782684, -0.12473506972274091]
2025-03-18 20:19:41 - root - INFO - MovingJ ur5e_2 from [ 1.69406895 -0.80667245  1.27339359 -2.04489554 -1.56945673  0.13910037] to [1.4460612937126713, -0.7778480408204855, 1.4729648431232871, -2.26591394829947, -1.5707962446782684, -0.12473506972274091]
2025-03-18 20:19:42 - root - INFO - MovingL ur5e_2 from [-0.82438285 -0.61189999  0.12410043] to [-0.805      -0.615       0.06960603]
2025-03-18 20:19:43 - root - INFO - MovingJ ur5e_2 from [ 1.44911922 -0.68968791  1.48169435 -2.33889582 -1.570775   -0.12152763] to [ 1.4737642  -0.77586132  1.452072   -2.24054693 -1.57033949 -0.09510545]
2025-03-18 20:19:43 - root - INFO - pick up block at (-0.995, -0.615) start_height 0.25
2025-03-18 20:19:43 - root - INFO - Planning and moving to xyz facing down ur5e_2 from [ 1.44911922 -0.68942392  1.48176304 -2.33886922 -1.570775   -0.12152763] to [1.7098798316348518, -0.8624049784049629, 1.2419894082925547, -1.950383560067813, -1.5707960927872502, 0.13908350183556026] target: [-0.995, -0.615, 0.25]
2025-03-18 20:19:43 - root - INFO - Planning and movingJ ur5e_2 from [ 1.44911922 -0.68942392  1.48176304 -2.33886922 -1.570775   -0.12152763] to [1.7098798316348518, -0.8624049784049629, 1.2419894082925547, -1.950383560067813, -1.5707960927872502, 0.13908350183556026]
2025-03-18 20:19:43 - root - INFO - MovingJ ur5e_2 from [ 1.44911922 -0.68942392  1.48176304 -2.33886922 -1.570775   -0.12152763] to [1.7098798316348518, -0.8624049784049629, 1.2419894082925547, -1.950383560067813, -1.5707960927872502, 0.13908350183556026]
